#
# There is insufficient memory for the Java Runtime Environment to continue.
# Native memory allocation (malloc) failed to allocate 239056 bytes for Chunk::new
# Possible reasons:
#   The system is out of physical RAM or swap space
#   The process is running with CompressedOops enabled, and the Java Heap may be blocking the growth of the native heap
# Possible solutions:
#   Reduce memory load on the system
#   Increase physical memory or swap space
#   Check if swap backing store is full
#   Decrease Java heap size (-Xmx/-Xms)
#   Decrease number of Java threads
#   Decrease Java thread stack sizes (-Xss)
#   Set larger code cache with -XX:ReservedCodeCacheSize=
#   JVM is running with Unscaled Compressed Oops mode in which the Java heap is
#     placed in the first 4GB address space. The Java Heap base address is the
#     maximum limit for the native heap growth. Please use -XX:HeapBaseMinAddress
#     to set the Java Heap base and to place the Java Heap above 4GB virtual address.
# This output file may be truncated or incomplete.
#
#  Out of Memory Error (arena.cpp:189), pid=19016, tid=7872
#
# JRE version: Java(TM) SE Runtime Environment (17.0.2+8) (build 17.0.2+8-LTS-86)
# Java VM: Java HotSpot(TM) 64-Bit Server VM (17.0.2+8-LTS-86, mixed mode, sharing, tiered, compressed oops, compressed class ptrs, g1 gc, windows-amd64)
# No core dump will be written. Minidumps are not enabled by default on client versions of Windows
#

---------------  S U M M A R Y ------------

Command Line: -ea -Didea.test.cyclic.buffer.size=1048576 -javaagent:C:\Program Files\JetBrains\IntelliJ IDEA Community Edition 2021.3.2\lib\idea_rt.jar=61433:C:\Program Files\JetBrains\IntelliJ IDEA Community Edition 2021.3.2\bin -Dfile.encoding=UTF-8 com.intellij.rt.junit.JUnitStarter -ideVersion5 -junit5 renderer.LightsTests,trianglesSpot

Host: Intel(R) Core(TM) i5-1035G1 CPU @ 1.00GHz, 8 cores, 7G,  Windows 11 , 64 bit Build 22000 (10.0.22000.613)
Time: Mon May  9 13:52:59 2022  Windows 11 , 64 bit Build 22000 (10.0.22000.613) elapsed time: 0.551101 seconds (0d 0h 0m 0s)

---------------  T H R E A D  ---------------

Current thread (0x00000139f1e35d00):  JavaThread "C2 CompilerThread0" daemon [_thread_in_native, id=7872, stack(0x000000230ea00000,0x000000230eb00000)]


Current CompileTask:
C2:    551  814       4       jdk.internal.org.objectweb.asm.SymbolTable::addConstantUtf8 (98 bytes)

Stack: [0x000000230ea00000,0x000000230eb00000]
Native frames: (J=compiled Java code, j=interpreted, Vv=VM code, C=native code)
V  [jvm.dll+0x670baa]
V  [jvm.dll+0x7cfcb4]
V  [jvm.dll+0x7d145e]
V  [jvm.dll+0x7d1ac3]
V  [jvm.dll+0x242bc5]
V  [jvm.dll+0xaa57b]
V  [jvm.dll+0xaab0c]
V  [jvm.dll+0x35fcb2]
V  [jvm.dll+0x32a331]
V  [jvm.dll+0x3297da]
V  [jvm.dll+0x215c91]
V  [jvm.dll+0x2150b1]
V  [jvm.dll+0x1a1bbd]
V  [jvm.dll+0x224908]
V  [jvm.dll+0x222a6c]
V  [jvm.dll+0x7859bb]
V  [jvm.dll+0x77ff7a]
V  [jvm.dll+0x66fa35]
C  [ucrtbase.dll+0x26c0c]
C  [KERNEL32.DLL+0x154e0]
C  [ntdll.dll+0x485b]


---------------  P R O C E S S  ---------------

Threads class SMR info:
_java_thread_list=0x00000139f28fd2d0, length=13, elements={
0x00000139d3ea7360, 0x00000139f1e0f680, 0x00000139f1e10230, 0x00000139f1e2a6d0,
0x00000139f1e2b480, 0x00000139f1e2e650, 0x00000139f1e31ee0, 0x00000139f1e35d00,
0x00000139f1e363b0, 0x00000139f1e369b0, 0x00000139f1e30ba0, 0x00000139f1e31070,
0x00000139f1e32880
}

Java Threads: ( => current thread )
  0x00000139d3ea7360 JavaThread "main" [_thread_in_vm, id=14116, stack(0x000000230dd00000,0x000000230de00000)]
  0x00000139f1e0f680 JavaThread "Reference Handler" daemon [_thread_blocked, id=3964, stack(0x000000230e400000,0x000000230e500000)]
  0x00000139f1e10230 JavaThread "Finalizer" daemon [_thread_blocked, id=7548, stack(0x000000230e500000,0x000000230e600000)]
  0x00000139f1e2a6d0 JavaThread "Signal Dispatcher" daemon [_thread_blocked, id=6748, stack(0x000000230e600000,0x000000230e700000)]
  0x00000139f1e2b480 JavaThread "Attach Listener" daemon [_thread_blocked, id=17000, stack(0x000000230e700000,0x000000230e800000)]
  0x00000139f1e2e650 JavaThread "Service Thread" daemon [_thread_blocked, id=21312, stack(0x000000230e800000,0x000000230e900000)]
  0x00000139f1e31ee0 JavaThread "Monitor Deflation Thread" daemon [_thread_blocked, id=10412, stack(0x000000230e900000,0x000000230ea00000)]
=>0x00000139f1e35d00 JavaThread "C2 CompilerThread0" daemon [_thread_in_native, id=7872, stack(0x000000230ea00000,0x000000230eb00000)]
  0x00000139f1e363b0 JavaThread "C1 CompilerThread0" daemon [_thread_blocked, id=18664, stack(0x000000230eb00000,0x000000230ec00000)]
  0x00000139f1e369b0 JavaThread "Sweeper thread" daemon [_thread_blocked, id=7172, stack(0x000000230ec00000,0x000000230ed00000)]
  0x00000139f1e30ba0 JavaThread "Common-Cleaner" daemon [_thread_blocked, id=9608, stack(0x000000230ed00000,0x000000230ee00000)]
  0x00000139f1e31070 JavaThread "Monitor Ctrl-Break" daemon [_thread_in_native, id=15036, stack(0x000000230ee00000,0x000000230ef00000)]
  0x00000139f1e32880 JavaThread "Notification Thread" daemon [_thread_blocked, id=7004, stack(0x000000230ef00000,0x000000230f000000)]

Other Threads:
  0x00000139f1e0bbf0 VMThread "VM Thread" [stack: 0x000000230e300000,0x000000230e400000] [id=14968]
  0x00000139d3f029a0 WatcherThread [stack: 0x000000230f000000,0x000000230f100000] [id=14908]
  0x00000139d3ee5b40 GCTaskThread "GC Thread#0" [stack: 0x000000230de00000,0x000000230df00000] [id=11416]
  0x00000139d3ef6450 ConcurrentGCThread "G1 Main Marker" [stack: 0x000000230df00000,0x000000230e000000] [id=16468]
  0x00000139d3ef8610 ConcurrentGCThread "G1 Conc#0" [stack: 0x000000230e000000,0x000000230e100000] [id=14104]
  0x00000139f1cd0090 ConcurrentGCThread "G1 Refine#0" [stack: 0x000000230e100000,0x000000230e200000] [id=14924]
  0x00000139f1cd0ab0 ConcurrentGCThread "G1 Service" [stack: 0x000000230e200000,0x000000230e300000] [id=3520]

Threads with active compile tasks:
C2 CompilerThread0      579  814       4       jdk.internal.org.objectweb.asm.SymbolTable::addConstantUtf8 (98 bytes)

VM state: not at safepoint (normal execution)

VM Mutex/Monitor currently owned by a thread:  ([mutex/lock_event])
[0x00000139d3ea0610] Metaspace_lock - owner thread: 0x00000139d3ea7360

Heap address: 0x0000000083800000, size: 1992 MB, Compressed Oops mode: 32-bit

CDS archive(s) mapped at: [0x0000000800000000-0x0000000800bc0000-0x0000000800bc0000), size 12320768, SharedBaseAddress: 0x0000000800000000, ArchiveRelocationMode: 0.
Compressed class space mapped at: 0x0000000800c00000-0x0000000840c00000, reserved size: 1073741824
Narrow klass base: 0x0000000800000000, Narrow klass shift: 0, Narrow klass range: 0x100000000

GC Precious Log:
 CPUs: 8 total, 8 available
 Memory: 7967M
 Large Page Support: Disabled
 NUMA Support: Disabled
 Compressed Oops: Enabled (32-bit)
 Heap Region Size: 1M
 Heap Min Capacity: 8M
 Heap Initial Capacity: 126M
 Heap Max Capacity: 1992M
 Pre-touch: Disabled
 Parallel Workers: 8
 Concurrent Workers: 2
 Concurrent Refinement Workers: 8
 Periodic GC: Disabled

Heap:
 garbage-first heap   total 129024K, used 11264K [0x0000000083800000, 0x0000000100000000)
  region size 1024K, 12 young (12288K), 0 survivors (0K)
 Metaspace       used 3600K, committed 3712K, reserved 1056768K
  class space    used 443K, committed 512K, reserved 1048576K

Heap Regions: E=young(eden), S=young(survivor), O=old, HS=humongous(starts), HC=humongous(continues), CS=collection set, F=free, OA=open archive, CA=closed archive, TAMS=top-at-mark-start (previous, next)
|   0|0x0000000083800000, 0x0000000083800000, 0x0000000083900000|  0%| F|  |TAMS 0x0000000083800000, 0x0000000083800000| Untracked 
|   1|0x0000000083900000, 0x0000000083900000, 0x0000000083a00000|  0%| F|  |TAMS 0x0000000083900000, 0x0000000083900000| Untracked 
|   2|0x0000000083a00000, 0x0000000083a00000, 0x0000000083b00000|  0%| F|  |TAMS 0x0000000083a00000, 0x0000000083a00000| Untracked 
|   3|0x0000000083b00000, 0x0000000083b00000, 0x0000000083c00000|  0%| F|  |TAMS 0x0000000083b00000, 0x0000000083b00000| Untracked 
|   4|0x0000000083c00000, 0x0000000083c00000, 0x0000000083d00000|  0%| F|  |TAMS 0x0000000083c00000, 0x0000000083c00000| Untracked 
|   5|0x0000000083d00000, 0x0000000083d00000, 0x0000000083e00000|  0%| F|  |TAMS 0x0000000083d00000, 0x0000000083d00000| Untracked 
|   6|0x0000000083e00000, 0x0000000083e00000, 0x0000000083f00000|  0%| F|  |TAMS 0x0000000083e00000, 0x0000000083e00000| Untracked 
|   7|0x0000000083f00000, 0x0000000083f00000, 0x0000000084000000|  0%| F|  |TAMS 0x0000000083f00000, 0x0000000083f00000| Untracked 
|   8|0x0000000084000000, 0x0000000084000000, 0x0000000084100000|  0%| F|  |TAMS 0x0000000084000000, 0x0000000084000000| Untracked 
|   9|0x0000000084100000, 0x0000000084100000, 0x0000000084200000|  0%| F|  |TAMS 0x0000000084100000, 0x0000000084100000| Untracked 
|  10|0x0000000084200000, 0x0000000084200000, 0x0000000084300000|  0%| F|  |TAMS 0x0000000084200000, 0x0000000084200000| Untracked 
|  11|0x0000000084300000, 0x0000000084300000, 0x0000000084400000|  0%| F|  |TAMS 0x0000000084300000, 0x0000000084300000| Untracked 
|  12|0x0000000084400000, 0x0000000084400000, 0x0000000084500000|  0%| F|  |TAMS 0x0000000084400000, 0x0000000084400000| Untracked 
|  13|0x0000000084500000, 0x0000000084500000, 0x0000000084600000|  0%| F|  |TAMS 0x0000000084500000, 0x0000000084500000| Untracked 
|  14|0x0000000084600000, 0x0000000084600000, 0x0000000084700000|  0%| F|  |TAMS 0x0000000084600000, 0x0000000084600000| Untracked 
|  15|0x0000000084700000, 0x0000000084700000, 0x0000000084800000|  0%| F|  |TAMS 0x0000000084700000, 0x0000000084700000| Untracked 
|  16|0x0000000084800000, 0x0000000084800000, 0x0000000084900000|  0%| F|  |TAMS 0x0000000084800000, 0x0000000084800000| Untracked 
|  17|0x0000000084900000, 0x0000000084900000, 0x0000000084a00000|  0%| F|  |TAMS 0x0000000084900000, 0x0000000084900000| Untracked 
|  18|0x0000000084a00000, 0x0000000084a00000, 0x0000000084b00000|  0%| F|  |TAMS 0x0000000084a00000, 0x0000000084a00000| Untracked 
|  19|0x0000000084b00000, 0x0000000084b00000, 0x0000000084c00000|  0%| F|  |TAMS 0x0000000084b00000, 0x0000000084b00000| Untracked 
|  20|0x0000000084c00000, 0x0000000084c00000, 0x0000000084d00000|  0%| F|  |TAMS 0x0000000084c00000, 0x0000000084c00000| Untracked 
|  21|0x0000000084d00000, 0x0000000084d00000, 0x0000000084e00000|  0%| F|  |TAMS 0x0000000084d00000, 0x0000000084d00000| Untracked 
|  22|0x0000000084e00000, 0x0000000084e00000, 0x0000000084f00000|  0%| F|  |TAMS 0x0000000084e00000, 0x0000000084e00000| Untracked 
|  23|0x0000000084f00000, 0x0000000084f00000, 0x0000000085000000|  0%| F|  |TAMS 0x0000000084f00000, 0x0000000084f00000| Untracked 
|  24|0x0000000085000000, 0x0000000085000000, 0x0000000085100000|  0%| F|  |TAMS 0x0000000085000000, 0x0000000085000000| Untracked 
|  25|0x0000000085100000, 0x0000000085100000, 0x0000000085200000|  0%| F|  |TAMS 0x0000000085100000, 0x0000000085100000| Untracked 
|  26|0x0000000085200000, 0x0000000085200000, 0x0000000085300000|  0%| F|  |TAMS 0x0000000085200000, 0x0000000085200000| Untracked 
|  27|0x0000000085300000, 0x0000000085300000, 0x0000000085400000|  0%| F|  |TAMS 0x0000000085300000, 0x0000000085300000| Untracked 
|  28|0x0000000085400000, 0x0000000085400000, 0x0000000085500000|  0%| F|  |TAMS 0x0000000085400000, 0x0000000085400000| Untracked 
|  29|0x0000000085500000, 0x0000000085500000, 0x0000000085600000|  0%| F|  |TAMS 0x0000000085500000, 0x0000000085500000| Untracked 
|  30|0x0000000085600000, 0x0000000085600000, 0x0000000085700000|  0%| F|  |TAMS 0x0000000085600000, 0x0000000085600000| Untracked 
|  31|0x0000000085700000, 0x0000000085700000, 0x0000000085800000|  0%| F|  |TAMS 0x0000000085700000, 0x0000000085700000| Untracked 
|  32|0x0000000085800000, 0x0000000085800000, 0x0000000085900000|  0%| F|  |TAMS 0x0000000085800000, 0x0000000085800000| Untracked 
|  33|0x0000000085900000, 0x0000000085900000, 0x0000000085a00000|  0%| F|  |TAMS 0x0000000085900000, 0x0000000085900000| Untracked 
|  34|0x0000000085a00000, 0x0000000085a00000, 0x0000000085b00000|  0%| F|  |TAMS 0x0000000085a00000, 0x0000000085a00000| Untracked 
|  35|0x0000000085b00000, 0x0000000085b00000, 0x0000000085c00000|  0%| F|  |TAMS 0x0000000085b00000, 0x0000000085b00000| Untracked 
|  36|0x0000000085c00000, 0x0000000085c00000, 0x0000000085d00000|  0%| F|  |TAMS 0x0000000085c00000, 0x0000000085c00000| Untracked 
|  37|0x0000000085d00000, 0x0000000085d00000, 0x0000000085e00000|  0%| F|  |TAMS 0x0000000085d00000, 0x0000000085d00000| Untracked 
|  38|0x0000000085e00000, 0x0000000085e00000, 0x0000000085f00000|  0%| F|  |TAMS 0x0000000085e00000, 0x0000000085e00000| Untracked 
|  39|0x0000000085f00000, 0x0000000085f00000, 0x0000000086000000|  0%| F|  |TAMS 0x0000000085f00000, 0x0000000085f00000| Untracked 
|  40|0x0000000086000000, 0x0000000086000000, 0x0000000086100000|  0%| F|  |TAMS 0x0000000086000000, 0x0000000086000000| Untracked 
|  41|0x0000000086100000, 0x0000000086100000, 0x0000000086200000|  0%| F|  |TAMS 0x0000000086100000, 0x0000000086100000| Untracked 
|  42|0x0000000086200000, 0x0000000086200000, 0x0000000086300000|  0%| F|  |TAMS 0x0000000086200000, 0x0000000086200000| Untracked 
|  43|0x0000000086300000, 0x0000000086300000, 0x0000000086400000|  0%| F|  |TAMS 0x0000000086300000, 0x0000000086300000| Untracked 
|  44|0x0000000086400000, 0x0000000086400000, 0x0000000086500000|  0%| F|  |TAMS 0x0000000086400000, 0x0000000086400000| Untracked 
|  45|0x0000000086500000, 0x0000000086500000, 0x0000000086600000|  0%| F|  |TAMS 0x0000000086500000, 0x0000000086500000| Untracked 
|  46|0x0000000086600000, 0x0000000086600000, 0x0000000086700000|  0%| F|  |TAMS 0x0000000086600000, 0x0000000086600000| Untracked 
|  47|0x0000000086700000, 0x0000000086700000, 0x0000000086800000|  0%| F|  |TAMS 0x0000000086700000, 0x0000000086700000| Untracked 
|  48|0x0000000086800000, 0x0000000086800000, 0x0000000086900000|  0%| F|  |TAMS 0x0000000086800000, 0x0000000086800000| Untracked 
|  49|0x0000000086900000, 0x0000000086900000, 0x0000000086a00000|  0%| F|  |TAMS 0x0000000086900000, 0x0000000086900000| Untracked 
|  50|0x0000000086a00000, 0x0000000086a00000, 0x0000000086b00000|  0%| F|  |TAMS 0x0000000086a00000, 0x0000000086a00000| Untracked 
|  51|0x0000000086b00000, 0x0000000086b00000, 0x0000000086c00000|  0%| F|  |TAMS 0x0000000086b00000, 0x0000000086b00000| Untracked 
|  52|0x0000000086c00000, 0x0000000086c00000, 0x0000000086d00000|  0%| F|  |TAMS 0x0000000086c00000, 0x0000000086c00000| Untracked 
|  53|0x0000000086d00000, 0x0000000086d00000, 0x0000000086e00000|  0%| F|  |TAMS 0x0000000086d00000, 0x0000000086d00000| Untracked 
|  54|0x0000000086e00000, 0x0000000086e00000, 0x0000000086f00000|  0%| F|  |TAMS 0x0000000086e00000, 0x0000000086e00000| Untracked 
|  55|0x0000000086f00000, 0x0000000086f00000, 0x0000000087000000|  0%| F|  |TAMS 0x0000000086f00000, 0x0000000086f00000| Untracked 
|  56|0x0000000087000000, 0x0000000087000000, 0x0000000087100000|  0%| F|  |TAMS 0x0000000087000000, 0x0000000087000000| Untracked 
|  57|0x0000000087100000, 0x0000000087100000, 0x0000000087200000|  0%| F|  |TAMS 0x0000000087100000, 0x0000000087100000| Untracked 
|  58|0x0000000087200000, 0x0000000087200000, 0x0000000087300000|  0%| F|  |TAMS 0x0000000087200000, 0x0000000087200000| Untracked 
|  59|0x0000000087300000, 0x0000000087300000, 0x0000000087400000|  0%| F|  |TAMS 0x0000000087300000, 0x0000000087300000| Untracked 
|  60|0x0000000087400000, 0x0000000087400000, 0x0000000087500000|  0%| F|  |TAMS 0x0000000087400000, 0x0000000087400000| Untracked 
|  61|0x0000000087500000, 0x0000000087500000, 0x0000000087600000|  0%| F|  |TAMS 0x0000000087500000, 0x0000000087500000| Untracked 
|  62|0x0000000087600000, 0x0000000087600000, 0x0000000087700000|  0%| F|  |TAMS 0x0000000087600000, 0x0000000087600000| Untracked 
|  63|0x0000000087700000, 0x0000000087700000, 0x0000000087800000|  0%| F|  |TAMS 0x0000000087700000, 0x0000000087700000| Untracked 
|  64|0x0000000087800000, 0x0000000087800000, 0x0000000087900000|  0%| F|  |TAMS 0x0000000087800000, 0x0000000087800000| Untracked 
|  65|0x0000000087900000, 0x0000000087900000, 0x0000000087a00000|  0%| F|  |TAMS 0x0000000087900000, 0x0000000087900000| Untracked 
|  66|0x0000000087a00000, 0x0000000087a00000, 0x0000000087b00000|  0%| F|  |TAMS 0x0000000087a00000, 0x0000000087a00000| Untracked 
|  67|0x0000000087b00000, 0x0000000087b00000, 0x0000000087c00000|  0%| F|  |TAMS 0x0000000087b00000, 0x0000000087b00000| Untracked 
|  68|0x0000000087c00000, 0x0000000087c00000, 0x0000000087d00000|  0%| F|  |TAMS 0x0000000087c00000, 0x0000000087c00000| Untracked 
|  69|0x0000000087d00000, 0x0000000087d00000, 0x0000000087e00000|  0%| F|  |TAMS 0x0000000087d00000, 0x0000000087d00000| Untracked 
|  70|0x0000000087e00000, 0x0000000087e00000, 0x0000000087f00000|  0%| F|  |TAMS 0x0000000087e00000, 0x0000000087e00000| Untracked 
|  71|0x0000000087f00000, 0x0000000087f00000, 0x0000000088000000|  0%| F|  |TAMS 0x0000000087f00000, 0x0000000087f00000| Untracked 
|  72|0x0000000088000000, 0x0000000088000000, 0x0000000088100000|  0%| F|  |TAMS 0x0000000088000000, 0x0000000088000000| Untracked 
|  73|0x0000000088100000, 0x0000000088100000, 0x0000000088200000|  0%| F|  |TAMS 0x0000000088100000, 0x0000000088100000| Untracked 
|  74|0x0000000088200000, 0x0000000088200000, 0x0000000088300000|  0%| F|  |TAMS 0x0000000088200000, 0x0000000088200000| Untracked 
|  75|0x0000000088300000, 0x0000000088300000, 0x0000000088400000|  0%| F|  |TAMS 0x0000000088300000, 0x0000000088300000| Untracked 
|  76|0x0000000088400000, 0x0000000088400000, 0x0000000088500000|  0%| F|  |TAMS 0x0000000088400000, 0x0000000088400000| Untracked 
|  77|0x0000000088500000, 0x0000000088500000, 0x0000000088600000|  0%| F|  |TAMS 0x0000000088500000, 0x0000000088500000| Untracked 
|  78|0x0000000088600000, 0x0000000088600000, 0x0000000088700000|  0%| F|  |TAMS 0x0000000088600000, 0x0000000088600000| Untracked 
|  79|0x0000000088700000, 0x0000000088700000, 0x0000000088800000|  0%| F|  |TAMS 0x0000000088700000, 0x0000000088700000| Untracked 
|  80|0x0000000088800000, 0x0000000088800000, 0x0000000088900000|  0%| F|  |TAMS 0x0000000088800000, 0x0000000088800000| Untracked 
|  81|0x0000000088900000, 0x0000000088900000, 0x0000000088a00000|  0%| F|  |TAMS 0x0000000088900000, 0x0000000088900000| Untracked 
|  82|0x0000000088a00000, 0x0000000088a00000, 0x0000000088b00000|  0%| F|  |TAMS 0x0000000088a00000, 0x0000000088a00000| Untracked 
|  83|0x0000000088b00000, 0x0000000088b00000, 0x0000000088c00000|  0%| F|  |TAMS 0x0000000088b00000, 0x0000000088b00000| Untracked 
|  84|0x0000000088c00000, 0x0000000088c00000, 0x0000000088d00000|  0%| F|  |TAMS 0x0000000088c00000, 0x0000000088c00000| Untracked 
|  85|0x0000000088d00000, 0x0000000088d00000, 0x0000000088e00000|  0%| F|  |TAMS 0x0000000088d00000, 0x0000000088d00000| Untracked 
|  86|0x0000000088e00000, 0x0000000088e00000, 0x0000000088f00000|  0%| F|  |TAMS 0x0000000088e00000, 0x0000000088e00000| Untracked 
|  87|0x0000000088f00000, 0x0000000088f00000, 0x0000000089000000|  0%| F|  |TAMS 0x0000000088f00000, 0x0000000088f00000| Untracked 
|  88|0x0000000089000000, 0x0000000089000000, 0x0000000089100000|  0%| F|  |TAMS 0x0000000089000000, 0x0000000089000000| Untracked 
|  89|0x0000000089100000, 0x0000000089100000, 0x0000000089200000|  0%| F|  |TAMS 0x0000000089100000, 0x0000000089100000| Untracked 
|  90|0x0000000089200000, 0x0000000089200000, 0x0000000089300000|  0%| F|  |TAMS 0x0000000089200000, 0x0000000089200000| Untracked 
|  91|0x0000000089300000, 0x0000000089300000, 0x0000000089400000|  0%| F|  |TAMS 0x0000000089300000, 0x0000000089300000| Untracked 
|  92|0x0000000089400000, 0x0000000089400000, 0x0000000089500000|  0%| F|  |TAMS 0x0000000089400000, 0x0000000089400000| Untracked 
|  93|0x0000000089500000, 0x0000000089500000, 0x0000000089600000|  0%| F|  |TAMS 0x0000000089500000, 0x0000000089500000| Untracked 
|  94|0x0000000089600000, 0x0000000089600000, 0x0000000089700000|  0%| F|  |TAMS 0x0000000089600000, 0x0000000089600000| Untracked 
|  95|0x0000000089700000, 0x0000000089700000, 0x0000000089800000|  0%| F|  |TAMS 0x0000000089700000, 0x0000000089700000| Untracked 
|  96|0x0000000089800000, 0x0000000089800000, 0x0000000089900000|  0%| F|  |TAMS 0x0000000089800000, 0x0000000089800000| Untracked 
|  97|0x0000000089900000, 0x0000000089900000, 0x0000000089a00000|  0%| F|  |TAMS 0x0000000089900000, 0x0000000089900000| Untracked 
|  98|0x0000000089a00000, 0x0000000089a00000, 0x0000000089b00000|  0%| F|  |TAMS 0x0000000089a00000, 0x0000000089a00000| Untracked 
|  99|0x0000000089b00000, 0x0000000089b00000, 0x0000000089c00000|  0%| F|  |TAMS 0x0000000089b00000, 0x0000000089b00000| Untracked 
| 100|0x0000000089c00000, 0x0000000089c00000, 0x0000000089d00000|  0%| F|  |TAMS 0x0000000089c00000, 0x0000000089c00000| Untracked 
| 101|0x0000000089d00000, 0x0000000089d00000, 0x0000000089e00000|  0%| F|  |TAMS 0x0000000089d00000, 0x0000000089d00000| Untracked 
| 102|0x0000000089e00000, 0x0000000089e00000, 0x0000000089f00000|  0%| F|  |TAMS 0x0000000089e00000, 0x0000000089e00000| Untracked 
| 103|0x0000000089f00000, 0x0000000089f00000, 0x000000008a000000|  0%| F|  |TAMS 0x0000000089f00000, 0x0000000089f00000| Untracked 
| 104|0x000000008a000000, 0x000000008a000000, 0x000000008a100000|  0%| F|  |TAMS 0x000000008a000000, 0x000000008a000000| Untracked 
| 105|0x000000008a100000, 0x000000008a100000, 0x000000008a200000|  0%| F|  |TAMS 0x000000008a100000, 0x000000008a100000| Untracked 
| 106|0x000000008a200000, 0x000000008a200000, 0x000000008a300000|  0%| F|  |TAMS 0x000000008a200000, 0x000000008a200000| Untracked 
| 107|0x000000008a300000, 0x000000008a300000, 0x000000008a400000|  0%| F|  |TAMS 0x000000008a300000, 0x000000008a300000| Untracked 
| 108|0x000000008a400000, 0x000000008a400000, 0x000000008a500000|  0%| F|  |TAMS 0x000000008a400000, 0x000000008a400000| Untracked 
| 109|0x000000008a500000, 0x000000008a500000, 0x000000008a600000|  0%| F|  |TAMS 0x000000008a500000, 0x000000008a500000| Untracked 
| 110|0x000000008a600000, 0x000000008a600000, 0x000000008a700000|  0%| F|  |TAMS 0x000000008a600000, 0x000000008a600000| Untracked 
| 111|0x000000008a700000, 0x000000008a700000, 0x000000008a800000|  0%| F|  |TAMS 0x000000008a700000, 0x000000008a700000| Untracked 
| 112|0x000000008a800000, 0x000000008a800000, 0x000000008a900000|  0%| F|  |TAMS 0x000000008a800000, 0x000000008a800000| Untracked 
| 113|0x000000008a900000, 0x000000008a900000, 0x000000008aa00000|  0%| F|  |TAMS 0x000000008a900000, 0x000000008a900000| Untracked 
| 114|0x000000008aa00000, 0x000000008aa76a48, 0x000000008ab00000| 46%| E|  |TAMS 0x000000008aa00000, 0x000000008aa00000| Complete 
| 115|0x000000008ab00000, 0x000000008ac00000, 0x000000008ac00000|100%| E|CS|TAMS 0x000000008ab00000, 0x000000008ab00000| Complete 
| 116|0x000000008ac00000, 0x000000008ad00000, 0x000000008ad00000|100%| E|CS|TAMS 0x000000008ac00000, 0x000000008ac00000| Complete 
| 117|0x000000008ad00000, 0x000000008ae00000, 0x000000008ae00000|100%| E|CS|TAMS 0x000000008ad00000, 0x000000008ad00000| Complete 
| 118|0x000000008ae00000, 0x000000008af00000, 0x000000008af00000|100%| E|CS|TAMS 0x000000008ae00000, 0x000000008ae00000| Complete 
| 119|0x000000008af00000, 0x000000008b000000, 0x000000008b000000|100%| E|CS|TAMS 0x000000008af00000, 0x000000008af00000| Complete 
| 120|0x000000008b000000, 0x000000008b100000, 0x000000008b100000|100%| E|CS|TAMS 0x000000008b000000, 0x000000008b000000| Complete 
| 121|0x000000008b100000, 0x000000008b200000, 0x000000008b200000|100%| E|CS|TAMS 0x000000008b100000, 0x000000008b100000| Complete 
| 122|0x000000008b200000, 0x000000008b300000, 0x000000008b300000|100%| E|CS|TAMS 0x000000008b200000, 0x000000008b200000| Complete 
| 123|0x000000008b300000, 0x000000008b400000, 0x000000008b400000|100%| E|CS|TAMS 0x000000008b300000, 0x000000008b300000| Complete 
| 124|0x000000008b400000, 0x000000008b500000, 0x000000008b500000|100%| E|CS|TAMS 0x000000008b400000, 0x000000008b400000| Complete 
| 125|0x000000008b500000, 0x000000008b600000, 0x000000008b600000|100%| E|CS|TAMS 0x000000008b500000, 0x000000008b500000| Complete 

Card table byte_map: [0x00000139eae20000,0x00000139eb210000] _byte_map_base: 0x00000139eaa04000

Marking Bits (Prev, Next): (CMBitMap*) 0x00000139d3ee6150, (CMBitMap*) 0x00000139d3ee6190
 Prev Bits: [0x00000139eb600000, 0x00000139ed520000)
 Next Bits: [0x00000139ed520000, 0x00000139ef440000)

Polling page: 0x00000139d1e80000

Metaspace:

Usage:
  Non-class:      3.08 MB used.
      Class:    443.41 KB used.
       Both:      3.52 MB used.

Virtual space:
  Non-class space:        8.00 MB reserved,       3.12 MB ( 39%) committed,  1 nodes.
      Class space:        1.00 GB reserved,     512.00 KB ( <1%) committed,  1 nodes.
             Both:        1.01 GB reserved,       3.62 MB ( <1%) committed. 

Chunk freelists:
   Non-Class:  2.67 MB
       Class:  3.45 MB
        Both:  6.12 MB

MaxMetaspaceSize: unlimited
CompressedClassSpaceSize: 1.00 GB
Initial GC threshold: 21.00 MB
Current GC threshold: 21.00 MB
CDS: on
MetaspaceReclaimPolicy: balanced
 - commit_granule_bytes: 65536.
 - commit_granule_words: 8192.
 - virtual_space_node_default_size: 1048576.
 - enlarge_chunks_in_place: 1.
 - new_chunks_are_fully_committed: 0.
 - uncommit_free_chunks: 1.
 - use_allocation_guard: 0.
 - handle_deallocations: 1.


Internal statistics:

num_allocs_failed_limit: 0.
num_arena_births: 72.
num_arena_deaths: 0.
num_vsnodes_births: 2.
num_vsnodes_deaths: 0.
num_space_committed: 58.
num_space_uncommitted: 0.
num_chunks_returned_to_freelist: 0.
num_chunks_taken_from_freelist: 208.
num_chunk_merges: 0.
num_chunk_splits: 99.
num_chunks_enlarged: 51.
num_purges: 0.
num_inconsistent_stats: 0.

CodeHeap 'non-profiled nmethods': size=120000Kb used=254Kb max_used=254Kb free=119746Kb
 bounds [0x00000139e31d0000, 0x00000139e3440000, 0x00000139ea700000]
CodeHeap 'profiled nmethods': size=120000Kb used=1443Kb max_used=1443Kb free=118557Kb
 bounds [0x00000139dbca0000, 0x00000139dbf10000, 0x00000139e31d0000]
CodeHeap 'non-nmethods': size=5760Kb used=1140Kb max_used=1158Kb free=4619Kb
 bounds [0x00000139db700000, 0x00000139db970000, 0x00000139dbca0000]
 total_blobs=1266 nmethods=854 adapters=325
 compilation: enabled
              stopped_count=0, restarted_count=0
 full_count=0

Compilation events (20 events):
Event: 0.533 Thread 0x00000139f1e363b0 nmethod 816 0x00000139dbdf8310 code [0x00000139dbdf84c0, 0x00000139dbdf8788]
Event: 0.533 Thread 0x00000139f1e363b0  817       1       jdk.internal.reflect.DelegatingConstructorAccessorImpl::setDelegate (6 bytes)
Event: 0.533 Thread 0x00000139f1e363b0 nmethod 817 0x00000139e320d410 code [0x00000139e320d5a0, 0x00000139e320d6b8]
Event: 0.539 Thread 0x00000139f1e363b0  820       3       java.util.stream.PipelineHelper::<init> (5 bytes)
Event: 0.539 Thread 0x00000139f1e363b0 nmethod 820 0x00000139dbdf8910 code [0x00000139dbdf8aa0, 0x00000139dbdf8bf8]
Event: 0.539 Thread 0x00000139f1e363b0  821       3       jdk.internal.reflect.ConstructorAccessorImpl::<init> (5 bytes)
Event: 0.540 Thread 0x00000139f1e363b0 nmethod 821 0x00000139dbdf8c90 code [0x00000139dbdf8e40, 0x00000139dbdf8ff8]
Event: 0.540 Thread 0x00000139f1e363b0  822       3       java.lang.invoke.DirectMethodHandle::preparedLambdaForm (6 bytes)
Event: 0.541 Thread 0x00000139f1e363b0 nmethod 822 0x00000139dbdf9110 code [0x00000139dbdf92a0, 0x00000139dbdf93c8]
Event: 0.541 Thread 0x00000139f1e363b0  824       3       java.lang.invoke.MethodHandleNatives::isCallerSensitive (29 bytes)
Event: 0.542 Thread 0x00000139f1e363b0 nmethod 824 0x00000139dbdf9490 code [0x00000139dbdf9680, 0x00000139dbdf9c08]
Event: 0.542 Thread 0x00000139f1e363b0  825       3       java.lang.invoke.MethodHandleNatives::canBeCalledVirtual (50 bytes)
Event: 0.542 Thread 0x00000139f1e363b0 nmethod 825 0x00000139dbdf9e10 code [0x00000139dbdfa000, 0x00000139dbdfa4c8]
Event: 0.542 Thread 0x00000139f1e363b0  827       3       java.lang.invoke.LambdaForm$MH/0x0000000800c00400::invoke (8 bytes)
Event: 0.543 Thread 0x00000139f1e363b0 nmethod 827 0x00000139dbdfa690 code [0x00000139dbdfa820, 0x00000139dbdfaa78]
Event: 0.544 Thread 0x00000139f1e363b0  828       3       java.util.stream.AbstractPipeline::isParallel (8 bytes)
Event: 0.545 Thread 0x00000139f1e363b0 nmethod 828 0x00000139dbdfab90 code [0x00000139dbdfad20, 0x00000139dbdfae38]
Event: 0.548 Thread 0x00000139f1e363b0  833       3       jdk.internal.loader.Resource::<init> (5 bytes)
Event: 0.548 Thread 0x00000139f1e363b0 nmethod 833 0x00000139dbdfaf10 code [0x00000139dbdfb0a0, 0x00000139dbdfb1f8]
Event: 0.549 Thread 0x00000139f1e363b0  834       3       jdk.internal.org.objectweb.asm.ClassWriter::<init> (7 bytes)

GC Heap History (0 events):
No events

Deoptimization events (20 events):
Event: 0.315 Thread 0x00000139d3ea7360 DEOPT PACKING pc=0x00000139e31dc1b4 sp=0x000000230ddfec70
Event: 0.315 Thread 0x00000139d3ea7360 DEOPT UNPACKING pc=0x00000139db755c23 sp=0x000000230ddfec10 mode 2
Event: 0.318 Thread 0x00000139d3ea7360 Uncommon trap: trap_request=0xffffffde fr.pc=0x00000139e31dc1b4 relative=0x0000000000000454
Event: 0.318 Thread 0x00000139d3ea7360 Uncommon trap: reason=class_check action=maybe_recompile pc=0x00000139e31dc1b4 method=java.util.HashMap.putVal(ILjava/lang/Object;Ljava/lang/Object;ZZ)Ljava/lang/Object; @ 253 c2
Event: 0.318 Thread 0x00000139d3ea7360 DEOPT PACKING pc=0x00000139e31dc1b4 sp=0x000000230ddfec70
Event: 0.318 Thread 0x00000139d3ea7360 DEOPT UNPACKING pc=0x00000139db755c23 sp=0x000000230ddfec10 mode 2
Event: 0.320 Thread 0x00000139d3ea7360 Uncommon trap: trap_request=0xffffffde fr.pc=0x00000139e31dc1b4 relative=0x0000000000000454
Event: 0.320 Thread 0x00000139d3ea7360 Uncommon trap: reason=class_check action=maybe_recompile pc=0x00000139e31dc1b4 method=java.util.HashMap.putVal(ILjava/lang/Object;Ljava/lang/Object;ZZ)Ljava/lang/Object; @ 253 c2
Event: 0.320 Thread 0x00000139d3ea7360 DEOPT PACKING pc=0x00000139e31dc1b4 sp=0x000000230ddfec70
Event: 0.320 Thread 0x00000139d3ea7360 DEOPT UNPACKING pc=0x00000139db755c23 sp=0x000000230ddfec10 mode 2
Event: 0.389 Thread 0x00000139d3ea7360 DEOPT PACKING pc=0x00000139dbd112e5 sp=0x000000230ddfd500
Event: 0.389 Thread 0x00000139d3ea7360 DEOPT UNPACKING pc=0x00000139db756763 sp=0x000000230ddfc950 mode 0
Event: 0.499 Thread 0x00000139d3ea7360 Uncommon trap: trap_request=0xffffffde fr.pc=0x00000139e31fa704 relative=0x0000000000001164
Event: 0.499 Thread 0x00000139d3ea7360 Uncommon trap: reason=class_check action=maybe_recompile pc=0x00000139e31fa704 method=java.util.HashMap.putVal(ILjava/lang/Object;Ljava/lang/Object;ZZ)Ljava/lang/Object; @ 91 c2
Event: 0.499 Thread 0x00000139d3ea7360 DEOPT PACKING pc=0x00000139e31fa704 sp=0x000000230ddfd840
Event: 0.499 Thread 0x00000139d3ea7360 DEOPT UNPACKING pc=0x00000139db755c23 sp=0x000000230ddfd7f0 mode 2
Event: 0.499 Thread 0x00000139d3ea7360 Uncommon trap: trap_request=0xffffffde fr.pc=0x00000139e31fa704 relative=0x0000000000001164
Event: 0.499 Thread 0x00000139d3ea7360 Uncommon trap: reason=class_check action=maybe_recompile pc=0x00000139e31fa704 method=java.util.HashMap.putVal(ILjava/lang/Object;Ljava/lang/Object;ZZ)Ljava/lang/Object; @ 91 c2
Event: 0.499 Thread 0x00000139d3ea7360 DEOPT PACKING pc=0x00000139e31fa704 sp=0x000000230ddfd840
Event: 0.499 Thread 0x00000139d3ea7360 DEOPT UNPACKING pc=0x00000139db755c23 sp=0x000000230ddfd7f0 mode 2

Classes unloaded (0 events):
No events

Classes redefined (0 events):
No events

Internal exceptions (20 events):
Event: 0.354 Thread 0x00000139d3ea7360 Exception <a 'java/lang/NoSuchMethodError'{0x000000008af5bf98}: 'void java.lang.invoke.DirectMethodHandle$Holder.invokeStaticInit(java.lang.Object, java.lang.Object, java.lang.Object)'> (0x000000008af5bf98) 
thrown [t:\workspace\open\src\hotspot\share\interpreter\linkResolver.cpp, line 766]
Event: 0.367 Thread 0x00000139d3ea7360 Exception <a 'java/lang/NoSuchMethodError'{0x000000008afa62b8}: 'int java.lang.invoke.DirectMethodHandle$Holder.invokeVirtual(java.lang.Object, java.lang.Object)'> (0x000000008afa62b8) 
thrown [t:\workspace\open\src\hotspot\share\interpreter\linkResolver.cpp, line 766]
Event: 0.396 Thread 0x00000139d3ea7360 Exception <a 'java/lang/NoSuchMethodError'{0x000000008ae43c70}: 'int java.lang.invoke.DirectMethodHandle$Holder.invokeSpecial(java.lang.Object, java.lang.Object, java.lang.Object)'> (0x000000008ae43c70) 
thrown [t:\workspace\open\src\hotspot\share\interpreter\linkResolver.cpp, line 766]
Event: 0.421 Thread 0x00000139d3ea7360 Exception <a 'java/lang/NoSuchMethodError'{0x000000008aeb15d8}: 'void java.lang.invoke.DirectMethodHandle$Holder.invokeInterface(java.lang.Object, java.lang.Object)'> (0x000000008aeb15d8) 
thrown [t:\workspace\open\src\hotspot\share\interpreter\linkResolver.cpp, line 766]
Event: 0.421 Thread 0x00000139d3ea7360 Exception <a 'java/lang/IncompatibleClassChangeError'{0x000000008aeb4b68}: Found class java.lang.Object, but interface was expected> (0x000000008aeb4b68) 
thrown [t:\workspace\open\src\hotspot\share\interpreter\linkResolver.cpp, line 833]
Event: 0.443 Thread 0x00000139d3ea7360 Exception <a 'java/lang/NoSuchMethodError'{0x000000008ad25a78}: 'int java.lang.invoke.DirectMethodHandle$Holder.invokeStatic(java.lang.Object, java.lang.Object, java.lang.Object, java.lang.Object)'> (0x000000008ad25a78) 
thrown [t:\workspace\open\src\hotspot\share\interpreter\linkResolver.cpp, line 766]
Event: 0.447 Thread 0x00000139d3ea7360 Exception <a 'java/lang/NoSuchMethodError'{0x000000008ad4b8a0}: 'java.lang.Object java.lang.invoke.DirectMethodHandle$Holder.newInvokeSpecial(java.lang.Object, java.lang.Object, java.lang.Object, java.lang.Object, java.lang.Object, java.lang.Object)'> (0x000000008ad4b8a0) 
thrown [t:\workspace\open\src\hotspot\share\interpreter\linkResolver.cpp, line 766]
Event: 0.480 Thread 0x00000139d3ea7360 Exception <a 'java/lang/NoSuchMethodError'{0x000000008ac41ce8}: 'java.lang.Object java.lang.invoke.DirectMethodHandle$Holder.invokeSpecialIFC(java.lang.Object, java.lang.Object, java.lang.Object, java.lang.Object)'> (0x000000008ac41ce8) 
thrown [t:\workspace\open\src\hotspot\share\interpreter\linkResolver.cpp, line 766]
Event: 0.484 Thread 0x00000139d3ea7360 Exception <a 'java/lang/NoSuchMethodError'{0x000000008ac59588}: 'java.lang.Object java.lang.invoke.DirectMethodHandle$Holder.invokeInterface(java.lang.Object, java.lang.Object, java.lang.Object)'> (0x000000008ac59588) 
thrown [t:\workspace\open\src\hotspot\share\interpreter\linkResolver.cpp, line 766]
Event: 0.488 Thread 0x00000139d3ea7360 Exception <a 'java/lang/NoSuchMethodError'{0x000000008ac71258}: 'void java.lang.invoke.DirectMethodHandle$Holder.invokeSpecial(java.lang.Object, java.lang.Object, java.lang.Object)'> (0x000000008ac71258) 
thrown [t:\workspace\open\src\hotspot\share\interpreter\linkResolver.cpp, line 766]
Event: 0.496 Thread 0x00000139d3ea7360 Exception <a 'java/lang/NoSuchMethodError'{0x000000008acbb070}: 'void java.lang.invoke.DirectMethodHandle$Holder.invokeInterface(java.lang.Object, java.lang.Object, java.lang.Object, java.lang.Object, java.lang.Object)'> (0x000000008acbb070) 
thrown [t:\workspace\open\src\hotspot\share\interpreter\linkResolver.cpp, line 766]
Event: 0.497 Thread 0x00000139d3ea7360 Exception <a 'java/lang/IncompatibleClassChangeError'{0x000000008acbefe8}: Found class java.lang.Object, but interface was expected> (0x000000008acbefe8) 
thrown [t:\workspace\open\src\hotspot\share\interpreter\linkResolver.cpp, line 833]
Event: 0.504 Thread 0x00000139d3ea7360 Exception <a 'java/lang/NoSuchMethodError'{0x000000008acf7988}: 'void java.lang.invoke.DirectMethodHandle$Holder.invokeInterface(java.lang.Object, java.lang.Object, java.lang.Object)'> (0x000000008acf7988) 
thrown [t:\workspace\open\src\hotspot\share\interpreter\linkResolver.cpp, line 766]
Event: 0.505 Thread 0x00000139d3ea7360 Exception <a 'java/lang/IncompatibleClassChangeError'{0x000000008acfaff0}: Found class java.lang.Object, but interface was expected> (0x000000008acfaff0) 
thrown [t:\workspace\open\src\hotspot\share\interpreter\linkResolver.cpp, line 833]
Event: 0.510 Thread 0x00000139d3ea7360 Exception <a 'java/lang/NoSuchMethodError'{0x000000008ab17a88}: 'java.lang.Object java.lang.invoke.DirectMethodHandle$Holder.invokeStatic(java.lang.Object, java.lang.Object, int)'> (0x000000008ab17a88) 
thrown [t:\workspace\open\src\hotspot\share\interpreter\linkResolver.cpp, line 766]
Event: 0.523 Thread 0x00000139d3ea7360 Exception <a 'java/lang/NoSuchMethodError'{0x000000008ab68628}: 'void java.lang.invoke.DirectMethodHandle$Holder.invokeSpecial(java.lang.Object, java.lang.Object, java.lang.Object, java.lang.Object, java.lang.Object)'> (0x000000008ab68628) 
thrown [t:\workspace\open\src\hotspot\share\interpreter\linkResolver.cpp, line 766]
Event: 0.537 Thread 0x00000139d3ea7360 Exception <a 'java/lang/NoSuchMethodError'{0x000000008abb40f0}: 'void java.lang.invoke.DirectMethodHandle$Holder.invokeInterface(java.lang.Object, java.lang.Object, java.lang.Object, java.lang.Object)'> (0x000000008abb40f0) 
thrown [t:\workspace\open\src\hotspot\share\interpreter\linkResolver.cpp, line 766]
Event: 0.538 Thread 0x00000139d3ea7360 Exception <a 'java/lang/IncompatibleClassChangeError'{0x000000008abb7a18}: Found class java.lang.Object, but interface was expected> (0x000000008abb7a18) 
thrown [t:\workspace\open\src\hotspot\share\interpreter\linkResolver.cpp, line 833]
Event: 0.541 Thread 0x00000139d3ea7360 Exception <a 'java/lang/NoSuchMethodError'{0x000000008abcd0a0}: 'void java.lang.invoke.DirectMethodHandle$Holder.invokeStatic(java.lang.Object, java.lang.Object, java.lang.Object, java.lang.Object)'> (0x000000008abcd0a0) 
thrown [t:\workspace\open\src\hotspot\share\interpreter\linkResolver.cpp, line 766]
Event: 0.546 Thread 0x00000139d3ea7360 Exception <a 'java/lang/NoSuchMethodError'{0x000000008abe3d20}: 'java.lang.Object java.lang.invoke.DirectMethodHandle$Holder.newInvokeSpecial(java.lang.Object, java.lang.Object, int)'> (0x000000008abe3d20) 
thrown [t:\workspace\open\src\hotspot\share\interpreter\linkResolver.cpp, line 766]

VM Operations (4 events):
Event: 0.097 Executing VM operation: HandshakeAllThreads
Event: 0.097 Executing VM operation: HandshakeAllThreads done
Event: 0.154 Executing VM operation: HandshakeAllThreads
Event: 0.154 Executing VM operation: HandshakeAllThreads done

Events (20 events):
Event: 0.433 loading class java/util/concurrent/Callable
Event: 0.433 loading class java/util/concurrent/Callable done
Event: 0.440 loading class java/util/stream/SortedOps
Event: 0.441 loading class java/util/stream/SortedOps done
Event: 0.441 loading class java/util/stream/SortedOps$OfRef
Event: 0.441 loading class java/util/stream/SortedOps$OfRef done
Event: 0.442 loading class java/util/stream/SortedOps$SizedRefSortingSink
Event: 0.442 loading class java/util/stream/SortedOps$AbstractRefSortingSink
Event: 0.442 loading class java/util/stream/SortedOps$AbstractRefSortingSink done
Event: 0.442 loading class java/util/stream/SortedOps$SizedRefSortingSink done
Event: 0.472 loading class jdk/internal/misc/ScopedMemoryAccess$Scope
Event: 0.472 loading class jdk/internal/misc/ScopedMemoryAccess$Scope done
Event: 0.486 loading class java/lang/invoke/MethodHandle$1
Event: 0.486 loading class java/lang/invoke/MethodHandle$1 done
Event: 0.534 loading class java/util/concurrent/atomic/AtomicBoolean
Event: 0.534 loading class java/util/concurrent/atomic/AtomicBoolean done
Event: 0.544 loading class java/util/Collections$2
Event: 0.544 loading class java/util/Collections$2 done
Event: 0.547 loading class java/net/URLDecoder
Event: 0.547 loading class java/net/URLDecoder done


Dynamic libraries:
0x00007ff744540000 - 0x00007ff744550000 	C:\Program Files\Java\jdk-17.0.2\bin\java.exe
0x00007ffb67f40000 - 0x00007ffb68149000 	C:\WINDOWS\SYSTEM32\ntdll.dll
0x00007ffb47a50000 - 0x00007ffb47a66000 	C:\Program Files\Avast Software\Avast\aswhook.dll
0x00007ffb67320000 - 0x00007ffb673dd000 	C:\WINDOWS\System32\KERNEL32.DLL
0x00007ffb65970000 - 0x00007ffb65ce4000 	C:\WINDOWS\System32\KERNELBASE.dll
0x00007ffb655f0000 - 0x00007ffb65701000 	C:\WINDOWS\System32\ucrtbase.dll
0x00007ffb52e60000 - 0x00007ffb52e78000 	C:\Program Files\Java\jdk-17.0.2\bin\jli.dll
0x00007ffb67560000 - 0x00007ffb6760e000 	C:\WINDOWS\System32\ADVAPI32.dll
0x00007ffb674b0000 - 0x00007ffb67553000 	C:\WINDOWS\System32\msvcrt.dll
0x00007ffb65df0000 - 0x00007ffb65e8e000 	C:\WINDOWS\System32\sechost.dll
0x00007ffb4f880000 - 0x00007ffb4f89a000 	C:\Program Files\Java\jdk-17.0.2\bin\VCRUNTIME140.dll
0x00007ffb67a60000 - 0x00007ffb67b80000 	C:\WINDOWS\System32\RPCRT4.dll
0x00007ffb67090000 - 0x00007ffb6723c000 	C:\WINDOWS\System32\USER32.dll
0x00007ffb65940000 - 0x00007ffb65966000 	C:\WINDOWS\System32\win32u.dll
0x00007ffb66100000 - 0x00007ffb66129000 	C:\WINDOWS\System32\GDI32.dll
0x00007ffb654d0000 - 0x00007ffb655e2000 	C:\WINDOWS\System32\gdi32full.dll
0x00007ffb4fc60000 - 0x00007ffb4ff05000 	C:\WINDOWS\WinSxS\amd64_microsoft.windows.common-controls_6595b64144ccf1df_6.0.22000.120_none_9d947278b86cc467\COMCTL32.dll
0x00007ffb65430000 - 0x00007ffb654cd000 	C:\WINDOWS\System32\msvcp_win.dll
0x00007ffb5bf40000 - 0x00007ffb5bf4a000 	C:\WINDOWS\SYSTEM32\VERSION.dll
0x00007ffb673e0000 - 0x00007ffb67411000 	C:\WINDOWS\System32\IMM32.DLL
0x00007ffb599f0000 - 0x00007ffb599fc000 	C:\Program Files\Java\jdk-17.0.2\bin\vcruntime140_1.dll
0x00007ffb44bd0000 - 0x00007ffb44c5d000 	C:\Program Files\Java\jdk-17.0.2\bin\msvcp140.dll
0x00007ffb17d30000 - 0x00007ffb188f1000 	C:\Program Files\Java\jdk-17.0.2\bin\server\jvm.dll
0x00007ffb679c0000 - 0x00007ffb679c8000 	C:\WINDOWS\System32\PSAPI.DLL
0x00007ffb4cb60000 - 0x00007ffb4cb69000 	C:\WINDOWS\SYSTEM32\WSOCK32.dll
0x00007ffb5c3e0000 - 0x00007ffb5c413000 	C:\WINDOWS\SYSTEM32\WINMM.dll
0x00007ffb672a0000 - 0x00007ffb6730f000 	C:\WINDOWS\System32\WS2_32.dll
0x00007ffb64620000 - 0x00007ffb64638000 	C:\WINDOWS\SYSTEM32\kernel.appcore.dll
0x00007ffb52d20000 - 0x00007ffb52d2a000 	C:\Program Files\Java\jdk-17.0.2\bin\jimage.dll
0x00007ffb62fc0000 - 0x00007ffb631e1000 	C:\WINDOWS\SYSTEM32\DBGHELP.DLL
0x00007ffb4dc00000 - 0x00007ffb4dc31000 	C:\WINDOWS\SYSTEM32\dbgcore.DLL
0x00007ffb65d60000 - 0x00007ffb65ddf000 	C:\WINDOWS\System32\bcryptPrimitives.dll
0x00007ffb4fa00000 - 0x00007ffb4fa0e000 	C:\Program Files\Java\jdk-17.0.2\bin\instrument.dll
0x00007ffb4ee90000 - 0x00007ffb4eeb5000 	C:\Program Files\Java\jdk-17.0.2\bin\java.dll
0x00007ffb35410000 - 0x00007ffb354e6000 	C:\Program Files\Java\jdk-17.0.2\bin\jsvml.dll
0x00007ffb66630000 - 0x00007ffb66ddf000 	C:\WINDOWS\System32\SHELL32.dll
0x00007ffb635b0000 - 0x00007ffb63e18000 	C:\WINDOWS\SYSTEM32\windows.storage.dll
0x00007ffb67b80000 - 0x00007ffb67ef8000 	C:\WINDOWS\System32\combase.dll
0x00007ffb63440000 - 0x00007ffb635a6000 	C:\WINDOWS\SYSTEM32\wintypes.dll
0x00007ffb65ef0000 - 0x00007ffb65fda000 	C:\WINDOWS\System32\SHCORE.dll
0x00007ffb67240000 - 0x00007ffb6729d000 	C:\WINDOWS\System32\shlwapi.dll
0x00007ffb65360000 - 0x00007ffb65381000 	C:\WINDOWS\SYSTEM32\profapi.dll
0x00007ffb4ead0000 - 0x00007ffb4eae8000 	C:\Program Files\Java\jdk-17.0.2\bin\zip.dll
0x00007ffb4f5f0000 - 0x00007ffb4f609000 	C:\Program Files\Java\jdk-17.0.2\bin\net.dll
0x00007ffb5bc80000 - 0x00007ffb5bd8c000 	C:\WINDOWS\SYSTEM32\WINHTTP.dll
0x00007ffb64a50000 - 0x00007ffb64ab7000 	C:\WINDOWS\system32\mswsock.dll
0x00007ffb4eaf0000 - 0x00007ffb4eb06000 	C:\Program Files\Java\jdk-17.0.2\bin\nio.dll
0x00007ffb46cd0000 - 0x00007ffb46cea000 	C:\Program Files\JetBrains\IntelliJ IDEA Community Edition 2021.3.2\bin\breakgen64.dll

dbghelp: loaded successfully - version: 4.0.5 - missing functions: none
symbol engine: initialized successfully - sym options: 0x614 - pdb path: .;C:\Program Files\Java\jdk-17.0.2\bin;C:\WINDOWS\SYSTEM32;C:\Program Files\Avast Software\Avast;C:\WINDOWS\WinSxS\amd64_microsoft.windows.common-controls_6595b64144ccf1df_6.0.22000.120_none_9d947278b86cc467;C:\Program Files\Java\jdk-17.0.2\bin\server;C:\Program Files\JetBrains\IntelliJ IDEA Community Edition 2021.3.2\bin

VM Arguments:
jvm_args: -ea -Didea.test.cyclic.buffer.size=1048576 -javaagent:C:\Program Files\JetBrains\IntelliJ IDEA Community Edition 2021.3.2\lib\idea_rt.jar=61433:C:\Program Files\JetBrains\IntelliJ IDEA Community Edition 2021.3.2\bin -Dfile.encoding=UTF-8 
java_command: com.intellij.rt.junit.JUnitStarter -ideVersion5 -junit5 renderer.LightsTests,trianglesSpot
java_class_path (initial): C:\Users\Kaplan\.m2\repository\org\junit\platform\junit-platform-launcher\1.8.2\junit-platform-launcher-1.8.2.jar;C:\Users\Kaplan\.m2\repository\org\junit\platform\junit-platform-engine\1.8.2\junit-platform-engine-1.8.2.jar;C:\Users\Kaplan\.m2\repository\org\opentest4j\opentest4j\1.2.0\opentest4j-1.2.0.jar;C:\Users\Kaplan\.m2\repository\org\junit\platform\junit-platform-commons\1.8.2\junit-platform-commons-1.8.2.jar;C:\Users\Kaplan\.m2\repository\org\apiguardian\apiguardian-api\1.1.2\apiguardian-api-1.1.2.jar;C:\Program Files\JetBrains\IntelliJ IDEA Community Edition 2021.3.2\lib\idea_rt.jar;C:\Program Files\JetBrains\IntelliJ IDEA Community Edition 2021.3.2\plugins\junit\lib\junit5-rt.jar;C:\Program Files\JetBrains\IntelliJ IDEA Community Edition 2021.3.2\plugins\junit\lib\junit-rt.jar;C:\Users\Kaplan\IdeaProjects\ISE5782_9463_4853\out\test\ISE5782_9463_4853;C:\Users\Kaplan\IdeaProjects\ISE5782_9463_4853\out\production\ISE5782_9463_4853;C:\Users\Kaplan\IdeaProjects\ISE5782_9463_4853\lib\junit-jupiter-5.8.2.jar;C:\Users\Kaplan\IdeaProjects\ISE5782_9463_4853\lib\junit-jupiter-api-5.8.2.jar;C:\Users\Kaplan\IdeaProjects\ISE5782_9463_4853\lib\opentest4j-1.2.0.jar;C:\Users\Kaplan\IdeaProjects\ISE5782_9463_4853\lib\junit-platform-commons-1.8.2.jar;C:\Users\Kaplan\IdeaProjects\ISE5782_9463_4853\lib\apiguardian-api-1.1.2.jar;C:\Users\Kaplan\IdeaProjects\ISE5782_9463_4853\lib\junit-jupiter-params-5.8.2.jar;C:\Users\Kaplan\IdeaProjects\ISE5782_9463_4853\lib\junit-jupiter-engine-5.8.2.jar;C:\Users\Kaplan\IdeaProjects\ISE5782_9463_4853\lib\junit-platform-engine-1.8.2.jar
Launcher Type: SUN_STANDARD

[Global flags]
     intx CICompilerCount                          = 4                                         {product} {ergonomic}
     uint ConcGCThreads                            = 2                                         {product} {ergonomic}
     uint G1ConcRefinementThreads                  = 8                                         {product} {ergonomic}
   size_t G1HeapRegionSize                         = 1048576                                   {product} {ergonomic}
    uintx GCDrainStackTargetSize                   = 64                                        {product} {ergonomic}
   size_t InitialHeapSize                          = 132120576                                 {product} {ergonomic}
   size_t MarkStackSize                            = 4194304                                   {product} {ergonomic}
   size_t MaxHeapSize                              = 2088763392                                {product} {ergonomic}
   size_t MaxNewSize                               = 1253048320                                {product} {ergonomic}
   size_t MinHeapDeltaBytes                        = 1048576                                   {product} {ergonomic}
   size_t MinHeapSize                              = 8388608                                   {product} {ergonomic}
    uintx NonNMethodCodeHeapSize                   = 5839372                                {pd product} {ergonomic}
    uintx NonProfiledCodeHeapSize                  = 122909434                              {pd product} {ergonomic}
    uintx ProfiledCodeHeapSize                     = 122909434                              {pd product} {ergonomic}
    uintx ReservedCodeCacheSize                    = 251658240                              {pd product} {ergonomic}
     bool SegmentedCodeCache                       = true                                      {product} {ergonomic}
   size_t SoftMaxHeapSize                          = 2088763392                             {manageable} {ergonomic}
     bool UseCompressedClassPointers               = true                           {product lp64_product} {ergonomic}
     bool UseCompressedOops                        = true                           {product lp64_product} {ergonomic}
     bool UseG1GC                                  = true                                      {product} {ergonomic}
     bool UseLargePagesIndividualAllocation        = false                                  {pd product} {ergonomic}

Logging:
Log output configuration:
 #0: stdout all=warning uptime,level,tags
 #1: stderr all=off uptime,level,tags

Environment Variables:
JAVA_HOME=C:\Program Files\Java\jdk-17.0.2
PATH=C:\Program Files\Java\jdk-17.0.2\bin;C:\WINDOWS\system32;C:\WINDOWS;C:\WINDOWS\System32\Wbem;C:\WINDOWS\System32\WindowsPowerShell\v1.0\;C:\WINDOWS\System32\OpenSSH\;C:\Program Files\dotnet\;C:\Program Files\Git\cmd;C:\Program Files (x86)\dotnet\;C:\Users\Kaplan\AppData\Local\Microsoft\WindowsApps;C:\Users\Kaplan\.dotnet\tools;
USERNAME=Kaplan
OS=Windows_NT
PROCESSOR_IDENTIFIER=Intel64 Family 6 Model 126 Stepping 5, GenuineIntel



---------------  S Y S T E M  ---------------

OS:
 Windows 11 , 64 bit Build 22000 (10.0.22000.613)
OS uptime: 4 days 0:39 hours

CPU: total 8 (initial active 8) (4 cores per cpu, 2 threads per core) family 6 model 126 stepping 5 microcode 0x86, cx8, cmov, fxsr, ht, mmx, 3dnowpref, sse, sse2, sse3, ssse3, sse4.1, sse4.2, popcnt, lzcnt, tsc, tscinvbit, avx, avx2, aes, erms, clmul, bmi1, bmi2, adx, avx512f, avx512dq, avx512cd, avx512bw, avx512vl, sha, fma, vzeroupper, avx512_vpopcntdq, avx512_vpclmulqdq, avx512_vaes, avx512_vnni, clflush, clflushopt, avx512_vbmi2, avx512_vbmi

Memory: 4k page, system-wide physical 7967M (784M free)
TotalPageFile size 10015M (AvailPageFile size 2M)
current process WorkingSet (physical memory assigned to process): 54M, peak: 54M
current process commit charge ("private bytes"): 218M, peak: 218M

vm_info: Java HotSpot(TM) 64-Bit Server VM (17.0.2+8-LTS-86) for windows-amd64 JRE (17.0.2+8-LTS-86), built on Dec  7 2021 21:51:03 by "mach5one" with MS VC++ 16.8 / 16.9 (VS2019)

END.
