#
# There is insufficient memory for the Java Runtime Environment to continue.
# Native memory allocation (mmap) failed to map 104857600 bytes for G1 virtual space
# Possible reasons:
#   The system is out of physical RAM or swap space
#   The process is running with CompressedOops enabled, and the Java Heap may be blocking the growth of the native heap
# Possible solutions:
#   Reduce memory load on the system
#   Increase physical memory or swap space
#   Check if swap backing store is full
#   Decrease Java heap size (-Xmx/-Xms)
#   Decrease number of Java threads
#   Decrease Java thread stack sizes (-Xss)
#   Set larger code cache with -XX:ReservedCodeCacheSize=
#   JVM is running with Unscaled Compressed Oops mode in which the Java heap is
#     placed in the first 4GB address space. The Java Heap base address is the
#     maximum limit for the native heap growth. Please use -XX:HeapBaseMinAddress
#     to set the Java Heap base and to place the Java Heap above 4GB virtual address.
# This output file may be truncated or incomplete.
#
#  Out of Memory Error (os_windows.cpp:3532), pid=3156, tid=14728
#
# JRE version: Java(TM) SE Runtime Environment (17.0.2+8) (build 17.0.2+8-LTS-86)
# Java VM: Java HotSpot(TM) 64-Bit Server VM (17.0.2+8-LTS-86, mixed mode, sharing, tiered, compressed oops, compressed class ptrs, g1 gc, windows-amd64)
# No core dump will be written. Minidumps are not enabled by default on client versions of Windows
#

---------------  S U M M A R Y ------------

Command Line: -ea -Didea.test.cyclic.buffer.size=1048576 -javaagent:C:\Program Files\JetBrains\IntelliJ IDEA Community Edition 2021.3.2\lib\idea_rt.jar=59839:C:\Program Files\JetBrains\IntelliJ IDEA Community Edition 2021.3.2\bin -Dfile.encoding=UTF-8 com.intellij.rt.junit.JUnitStarter -ideVersion5 -junit5 renderer.ReflectionRefractionTests,twoSpheresOnMirrors

Host: Intel(R) Core(TM) i5-1035G1 CPU @ 1.00GHz, 8 cores, 7G,  Windows 11 , 64 bit Build 22000 (10.0.22000.675)
Time: Tue May 24 20:26:05 2022  Windows 11 , 64 bit Build 22000 (10.0.22000.675) elapsed time: 1.328015 seconds (0d 0h 0m 1s)

---------------  T H R E A D  ---------------

Current thread (0x000001d9c31dc8c0):  VMThread "VM Thread" [stack: 0x00000033b6700000,0x00000033b6800000] [id=14728]

Stack: [0x00000033b6700000,0x00000033b6800000]
Native frames: (J=compiled Java code, j=interpreted, Vv=VM code, C=native code)
V  [jvm.dll+0x670baa]
V  [jvm.dll+0x7cfcb4]
V  [jvm.dll+0x7d145e]
V  [jvm.dll+0x7d1ac3]
V  [jvm.dll+0x242bc5]
V  [jvm.dll+0x66dac9]
V  [jvm.dll+0x662412]
V  [jvm.dll+0x300c0b]
V  [jvm.dll+0x3081a6]
V  [jvm.dll+0x357d0e]
V  [jvm.dll+0x357f3f]
V  [jvm.dll+0x2d7ec8]
V  [jvm.dll+0x2d6194]
V  [jvm.dll+0x2d579c]
V  [jvm.dll+0x3190eb]
V  [jvm.dll+0x7d5f9b]
V  [jvm.dll+0x7d6cd4]
V  [jvm.dll+0x7d71ec]
V  [jvm.dll+0x7d75c4]
V  [jvm.dll+0x7d7690]
V  [jvm.dll+0x77ff7a]
V  [jvm.dll+0x66fa35]
C  [ucrtbase.dll+0x26c0c]
C  [KERNEL32.DLL+0x154e0]
C  [ntdll.dll+0x485b]

VM_Operation (0x00000033b61fbf90): G1CollectForAllocation, mode: safepoint, requested by thread 0x000001d9a52780e0


---------------  P R O C E S S  ---------------

Threads class SMR info:
_java_thread_list=0x000001d9c41ad700, length=15, elements={
0x000001d9a52780e0, 0x000001d9c31e0360, 0x000001d9c31e0f10, 0x000001d9c31fa710,
0x000001d9c31fc0d0, 0x000001d9c31fea90, 0x000001d9c31ff440, 0x000001d9c320b630,
0x000001d9c320c0d0, 0x000001d9c321eab0, 0x000001d9c31cae60, 0x000001d9c3d098c0,
0x000001d9c3d6dcb0, 0x000001d9c44cb020, 0x000001d9c44fe860
}

Java Threads: ( => current thread )
  0x000001d9a52780e0 JavaThread "main" [_thread_blocked, id=2912, stack(0x00000033b6100000,0x00000033b6200000)]
  0x000001d9c31e0360 JavaThread "Reference Handler" daemon [_thread_blocked, id=15828, stack(0x00000033b6800000,0x00000033b6900000)]
  0x000001d9c31e0f10 JavaThread "Finalizer" daemon [_thread_blocked, id=4480, stack(0x00000033b6900000,0x00000033b6a00000)]
  0x000001d9c31fa710 JavaThread "Signal Dispatcher" daemon [_thread_blocked, id=11084, stack(0x00000033b6a00000,0x00000033b6b00000)]
  0x000001d9c31fc0d0 JavaThread "Attach Listener" daemon [_thread_blocked, id=7588, stack(0x00000033b6b00000,0x00000033b6c00000)]
  0x000001d9c31fea90 JavaThread "Service Thread" daemon [_thread_blocked, id=17580, stack(0x00000033b6c00000,0x00000033b6d00000)]
  0x000001d9c31ff440 JavaThread "Monitor Deflation Thread" daemon [_thread_blocked, id=10412, stack(0x00000033b6d00000,0x00000033b6e00000)]
  0x000001d9c320b630 JavaThread "C2 CompilerThread0" daemon [_thread_blocked, id=7916, stack(0x00000033b6e00000,0x00000033b6f00000)]
  0x000001d9c320c0d0 JavaThread "C1 CompilerThread0" daemon [_thread_blocked, id=15064, stack(0x00000033b6f00000,0x00000033b7000000)]
  0x000001d9c321eab0 JavaThread "Sweeper thread" daemon [_thread_blocked, id=16284, stack(0x00000033b7000000,0x00000033b7100000)]
  0x000001d9c31cae60 JavaThread "Common-Cleaner" daemon [_thread_blocked, id=11896, stack(0x00000033b7100000,0x00000033b7200000)]
  0x000001d9c3d098c0 JavaThread "Monitor Ctrl-Break" daemon [_thread_in_native, id=12460, stack(0x00000033b7200000,0x00000033b7300000)]
  0x000001d9c3d6dcb0 JavaThread "Notification Thread" daemon [_thread_blocked, id=10720, stack(0x00000033b7300000,0x00000033b7400000)]
  0x000001d9c44cb020 JavaThread "C2 CompilerThread1" daemon [_thread_blocked, id=12052, stack(0x00000033b7500000,0x00000033b7600000)]
  0x000001d9c44fe860 JavaThread "C2 CompilerThread2" daemon [_thread_in_native, id=8060, stack(0x00000033b7a00000,0x00000033b7b00000)]

Other Threads:
=>0x000001d9c31dc8c0 VMThread "VM Thread" [stack: 0x00000033b6700000,0x00000033b6800000] [id=14728]
  0x000001d9a52d4890 WatcherThread [stack: 0x00000033b7400000,0x00000033b7500000] [id=16976]
  0x000001d9a52b70c0 GCTaskThread "GC Thread#0" [stack: 0x00000033b6200000,0x00000033b6300000] [id=16336]
  0x000001d9c44e40f0 GCTaskThread "GC Thread#1" [stack: 0x00000033b7600000,0x00000033b7700000] [id=7976]
  0x000001d9c44e43a0 GCTaskThread "GC Thread#2" [stack: 0x00000033b7700000,0x00000033b7800000] [id=18288]
  0x000001d9c44f51d0 GCTaskThread "GC Thread#3" [stack: 0x00000033b7800000,0x00000033b7900000] [id=3024]
  0x000001d9c44f5c90 GCTaskThread "GC Thread#4" [stack: 0x00000033b7900000,0x00000033b7a00000] [id=18096]
  0x000001d9c5ad3990 GCTaskThread "GC Thread#5" [stack: 0x00000033b7b00000,0x00000033b7c00000] [id=16612]
  0x000001d9c574da00 GCTaskThread "GC Thread#6" [stack: 0x00000033b7c00000,0x00000033b7d00000] [id=3976]
  0x000001d9c4b19330 GCTaskThread "GC Thread#7" [stack: 0x00000033b7d00000,0x00000033b7e00000] [id=6444]
  0x000001d9a52c7900 ConcurrentGCThread "G1 Main Marker" [stack: 0x00000033b6300000,0x00000033b6400000] [id=14216]
  0x000001d9a52c9400 ConcurrentGCThread "G1 Conc#0" [stack: 0x00000033b6400000,0x00000033b6500000] [id=3952]
  0x000001d9c30a0090 ConcurrentGCThread "G1 Refine#0" [stack: 0x00000033b6500000,0x00000033b6600000] [id=12352]
  0x000001d9c30a0ab0 ConcurrentGCThread "G1 Service" [stack: 0x00000033b6600000,0x00000033b6700000] [id=3332]

Threads with active compile tasks:
C2 CompilerThread0     1368 1204       4       renderer.RayTracerBasic::calcLocalEffects (233 bytes)
C2 CompilerThread1     1368 1224       4       renderer.RayTracerBasic::calcColor (32 bytes)
C2 CompilerThread2     1368 1198       4       renderer.Camera::castRay (9 bytes)

VM state: at safepoint (normal execution)

VM Mutex/Monitor currently owned by a thread:  ([mutex/lock_event])
[0x000001d9a52731f0] Threads_lock - owner thread: 0x000001d9c31dc8c0
[0x000001d9a52733a0] Heap_lock - owner thread: 0x000001d9a52780e0

Heap address: 0x0000000083800000, size: 1992 MB, Compressed Oops mode: 32-bit

CDS archive(s) mapped at: [0x0000000800000000-0x0000000800bc0000-0x0000000800bc0000), size 12320768, SharedBaseAddress: 0x0000000800000000, ArchiveRelocationMode: 0.
Compressed class space mapped at: 0x0000000800c00000-0x0000000840c00000, reserved size: 1073741824
Narrow klass base: 0x0000000800000000, Narrow klass shift: 0, Narrow klass range: 0x100000000

GC Precious Log:
 CPUs: 8 total, 8 available
 Memory: 7967M
 Large Page Support: Disabled
 NUMA Support: Disabled
 Compressed Oops: Enabled (32-bit)
 Heap Region Size: 1M
 Heap Min Capacity: 8M
 Heap Initial Capacity: 126M
 Heap Max Capacity: 1992M
 Pre-touch: Disabled
 Parallel Workers: 8
 Concurrent Workers: 2
 Concurrent Refinement Workers: 8
 Periodic GC: Disabled

Heap:
 garbage-first heap   total 227328K, used 3733K [0x0000000083800000, 0x0000000100000000)
  region size 1024K, 3 young (3072K), 3 survivors (3072K)
 Metaspace       used 5267K, committed 5504K, reserved 1056768K
  class space    used 664K, committed 768K, reserved 1048576K

Heap Regions: E=young(eden), S=young(survivor), O=old, HS=humongous(starts), HC=humongous(continues), CS=collection set, F=free, OA=open archive, CA=closed archive, TAMS=top-at-mark-start (previous, next)
|   0|0x0000000083800000, 0x0000000083900000, 0x0000000083900000|100%|HS|  |TAMS 0x0000000083800000, 0x0000000083800000| Complete 
|   1|0x0000000083900000, 0x0000000083900000, 0x0000000083a00000|  0%| F|  |TAMS 0x0000000083900000, 0x0000000083900000| Untracked 
|   2|0x0000000083a00000, 0x0000000083a00000, 0x0000000083b00000|  0%| F|  |TAMS 0x0000000083a00000, 0x0000000083a00000| Untracked 
|   3|0x0000000083b00000, 0x0000000083b00000, 0x0000000083c00000|  0%| F|  |TAMS 0x0000000083b00000, 0x0000000083b00000| Untracked 
|   4|0x0000000083c00000, 0x0000000083c00000, 0x0000000083d00000|  0%| F|  |TAMS 0x0000000083c00000, 0x0000000083c00000| Untracked 
|   5|0x0000000083d00000, 0x0000000083d00000, 0x0000000083e00000|  0%| F|  |TAMS 0x0000000083d00000, 0x0000000083d00000| Untracked 
|   6|0x0000000083e00000, 0x0000000083e00000, 0x0000000083f00000|  0%| F|  |TAMS 0x0000000083e00000, 0x0000000083e00000| Untracked 
|   7|0x0000000083f00000, 0x0000000083f00000, 0x0000000084000000|  0%| F|  |TAMS 0x0000000083f00000, 0x0000000083f00000| Untracked 
|   8|0x0000000084000000, 0x0000000084000000, 0x0000000084100000|  0%| F|  |TAMS 0x0000000084000000, 0x0000000084000000| Untracked 
|   9|0x0000000084100000, 0x0000000084100000, 0x0000000084200000|  0%| F|  |TAMS 0x0000000084100000, 0x0000000084100000| Untracked 
|  10|0x0000000084200000, 0x0000000084200000, 0x0000000084300000|  0%| F|  |TAMS 0x0000000084200000, 0x0000000084200000| Untracked 
|  11|0x0000000084300000, 0x0000000084300000, 0x0000000084400000|  0%| F|  |TAMS 0x0000000084300000, 0x0000000084300000| Untracked 
|  12|0x0000000084400000, 0x0000000084400000, 0x0000000084500000|  0%| F|  |TAMS 0x0000000084400000, 0x0000000084400000| Untracked 
|  13|0x0000000084500000, 0x0000000084500000, 0x0000000084600000|  0%| F|  |TAMS 0x0000000084500000, 0x0000000084500000| Untracked 
|  14|0x0000000084600000, 0x0000000084600000, 0x0000000084700000|  0%| F|  |TAMS 0x0000000084600000, 0x0000000084600000| Untracked 
|  15|0x0000000084700000, 0x0000000084700000, 0x0000000084800000|  0%| F|  |TAMS 0x0000000084700000, 0x0000000084700000| Untracked 
|  16|0x0000000084800000, 0x0000000084800000, 0x0000000084900000|  0%| F|  |TAMS 0x0000000084800000, 0x0000000084800000| Untracked 
|  17|0x0000000084900000, 0x0000000084900000, 0x0000000084a00000|  0%| F|  |TAMS 0x0000000084900000, 0x0000000084900000| Untracked 
|  18|0x0000000084a00000, 0x0000000084a00000, 0x0000000084b00000|  0%| F|  |TAMS 0x0000000084a00000, 0x0000000084a00000| Untracked 
|  19|0x0000000084b00000, 0x0000000084b00000, 0x0000000084c00000|  0%| F|  |TAMS 0x0000000084b00000, 0x0000000084b00000| Untracked 
|  20|0x0000000084c00000, 0x0000000084c00000, 0x0000000084d00000|  0%| F|  |TAMS 0x0000000084c00000, 0x0000000084c00000| Untracked 
|  21|0x0000000084d00000, 0x0000000084d00000, 0x0000000084e00000|  0%| F|  |TAMS 0x0000000084d00000, 0x0000000084d00000| Untracked 
|  22|0x0000000084e00000, 0x0000000084e00000, 0x0000000084f00000|  0%| F|  |TAMS 0x0000000084e00000, 0x0000000084e00000| Untracked 
|  23|0x0000000084f00000, 0x0000000084f00000, 0x0000000085000000|  0%| F|  |TAMS 0x0000000084f00000, 0x0000000084f00000| Untracked 
|  24|0x0000000085000000, 0x0000000085000000, 0x0000000085100000|  0%| F|  |TAMS 0x0000000085000000, 0x0000000085000000| Untracked 
|  25|0x0000000085100000, 0x0000000085100000, 0x0000000085200000|  0%| F|  |TAMS 0x0000000085100000, 0x0000000085100000| Untracked 
|  26|0x0000000085200000, 0x0000000085200000, 0x0000000085300000|  0%| F|  |TAMS 0x0000000085200000, 0x0000000085200000| Untracked 
|  27|0x0000000085300000, 0x0000000085300000, 0x0000000085400000|  0%| F|  |TAMS 0x0000000085300000, 0x0000000085300000| Untracked 
|  28|0x0000000085400000, 0x0000000085400000, 0x0000000085500000|  0%| F|  |TAMS 0x0000000085400000, 0x0000000085400000| Untracked 
|  29|0x0000000085500000, 0x0000000085500000, 0x0000000085600000|  0%| F|  |TAMS 0x0000000085500000, 0x0000000085500000| Untracked 
|  30|0x0000000085600000, 0x0000000085600000, 0x0000000085700000|  0%| F|  |TAMS 0x0000000085600000, 0x0000000085600000| Untracked 
|  31|0x0000000085700000, 0x0000000085700000, 0x0000000085800000|  0%| F|  |TAMS 0x0000000085700000, 0x0000000085700000| Untracked 
|  32|0x0000000085800000, 0x0000000085800000, 0x0000000085900000|  0%| F|  |TAMS 0x0000000085800000, 0x0000000085800000| Untracked 
|  33|0x0000000085900000, 0x0000000085900000, 0x0000000085a00000|  0%| F|  |TAMS 0x0000000085900000, 0x0000000085900000| Untracked 
|  34|0x0000000085a00000, 0x0000000085a00000, 0x0000000085b00000|  0%| F|  |TAMS 0x0000000085a00000, 0x0000000085a00000| Untracked 
|  35|0x0000000085b00000, 0x0000000085b00000, 0x0000000085c00000|  0%| F|  |TAMS 0x0000000085b00000, 0x0000000085b00000| Untracked 
|  36|0x0000000085c00000, 0x0000000085c00000, 0x0000000085d00000|  0%| F|  |TAMS 0x0000000085c00000, 0x0000000085c00000| Untracked 
|  37|0x0000000085d00000, 0x0000000085d00000, 0x0000000085e00000|  0%| F|  |TAMS 0x0000000085d00000, 0x0000000085d00000| Untracked 
|  38|0x0000000085e00000, 0x0000000085e00000, 0x0000000085f00000|  0%| F|  |TAMS 0x0000000085e00000, 0x0000000085e00000| Untracked 
|  39|0x0000000085f00000, 0x0000000085f00000, 0x0000000086000000|  0%| F|  |TAMS 0x0000000085f00000, 0x0000000085f00000| Untracked 
|  40|0x0000000086000000, 0x0000000086000000, 0x0000000086100000|  0%| F|  |TAMS 0x0000000086000000, 0x0000000086000000| Untracked 
|  41|0x0000000086100000, 0x0000000086100000, 0x0000000086200000|  0%| F|  |TAMS 0x0000000086100000, 0x0000000086100000| Untracked 
|  42|0x0000000086200000, 0x0000000086200000, 0x0000000086300000|  0%| F|  |TAMS 0x0000000086200000, 0x0000000086200000| Untracked 
|  43|0x0000000086300000, 0x0000000086300000, 0x0000000086400000|  0%| F|  |TAMS 0x0000000086300000, 0x0000000086300000| Untracked 
|  44|0x0000000086400000, 0x0000000086400000, 0x0000000086500000|  0%| F|  |TAMS 0x0000000086400000, 0x0000000086400000| Untracked 
|  45|0x0000000086500000, 0x0000000086500000, 0x0000000086600000|  0%| F|  |TAMS 0x0000000086500000, 0x0000000086500000| Untracked 
|  46|0x0000000086600000, 0x0000000086600000, 0x0000000086700000|  0%| F|  |TAMS 0x0000000086600000, 0x0000000086600000| Untracked 
|  47|0x0000000086700000, 0x0000000086700000, 0x0000000086800000|  0%| F|  |TAMS 0x0000000086700000, 0x0000000086700000| Untracked 
|  48|0x0000000086800000, 0x0000000086800000, 0x0000000086900000|  0%| F|  |TAMS 0x0000000086800000, 0x0000000086800000| Untracked 
|  49|0x0000000086900000, 0x0000000086900000, 0x0000000086a00000|  0%| F|  |TAMS 0x0000000086900000, 0x0000000086900000| Untracked 
|  50|0x0000000086a00000, 0x0000000086a00000, 0x0000000086b00000|  0%| F|  |TAMS 0x0000000086a00000, 0x0000000086a00000| Untracked 
|  51|0x0000000086b00000, 0x0000000086b00000, 0x0000000086c00000|  0%| F|  |TAMS 0x0000000086b00000, 0x0000000086b00000| Untracked 
|  52|0x0000000086c00000, 0x0000000086c00000, 0x0000000086d00000|  0%| F|  |TAMS 0x0000000086c00000, 0x0000000086c00000| Untracked 
|  53|0x0000000086d00000, 0x0000000086d00000, 0x0000000086e00000|  0%| F|  |TAMS 0x0000000086d00000, 0x0000000086d00000| Untracked 
|  54|0x0000000086e00000, 0x0000000086e00000, 0x0000000086f00000|  0%| F|  |TAMS 0x0000000086e00000, 0x0000000086e00000| Untracked 
|  55|0x0000000086f00000, 0x0000000086f00000, 0x0000000087000000|  0%| F|  |TAMS 0x0000000086f00000, 0x0000000086f00000| Untracked 
|  56|0x0000000087000000, 0x0000000087000000, 0x0000000087100000|  0%| F|  |TAMS 0x0000000087000000, 0x0000000087000000| Untracked 
|  57|0x0000000087100000, 0x0000000087100000, 0x0000000087200000|  0%| F|  |TAMS 0x0000000087100000, 0x0000000087100000| Untracked 
|  58|0x0000000087200000, 0x0000000087200000, 0x0000000087300000|  0%| F|  |TAMS 0x0000000087200000, 0x0000000087200000| Untracked 
|  59|0x0000000087300000, 0x0000000087300000, 0x0000000087400000|  0%| F|  |TAMS 0x0000000087300000, 0x0000000087300000| Untracked 
|  60|0x0000000087400000, 0x0000000087400000, 0x0000000087500000|  0%| F|  |TAMS 0x0000000087400000, 0x0000000087400000| Untracked 
|  61|0x0000000087500000, 0x0000000087500000, 0x0000000087600000|  0%| F|  |TAMS 0x0000000087500000, 0x0000000087500000| Untracked 
|  62|0x0000000087600000, 0x0000000087600000, 0x0000000087700000|  0%| F|  |TAMS 0x0000000087600000, 0x0000000087600000| Untracked 
|  63|0x0000000087700000, 0x0000000087700000, 0x0000000087800000|  0%| F|  |TAMS 0x0000000087700000, 0x0000000087700000| Untracked 
|  64|0x0000000087800000, 0x0000000087800000, 0x0000000087900000|  0%| F|  |TAMS 0x0000000087800000, 0x0000000087800000| Untracked 
|  65|0x0000000087900000, 0x0000000087900000, 0x0000000087a00000|  0%| F|  |TAMS 0x0000000087900000, 0x0000000087900000| Untracked 
|  66|0x0000000087a00000, 0x0000000087a00000, 0x0000000087b00000|  0%| F|  |TAMS 0x0000000087a00000, 0x0000000087a00000| Untracked 
|  67|0x0000000087b00000, 0x0000000087b00000, 0x0000000087c00000|  0%| F|  |TAMS 0x0000000087b00000, 0x0000000087b00000| Untracked 
|  68|0x0000000087c00000, 0x0000000087c00000, 0x0000000087d00000|  0%| F|  |TAMS 0x0000000087c00000, 0x0000000087c00000| Untracked 
|  69|0x0000000087d00000, 0x0000000087d00000, 0x0000000087e00000|  0%| F|  |TAMS 0x0000000087d00000, 0x0000000087d00000| Untracked 
|  70|0x0000000087e00000, 0x0000000087e00000, 0x0000000087f00000|  0%| F|  |TAMS 0x0000000087e00000, 0x0000000087e00000| Untracked 
|  71|0x0000000087f00000, 0x0000000087f00000, 0x0000000088000000|  0%| F|  |TAMS 0x0000000087f00000, 0x0000000087f00000| Untracked 
|  72|0x0000000088000000, 0x0000000088000000, 0x0000000088100000|  0%| F|  |TAMS 0x0000000088000000, 0x0000000088000000| Untracked 
|  73|0x0000000088100000, 0x0000000088100000, 0x0000000088200000|  0%| F|  |TAMS 0x0000000088100000, 0x0000000088100000| Untracked 
|  74|0x0000000088200000, 0x0000000088200000, 0x0000000088300000|  0%| F|  |TAMS 0x0000000088200000, 0x0000000088200000| Untracked 
|  75|0x0000000088300000, 0x0000000088300000, 0x0000000088400000|  0%| F|  |TAMS 0x0000000088300000, 0x0000000088300000| Untracked 
|  76|0x0000000088400000, 0x0000000088400000, 0x0000000088500000|  0%| F|  |TAMS 0x0000000088400000, 0x0000000088400000| Untracked 
|  77|0x0000000088500000, 0x0000000088500000, 0x0000000088600000|  0%| F|  |TAMS 0x0000000088500000, 0x0000000088500000| Untracked 
|  78|0x0000000088600000, 0x0000000088600000, 0x0000000088700000|  0%| F|  |TAMS 0x0000000088600000, 0x0000000088600000| Untracked 
|  79|0x0000000088700000, 0x0000000088700000, 0x0000000088800000|  0%| F|  |TAMS 0x0000000088700000, 0x0000000088700000| Untracked 
|  80|0x0000000088800000, 0x0000000088800000, 0x0000000088900000|  0%| F|  |TAMS 0x0000000088800000, 0x0000000088800000| Untracked 
|  81|0x0000000088900000, 0x0000000088900000, 0x0000000088a00000|  0%| F|  |TAMS 0x0000000088900000, 0x0000000088900000| Untracked 
|  82|0x0000000088a00000, 0x0000000088a00000, 0x0000000088b00000|  0%| F|  |TAMS 0x0000000088a00000, 0x0000000088a00000| Untracked 
|  83|0x0000000088b00000, 0x0000000088b00000, 0x0000000088c00000|  0%| F|  |TAMS 0x0000000088b00000, 0x0000000088b00000| Untracked 
|  84|0x0000000088c00000, 0x0000000088c00000, 0x0000000088d00000|  0%| F|  |TAMS 0x0000000088c00000, 0x0000000088c00000| Untracked 
|  85|0x0000000088d00000, 0x0000000088d00000, 0x0000000088e00000|  0%| F|  |TAMS 0x0000000088d00000, 0x0000000088d00000| Untracked 
|  86|0x0000000088e00000, 0x0000000088ea56a8, 0x0000000088f00000| 64%| S|CS|TAMS 0x0000000088e00000, 0x0000000088e00000| Complete 
|  87|0x0000000088f00000, 0x0000000089000000, 0x0000000089000000|100%| S|CS|TAMS 0x0000000088f00000, 0x0000000088f00000| Complete 
|  88|0x0000000089000000, 0x0000000089100000, 0x0000000089100000|100%| S|CS|TAMS 0x0000000089000000, 0x0000000089000000| Complete 
|  89|0x0000000089100000, 0x0000000089100000, 0x0000000089200000|  0%| F|  |TAMS 0x0000000089100000, 0x0000000089100000| Untracked 
|  90|0x0000000089200000, 0x0000000089200000, 0x0000000089300000|  0%| F|  |TAMS 0x0000000089200000, 0x0000000089200000| Untracked 
|  91|0x0000000089300000, 0x0000000089300000, 0x0000000089400000|  0%| F|  |TAMS 0x0000000089300000, 0x0000000089300000| Untracked 
|  92|0x0000000089400000, 0x0000000089400000, 0x0000000089500000|  0%| F|  |TAMS 0x0000000089400000, 0x0000000089400000| Untracked 
|  93|0x0000000089500000, 0x0000000089500000, 0x0000000089600000|  0%| F|  |TAMS 0x0000000089500000, 0x0000000089500000| Untracked 
|  94|0x0000000089600000, 0x0000000089600000, 0x0000000089700000|  0%| F|  |TAMS 0x0000000089600000, 0x0000000089600000| Untracked 
|  95|0x0000000089700000, 0x0000000089700000, 0x0000000089800000|  0%| F|  |TAMS 0x0000000089700000, 0x0000000089700000| Untracked 
|  96|0x0000000089800000, 0x0000000089800000, 0x0000000089900000|  0%| F|  |TAMS 0x0000000089800000, 0x0000000089800000| Untracked 
|  97|0x0000000089900000, 0x0000000089900000, 0x0000000089a00000|  0%| F|  |TAMS 0x0000000089900000, 0x0000000089900000| Untracked 
|  98|0x0000000089a00000, 0x0000000089a00000, 0x0000000089b00000|  0%| F|  |TAMS 0x0000000089a00000, 0x0000000089a00000| Untracked 
|  99|0x0000000089b00000, 0x0000000089b00000, 0x0000000089c00000|  0%| F|  |TAMS 0x0000000089b00000, 0x0000000089b00000| Untracked 
| 100|0x0000000089c00000, 0x0000000089c00000, 0x0000000089d00000|  0%| F|  |TAMS 0x0000000089c00000, 0x0000000089c00000| Untracked 
| 101|0x0000000089d00000, 0x0000000089d00000, 0x0000000089e00000|  0%| F|  |TAMS 0x0000000089d00000, 0x0000000089d00000| Untracked 
| 102|0x0000000089e00000, 0x0000000089e00000, 0x0000000089f00000|  0%| F|  |TAMS 0x0000000089e00000, 0x0000000089e00000| Untracked 
| 103|0x0000000089f00000, 0x0000000089f00000, 0x000000008a000000|  0%| F|  |TAMS 0x0000000089f00000, 0x0000000089f00000| Untracked 
| 104|0x000000008a000000, 0x000000008a000000, 0x000000008a100000|  0%| F|  |TAMS 0x000000008a000000, 0x000000008a000000| Untracked 
| 105|0x000000008a100000, 0x000000008a100000, 0x000000008a200000|  0%| F|  |TAMS 0x000000008a100000, 0x000000008a100000| Untracked 
| 106|0x000000008a200000, 0x000000008a200000, 0x000000008a300000|  0%| F|  |TAMS 0x000000008a200000, 0x000000008a200000| Untracked 
| 107|0x000000008a300000, 0x000000008a300000, 0x000000008a400000|  0%| F|  |TAMS 0x000000008a300000, 0x000000008a300000| Untracked 
| 108|0x000000008a400000, 0x000000008a400000, 0x000000008a500000|  0%| F|  |TAMS 0x000000008a400000, 0x000000008a400000| Untracked 
| 109|0x000000008a500000, 0x000000008a500000, 0x000000008a600000|  0%| F|  |TAMS 0x000000008a500000, 0x000000008a500000| Untracked 
| 110|0x000000008a600000, 0x000000008a600000, 0x000000008a700000|  0%| F|  |TAMS 0x000000008a600000, 0x000000008a600000| Untracked 
| 111|0x000000008a700000, 0x000000008a700000, 0x000000008a800000|  0%| F|  |TAMS 0x000000008a700000, 0x000000008a700000| Untracked 
| 112|0x000000008a800000, 0x000000008a800000, 0x000000008a900000|  0%| F|  |TAMS 0x000000008a800000, 0x000000008a800000| Untracked 
| 113|0x000000008a900000, 0x000000008a900000, 0x000000008aa00000|  0%| F|  |TAMS 0x000000008a900000, 0x000000008a900000| Untracked 
| 114|0x000000008aa00000, 0x000000008aa00000, 0x000000008ab00000|  0%| F|  |TAMS 0x000000008aa00000, 0x000000008aa00000| Untracked 
| 115|0x000000008ab00000, 0x000000008ab00000, 0x000000008ac00000|  0%| F|  |TAMS 0x000000008ab00000, 0x000000008ab00000| Untracked 
| 116|0x000000008ac00000, 0x000000008ac00000, 0x000000008ad00000|  0%| F|  |TAMS 0x000000008ac00000, 0x000000008ac00000| Untracked 
| 117|0x000000008ad00000, 0x000000008ad00000, 0x000000008ae00000|  0%| F|  |TAMS 0x000000008ad00000, 0x000000008ad00000| Untracked 
| 118|0x000000008ae00000, 0x000000008ae00000, 0x000000008af00000|  0%| F|  |TAMS 0x000000008ae00000, 0x000000008ae00000| Untracked 
| 119|0x000000008af00000, 0x000000008af00000, 0x000000008b000000|  0%| F|  |TAMS 0x000000008af00000, 0x000000008af00000| Untracked 
| 120|0x000000008b000000, 0x000000008b000000, 0x000000008b100000|  0%| F|  |TAMS 0x000000008b000000, 0x000000008b000000| Untracked 
| 121|0x000000008b100000, 0x000000008b100000, 0x000000008b200000|  0%| F|  |TAMS 0x000000008b100000, 0x000000008b100000| Untracked 
| 122|0x000000008b200000, 0x000000008b200000, 0x000000008b300000|  0%| F|  |TAMS 0x000000008b200000, 0x000000008b200000| Untracked 
| 123|0x000000008b300000, 0x000000008b300000, 0x000000008b400000|  0%| F|  |TAMS 0x000000008b300000, 0x000000008b300000| Untracked 
| 124|0x000000008b400000, 0x000000008b400000, 0x000000008b500000|  0%| F|  |TAMS 0x000000008b400000, 0x000000008b400000| Untracked 
| 125|0x000000008b500000, 0x000000008b500000, 0x000000008b600000|  0%| F|  |TAMS 0x000000008b500000, 0x000000008b500000| Untracked 
| 126|0x000000008b600000, 0x000000008b600000, 0x000000008b700000|  0%| F|  |TAMS 0x000000008b600000, 0x000000008b600000| Untracked 
| 127|0x000000008b700000, 0x000000008b700000, 0x000000008b800000|  0%| F|  |TAMS 0x000000008b700000, 0x000000008b700000| Untracked 
| 128|0x000000008b800000, 0x000000008b800000, 0x000000008b900000|  0%| F|  |TAMS 0x000000008b800000, 0x000000008b800000| Untracked 
| 129|0x000000008b900000, 0x000000008b900000, 0x000000008ba00000|  0%| F|  |TAMS 0x000000008b900000, 0x000000008b900000| Untracked 
| 130|0x000000008ba00000, 0x000000008ba00000, 0x000000008bb00000|  0%| F|  |TAMS 0x000000008ba00000, 0x000000008ba00000| Untracked 
| 131|0x000000008bb00000, 0x000000008bb00000, 0x000000008bc00000|  0%| F|  |TAMS 0x000000008bb00000, 0x000000008bb00000| Untracked 
| 132|0x000000008bc00000, 0x000000008bc00000, 0x000000008bd00000|  0%| F|  |TAMS 0x000000008bc00000, 0x000000008bc00000| Untracked 
| 133|0x000000008bd00000, 0x000000008bd00000, 0x000000008be00000|  0%| F|  |TAMS 0x000000008bd00000, 0x000000008bd00000| Untracked 
| 134|0x000000008be00000, 0x000000008be00000, 0x000000008bf00000|  0%| F|  |TAMS 0x000000008be00000, 0x000000008be00000| Untracked 
| 135|0x000000008bf00000, 0x000000008bf00000, 0x000000008c000000|  0%| F|  |TAMS 0x000000008bf00000, 0x000000008bf00000| Untracked 
| 136|0x000000008c000000, 0x000000008c000000, 0x000000008c100000|  0%| F|  |TAMS 0x000000008c000000, 0x000000008c000000| Untracked 
| 137|0x000000008c100000, 0x000000008c100000, 0x000000008c200000|  0%| F|  |TAMS 0x000000008c100000, 0x000000008c100000| Untracked 
| 138|0x000000008c200000, 0x000000008c200000, 0x000000008c300000|  0%| F|  |TAMS 0x000000008c200000, 0x000000008c200000| Untracked 
| 139|0x000000008c300000, 0x000000008c300000, 0x000000008c400000|  0%| F|  |TAMS 0x000000008c300000, 0x000000008c300000| Untracked 
| 140|0x000000008c400000, 0x000000008c400000, 0x000000008c500000|  0%| F|  |TAMS 0x000000008c400000, 0x000000008c400000| Untracked 
| 141|0x000000008c500000, 0x000000008c500000, 0x000000008c600000|  0%| F|  |TAMS 0x000000008c500000, 0x000000008c500000| Untracked 
| 142|0x000000008c600000, 0x000000008c600000, 0x000000008c700000|  0%| F|  |TAMS 0x000000008c600000, 0x000000008c600000| Untracked 
| 143|0x000000008c700000, 0x000000008c700000, 0x000000008c800000|  0%| F|  |TAMS 0x000000008c700000, 0x000000008c700000| Untracked 
| 144|0x000000008c800000, 0x000000008c800000, 0x000000008c900000|  0%| F|  |TAMS 0x000000008c800000, 0x000000008c800000| Untracked 
| 145|0x000000008c900000, 0x000000008c900000, 0x000000008ca00000|  0%| F|  |TAMS 0x000000008c900000, 0x000000008c900000| Untracked 
| 146|0x000000008ca00000, 0x000000008ca00000, 0x000000008cb00000|  0%| F|  |TAMS 0x000000008ca00000, 0x000000008ca00000| Untracked 
| 147|0x000000008cb00000, 0x000000008cb00000, 0x000000008cc00000|  0%| F|  |TAMS 0x000000008cb00000, 0x000000008cb00000| Untracked 
| 148|0x000000008cc00000, 0x000000008cc00000, 0x000000008cd00000|  0%| F|  |TAMS 0x000000008cc00000, 0x000000008cc00000| Untracked 
| 149|0x000000008cd00000, 0x000000008cd00000, 0x000000008ce00000|  0%| F|  |TAMS 0x000000008cd00000, 0x000000008cd00000| Untracked 
| 150|0x000000008ce00000, 0x000000008ce00000, 0x000000008cf00000|  0%| F|  |TAMS 0x000000008ce00000, 0x000000008ce00000| Untracked 
| 151|0x000000008cf00000, 0x000000008cf00000, 0x000000008d000000|  0%| F|  |TAMS 0x000000008cf00000, 0x000000008cf00000| Untracked 
| 152|0x000000008d000000, 0x000000008d000000, 0x000000008d100000|  0%| F|  |TAMS 0x000000008d000000, 0x000000008d000000| Untracked 
| 153|0x000000008d100000, 0x000000008d100000, 0x000000008d200000|  0%| F|  |TAMS 0x000000008d100000, 0x000000008d100000| Untracked 
| 154|0x000000008d200000, 0x000000008d200000, 0x000000008d300000|  0%| F|  |TAMS 0x000000008d200000, 0x000000008d200000| Untracked 
| 155|0x000000008d300000, 0x000000008d300000, 0x000000008d400000|  0%| F|  |TAMS 0x000000008d300000, 0x000000008d300000| Untracked 
| 156|0x000000008d400000, 0x000000008d400000, 0x000000008d500000|  0%| F|  |TAMS 0x000000008d400000, 0x000000008d400000| Untracked 
| 157|0x000000008d500000, 0x000000008d500000, 0x000000008d600000|  0%| F|  |TAMS 0x000000008d500000, 0x000000008d500000| Untracked 
| 158|0x000000008d600000, 0x000000008d600000, 0x000000008d700000|  0%| F|  |TAMS 0x000000008d600000, 0x000000008d600000| Untracked 
| 159|0x000000008d700000, 0x000000008d700000, 0x000000008d800000|  0%| F|  |TAMS 0x000000008d700000, 0x000000008d700000| Untracked 
| 160|0x000000008d800000, 0x000000008d800000, 0x000000008d900000|  0%| F|  |TAMS 0x000000008d800000, 0x000000008d800000| Untracked 
| 161|0x000000008d900000, 0x000000008d900000, 0x000000008da00000|  0%| F|  |TAMS 0x000000008d900000, 0x000000008d900000| Untracked 
| 162|0x000000008da00000, 0x000000008da00000, 0x000000008db00000|  0%| F|  |TAMS 0x000000008da00000, 0x000000008da00000| Untracked 
| 163|0x000000008db00000, 0x000000008db00000, 0x000000008dc00000|  0%| F|  |TAMS 0x000000008db00000, 0x000000008db00000| Untracked 
| 164|0x000000008dc00000, 0x000000008dc00000, 0x000000008dd00000|  0%| F|  |TAMS 0x000000008dc00000, 0x000000008dc00000| Untracked 
| 165|0x000000008dd00000, 0x000000008dd00000, 0x000000008de00000|  0%| F|  |TAMS 0x000000008dd00000, 0x000000008dd00000| Untracked 
| 166|0x000000008de00000, 0x000000008de00000, 0x000000008df00000|  0%| F|  |TAMS 0x000000008de00000, 0x000000008de00000| Untracked 
| 167|0x000000008df00000, 0x000000008df00000, 0x000000008e000000|  0%| F|  |TAMS 0x000000008df00000, 0x000000008df00000| Untracked 
| 168|0x000000008e000000, 0x000000008e000000, 0x000000008e100000|  0%| F|  |TAMS 0x000000008e000000, 0x000000008e000000| Untracked 
| 169|0x000000008e100000, 0x000000008e100000, 0x000000008e200000|  0%| F|  |TAMS 0x000000008e100000, 0x000000008e100000| Untracked 
| 170|0x000000008e200000, 0x000000008e200000, 0x000000008e300000|  0%| F|  |TAMS 0x000000008e200000, 0x000000008e200000| Untracked 
| 171|0x000000008e300000, 0x000000008e300000, 0x000000008e400000|  0%| F|  |TAMS 0x000000008e300000, 0x000000008e300000| Untracked 
| 172|0x000000008e400000, 0x000000008e400000, 0x000000008e500000|  0%| F|  |TAMS 0x000000008e400000, 0x000000008e400000| Untracked 
| 173|0x000000008e500000, 0x000000008e500000, 0x000000008e600000|  0%| F|  |TAMS 0x000000008e500000, 0x000000008e500000| Untracked 
| 174|0x000000008e600000, 0x000000008e600000, 0x000000008e700000|  0%| F|  |TAMS 0x000000008e600000, 0x000000008e600000| Untracked 
| 175|0x000000008e700000, 0x000000008e700000, 0x000000008e800000|  0%| F|  |TAMS 0x000000008e700000, 0x000000008e700000| Untracked 
| 176|0x000000008e800000, 0x000000008e800000, 0x000000008e900000|  0%| F|  |TAMS 0x000000008e800000, 0x000000008e800000| Untracked 
| 177|0x000000008e900000, 0x000000008e900000, 0x000000008ea00000|  0%| F|  |TAMS 0x000000008e900000, 0x000000008e900000| Untracked 
| 178|0x000000008ea00000, 0x000000008ea00000, 0x000000008eb00000|  0%| F|  |TAMS 0x000000008ea00000, 0x000000008ea00000| Untracked 
| 179|0x000000008eb00000, 0x000000008eb00000, 0x000000008ec00000|  0%| F|  |TAMS 0x000000008eb00000, 0x000000008eb00000| Untracked 
| 180|0x000000008ec00000, 0x000000008ec00000, 0x000000008ed00000|  0%| F|  |TAMS 0x000000008ec00000, 0x000000008ec00000| Untracked 
| 181|0x000000008ed00000, 0x000000008ed00000, 0x000000008ee00000|  0%| F|  |TAMS 0x000000008ed00000, 0x000000008ed00000| Untracked 
| 182|0x000000008ee00000, 0x000000008ee00000, 0x000000008ef00000|  0%| F|  |TAMS 0x000000008ee00000, 0x000000008ee00000| Untracked 
| 183|0x000000008ef00000, 0x000000008ef00000, 0x000000008f000000|  0%| F|  |TAMS 0x000000008ef00000, 0x000000008ef00000| Untracked 
| 184|0x000000008f000000, 0x000000008f000000, 0x000000008f100000|  0%| F|  |TAMS 0x000000008f000000, 0x000000008f000000| Untracked 
| 185|0x000000008f100000, 0x000000008f100000, 0x000000008f200000|  0%| F|  |TAMS 0x000000008f100000, 0x000000008f100000| Untracked 
| 186|0x000000008f200000, 0x000000008f200000, 0x000000008f300000|  0%| F|  |TAMS 0x000000008f200000, 0x000000008f200000| Untracked 
| 187|0x000000008f300000, 0x000000008f300000, 0x000000008f400000|  0%| F|  |TAMS 0x000000008f300000, 0x000000008f300000| Untracked 
| 188|0x000000008f400000, 0x000000008f400000, 0x000000008f500000|  0%| F|  |TAMS 0x000000008f400000, 0x000000008f400000| Untracked 
| 189|0x000000008f500000, 0x000000008f500000, 0x000000008f600000|  0%| F|  |TAMS 0x000000008f500000, 0x000000008f500000| Untracked 
| 190|0x000000008f600000, 0x000000008f600000, 0x000000008f700000|  0%| F|  |TAMS 0x000000008f600000, 0x000000008f600000| Untracked 
| 191|0x000000008f700000, 0x000000008f700000, 0x000000008f800000|  0%| F|  |TAMS 0x000000008f700000, 0x000000008f700000| Untracked 
| 192|0x000000008f800000, 0x000000008f800000, 0x000000008f900000|  0%| F|  |TAMS 0x000000008f800000, 0x000000008f800000| Untracked 
| 193|0x000000008f900000, 0x000000008f900000, 0x000000008fa00000|  0%| F|  |TAMS 0x000000008f900000, 0x000000008f900000| Untracked 
| 194|0x000000008fa00000, 0x000000008fa00000, 0x000000008fb00000|  0%| F|  |TAMS 0x000000008fa00000, 0x000000008fa00000| Untracked 
| 195|0x000000008fb00000, 0x000000008fb00000, 0x000000008fc00000|  0%| F|  |TAMS 0x000000008fb00000, 0x000000008fb00000| Untracked 
| 196|0x000000008fc00000, 0x000000008fc00000, 0x000000008fd00000|  0%| F|  |TAMS 0x000000008fc00000, 0x000000008fc00000| Untracked 
| 197|0x000000008fd00000, 0x000000008fd00000, 0x000000008fe00000|  0%| F|  |TAMS 0x000000008fd00000, 0x000000008fd00000| Untracked 
| 198|0x000000008fe00000, 0x000000008fe00000, 0x000000008ff00000|  0%| F|  |TAMS 0x000000008fe00000, 0x000000008fe00000| Untracked 
| 199|0x000000008ff00000, 0x000000008ff00000, 0x0000000090000000|  0%| F|  |TAMS 0x000000008ff00000, 0x000000008ff00000| Untracked 
| 200|0x0000000090000000, 0x0000000090000000, 0x0000000090100000|  0%| F|  |TAMS 0x0000000090000000, 0x0000000090000000| Untracked 
| 201|0x0000000090100000, 0x0000000090100000, 0x0000000090200000|  0%| F|  |TAMS 0x0000000090100000, 0x0000000090100000| Untracked 
| 202|0x0000000090200000, 0x0000000090200000, 0x0000000090300000|  0%| F|  |TAMS 0x0000000090200000, 0x0000000090200000| Untracked 
| 203|0x0000000090300000, 0x0000000090300000, 0x0000000090400000|  0%| F|  |TAMS 0x0000000090300000, 0x0000000090300000| Untracked 
| 204|0x0000000090400000, 0x0000000090400000, 0x0000000090500000|  0%| F|  |TAMS 0x0000000090400000, 0x0000000090400000| Untracked 
| 205|0x0000000090500000, 0x0000000090500000, 0x0000000090600000|  0%| F|  |TAMS 0x0000000090500000, 0x0000000090500000| Untracked 
| 206|0x0000000090600000, 0x0000000090600000, 0x0000000090700000|  0%| F|  |TAMS 0x0000000090600000, 0x0000000090600000| Untracked 
| 207|0x0000000090700000, 0x0000000090700000, 0x0000000090800000|  0%| F|  |TAMS 0x0000000090700000, 0x0000000090700000| Untracked 
| 208|0x0000000090800000, 0x0000000090800000, 0x0000000090900000|  0%| F|  |TAMS 0x0000000090800000, 0x0000000090800000| Untracked 
| 209|0x0000000090900000, 0x0000000090900000, 0x0000000090a00000|  0%| F|  |TAMS 0x0000000090900000, 0x0000000090900000| Untracked 
| 210|0x0000000090a00000, 0x0000000090a00000, 0x0000000090b00000|  0%| F|  |TAMS 0x0000000090a00000, 0x0000000090a00000| Untracked 
| 211|0x0000000090b00000, 0x0000000090b00000, 0x0000000090c00000|  0%| F|  |TAMS 0x0000000090b00000, 0x0000000090b00000| Untracked 
| 212|0x0000000090c00000, 0x0000000090c00000, 0x0000000090d00000|  0%| F|  |TAMS 0x0000000090c00000, 0x0000000090c00000| Untracked 
| 213|0x0000000090d00000, 0x0000000090d00000, 0x0000000090e00000|  0%| F|  |TAMS 0x0000000090d00000, 0x0000000090d00000| Untracked 
| 214|0x0000000090e00000, 0x0000000090e00000, 0x0000000090f00000|  0%| F|  |TAMS 0x0000000090e00000, 0x0000000090e00000| Untracked 
| 215|0x0000000090f00000, 0x0000000090f00000, 0x0000000091000000|  0%| F|  |TAMS 0x0000000090f00000, 0x0000000090f00000| Untracked 
| 216|0x0000000091000000, 0x0000000091000000, 0x0000000091100000|  0%| F|  |TAMS 0x0000000091000000, 0x0000000091000000| Untracked 
| 217|0x0000000091100000, 0x0000000091100000, 0x0000000091200000|  0%| F|  |TAMS 0x0000000091100000, 0x0000000091100000| Untracked 
| 218|0x0000000091200000, 0x0000000091200000, 0x0000000091300000|  0%| F|  |TAMS 0x0000000091200000, 0x0000000091200000| Untracked 
| 219|0x0000000091300000, 0x0000000091300000, 0x0000000091400000|  0%| F|  |TAMS 0x0000000091300000, 0x0000000091300000| Untracked 
| 220|0x0000000091400000, 0x0000000091400000, 0x0000000091500000|  0%| F|  |TAMS 0x0000000091400000, 0x0000000091400000| Untracked 
| 221|0x0000000091500000, 0x0000000091500000, 0x0000000091600000|  0%| F|  |TAMS 0x0000000091500000, 0x0000000091500000| Untracked 

Card table byte_map: [0x000001d9bc1f0000,0x000001d9bc5e0000] _byte_map_base: 0x000001d9bbdd4000

Marking Bits (Prev, Next): (CMBitMap*) 0x000001d9a52b76d0, (CMBitMap*) 0x000001d9a52b7710
 Prev Bits: [0x000001d9bc9d0000, 0x000001d9be8f0000)
 Next Bits: [0x000001d9be8f0000, 0x000001d9c0810000)

Polling page: 0x000001d9a4a50000

Metaspace:

Usage:
  Non-class:      4.50 MB used.
      Class:    664.04 KB used.
       Both:      5.14 MB used.

Virtual space:
  Non-class space:        8.00 MB reserved,       4.62 MB ( 58%) committed,  1 nodes.
      Class space:        1.00 GB reserved,     768.00 KB ( <1%) committed,  1 nodes.
             Both:        1.01 GB reserved,       5.38 MB ( <1%) committed. 

Chunk freelists:
   Non-Class:  2.15 MB
       Class:  3.31 MB
        Both:  5.46 MB

MaxMetaspaceSize: unlimited
CompressedClassSpaceSize: 1.00 GB
Initial GC threshold: 21.00 MB
Current GC threshold: 21.00 MB
CDS: on
MetaspaceReclaimPolicy: balanced
 - commit_granule_bytes: 65536.
 - commit_granule_words: 8192.
 - virtual_space_node_default_size: 1048576.
 - enlarge_chunks_in_place: 1.
 - new_chunks_are_fully_committed: 0.
 - uncommit_free_chunks: 1.
 - use_allocation_guard: 0.
 - handle_deallocations: 1.


Internal statistics:

num_allocs_failed_limit: 0.
num_arena_births: 128.
num_arena_deaths: 0.
num_vsnodes_births: 2.
num_vsnodes_deaths: 0.
num_space_committed: 86.
num_space_uncommitted: 0.
num_chunks_returned_to_freelist: 0.
num_chunks_taken_from_freelist: 314.
num_chunk_merges: 0.
num_chunk_splits: 159.
num_chunks_enlarged: 85.
num_purges: 0.
num_inconsistent_stats: 0.

CodeHeap 'non-profiled nmethods': size=120000Kb used=443Kb max_used=443Kb free=119556Kb
 bounds [0x000001d9b45a0000, 0x000001d9b4810000, 0x000001d9bbad0000]
CodeHeap 'profiled nmethods': size=120000Kb used=2201Kb max_used=2201Kb free=117799Kb
 bounds [0x000001d9ad070000, 0x000001d9ad2e0000, 0x000001d9b45a0000]
CodeHeap 'non-nmethods': size=5760Kb used=1168Kb max_used=1187Kb free=4591Kb
 bounds [0x000001d9acad0000, 0x000001d9acd40000, 0x000001d9ad070000]
 total_blobs=1682 nmethods=1235 adapters=360
 compilation: enabled
              stopped_count=0, restarted_count=0
 full_count=0

Compilation events (20 events):
Event: 1.131 Thread 0x000001d9c320c0d0 1251       2       java.util.concurrent.ConcurrentHashMap::remove (8 bytes)
Event: 1.131 Thread 0x000001d9c320c0d0 nmethod 1251 0x000001d9ad28ea90 code [0x000001d9ad28ec20, 0x000001d9ad28ed48]
Event: 1.131 Thread 0x000001d9c320c0d0 1253       2       jdk.internal.org.objectweb.asm.SymbolTable::setMajorVersionAndClassName (19 bytes)
Event: 1.131 Thread 0x000001d9c320c0d0 nmethod 1253 0x000001d9ad28ee10 code [0x000001d9ad28efc0, 0x000001d9ad28f148]
Event: 1.131 Thread 0x000001d9c320c0d0 1255       2       java.util.StringTokenizer::scanToken (179 bytes)
Event: 1.133 Thread 0x000001d9c320c0d0 nmethod 1255 0x000001d9ad28f210 code [0x000001d9ad28f460, 0x000001d9ad28fbb8]
Event: 1.133 Thread 0x000001d9c320c0d0 1254       2       java.util.StringTokenizer::skipDelimiters (116 bytes)
Event: 1.134 Thread 0x000001d9c320c0d0 nmethod 1254 0x000001d9ad290110 code [0x000001d9ad290320, 0x000001d9ad290888]
Event: 1.134 Thread 0x000001d9c320c0d0 1256       2       java.util.StringTokenizer::hasMoreTokens (29 bytes)
Event: 1.134 Thread 0x000001d9c320c0d0 nmethod 1256 0x000001d9ad290c10 code [0x000001d9ad290da0, 0x000001d9ad290ee8]
Event: 1.134 Thread 0x000001d9c320c0d0 1257       2       java.util.StringTokenizer::nextToken (92 bytes)
Event: 1.134 Thread 0x000001d9c320c0d0 nmethod 1257 0x000001d9ad290f90 code [0x000001d9ad291160, 0x000001d9ad291398]
Event: 1.177 Thread 0x000001d9c320c0d0 1262       2       java.util.LinkedList::addAll (182 bytes)
Event: 1.178 Thread 0x000001d9c320c0d0 nmethod 1262 0x000001d9ad291510 code [0x000001d9ad291720, 0x000001d9ad291db8]
Event: 1.178 Thread 0x000001d9c320c0d0 1261       2       geometries.Sphere::findGeoIntersectionsHelper (248 bytes)
Event: 1.180 Thread 0x000001d9c320c0d0 nmethod 1261 0x000001d9ad292110 code [0x000001d9ad2924c0, 0x000001d9ad2937e8]
Event: 1.215 Thread 0x000001d9c320c0d0 1267 %     3       java.util.LinkedList::addAll @ 68 (182 bytes)
Event: 1.216 Thread 0x000001d9c320c0d0 nmethod 1267% 0x000001d9ad293f10 code [0x000001d9ad294180, 0x000001d9ad294d98]
Event: 1.220 Thread 0x000001d9c320c0d0 1268       3       java.util.LinkedList::addAll (182 bytes)
Event: 1.220 Thread 0x000001d9c320c0d0 nmethod 1268 0x000001d9ad295290 code [0x000001d9ad2954e0, 0x000001d9ad295fb8]

GC Heap History (19 events):
Event: 0.777 GC heap before
{Heap before GC invocations=0 (full 0):
 garbage-first heap   total 129024K, used 24576K [0x0000000083800000, 0x0000000100000000)
  region size 1024K, 23 young (23552K), 0 survivors (0K)
 Metaspace       used 5049K, committed 5312K, reserved 1056768K
  class space    used 649K, committed 768K, reserved 1048576K
}
Event: 0.781 GC heap after
{Heap after GC invocations=1 (full 0):
 garbage-first heap   total 129024K, used 3157K [0x0000000083800000, 0x0000000100000000)
  region size 1024K, 3 young (3072K), 3 survivors (3072K)
 Metaspace       used 5049K, committed 5312K, reserved 1056768K
  class space    used 649K, committed 768K, reserved 1048576K
}
Event: 0.813 GC heap before
{Heap before GC invocations=1 (full 0):
 garbage-first heap   total 129024K, used 37973K [0x0000000083800000, 0x0000000100000000)
  region size 1024K, 37 young (37888K), 3 survivors (3072K)
 Metaspace       used 5066K, committed 5312K, reserved 1056768K
  class space    used 649K, committed 768K, reserved 1048576K
}
Event: 0.816 GC heap after
{Heap after GC invocations=2 (full 0):
 garbage-first heap   total 129024K, used 3331K [0x0000000083800000, 0x0000000100000000)
  region size 1024K, 3 young (3072K), 3 survivors (3072K)
 Metaspace       used 5066K, committed 5312K, reserved 1056768K
  class space    used 649K, committed 768K, reserved 1048576K
}
Event: 0.877 GC heap before
{Heap before GC invocations=2 (full 0):
 garbage-first heap   total 129024K, used 77059K [0x0000000083800000, 0x0000000100000000)
  region size 1024K, 75 young (76800K), 3 survivors (3072K)
 Metaspace       used 5066K, committed 5312K, reserved 1056768K
  class space    used 649K, committed 768K, reserved 1048576K
}
Event: 0.880 GC heap after
{Heap after GC invocations=3 (full 0):
 garbage-first heap   total 129024K, used 3328K [0x0000000083800000, 0x0000000100000000)
  region size 1024K, 3 young (3072K), 3 survivors (3072K)
 Metaspace       used 5066K, committed 5312K, reserved 1056768K
  class space    used 649K, committed 768K, reserved 1048576K
}
Event: 0.919 GC heap before
{Heap before GC invocations=3 (full 0):
 garbage-first heap   total 129024K, used 77056K [0x0000000083800000, 0x0000000100000000)
  region size 1024K, 75 young (76800K), 3 survivors (3072K)
 Metaspace       used 5068K, committed 5312K, reserved 1056768K
  class space    used 649K, committed 768K, reserved 1048576K
}
Event: 0.922 GC heap after
{Heap after GC invocations=4 (full 0):
 garbage-first heap   total 129024K, used 3202K [0x0000000083800000, 0x0000000100000000)
  region size 1024K, 3 young (3072K), 3 survivors (3072K)
 Metaspace       used 5068K, committed 5312K, reserved 1056768K
  class space    used 649K, committed 768K, reserved 1048576K
}
Event: 0.963 GC heap before
{Heap before GC invocations=4 (full 0):
 garbage-first heap   total 129024K, used 76930K [0x0000000083800000, 0x0000000100000000)
  region size 1024K, 75 young (76800K), 3 survivors (3072K)
 Metaspace       used 5068K, committed 5312K, reserved 1056768K
  class space    used 649K, committed 768K, reserved 1048576K
}
Event: 0.966 GC heap after
{Heap after GC invocations=5 (full 0):
 garbage-first heap   total 129024K, used 3202K [0x0000000083800000, 0x0000000100000000)
  region size 1024K, 3 young (3072K), 3 survivors (3072K)
 Metaspace       used 5068K, committed 5312K, reserved 1056768K
  class space    used 649K, committed 768K, reserved 1048576K
}
Event: 1.004 GC heap before
{Heap before GC invocations=5 (full 0):
 garbage-first heap   total 129024K, used 76930K [0x0000000083800000, 0x0000000100000000)
  region size 1024K, 75 young (76800K), 3 survivors (3072K)
 Metaspace       used 5068K, committed 5312K, reserved 1056768K
  class space    used 649K, committed 768K, reserved 1048576K
}
Event: 1.008 GC heap after
{Heap after GC invocations=6 (full 0):
 garbage-first heap   total 227328K, used 3202K [0x0000000083800000, 0x0000000100000000)
  region size 1024K, 3 young (3072K), 3 survivors (3072K)
 Metaspace       used 5068K, committed 5312K, reserved 1056768K
  class space    used 649K, committed 768K, reserved 1048576K
}
Event: 1.123 GC heap before
{Heap before GC invocations=6 (full 0):
 garbage-first heap   total 227328K, used 136322K [0x0000000083800000, 0x0000000100000000)
  region size 1024K, 133 young (136192K), 3 survivors (3072K)
 Metaspace       used 5112K, committed 5312K, reserved 1056768K
  class space    used 653K, committed 768K, reserved 1048576K
}
Event: 1.126 GC heap after
{Heap after GC invocations=7 (full 0):
 garbage-first heap   total 227328K, used 3387K [0x0000000083800000, 0x0000000100000000)
  region size 1024K, 3 young (3072K), 3 survivors (3072K)
 Metaspace       used 5112K, committed 5312K, reserved 1056768K
  class space    used 653K, committed 768K, reserved 1048576K
}
Event: 1.195 GC heap before
{Heap before GC invocations=7 (full 0):
 garbage-first heap   total 227328K, used 136507K [0x0000000083800000, 0x0000000100000000)
  region size 1024K, 133 young (136192K), 3 survivors (3072K)
 Metaspace       used 5267K, committed 5504K, reserved 1056768K
  class space    used 664K, committed 768K, reserved 1048576K
}
Event: 1.198 GC heap after
{Heap after GC invocations=8 (full 0):
 garbage-first heap   total 227328K, used 3645K [0x0000000083800000, 0x0000000100000000)
  region size 1024K, 3 young (3072K), 3 survivors (3072K)
 Metaspace       used 5267K, committed 5504K, reserved 1056768K
  class space    used 664K, committed 768K, reserved 1048576K
}
Event: 1.252 GC heap before
{Heap before GC invocations=8 (full 0):
 garbage-first heap   total 227328K, used 136765K [0x0000000083800000, 0x0000000100000000)
  region size 1024K, 133 young (136192K), 3 survivors (3072K)
 Metaspace       used 5267K, committed 5504K, reserved 1056768K
  class space    used 664K, committed 768K, reserved 1048576K
}
Event: 1.254 GC heap after
{Heap after GC invocations=9 (full 0):
 garbage-first heap   total 227328K, used 3716K [0x0000000083800000, 0x0000000100000000)
  region size 1024K, 3 young (3072K), 3 survivors (3072K)
 Metaspace       used 5267K, committed 5504K, reserved 1056768K
  class space    used 664K, committed 768K, reserved 1048576K
}
Event: 1.297 GC heap before
{Heap before GC invocations=9 (full 0):
 garbage-first heap   total 227328K, used 136836K [0x0000000083800000, 0x0000000100000000)
  region size 1024K, 133 young (136192K), 3 survivors (3072K)
 Metaspace       used 5267K, committed 5504K, reserved 1056768K
  class space    used 664K, committed 768K, reserved 1048576K
}

Deoptimization events (20 events):
Event: 0.865 Thread 0x000001d9a52780e0 Uncommon trap: trap_request=0xffffff45 fr.pc=0x000001d9b45fad7c relative=0x0000000000000b7c
Event: 0.865 Thread 0x000001d9a52780e0 Uncommon trap: reason=unstable_if action=reinterpret pc=0x000001d9b45fad7c method=geometries.Plane.findGeoIntersectionsHelper(Lprimitives/Ray;D)Ljava/util/List; @ 88 c2
Event: 0.865 Thread 0x000001d9a52780e0 DEOPT PACKING pc=0x000001d9b45fad7c sp=0x00000033b61fc0d0
Event: 0.865 Thread 0x000001d9a52780e0 DEOPT UNPACKING pc=0x000001d9acb25c23 sp=0x00000033b61fc090 mode 2
Event: 1.090 Thread 0x000001d9a52780e0 Uncommon trap: trap_request=0xffffff45 fr.pc=0x000001d9b460b47c relative=0x000000000000243c
Event: 1.090 Thread 0x000001d9a52780e0 Uncommon trap: reason=unstable_if action=reinterpret pc=0x000001d9b460b47c method=geometries.Plane.findGeoIntersectionsHelper(Lprimitives/Ray;D)Ljava/util/List; @ 88 c2
Event: 1.090 Thread 0x000001d9a52780e0 DEOPT PACKING pc=0x000001d9b460b47c sp=0x00000033b61fc1d0
Event: 1.090 Thread 0x000001d9a52780e0 DEOPT UNPACKING pc=0x000001d9acb25c23 sp=0x00000033b61fc0a0 mode 2
Event: 1.139 Thread 0x000001d9c31fc0d0 Uncommon trap: trap_request=0xffffff45 fr.pc=0x000001d9b45cadd0 relative=0x0000000000000230
Event: 1.139 Thread 0x000001d9c31fc0d0 Uncommon trap: reason=unstable_if action=reinterpret pc=0x000001d9b45cadd0 method=java.lang.String.startsWith(Ljava/lang/String;I)Z @ 14 c2
Event: 1.139 Thread 0x000001d9c31fc0d0 DEOPT PACKING pc=0x000001d9b45cadd0 sp=0x00000033b6bfec90
Event: 1.139 Thread 0x000001d9c31fc0d0 DEOPT UNPACKING pc=0x000001d9acb25c23 sp=0x00000033b6bfebf0 mode 2
Event: 1.177 Thread 0x000001d9a52780e0 Uncommon trap: trap_request=0xffffff45 fr.pc=0x000001d9b45f872c relative=0x000000000000034c
Event: 1.177 Thread 0x000001d9a52780e0 Uncommon trap: reason=unstable_if action=reinterpret pc=0x000001d9b45f872c method=geometries.Sphere.findGeoIntersectionsHelper(Lprimitives/Ray;D)Ljava/util/List; @ 88 c2
Event: 1.177 Thread 0x000001d9a52780e0 DEOPT PACKING pc=0x000001d9b45f872c sp=0x00000033b61fbfc0
Event: 1.177 Thread 0x000001d9a52780e0 DEOPT UNPACKING pc=0x000001d9acb25c23 sp=0x00000033b61fbf00 mode 2
Event: 1.177 Thread 0x000001d9a52780e0 Uncommon trap: trap_request=0xffffff45 fr.pc=0x000001d9b4602918 relative=0x00000000000002f8
Event: 1.177 Thread 0x000001d9a52780e0 Uncommon trap: reason=unstable_if action=reinterpret pc=0x000001d9b4602918 method=java.util.ImmutableCollections$List12.toArray()[Ljava/lang/Object; @ 7 c2
Event: 1.177 Thread 0x000001d9a52780e0 DEOPT PACKING pc=0x000001d9b4602918 sp=0x00000033b61fbf60
Event: 1.177 Thread 0x000001d9a52780e0 DEOPT UNPACKING pc=0x000001d9acb25c23 sp=0x00000033b61fbe70 mode 2

Classes unloaded (0 events):
No events

Classes redefined (0 events):
No events

Internal exceptions (20 events):
Event: 0.558 Thread 0x000001d9a52780e0 Exception <a 'java/lang/IncompatibleClassChangeError'{0x000000008acbede8}: Found class java.lang.Object, but interface was expected> (0x000000008acbede8) 
thrown [t:\workspace\open\src\hotspot\share\interpreter\linkResolver.cpp, line 833]
Event: 0.563 Thread 0x000001d9a52780e0 Exception <a 'java/lang/NoSuchMethodError'{0x000000008acf78b8}: 'void java.lang.invoke.DirectMethodHandle$Holder.invokeInterface(java.lang.Object, java.lang.Object, java.lang.Object)'> (0x000000008acf78b8) 
thrown [t:\workspace\open\src\hotspot\share\interpreter\linkResolver.cpp, line 766]
Event: 0.563 Thread 0x000001d9a52780e0 Exception <a 'java/lang/IncompatibleClassChangeError'{0x000000008acfaf20}: Found class java.lang.Object, but interface was expected> (0x000000008acfaf20) 
thrown [t:\workspace\open\src\hotspot\share\interpreter\linkResolver.cpp, line 833]
Event: 0.566 Thread 0x000001d9a52780e0 Exception <a 'java/lang/NoSuchMethodError'{0x000000008ab17a88}: 'java.lang.Object java.lang.invoke.DirectMethodHandle$Holder.invokeStatic(java.lang.Object, java.lang.Object, int)'> (0x000000008ab17a88) 
thrown [t:\workspace\open\src\hotspot\share\interpreter\linkResolver.cpp, line 766]
Event: 0.574 Thread 0x000001d9a52780e0 Exception <a 'java/lang/NoSuchMethodError'{0x000000008ab68608}: 'void java.lang.invoke.DirectMethodHandle$Holder.invokeSpecial(java.lang.Object, java.lang.Object, java.lang.Object, java.lang.Object, java.lang.Object)'> (0x000000008ab68608) 
thrown [t:\workspace\open\src\hotspot\share\interpreter\linkResolver.cpp, line 766]
Event: 0.583 Thread 0x000001d9a52780e0 Exception <a 'java/lang/NoSuchMethodError'{0x000000008abb4130}: 'void java.lang.invoke.DirectMethodHandle$Holder.invokeInterface(java.lang.Object, java.lang.Object, java.lang.Object, java.lang.Object)'> (0x000000008abb4130) 
thrown [t:\workspace\open\src\hotspot\share\interpreter\linkResolver.cpp, line 766]
Event: 0.583 Thread 0x000001d9a52780e0 Exception <a 'java/lang/IncompatibleClassChangeError'{0x000000008abb7a58}: Found class java.lang.Object, but interface was expected> (0x000000008abb7a58) 
thrown [t:\workspace\open\src\hotspot\share\interpreter\linkResolver.cpp, line 833]
Event: 0.585 Thread 0x000001d9a52780e0 Exception <a 'java/lang/NoSuchMethodError'{0x000000008abcd0e0}: 'void java.lang.invoke.DirectMethodHandle$Holder.invokeStatic(java.lang.Object, java.lang.Object, java.lang.Object, java.lang.Object)'> (0x000000008abcd0e0) 
thrown [t:\workspace\open\src\hotspot\share\interpreter\linkResolver.cpp, line 766]
Event: 0.587 Thread 0x000001d9a52780e0 Exception <a 'java/lang/NoSuchMethodError'{0x000000008abe3d60}: 'java.lang.Object java.lang.invoke.DirectMethodHandle$Holder.newInvokeSpecial(java.lang.Object, java.lang.Object, int)'> (0x000000008abe3d60) 
thrown [t:\workspace\open\src\hotspot\share\interpreter\linkResolver.cpp, line 766]
Event: 0.604 Thread 0x000001d9a52780e0 Exception <a 'java/lang/NoSuchMethodError'{0x000000008aa6ae90}: 'java.lang.Object java.lang.invoke.Invokers$Holder.invokeExact_MT(java.lang.Object, java.lang.Object, java.lang.Object, java.lang.Object, java.lang.Object, java.lang.Object)'> (0x000000008aa6ae90) 
thrown [t:\workspace\open\src\hotspot\share\interpreter\linkResolver.cpp, line 766]
Event: 0.607 Thread 0x000001d9a52780e0 Exception <a 'java/lang/NoSuchMethodError'{0x000000008aa7b0d8}: 'int java.lang.invoke.DirectMethodHandle$Holder.invokeStatic(java.lang.Object, java.lang.Object, java.lang.Object, java.lang.Object, java.lang.Object)'> (0x000000008aa7b0d8) 
thrown [t:\workspace\open\src\hotspot\share\interpreter\linkResolver.cpp, line 766]
Event: 0.615 Thread 0x000001d9a52780e0 Exception <a 'java/lang/NoSuchMethodError'{0x000000008aab8870}: 'void java.lang.invoke.DirectMethodHandle$Holder.invokeStaticInit(java.lang.Object)'> (0x000000008aab8870) 
thrown [t:\workspace\open\src\hotspot\share\interpreter\linkResolver.cpp, line 766]
Event: 0.636 Thread 0x000001d9a52780e0 Exception <a 'java/lang/NoSuchMethodError'{0x000000008a993998}: 'int java.lang.invoke.DirectMethodHandle$Holder.invokeStaticInit(java.lang.Object, java.lang.Object)'> (0x000000008a993998) 
thrown [t:\workspace\open\src\hotspot\share\interpreter\linkResolver.cpp, line 766]
Event: 0.662 Thread 0x000001d9a52780e0 Exception <a 'java/lang/NoSuchMethodError'{0x000000008a88b848}: 'java.lang.Object java.lang.invoke.DirectMethodHandle$Holder.newInvokeSpecial(java.lang.Object, java.lang.Object, java.lang.Object, java.lang.Object, java.lang.Object, java.lang.Object, java.lang.Object)'> (0x000000008a88b848) 
thrown [t:\workspace\open\src\hotspot\share\interpreter\linkResolver.cpp, line 766]
Event: 0.663 Thread 0x000001d9a52780e0 Exception <a 'java/lang/NoSuchMethodError'{0x000000008a890400}: 'java.lang.Object java.lang.invoke.Invokers$Holder.linkToTargetMethod(java.lang.Object, java.lang.Object, java.lang.Object, java.lang.Object, java.lang.Object, java.lang.Object, java.lang.Object)'> (0x000000008a890400) 
thrown [t:\workspace\open\src\hotspot\share\interpreter\linkResolver.cpp, line 766]
Event: 0.663 Thread 0x000001d9a52780e0 Exception <a 'java/lang/NoSuchMethodError'{0x000000008a8968c8}: 'java.lang.Object java.lang.invoke.DirectMethodHandle$Holder.invokeInterface(java.lang.Object, java.lang.Object, java.lang.Object, java.lang.Object, java.lang.Object)'> (0x000000008a8968c8) 
thrown [t:\workspace\open\src\hotspot\share\interpreter\linkResolver.cpp, line 766]
Event: 0.664 Thread 0x000001d9a52780e0 Exception <a 'java/lang/IncompatibleClassChangeError'{0x000000008a89a6c0}: Found class java.lang.Object, but interface was expected> (0x000000008a89a6c0) 
thrown [t:\workspace\open\src\hotspot\share\interpreter\linkResolver.cpp, line 833]
Event: 0.725 Thread 0x000001d9a52780e0 Exception <a 'java/lang/ClassNotFoundException'{0x000000008a77fb48}: sun/awt/resources/spi/awtProvider> (0x000000008a77fb48) 
thrown [t:\workspace\open\src\hotspot\share\classfile\systemDictionary.cpp, line 256]
Event: 0.737 Thread 0x000001d9a52780e0 Exception <a 'java/io/FileNotFoundException'{0x000000008a7c5818}> (0x000000008a7c5818) 
thrown [t:\workspace\open\src\hotspot\share\prims\jni.cpp, line 516]
Event: 0.744 Thread 0x000001d9a52780e0 Exception <a 'java/io/FileNotFoundException'{0x000000008a7f2d10}> (0x000000008a7f2d10) 
thrown [t:\workspace\open\src\hotspot\share\prims\jni.cpp, line 516]

VM Operations (20 events):
Event: 0.682 Executing VM operation: HandshakeAllThreads done
Event: 0.777 Executing VM operation: G1CollectForAllocation
Event: 0.781 Executing VM operation: G1CollectForAllocation done
Event: 0.813 Executing VM operation: G1CollectForAllocation
Event: 0.816 Executing VM operation: G1CollectForAllocation done
Event: 0.877 Executing VM operation: G1CollectForAllocation
Event: 0.880 Executing VM operation: G1CollectForAllocation done
Event: 0.919 Executing VM operation: G1CollectForAllocation
Event: 0.922 Executing VM operation: G1CollectForAllocation done
Event: 0.963 Executing VM operation: G1CollectForAllocation
Event: 0.966 Executing VM operation: G1CollectForAllocation done
Event: 1.004 Executing VM operation: G1CollectForAllocation
Event: 1.008 Executing VM operation: G1CollectForAllocation done
Event: 1.122 Executing VM operation: G1CollectForAllocation
Event: 1.126 Executing VM operation: G1CollectForAllocation done
Event: 1.195 Executing VM operation: G1CollectForAllocation
Event: 1.198 Executing VM operation: G1CollectForAllocation done
Event: 1.252 Executing VM operation: G1CollectForAllocation
Event: 1.254 Executing VM operation: G1CollectForAllocation done
Event: 1.297 Executing VM operation: G1CollectForAllocation

Events (20 events):
Event: 1.130 loading class sun/util/cldr/CLDRTimeZoneNameProviderImpl
Event: 1.131 loading class sun/util/locale/provider/TimeZoneNameProviderImpl
Event: 1.131 loading class sun/util/locale/provider/TimeZoneNameProviderImpl done
Event: 1.131 loading class sun/util/cldr/CLDRTimeZoneNameProviderImpl done
Event: 1.134 loading class sun/util/locale/provider/BaseLocaleDataMetaInfo
Event: 1.134 loading class sun/util/locale/provider/BaseLocaleDataMetaInfo done
Event: 1.137 loading class sun/util/resources/cldr/TimeZoneNames
Event: 1.137 loading class sun/util/resources/TimeZoneNamesBundle
Event: 1.137 loading class sun/util/resources/OpenListResourceBundle
Event: 1.137 loading class sun/util/resources/OpenListResourceBundle done
Event: 1.137 loading class sun/util/resources/TimeZoneNamesBundle done
Event: 1.137 loading class sun/util/resources/cldr/TimeZoneNames done
Event: 1.138 loading class sun/util/resources/cldr/TimeZoneNames_en
Event: 1.139 loading class sun/util/resources/cldr/TimeZoneNames_en done
Event: 1.139 loading class sun/util/resources/cldr/TimeZoneNames_en_US
Event: 1.139 loading class sun/util/resources/cldr/TimeZoneNames_en_US done
Event: 1.141 loading class sun/util/resources/TimeZoneNames
Event: 1.142 loading class sun/util/resources/TimeZoneNames done
Event: 1.143 loading class sun/util/resources/TimeZoneNames_en
Event: 1.143 loading class sun/util/resources/TimeZoneNames_en done


Dynamic libraries:
0x00007ff6826c0000 - 0x00007ff6826d0000 	C:\Program Files\Java\jdk-17.0.2\bin\java.exe
0x00007ffb0c900000 - 0x00007ffb0cb09000 	C:\WINDOWS\SYSTEM32\ntdll.dll
0x00007ffad9de0000 - 0x00007ffad9df6000 	C:\Program Files\Avast Software\Avast\aswhook.dll
0x00007ffb0c600000 - 0x00007ffb0c6bd000 	C:\WINDOWS\System32\KERNEL32.DLL
0x00007ffb0a2c0000 - 0x00007ffb0a639000 	C:\WINDOWS\System32\KERNELBASE.dll
0x00007ffb03670000 - 0x00007ffb03688000 	C:\Program Files\Java\jdk-17.0.2\bin\jli.dll
0x00007ffb0a1a0000 - 0x00007ffb0a2b1000 	C:\WINDOWS\System32\ucrtbase.dll
0x00007ffb0b5d0000 - 0x00007ffb0b67e000 	C:\WINDOWS\System32\ADVAPI32.dll
0x00007ffb0b980000 - 0x00007ffb0ba23000 	C:\WINDOWS\System32\msvcrt.dll
0x00007ffb01640000 - 0x00007ffb0165a000 	C:\Program Files\Java\jdk-17.0.2\bin\VCRUNTIME140.dll
0x00007ffb0b2c0000 - 0x00007ffb0b35e000 	C:\WINDOWS\System32\sechost.dll
0x00007ffb0c7a0000 - 0x00007ffb0c8c0000 	C:\WINDOWS\System32\RPCRT4.dll
0x00007ffb0b760000 - 0x00007ffb0b90c000 	C:\WINDOWS\System32\USER32.dll
0x00007ffb0a640000 - 0x00007ffb0a666000 	C:\WINDOWS\System32\win32u.dll
0x00007ffaf48f0000 - 0x00007ffaf4b95000 	C:\WINDOWS\WinSxS\amd64_microsoft.windows.common-controls_6595b64144ccf1df_6.0.22000.120_none_9d947278b86cc467\COMCTL32.dll
0x00007ffb0c750000 - 0x00007ffb0c779000 	C:\WINDOWS\System32\GDI32.dll
0x00007ffb0a000000 - 0x00007ffb0a112000 	C:\WINDOWS\System32\gdi32full.dll
0x00007ffb09f60000 - 0x00007ffb09ffd000 	C:\WINDOWS\System32\msvcp_win.dll
0x00007ffb00680000 - 0x00007ffb0068a000 	C:\WINDOWS\SYSTEM32\VERSION.dll
0x00007ffb0c550000 - 0x00007ffb0c581000 	C:\WINDOWS\System32\IMM32.DLL
0x00007ffb038f0000 - 0x00007ffb038fc000 	C:\Program Files\Java\jdk-17.0.2\bin\vcruntime140_1.dll
0x00007ffb015b0000 - 0x00007ffb0163d000 	C:\Program Files\Java\jdk-17.0.2\bin\msvcp140.dll
0x00007ffa887b0000 - 0x00007ffa89371000 	C:\Program Files\Java\jdk-17.0.2\bin\server\jvm.dll
0x00007ffb0c740000 - 0x00007ffb0c748000 	C:\WINDOWS\System32\PSAPI.DLL
0x00007ffb00c00000 - 0x00007ffb00c33000 	C:\WINDOWS\SYSTEM32\WINMM.dll
0x00007ffaf1920000 - 0x00007ffaf1929000 	C:\WINDOWS\SYSTEM32\WSOCK32.dll
0x00007ffb0c590000 - 0x00007ffb0c5ff000 	C:\WINDOWS\System32\WS2_32.dll
0x00007ffb08fe0000 - 0x00007ffb08ff8000 	C:\WINDOWS\SYSTEM32\kernel.appcore.dll
0x00007ffb01ad0000 - 0x00007ffb01ada000 	C:\Program Files\Java\jdk-17.0.2\bin\jimage.dll
0x00007ffb07920000 - 0x00007ffb07b41000 	C:\WINDOWS\SYSTEM32\DBGHELP.DLL
0x00007ffaf27a0000 - 0x00007ffaf27d1000 	C:\WINDOWS\SYSTEM32\dbgcore.DLL
0x00007ffb0a120000 - 0x00007ffb0a19f000 	C:\WINDOWS\System32\bcryptPrimitives.dll
0x00007ffafdfa0000 - 0x00007ffafdfae000 	C:\Program Files\Java\jdk-17.0.2\bin\instrument.dll
0x00007ffafdff0000 - 0x00007ffafe015000 	C:\Program Files\Java\jdk-17.0.2\bin\java.dll
0x00007ffaef240000 - 0x00007ffaef316000 	C:\Program Files\Java\jdk-17.0.2\bin\jsvml.dll
0x00007ffb0bda0000 - 0x00007ffb0c54f000 	C:\WINDOWS\System32\SHELL32.dll
0x00007ffb07e20000 - 0x00007ffb08688000 	C:\WINDOWS\SYSTEM32\windows.storage.dll
0x00007ffb0af10000 - 0x00007ffb0b288000 	C:\WINDOWS\System32\combase.dll
0x00007ffb07cb0000 - 0x00007ffb07e16000 	C:\WINDOWS\SYSTEM32\wintypes.dll
0x00007ffb0baf0000 - 0x00007ffb0bbda000 	C:\WINDOWS\System32\SHCORE.dll
0x00007ffb0b510000 - 0x00007ffb0b56d000 	C:\WINDOWS\System32\shlwapi.dll
0x00007ffb09d20000 - 0x00007ffb09d41000 	C:\WINDOWS\SYSTEM32\profapi.dll
0x00007ffafdfb0000 - 0x00007ffafdfc8000 	C:\Program Files\Java\jdk-17.0.2\bin\zip.dll
0x00007ffafe240000 - 0x00007ffafe259000 	C:\Program Files\Java\jdk-17.0.2\bin\net.dll
0x00007ffb009f0000 - 0x00007ffb00afc000 	C:\WINDOWS\SYSTEM32\WINHTTP.dll
0x00007ffb09410000 - 0x00007ffb09477000 	C:\WINDOWS\system32\mswsock.dll
0x00007ffafdfd0000 - 0x00007ffafdfe6000 	C:\Program Files\Java\jdk-17.0.2\bin\nio.dll
0x00007ffaf3bb0000 - 0x00007ffaf3bca000 	C:\Program Files\JetBrains\IntelliJ IDEA Community Edition 2021.3.2\bin\breakgen64.dll
0x00007ffa96700000 - 0x00007ffa9688f000 	C:\Program Files\Java\jdk-17.0.2\bin\awt.dll
0x00007ffb0b680000 - 0x00007ffb0b756000 	C:\WINDOWS\System32\OLEAUT32.dll
0x00007ffb03e80000 - 0x00007ffb03f11000 	C:\WINDOWS\SYSTEM32\apphelp.dll

dbghelp: loaded successfully - version: 4.0.5 - missing functions: none
symbol engine: initialized successfully - sym options: 0x614 - pdb path: .;C:\Program Files\Java\jdk-17.0.2\bin;C:\WINDOWS\SYSTEM32;C:\Program Files\Avast Software\Avast;C:\WINDOWS\WinSxS\amd64_microsoft.windows.common-controls_6595b64144ccf1df_6.0.22000.120_none_9d947278b86cc467;C:\Program Files\Java\jdk-17.0.2\bin\server;C:\Program Files\JetBrains\IntelliJ IDEA Community Edition 2021.3.2\bin

VM Arguments:
jvm_args: -ea -Didea.test.cyclic.buffer.size=1048576 -javaagent:C:\Program Files\JetBrains\IntelliJ IDEA Community Edition 2021.3.2\lib\idea_rt.jar=59839:C:\Program Files\JetBrains\IntelliJ IDEA Community Edition 2021.3.2\bin -Dfile.encoding=UTF-8 
java_command: com.intellij.rt.junit.JUnitStarter -ideVersion5 -junit5 renderer.ReflectionRefractionTests,twoSpheresOnMirrors
java_class_path (initial): C:\Users\Kaplan\.m2\repository\org\junit\platform\junit-platform-launcher\1.8.2\junit-platform-launcher-1.8.2.jar;C:\Users\Kaplan\.m2\repository\org\junit\platform\junit-platform-engine\1.8.2\junit-platform-engine-1.8.2.jar;C:\Users\Kaplan\.m2\repository\org\opentest4j\opentest4j\1.2.0\opentest4j-1.2.0.jar;C:\Users\Kaplan\.m2\repository\org\junit\platform\junit-platform-commons\1.8.2\junit-platform-commons-1.8.2.jar;C:\Users\Kaplan\.m2\repository\org\apiguardian\apiguardian-api\1.1.2\apiguardian-api-1.1.2.jar;C:\Program Files\JetBrains\IntelliJ IDEA Community Edition 2021.3.2\lib\idea_rt.jar;C:\Program Files\JetBrains\IntelliJ IDEA Community Edition 2021.3.2\plugins\junit\lib\junit5-rt.jar;C:\Program Files\JetBrains\IntelliJ IDEA Community Edition 2021.3.2\plugins\junit\lib\junit-rt.jar;C:\Users\Kaplan\IdeaProjects\ISE5782_9463_4853\out\test\ISE5782_9463_4853;C:\Users\Kaplan\IdeaProjects\ISE5782_9463_4853\out\production\ISE5782_9463_4853;C:\Users\Kaplan\IdeaProjects\ISE5782_9463_4853\lib\junit-jupiter-5.8.2.jar;C:\Users\Kaplan\IdeaProjects\ISE5782_9463_4853\lib\junit-jupiter-api-5.8.2.jar;C:\Users\Kaplan\IdeaProjects\ISE5782_9463_4853\lib\opentest4j-1.2.0.jar;C:\Users\Kaplan\IdeaProjects\ISE5782_9463_4853\lib\junit-platform-commons-1.8.2.jar;C:\Users\Kaplan\IdeaProjects\ISE5782_9463_4853\lib\apiguardian-api-1.1.2.jar;C:\Users\Kaplan\IdeaProjects\ISE5782_9463_4853\lib\junit-jupiter-params-5.8.2.jar;C:\Users\Kaplan\IdeaProjects\ISE5782_9463_4853\lib\junit-jupiter-engine-5.8.2.jar;C:\Users\Kaplan\IdeaProjects\ISE5782_9463_4853\lib\junit-platform-engine-1.8.2.jar
Launcher Type: SUN_STANDARD

[Global flags]
     intx CICompilerCount                          = 4                                         {product} {ergonomic}
     uint ConcGCThreads                            = 2                                         {product} {ergonomic}
     uint G1ConcRefinementThreads                  = 8                                         {product} {ergonomic}
   size_t G1HeapRegionSize                         = 1048576                                   {product} {ergonomic}
    uintx GCDrainStackTargetSize                   = 64                                        {product} {ergonomic}
   size_t InitialHeapSize                          = 132120576                                 {product} {ergonomic}
   size_t MarkStackSize                            = 4194304                                   {product} {ergonomic}
   size_t MaxHeapSize                              = 2088763392                                {product} {ergonomic}
   size_t MaxNewSize                               = 1253048320                                {product} {ergonomic}
   size_t MinHeapDeltaBytes                        = 1048576                                   {product} {ergonomic}
   size_t MinHeapSize                              = 8388608                                   {product} {ergonomic}
    uintx NonNMethodCodeHeapSize                   = 5839372                                {pd product} {ergonomic}
    uintx NonProfiledCodeHeapSize                  = 122909434                              {pd product} {ergonomic}
    uintx ProfiledCodeHeapSize                     = 122909434                              {pd product} {ergonomic}
    uintx ReservedCodeCacheSize                    = 251658240                              {pd product} {ergonomic}
     bool SegmentedCodeCache                       = true                                      {product} {ergonomic}
   size_t SoftMaxHeapSize                          = 2088763392                             {manageable} {ergonomic}
     bool UseCompressedClassPointers               = true                           {product lp64_product} {ergonomic}
     bool UseCompressedOops                        = true                           {product lp64_product} {ergonomic}
     bool UseG1GC                                  = true                                      {product} {ergonomic}
     bool UseLargePagesIndividualAllocation        = false                                  {pd product} {ergonomic}

Logging:
Log output configuration:
 #0: stdout all=warning uptime,level,tags
 #1: stderr all=off uptime,level,tags

Environment Variables:
JAVA_HOME=C:\Program Files\Java\jdk-17.0.2
PATH=C:\Program Files\Java\jdk-17.0.2\bin;C:\WINDOWS\system32;C:\WINDOWS;C:\WINDOWS\System32\Wbem;C:\WINDOWS\System32\WindowsPowerShell\v1.0\;C:\WINDOWS\System32\OpenSSH\;C:\Program Files\dotnet\;C:\Program Files\Git\cmd;C:\Program Files (x86)\dotnet\;C:\Users\Kaplan\AppData\Local\Microsoft\WindowsApps;C:\Users\Kaplan\.dotnet\tools;
USERNAME=Kaplan
OS=Windows_NT
PROCESSOR_IDENTIFIER=Intel64 Family 6 Model 126 Stepping 5, GenuineIntel



---------------  S Y S T E M  ---------------

OS:
 Windows 11 , 64 bit Build 22000 (10.0.22000.675)
OS uptime: 1 days 2:49 hours

CPU: total 8 (initial active 8) (4 cores per cpu, 2 threads per core) family 6 model 126 stepping 5 microcode 0x86, cx8, cmov, fxsr, ht, mmx, 3dnowpref, sse, sse2, sse3, ssse3, sse4.1, sse4.2, popcnt, lzcnt, tsc, tscinvbit, avx, avx2, aes, erms, clmul, bmi1, bmi2, adx, avx512f, avx512dq, avx512cd, avx512bw, avx512vl, sha, fma, vzeroupper, avx512_vpopcntdq, avx512_vpclmulqdq, avx512_vaes, avx512_vnni, clflush, clflushopt, avx512_vbmi2, avx512_vbmi

Memory: 4k page, system-wide physical 7967M (868M free)
TotalPageFile size 10015M (AvailPageFile size 70M)
current process WorkingSet (physical memory assigned to process): 259M, peak: 259M
current process commit charge ("private bytes"): 356M, peak: 455M

vm_info: Java HotSpot(TM) 64-Bit Server VM (17.0.2+8-LTS-86) for windows-amd64 JRE (17.0.2+8-LTS-86), built on Dec  7 2021 21:51:03 by "mach5one" with MS VC++ 16.8 / 16.9 (VS2019)

END.
