#
# There is insufficient memory for the Java Runtime Environment to continue.
# Native memory allocation (mmap) failed to map 126877696 bytes for G1 virtual space
# Possible reasons:
#   The system is out of physical RAM or swap space
#   The process is running with CompressedOops enabled, and the Java Heap may be blocking the growth of the native heap
# Possible solutions:
#   Reduce memory load on the system
#   Increase physical memory or swap space
#   Check if swap backing store is full
#   Decrease Java heap size (-Xmx/-Xms)
#   Decrease number of Java threads
#   Decrease Java thread stack sizes (-Xss)
#   Set larger code cache with -XX:ReservedCodeCacheSize=
#   JVM is running with Unscaled Compressed Oops mode in which the Java heap is
#     placed in the first 4GB address space. The Java Heap base address is the
#     maximum limit for the native heap growth. Please use -XX:HeapBaseMinAddress
#     to set the Java Heap base and to place the Java Heap above 4GB virtual address.
# This output file may be truncated or incomplete.
#
#  Out of Memory Error (os_windows.cpp:3532), pid=12688, tid=13604
#
# JRE version: Java(TM) SE Runtime Environment (17.0.2+8) (build 17.0.2+8-LTS-86)
# Java VM: Java HotSpot(TM) 64-Bit Server VM (17.0.2+8-LTS-86, mixed mode, sharing, tiered, compressed oops, compressed class ptrs, g1 gc, windows-amd64)
# No core dump will be written. Minidumps are not enabled by default on client versions of Windows
#

---------------  S U M M A R Y ------------

Command Line: -ea -Didea.test.cyclic.buffer.size=1048576 -javaagent:C:\Program Files\JetBrains\IntelliJ IDEA Community Edition 2021.3.2\lib\idea_rt.jar=54741:C:\Program Files\JetBrains\IntelliJ IDEA Community Edition 2021.3.2\bin -Dfile.encoding=UTF-8 com.intellij.rt.junit.JUnitStarter -ideVersion5 -junit5 renderer.RenderTests,basicRenderMultiColorTest

Host: Intel(R) Core(TM) i5-1035G1 CPU @ 1.00GHz, 8 cores, 7G,  Windows 11 , 64 bit Build 22000 (10.0.22000.613)
Time: Tue May 10 21:45:32 2022  Windows 11 , 64 bit Build 22000 (10.0.22000.613) elapsed time: 0.996385 seconds (0d 0h 0m 0s)

---------------  T H R E A D  ---------------

Current thread (0x00000171fa24b8c0):  VMThread "VM Thread" [stack: 0x0000003ad1700000,0x0000003ad1800000] [id=13604]

Stack: [0x0000003ad1700000,0x0000003ad1800000]
Native frames: (J=compiled Java code, j=interpreted, Vv=VM code, C=native code)
V  [jvm.dll+0x670baa]
V  [jvm.dll+0x7cfcb4]
V  [jvm.dll+0x7d145e]
V  [jvm.dll+0x7d1ac3]
V  [jvm.dll+0x242bc5]
V  [jvm.dll+0x66dac9]
V  [jvm.dll+0x662412]
V  [jvm.dll+0x300c0b]
V  [jvm.dll+0x3081a6]
V  [jvm.dll+0x357d0e]
V  [jvm.dll+0x357f3f]
V  [jvm.dll+0x2d7ec8]
V  [jvm.dll+0x2d6194]
V  [jvm.dll+0x2d579c]
V  [jvm.dll+0x3190eb]
V  [jvm.dll+0x7d5f9b]
V  [jvm.dll+0x7d6cd4]
V  [jvm.dll+0x7d71ec]
V  [jvm.dll+0x7d75c4]
V  [jvm.dll+0x7d7690]
V  [jvm.dll+0x77ff7a]
V  [jvm.dll+0x66fa35]
C  [ucrtbase.dll+0x26c0c]
C  [KERNEL32.DLL+0x154e0]
C  [ntdll.dll+0x485b]

VM_Operation (0x0000003ad11fc010): G1CollectForAllocation, mode: safepoint, requested by thread 0x00000171dc2e6610


---------------  P R O C E S S  ---------------

Threads class SMR info:
_java_thread_list=0x00000171fb379830, length=15, elements={
0x00000171dc2e6610, 0x00000171fa24f350, 0x00000171fa24ff00, 0x00000171fa2697a0,
0x00000171fa26a150, 0x00000171fa26bb10, 0x00000171fa26d4d0, 0x00000171fa26e260,
0x00000171fa27a210, 0x00000171fa2aec10, 0x00000171fa239e90, 0x00000171fad72200,
0x00000171fad726d0, 0x00000171fb0576e0, 0x00000171fae27d10
}

Java Threads: ( => current thread )
  0x00000171dc2e6610 JavaThread "main" [_thread_blocked, id=9336, stack(0x0000003ad1100000,0x0000003ad1200000)]
  0x00000171fa24f350 JavaThread "Reference Handler" daemon [_thread_blocked, id=13300, stack(0x0000003ad1800000,0x0000003ad1900000)]
  0x00000171fa24ff00 JavaThread "Finalizer" daemon [_thread_blocked, id=16960, stack(0x0000003ad1900000,0x0000003ad1a00000)]
  0x00000171fa2697a0 JavaThread "Signal Dispatcher" daemon [_thread_blocked, id=19036, stack(0x0000003ad1a00000,0x0000003ad1b00000)]
  0x00000171fa26a150 JavaThread "Attach Listener" daemon [_thread_blocked, id=2856, stack(0x0000003ad1b00000,0x0000003ad1c00000)]
  0x00000171fa26bb10 JavaThread "Service Thread" daemon [_thread_blocked, id=13744, stack(0x0000003ad1c00000,0x0000003ad1d00000)]
  0x00000171fa26d4d0 JavaThread "Monitor Deflation Thread" daemon [_thread_blocked, id=18908, stack(0x0000003ad1d00000,0x0000003ad1e00000)]
  0x00000171fa26e260 JavaThread "C2 CompilerThread0" daemon [_thread_blocked, id=14940, stack(0x0000003ad1e00000,0x0000003ad1f00000)]
  0x00000171fa27a210 JavaThread "C1 CompilerThread0" daemon [_thread_blocked, id=18780, stack(0x0000003ad1f00000,0x0000003ad2000000)]
  0x00000171fa2aec10 JavaThread "Sweeper thread" daemon [_thread_blocked, id=13956, stack(0x0000003ad2000000,0x0000003ad2100000)]
  0x00000171fa239e90 JavaThread "Common-Cleaner" daemon [_thread_blocked, id=14180, stack(0x0000003ad2100000,0x0000003ad2200000)]
  0x00000171fad72200 JavaThread "Monitor Ctrl-Break" daemon [_thread_in_native, id=14640, stack(0x0000003ad2200000,0x0000003ad2300000)]
  0x00000171fad726d0 JavaThread "Notification Thread" daemon [_thread_blocked, id=7948, stack(0x0000003ad2300000,0x0000003ad2400000)]
  0x00000171fb0576e0 JavaThread "C2 CompilerThread1" daemon [_thread_blocked, id=3112, stack(0x0000003ad2500000,0x0000003ad2600000)]
  0x00000171fae27d10 JavaThread "C2 CompilerThread2" daemon [_thread_blocked, id=11396, stack(0x0000003ad2a00000,0x0000003ad2b00000)]

Other Threads:
=>0x00000171fa24b8c0 VMThread "VM Thread" [stack: 0x0000003ad1700000,0x0000003ad1800000] [id=13604]
  0x00000171dc34eb40 WatcherThread [stack: 0x0000003ad2400000,0x0000003ad2500000] [id=2648]
  0x00000171dc325c10 GCTaskThread "GC Thread#0" [stack: 0x0000003ad1200000,0x0000003ad1300000] [id=14716]
  0x00000171fb11b510 GCTaskThread "GC Thread#1" [stack: 0x0000003ad2600000,0x0000003ad2700000] [id=17312]
  0x00000171fb1b07f0 GCTaskThread "GC Thread#2" [stack: 0x0000003ad2700000,0x0000003ad2800000] [id=19284]
  0x00000171fb3cdaf0 GCTaskThread "GC Thread#3" [stack: 0x0000003ad2800000,0x0000003ad2900000] [id=18176]
  0x00000171fb3cdda0 GCTaskThread "GC Thread#4" [stack: 0x0000003ad2900000,0x0000003ad2a00000] [id=18612]
  0x00000171dc336450 ConcurrentGCThread "G1 Main Marker" [stack: 0x0000003ad1300000,0x0000003ad1400000] [id=15424]
  0x00000171dc336f30 ConcurrentGCThread "G1 Conc#0" [stack: 0x0000003ad1400000,0x0000003ad1500000] [id=14196]
  0x00000171fa110090 ConcurrentGCThread "G1 Refine#0" [stack: 0x0000003ad1500000,0x0000003ad1600000] [id=8768]
  0x00000171fa110ab0 ConcurrentGCThread "G1 Service" [stack: 0x0000003ad1600000,0x0000003ad1700000] [id=19444]

Threads with active compile tasks:
C2 CompilerThread2     1029 1152       4       renderer.Camera::castRay (9 bytes)

VM state: at safepoint (normal execution)

VM Mutex/Monitor currently owned by a thread:  ([mutex/lock_event])
[0x00000171dc2e1ba0] Threads_lock - owner thread: 0x00000171fa24b8c0
[0x00000171dc2e1570] Heap_lock - owner thread: 0x00000171dc2e6610

Heap address: 0x0000000083800000, size: 1992 MB, Compressed Oops mode: 32-bit

CDS archive(s) mapped at: [0x0000000800000000-0x0000000800bc0000-0x0000000800bc0000), size 12320768, SharedBaseAddress: 0x0000000800000000, ArchiveRelocationMode: 0.
Compressed class space mapped at: 0x0000000800c00000-0x0000000840c00000, reserved size: 1073741824
Narrow klass base: 0x0000000800000000, Narrow klass shift: 0, Narrow klass range: 0x100000000

GC Precious Log:
 CPUs: 8 total, 8 available
 Memory: 7967M
 Large Page Support: Disabled
 NUMA Support: Disabled
 Compressed Oops: Enabled (32-bit)
 Heap Region Size: 1M
 Heap Min Capacity: 8M
 Heap Initial Capacity: 126M
 Heap Max Capacity: 1992M
 Pre-touch: Disabled
 Parallel Workers: 8
 Concurrent Workers: 2
 Concurrent Refinement Workers: 8
 Periodic GC: Disabled

Heap:
 garbage-first heap   total 129024K, used 6274K [0x0000000083800000, 0x0000000100000000)
  region size 1024K, 3 young (3072K), 3 survivors (3072K)
 Metaspace       used 5009K, committed 5184K, reserved 1056768K
  class space    used 645K, committed 704K, reserved 1048576K

Heap Regions: E=young(eden), S=young(survivor), O=old, HS=humongous(starts), HC=humongous(continues), CS=collection set, F=free, OA=open archive, CA=closed archive, TAMS=top-at-mark-start (previous, next)
|   0|0x0000000083800000, 0x0000000083900000, 0x0000000083900000|100%|HS|  |TAMS 0x0000000083800000, 0x0000000083800000| Complete 
|   1|0x0000000083900000, 0x0000000083a00000, 0x0000000083a00000|100%|HC|  |TAMS 0x0000000083900000, 0x0000000083900000| Complete 
|   2|0x0000000083a00000, 0x0000000083b00000, 0x0000000083b00000|100%|HC|  |TAMS 0x0000000083a00000, 0x0000000083a00000| Complete 
|   3|0x0000000083b00000, 0x0000000083c00000, 0x0000000083c00000|100%|HC|  |TAMS 0x0000000083b00000, 0x0000000083b00000| Complete 
|   4|0x0000000083c00000, 0x0000000083c00000, 0x0000000083d00000|  0%| F|  |TAMS 0x0000000083c00000, 0x0000000083c00000| Untracked 
|   5|0x0000000083d00000, 0x0000000083d00000, 0x0000000083e00000|  0%| F|  |TAMS 0x0000000083d00000, 0x0000000083d00000| Untracked 
|   6|0x0000000083e00000, 0x0000000083e00000, 0x0000000083f00000|  0%| F|  |TAMS 0x0000000083e00000, 0x0000000083e00000| Untracked 
|   7|0x0000000083f00000, 0x0000000083f00000, 0x0000000084000000|  0%| F|  |TAMS 0x0000000083f00000, 0x0000000083f00000| Untracked 
|   8|0x0000000084000000, 0x0000000084000000, 0x0000000084100000|  0%| F|  |TAMS 0x0000000084000000, 0x0000000084000000| Untracked 
|   9|0x0000000084100000, 0x0000000084100000, 0x0000000084200000|  0%| F|  |TAMS 0x0000000084100000, 0x0000000084100000| Untracked 
|  10|0x0000000084200000, 0x0000000084200000, 0x0000000084300000|  0%| F|  |TAMS 0x0000000084200000, 0x0000000084200000| Untracked 
|  11|0x0000000084300000, 0x0000000084300000, 0x0000000084400000|  0%| F|  |TAMS 0x0000000084300000, 0x0000000084300000| Untracked 
|  12|0x0000000084400000, 0x0000000084400000, 0x0000000084500000|  0%| F|  |TAMS 0x0000000084400000, 0x0000000084400000| Untracked 
|  13|0x0000000084500000, 0x0000000084500000, 0x0000000084600000|  0%| F|  |TAMS 0x0000000084500000, 0x0000000084500000| Untracked 
|  14|0x0000000084600000, 0x0000000084600000, 0x0000000084700000|  0%| F|  |TAMS 0x0000000084600000, 0x0000000084600000| Untracked 
|  15|0x0000000084700000, 0x0000000084700000, 0x0000000084800000|  0%| F|  |TAMS 0x0000000084700000, 0x0000000084700000| Untracked 
|  16|0x0000000084800000, 0x0000000084800000, 0x0000000084900000|  0%| F|  |TAMS 0x0000000084800000, 0x0000000084800000| Untracked 
|  17|0x0000000084900000, 0x0000000084900000, 0x0000000084a00000|  0%| F|  |TAMS 0x0000000084900000, 0x0000000084900000| Untracked 
|  18|0x0000000084a00000, 0x0000000084a00000, 0x0000000084b00000|  0%| F|  |TAMS 0x0000000084a00000, 0x0000000084a00000| Untracked 
|  19|0x0000000084b00000, 0x0000000084b00000, 0x0000000084c00000|  0%| F|  |TAMS 0x0000000084b00000, 0x0000000084b00000| Untracked 
|  20|0x0000000084c00000, 0x0000000084c00000, 0x0000000084d00000|  0%| F|  |TAMS 0x0000000084c00000, 0x0000000084c00000| Untracked 
|  21|0x0000000084d00000, 0x0000000084d00000, 0x0000000084e00000|  0%| F|  |TAMS 0x0000000084d00000, 0x0000000084d00000| Untracked 
|  22|0x0000000084e00000, 0x0000000084e00000, 0x0000000084f00000|  0%| F|  |TAMS 0x0000000084e00000, 0x0000000084e00000| Untracked 
|  23|0x0000000084f00000, 0x0000000084f00000, 0x0000000085000000|  0%| F|  |TAMS 0x0000000084f00000, 0x0000000084f00000| Untracked 
|  24|0x0000000085000000, 0x0000000085000000, 0x0000000085100000|  0%| F|  |TAMS 0x0000000085000000, 0x0000000085000000| Untracked 
|  25|0x0000000085100000, 0x0000000085100000, 0x0000000085200000|  0%| F|  |TAMS 0x0000000085100000, 0x0000000085100000| Untracked 
|  26|0x0000000085200000, 0x0000000085200000, 0x0000000085300000|  0%| F|  |TAMS 0x0000000085200000, 0x0000000085200000| Untracked 
|  27|0x0000000085300000, 0x0000000085300000, 0x0000000085400000|  0%| F|  |TAMS 0x0000000085300000, 0x0000000085300000| Untracked 
|  28|0x0000000085400000, 0x0000000085400000, 0x0000000085500000|  0%| F|  |TAMS 0x0000000085400000, 0x0000000085400000| Untracked 
|  29|0x0000000085500000, 0x0000000085500000, 0x0000000085600000|  0%| F|  |TAMS 0x0000000085500000, 0x0000000085500000| Untracked 
|  30|0x0000000085600000, 0x0000000085600000, 0x0000000085700000|  0%| F|  |TAMS 0x0000000085600000, 0x0000000085600000| Untracked 
|  31|0x0000000085700000, 0x0000000085700000, 0x0000000085800000|  0%| F|  |TAMS 0x0000000085700000, 0x0000000085700000| Untracked 
|  32|0x0000000085800000, 0x0000000085800000, 0x0000000085900000|  0%| F|  |TAMS 0x0000000085800000, 0x0000000085800000| Untracked 
|  33|0x0000000085900000, 0x0000000085900000, 0x0000000085a00000|  0%| F|  |TAMS 0x0000000085900000, 0x0000000085900000| Untracked 
|  34|0x0000000085a00000, 0x0000000085a00000, 0x0000000085b00000|  0%| F|  |TAMS 0x0000000085a00000, 0x0000000085a00000| Untracked 
|  35|0x0000000085b00000, 0x0000000085b00000, 0x0000000085c00000|  0%| F|  |TAMS 0x0000000085b00000, 0x0000000085b00000| Untracked 
|  36|0x0000000085c00000, 0x0000000085c00000, 0x0000000085d00000|  0%| F|  |TAMS 0x0000000085c00000, 0x0000000085c00000| Untracked 
|  37|0x0000000085d00000, 0x0000000085d00000, 0x0000000085e00000|  0%| F|  |TAMS 0x0000000085d00000, 0x0000000085d00000| Untracked 
|  38|0x0000000085e00000, 0x0000000085e00000, 0x0000000085f00000|  0%| F|  |TAMS 0x0000000085e00000, 0x0000000085e00000| Untracked 
|  39|0x0000000085f00000, 0x0000000085f00000, 0x0000000086000000|  0%| F|  |TAMS 0x0000000085f00000, 0x0000000085f00000| Untracked 
|  40|0x0000000086000000, 0x0000000086000000, 0x0000000086100000|  0%| F|  |TAMS 0x0000000086000000, 0x0000000086000000| Untracked 
|  41|0x0000000086100000, 0x0000000086100000, 0x0000000086200000|  0%| F|  |TAMS 0x0000000086100000, 0x0000000086100000| Untracked 
|  42|0x0000000086200000, 0x0000000086200000, 0x0000000086300000|  0%| F|  |TAMS 0x0000000086200000, 0x0000000086200000| Untracked 
|  43|0x0000000086300000, 0x0000000086300000, 0x0000000086400000|  0%| F|  |TAMS 0x0000000086300000, 0x0000000086300000| Untracked 
|  44|0x0000000086400000, 0x0000000086400000, 0x0000000086500000|  0%| F|  |TAMS 0x0000000086400000, 0x0000000086400000| Untracked 
|  45|0x0000000086500000, 0x0000000086500000, 0x0000000086600000|  0%| F|  |TAMS 0x0000000086500000, 0x0000000086500000| Untracked 
|  46|0x0000000086600000, 0x0000000086600000, 0x0000000086700000|  0%| F|  |TAMS 0x0000000086600000, 0x0000000086600000| Untracked 
|  47|0x0000000086700000, 0x0000000086700000, 0x0000000086800000|  0%| F|  |TAMS 0x0000000086700000, 0x0000000086700000| Untracked 
|  48|0x0000000086800000, 0x0000000086800000, 0x0000000086900000|  0%| F|  |TAMS 0x0000000086800000, 0x0000000086800000| Untracked 
|  49|0x0000000086900000, 0x0000000086900000, 0x0000000086a00000|  0%| F|  |TAMS 0x0000000086900000, 0x0000000086900000| Untracked 
|  50|0x0000000086a00000, 0x0000000086a00000, 0x0000000086b00000|  0%| F|  |TAMS 0x0000000086a00000, 0x0000000086a00000| Untracked 
|  51|0x0000000086b00000, 0x0000000086b209e8, 0x0000000086c00000| 12%| S|CS|TAMS 0x0000000086b00000, 0x0000000086b00000| Complete 
|  52|0x0000000086c00000, 0x0000000086d00000, 0x0000000086d00000|100%| S|CS|TAMS 0x0000000086c00000, 0x0000000086c00000| Complete 
|  53|0x0000000086d00000, 0x0000000086e00000, 0x0000000086e00000|100%| S|CS|TAMS 0x0000000086d00000, 0x0000000086d00000| Complete 
|  54|0x0000000086e00000, 0x0000000086e00000, 0x0000000086f00000|  0%| F|  |TAMS 0x0000000086e00000, 0x0000000086e00000| Untracked 
|  55|0x0000000086f00000, 0x0000000086f00000, 0x0000000087000000|  0%| F|  |TAMS 0x0000000086f00000, 0x0000000086f00000| Untracked 
|  56|0x0000000087000000, 0x0000000087000000, 0x0000000087100000|  0%| F|  |TAMS 0x0000000087000000, 0x0000000087000000| Untracked 
|  57|0x0000000087100000, 0x0000000087100000, 0x0000000087200000|  0%| F|  |TAMS 0x0000000087100000, 0x0000000087100000| Untracked 
|  58|0x0000000087200000, 0x0000000087200000, 0x0000000087300000|  0%| F|  |TAMS 0x0000000087200000, 0x0000000087200000| Untracked 
|  59|0x0000000087300000, 0x0000000087300000, 0x0000000087400000|  0%| F|  |TAMS 0x0000000087300000, 0x0000000087300000| Untracked 
|  60|0x0000000087400000, 0x0000000087400000, 0x0000000087500000|  0%| F|  |TAMS 0x0000000087400000, 0x0000000087400000| Untracked 
|  61|0x0000000087500000, 0x0000000087500000, 0x0000000087600000|  0%| F|  |TAMS 0x0000000087500000, 0x0000000087500000| Untracked 
|  62|0x0000000087600000, 0x0000000087600000, 0x0000000087700000|  0%| F|  |TAMS 0x0000000087600000, 0x0000000087600000| Untracked 
|  63|0x0000000087700000, 0x0000000087700000, 0x0000000087800000|  0%| F|  |TAMS 0x0000000087700000, 0x0000000087700000| Untracked 
|  64|0x0000000087800000, 0x0000000087800000, 0x0000000087900000|  0%| F|  |TAMS 0x0000000087800000, 0x0000000087800000| Untracked 
|  65|0x0000000087900000, 0x0000000087900000, 0x0000000087a00000|  0%| F|  |TAMS 0x0000000087900000, 0x0000000087900000| Untracked 
|  66|0x0000000087a00000, 0x0000000087a00000, 0x0000000087b00000|  0%| F|  |TAMS 0x0000000087a00000, 0x0000000087a00000| Untracked 
|  67|0x0000000087b00000, 0x0000000087b00000, 0x0000000087c00000|  0%| F|  |TAMS 0x0000000087b00000, 0x0000000087b00000| Untracked 
|  68|0x0000000087c00000, 0x0000000087c00000, 0x0000000087d00000|  0%| F|  |TAMS 0x0000000087c00000, 0x0000000087c00000| Untracked 
|  69|0x0000000087d00000, 0x0000000087d00000, 0x0000000087e00000|  0%| F|  |TAMS 0x0000000087d00000, 0x0000000087d00000| Untracked 
|  70|0x0000000087e00000, 0x0000000087e00000, 0x0000000087f00000|  0%| F|  |TAMS 0x0000000087e00000, 0x0000000087e00000| Untracked 
|  71|0x0000000087f00000, 0x0000000087f00000, 0x0000000088000000|  0%| F|  |TAMS 0x0000000087f00000, 0x0000000087f00000| Untracked 
|  72|0x0000000088000000, 0x0000000088000000, 0x0000000088100000|  0%| F|  |TAMS 0x0000000088000000, 0x0000000088000000| Untracked 
|  73|0x0000000088100000, 0x0000000088100000, 0x0000000088200000|  0%| F|  |TAMS 0x0000000088100000, 0x0000000088100000| Untracked 
|  74|0x0000000088200000, 0x0000000088200000, 0x0000000088300000|  0%| F|  |TAMS 0x0000000088200000, 0x0000000088200000| Untracked 
|  75|0x0000000088300000, 0x0000000088300000, 0x0000000088400000|  0%| F|  |TAMS 0x0000000088300000, 0x0000000088300000| Untracked 
|  76|0x0000000088400000, 0x0000000088400000, 0x0000000088500000|  0%| F|  |TAMS 0x0000000088400000, 0x0000000088400000| Untracked 
|  77|0x0000000088500000, 0x0000000088500000, 0x0000000088600000|  0%| F|  |TAMS 0x0000000088500000, 0x0000000088500000| Untracked 
|  78|0x0000000088600000, 0x0000000088600000, 0x0000000088700000|  0%| F|  |TAMS 0x0000000088600000, 0x0000000088600000| Untracked 
|  79|0x0000000088700000, 0x0000000088700000, 0x0000000088800000|  0%| F|  |TAMS 0x0000000088700000, 0x0000000088700000| Untracked 
|  80|0x0000000088800000, 0x0000000088800000, 0x0000000088900000|  0%| F|  |TAMS 0x0000000088800000, 0x0000000088800000| Untracked 
|  81|0x0000000088900000, 0x0000000088900000, 0x0000000088a00000|  0%| F|  |TAMS 0x0000000088900000, 0x0000000088900000| Untracked 
|  82|0x0000000088a00000, 0x0000000088a00000, 0x0000000088b00000|  0%| F|  |TAMS 0x0000000088a00000, 0x0000000088a00000| Untracked 
|  83|0x0000000088b00000, 0x0000000088b00000, 0x0000000088c00000|  0%| F|  |TAMS 0x0000000088b00000, 0x0000000088b00000| Untracked 
|  84|0x0000000088c00000, 0x0000000088c00000, 0x0000000088d00000|  0%| F|  |TAMS 0x0000000088c00000, 0x0000000088c00000| Untracked 
|  85|0x0000000088d00000, 0x0000000088d00000, 0x0000000088e00000|  0%| F|  |TAMS 0x0000000088d00000, 0x0000000088d00000| Untracked 
|  86|0x0000000088e00000, 0x0000000088e00000, 0x0000000088f00000|  0%| F|  |TAMS 0x0000000088e00000, 0x0000000088e00000| Untracked 
|  87|0x0000000088f00000, 0x0000000088f00000, 0x0000000089000000|  0%| F|  |TAMS 0x0000000088f00000, 0x0000000088f00000| Untracked 
|  88|0x0000000089000000, 0x0000000089000000, 0x0000000089100000|  0%| F|  |TAMS 0x0000000089000000, 0x0000000089000000| Untracked 
|  89|0x0000000089100000, 0x0000000089100000, 0x0000000089200000|  0%| F|  |TAMS 0x0000000089100000, 0x0000000089100000| Untracked 
|  90|0x0000000089200000, 0x0000000089200000, 0x0000000089300000|  0%| F|  |TAMS 0x0000000089200000, 0x0000000089200000| Untracked 
|  91|0x0000000089300000, 0x0000000089300000, 0x0000000089400000|  0%| F|  |TAMS 0x0000000089300000, 0x0000000089300000| Untracked 
|  92|0x0000000089400000, 0x0000000089400000, 0x0000000089500000|  0%| F|  |TAMS 0x0000000089400000, 0x0000000089400000| Untracked 
|  93|0x0000000089500000, 0x0000000089500000, 0x0000000089600000|  0%| F|  |TAMS 0x0000000089500000, 0x0000000089500000| Untracked 
|  94|0x0000000089600000, 0x0000000089600000, 0x0000000089700000|  0%| F|  |TAMS 0x0000000089600000, 0x0000000089600000| Untracked 
|  95|0x0000000089700000, 0x0000000089700000, 0x0000000089800000|  0%| F|  |TAMS 0x0000000089700000, 0x0000000089700000| Untracked 
|  96|0x0000000089800000, 0x0000000089800000, 0x0000000089900000|  0%| F|  |TAMS 0x0000000089800000, 0x0000000089800000| Untracked 
|  97|0x0000000089900000, 0x0000000089900000, 0x0000000089a00000|  0%| F|  |TAMS 0x0000000089900000, 0x0000000089900000| Untracked 
|  98|0x0000000089a00000, 0x0000000089a00000, 0x0000000089b00000|  0%| F|  |TAMS 0x0000000089a00000, 0x0000000089a00000| Untracked 
|  99|0x0000000089b00000, 0x0000000089b00000, 0x0000000089c00000|  0%| F|  |TAMS 0x0000000089b00000, 0x0000000089b00000| Untracked 
| 100|0x0000000089c00000, 0x0000000089c00000, 0x0000000089d00000|  0%| F|  |TAMS 0x0000000089c00000, 0x0000000089c00000| Untracked 
| 101|0x0000000089d00000, 0x0000000089d00000, 0x0000000089e00000|  0%| F|  |TAMS 0x0000000089d00000, 0x0000000089d00000| Untracked 
| 102|0x0000000089e00000, 0x0000000089e00000, 0x0000000089f00000|  0%| F|  |TAMS 0x0000000089e00000, 0x0000000089e00000| Untracked 
| 103|0x0000000089f00000, 0x0000000089f00000, 0x000000008a000000|  0%| F|  |TAMS 0x0000000089f00000, 0x0000000089f00000| Untracked 
| 104|0x000000008a000000, 0x000000008a000000, 0x000000008a100000|  0%| F|  |TAMS 0x000000008a000000, 0x000000008a000000| Untracked 
| 105|0x000000008a100000, 0x000000008a100000, 0x000000008a200000|  0%| F|  |TAMS 0x000000008a100000, 0x000000008a100000| Untracked 
| 106|0x000000008a200000, 0x000000008a200000, 0x000000008a300000|  0%| F|  |TAMS 0x000000008a200000, 0x000000008a200000| Untracked 
| 107|0x000000008a300000, 0x000000008a300000, 0x000000008a400000|  0%| F|  |TAMS 0x000000008a300000, 0x000000008a300000| Untracked 
| 108|0x000000008a400000, 0x000000008a400000, 0x000000008a500000|  0%| F|  |TAMS 0x000000008a400000, 0x000000008a400000| Untracked 
| 109|0x000000008a500000, 0x000000008a500000, 0x000000008a600000|  0%| F|  |TAMS 0x000000008a500000, 0x000000008a500000| Untracked 
| 110|0x000000008a600000, 0x000000008a600000, 0x000000008a700000|  0%| F|  |TAMS 0x000000008a600000, 0x000000008a600000| Untracked 
| 111|0x000000008a700000, 0x000000008a700000, 0x000000008a800000|  0%| F|  |TAMS 0x000000008a700000, 0x000000008a700000| Untracked 
| 112|0x000000008a800000, 0x000000008a800000, 0x000000008a900000|  0%| F|  |TAMS 0x000000008a800000, 0x000000008a800000| Untracked 
| 113|0x000000008a900000, 0x000000008a900000, 0x000000008aa00000|  0%| F|  |TAMS 0x000000008a900000, 0x000000008a900000| Untracked 
| 114|0x000000008aa00000, 0x000000008aa00000, 0x000000008ab00000|  0%| F|  |TAMS 0x000000008aa00000, 0x000000008aa00000| Untracked 
| 115|0x000000008ab00000, 0x000000008ab00000, 0x000000008ac00000|  0%| F|  |TAMS 0x000000008ab00000, 0x000000008ab00000| Untracked 
| 116|0x000000008ac00000, 0x000000008ac00000, 0x000000008ad00000|  0%| F|  |TAMS 0x000000008ac00000, 0x000000008ac00000| Untracked 
| 117|0x000000008ad00000, 0x000000008ad00000, 0x000000008ae00000|  0%| F|  |TAMS 0x000000008ad00000, 0x000000008ad00000| Untracked 
| 118|0x000000008ae00000, 0x000000008ae00000, 0x000000008af00000|  0%| F|  |TAMS 0x000000008ae00000, 0x000000008ae00000| Untracked 
| 119|0x000000008af00000, 0x000000008af00000, 0x000000008b000000|  0%| F|  |TAMS 0x000000008af00000, 0x000000008af00000| Untracked 
| 120|0x000000008b000000, 0x000000008b000000, 0x000000008b100000|  0%| F|  |TAMS 0x000000008b000000, 0x000000008b000000| Untracked 
| 121|0x000000008b100000, 0x000000008b100000, 0x000000008b200000|  0%| F|  |TAMS 0x000000008b100000, 0x000000008b100000| Untracked 
| 122|0x000000008b200000, 0x000000008b200000, 0x000000008b300000|  0%| F|  |TAMS 0x000000008b200000, 0x000000008b200000| Untracked 
| 123|0x000000008b300000, 0x000000008b300000, 0x000000008b400000|  0%| F|  |TAMS 0x000000008b300000, 0x000000008b300000| Untracked 
| 124|0x000000008b400000, 0x000000008b400000, 0x000000008b500000|  0%| F|  |TAMS 0x000000008b400000, 0x000000008b400000| Untracked 
| 125|0x000000008b500000, 0x000000008b500000, 0x000000008b600000|  0%| F|  |TAMS 0x000000008b500000, 0x000000008b500000| Untracked 

Card table byte_map: [0x00000171f3260000,0x00000171f3650000] _byte_map_base: 0x00000171f2e44000

Marking Bits (Prev, Next): (CMBitMap*) 0x00000171dc326220, (CMBitMap*) 0x00000171dc326260
 Prev Bits: [0x00000171f3a40000, 0x00000171f5960000)
 Next Bits: [0x00000171f5960000, 0x00000171f7880000)

Polling page: 0x00000171dbac0000

Metaspace:

Usage:
  Non-class:      4.26 MB used.
      Class:    645.37 KB used.
       Both:      4.89 MB used.

Virtual space:
  Non-class space:        8.00 MB reserved,       4.38 MB ( 55%) committed,  1 nodes.
      Class space:        1.00 GB reserved,     704.00 KB ( <1%) committed,  1 nodes.
             Both:        1.01 GB reserved,       5.06 MB ( <1%) committed. 

Chunk freelists:
   Non-Class:  2.19 MB
       Class:  3.32 MB
        Both:  5.51 MB

MaxMetaspaceSize: unlimited
CompressedClassSpaceSize: 1.00 GB
Initial GC threshold: 21.00 MB
Current GC threshold: 21.00 MB
CDS: on
MetaspaceReclaimPolicy: balanced
 - commit_granule_bytes: 65536.
 - commit_granule_words: 8192.
 - virtual_space_node_default_size: 1048576.
 - enlarge_chunks_in_place: 1.
 - new_chunks_are_fully_committed: 0.
 - uncommit_free_chunks: 1.
 - use_allocation_guard: 0.
 - handle_deallocations: 1.


Internal statistics:

num_allocs_failed_limit: 0.
num_arena_births: 126.
num_arena_deaths: 0.
num_vsnodes_births: 2.
num_vsnodes_deaths: 0.
num_space_committed: 81.
num_space_uncommitted: 0.
num_chunks_returned_to_freelist: 0.
num_chunks_taken_from_freelist: 299.
num_chunk_merges: 0.
num_chunk_splits: 150.
num_chunks_enlarged: 85.
num_purges: 0.
num_inconsistent_stats: 0.

CodeHeap 'non-profiled nmethods': size=120000Kb used=422Kb max_used=422Kb free=119577Kb
 bounds [0x00000171eb610000, 0x00000171eb880000, 0x00000171f2b40000]
CodeHeap 'profiled nmethods': size=120000Kb used=2038Kb max_used=2038Kb free=117961Kb
 bounds [0x00000171e40e0000, 0x00000171e4350000, 0x00000171eb610000]
CodeHeap 'non-nmethods': size=5760Kb used=1163Kb max_used=1191Kb free=4596Kb
 bounds [0x00000171e3b40000, 0x00000171e3db0000, 0x00000171e40e0000]
 total_blobs=1606 nmethods=1163 adapters=356
 compilation: enabled
              stopped_count=0, restarted_count=0
 full_count=0

Compilation events (20 events):
Event: 0.946 Thread 0x00000171fa27a210 1165 %     3       renderer.Camera::renderImage @ 109 (155 bytes)
Event: 0.947 Thread 0x00000171fa27a210 nmethod 1165% 0x00000171e42dbb10 code [0x00000171e42dbd80, 0x00000171e42dc6e8]
Event: 0.948 Thread 0x00000171fa27a210 1166       3       renderer.Camera::renderImage (155 bytes)
Event: 0.949 Thread 0x00000171fa27a210 nmethod 1166 0x00000171e42dca90 code [0x00000171e42dcd00, 0x00000171e42dd5c8]
Event: 0.953 Thread 0x00000171fa26e260 nmethod 1146 0x00000171eb670710 code [0x00000171eb6709c0, 0x00000171eb672368]
Event: 0.953 Thread 0x00000171fa26e260 1158       4       renderer.ImageWriter::writePixel (17 bytes)
Event: 0.959 Thread 0x00000171fa26e260 nmethod 1158 0x00000171eb674190 code [0x00000171eb674360, 0x00000171eb674808]
Event: 0.959 Thread 0x00000171fa26e260 1159       4       primitives.Color::getColor (77 bytes)
Event: 0.962 Thread 0x00000171fa26e260 nmethod 1159 0x00000171eb674e90 code [0x00000171eb675020, 0x00000171eb675298]
Event: 0.962 Thread 0x00000171fa26e260 1160       4       java.awt.image.BufferedImage::setRGB (19 bytes)
Event: 0.964 Thread 0x00000171fb0576e0 nmethod 1153 0x00000171eb675510 code [0x00000171eb675720, 0x00000171eb675f08]
Event: 0.964 Thread 0x00000171fb0576e0 1161       4       java.awt.image.DirectColorModel::getDataElements (928 bytes)
Event: 0.965 Thread 0x00000171fa26e260 nmethod 1160 0x00000171eb676b90 code [0x00000171eb676d40, 0x00000171eb677048]
Event: 0.965 Thread 0x00000171fa26e260 1154       4       java.util.AbstractSequentialList::iterator (5 bytes)
Event: 0.967 Thread 0x00000171fa26e260 nmethod 1154 0x00000171eb677390 code [0x00000171eb677520, 0x00000171eb6776f8]
Event: 0.967 Thread 0x00000171fa26e260 1156       4       java.util.LinkedList::node (65 bytes)
Event: 0.968 Thread 0x00000171fa26e260 nmethod 1156 0x00000171eb677890 code [0x00000171eb677a00, 0x00000171eb677ab8]
Event: 0.969 Thread 0x00000171fb0576e0 nmethod 1161 0x00000171eb677b90 code [0x00000171eb677d40, 0x00000171eb678198]
Event: 0.970 Thread 0x00000171fb0576e0 1167 %     4       renderer.Camera::renderImage @ 109 (155 bytes)
Event: 0.980 Thread 0x00000171fb0576e0 nmethod 1167% 0x00000171eb678610 code [0x00000171eb678800, 0x00000171eb679088]

GC Heap History (11 events):
Event: 0.815 GC heap before
{Heap before GC invocations=0 (full 0):
 garbage-first heap   total 129024K, used 27648K [0x0000000083800000, 0x0000000100000000)
  region size 1024K, 23 young (23552K), 0 survivors (0K)
 Metaspace       used 5006K, committed 5120K, reserved 1056768K
  class space    used 645K, committed 704K, reserved 1048576K
}
Event: 0.819 GC heap after
{Heap after GC invocations=1 (full 0):
 garbage-first heap   total 129024K, used 6229K [0x0000000083800000, 0x0000000100000000)
  region size 1024K, 3 young (3072K), 3 survivors (3072K)
 Metaspace       used 5006K, committed 5120K, reserved 1056768K
  class space    used 645K, committed 704K, reserved 1048576K
}
Event: 0.842 GC heap before
{Heap before GC invocations=1 (full 0):
 garbage-first heap   total 129024K, used 41045K [0x0000000083800000, 0x0000000100000000)
  region size 1024K, 37 young (37888K), 3 survivors (3072K)
 Metaspace       used 5008K, committed 5184K, reserved 1056768K
  class space    used 645K, committed 704K, reserved 1048576K
}
Event: 0.845 GC heap after
{Heap after GC invocations=2 (full 0):
 garbage-first heap   total 129024K, used 6276K [0x0000000083800000, 0x0000000100000000)
  region size 1024K, 3 young (3072K), 3 survivors (3072K)
 Metaspace       used 5008K, committed 5184K, reserved 1056768K
  class space    used 645K, committed 704K, reserved 1048576K
}
Event: 0.915 GC heap before
{Heap before GC invocations=2 (full 0):
 garbage-first heap   total 129024K, used 80004K [0x0000000083800000, 0x0000000100000000)
  region size 1024K, 75 young (76800K), 3 survivors (3072K)
 Metaspace       used 5008K, committed 5184K, reserved 1056768K
  class space    used 645K, committed 704K, reserved 1048576K
}
Event: 0.918 GC heap after
{Heap after GC invocations=3 (full 0):
 garbage-first heap   total 129024K, used 6275K [0x0000000083800000, 0x0000000100000000)
  region size 1024K, 3 young (3072K), 3 survivors (3072K)
 Metaspace       used 5008K, committed 5184K, reserved 1056768K
  class space    used 645K, committed 704K, reserved 1048576K
}
Event: 0.956 GC heap before
{Heap before GC invocations=3 (full 0):
 garbage-first heap   total 129024K, used 80003K [0x0000000083800000, 0x0000000100000000)
  region size 1024K, 75 young (76800K), 3 survivors (3072K)
 Metaspace       used 5009K, committed 5184K, reserved 1056768K
  class space    used 645K, committed 704K, reserved 1048576K
}
Event: 0.959 GC heap after
{Heap after GC invocations=4 (full 0):
 garbage-first heap   total 129024K, used 6274K [0x0000000083800000, 0x0000000100000000)
  region size 1024K, 3 young (3072K), 3 survivors (3072K)
 Metaspace       used 5009K, committed 5184K, reserved 1056768K
  class space    used 645K, committed 704K, reserved 1048576K
}
Event: 0.976 GC heap before
{Heap before GC invocations=4 (full 0):
 garbage-first heap   total 129024K, used 80002K [0x0000000083800000, 0x0000000100000000)
  region size 1024K, 75 young (76800K), 3 survivors (3072K)
 Metaspace       used 5009K, committed 5184K, reserved 1056768K
  class space    used 645K, committed 704K, reserved 1048576K
}
Event: 0.979 GC heap after
{Heap after GC invocations=5 (full 0):
 garbage-first heap   total 129024K, used 6405K [0x0000000083800000, 0x0000000100000000)
  region size 1024K, 3 young (3072K), 3 survivors (3072K)
 Metaspace       used 5009K, committed 5184K, reserved 1056768K
  class space    used 645K, committed 704K, reserved 1048576K
}
Event: 0.991 GC heap before
{Heap before GC invocations=5 (full 0):
 garbage-first heap   total 129024K, used 80133K [0x0000000083800000, 0x0000000100000000)
  region size 1024K, 75 young (76800K), 3 survivors (3072K)
 Metaspace       used 5009K, committed 5184K, reserved 1056768K
  class space    used 645K, committed 704K, reserved 1048576K
}

Deoptimization events (20 events):
Event: 0.718 Thread 0x00000171dc2e6610 Uncommon trap: trap_request=0xffffffde fr.pc=0x00000171eb6563b4 relative=0x0000000000000114
Event: 0.718 Thread 0x00000171dc2e6610 Uncommon trap: reason=class_check action=maybe_recompile pc=0x00000171eb6563b4 method=jdk.internal.misc.Unsafe.allocateUninitializedArray(Ljava/lang/Class;I)Ljava/lang/Object; @ 51 c2
Event: 0.718 Thread 0x00000171dc2e6610 DEOPT PACKING pc=0x00000171eb6563b4 sp=0x0000003ad11fc4c0
Event: 0.718 Thread 0x00000171dc2e6610 DEOPT UNPACKING pc=0x00000171e3b95c23 sp=0x0000003ad11fc448 mode 2
Event: 0.718 Thread 0x00000171dc2e6610 Uncommon trap: trap_request=0xffffffde fr.pc=0x00000171eb6563b4 relative=0x0000000000000114
Event: 0.718 Thread 0x00000171dc2e6610 Uncommon trap: reason=class_check action=maybe_recompile pc=0x00000171eb6563b4 method=jdk.internal.misc.Unsafe.allocateUninitializedArray(Ljava/lang/Class;I)Ljava/lang/Object; @ 51 c2
Event: 0.718 Thread 0x00000171dc2e6610 DEOPT PACKING pc=0x00000171eb6563b4 sp=0x0000003ad11fc4c0
Event: 0.718 Thread 0x00000171dc2e6610 DEOPT UNPACKING pc=0x00000171e3b95c23 sp=0x0000003ad11fc448 mode 2
Event: 0.733 Thread 0x00000171dc2e6610 Uncommon trap: trap_request=0xffffff45 fr.pc=0x00000171eb63abc8 relative=0x0000000000000048
Event: 0.733 Thread 0x00000171dc2e6610 Uncommon trap: reason=unstable_if action=reinterpret pc=0x00000171eb63abc8 method=java.lang.CharacterData.of(I)Ljava/lang/CharacterData; @ 4 c2
Event: 0.733 Thread 0x00000171dc2e6610 DEOPT PACKING pc=0x00000171eb63abc8 sp=0x0000003ad11fb8e0
Event: 0.733 Thread 0x00000171dc2e6610 DEOPT UNPACKING pc=0x00000171e3b95c23 sp=0x0000003ad11fb880 mode 2
Event: 0.734 Thread 0x00000171dc2e6610 Uncommon trap: trap_request=0xffffff45 fr.pc=0x00000171eb6185ac relative=0x00000000000001ac
Event: 0.734 Thread 0x00000171dc2e6610 Uncommon trap: reason=unstable_if action=reinterpret pc=0x00000171eb6185ac method=java.lang.String.isLatin1()Z @ 10 c2
Event: 0.734 Thread 0x00000171dc2e6610 DEOPT PACKING pc=0x00000171eb6185ac sp=0x0000003ad11fc150
Event: 0.734 Thread 0x00000171dc2e6610 DEOPT UNPACKING pc=0x00000171e3b95c23 sp=0x0000003ad11fc080 mode 2
Event: 0.735 Thread 0x00000171dc2e6610 DEOPT PACKING pc=0x00000171e416debe sp=0x0000003ad11fbb60
Event: 0.735 Thread 0x00000171dc2e6610 DEOPT UNPACKING pc=0x00000171e3b96763 sp=0x0000003ad11fafd8 mode 0
Event: 0.980 Thread 0x00000171dc2e6610 DEOPT PACKING pc=0x00000171e42dc5c5 sp=0x0000003ad11fc370
Event: 0.980 Thread 0x00000171dc2e6610 DEOPT UNPACKING pc=0x00000171e3b96763 sp=0x0000003ad11fb880 mode 0

Classes unloaded (0 events):
No events

Classes redefined (0 events):
No events

Internal exceptions (20 events):
Event: 0.615 Thread 0x00000171dc2e6610 Exception <a 'java/lang/IncompatibleClassChangeError'{0x000000008ab275b0}: Found class java.lang.Object, but interface was expected> (0x000000008ab275b0) 
thrown [t:\workspace\open\src\hotspot\share\interpreter\linkResolver.cpp, line 833]
Event: 0.623 Thread 0x00000171dc2e6610 Exception <a 'java/lang/NoSuchMethodError'{0x000000008ab5fb28}: 'void java.lang.invoke.DirectMethodHandle$Holder.invokeInterface(java.lang.Object, java.lang.Object, java.lang.Object)'> (0x000000008ab5fb28) 
thrown [t:\workspace\open\src\hotspot\share\interpreter\linkResolver.cpp, line 766]
Event: 0.624 Thread 0x00000171dc2e6610 Exception <a 'java/lang/IncompatibleClassChangeError'{0x000000008ab63190}: Found class java.lang.Object, but interface was expected> (0x000000008ab63190) 
thrown [t:\workspace\open\src\hotspot\share\interpreter\linkResolver.cpp, line 833]
Event: 0.630 Thread 0x00000171dc2e6610 Exception <a 'java/lang/NoSuchMethodError'{0x000000008ab7f5e0}: 'java.lang.Object java.lang.invoke.DirectMethodHandle$Holder.invokeStatic(java.lang.Object, java.lang.Object, int)'> (0x000000008ab7f5e0) 
thrown [t:\workspace\open\src\hotspot\share\interpreter\linkResolver.cpp, line 766]
Event: 0.638 Thread 0x00000171dc2e6610 Exception <a 'java/lang/NoSuchMethodError'{0x000000008abd03b8}: 'void java.lang.invoke.DirectMethodHandle$Holder.invokeSpecial(java.lang.Object, java.lang.Object, java.lang.Object, java.lang.Object, java.lang.Object)'> (0x000000008abd03b8) 
thrown [t:\workspace\open\src\hotspot\share\interpreter\linkResolver.cpp, line 766]
Event: 0.647 Thread 0x00000171dc2e6610 Exception <a 'java/lang/NoSuchMethodError'{0x000000008aa1c240}: 'void java.lang.invoke.DirectMethodHandle$Holder.invokeInterface(java.lang.Object, java.lang.Object, java.lang.Object, java.lang.Object)'> (0x000000008aa1c240) 
thrown [t:\workspace\open\src\hotspot\share\interpreter\linkResolver.cpp, line 766]
Event: 0.647 Thread 0x00000171dc2e6610 Exception <a 'java/lang/IncompatibleClassChangeError'{0x000000008aa1fb68}: Found class java.lang.Object, but interface was expected> (0x000000008aa1fb68) 
thrown [t:\workspace\open\src\hotspot\share\interpreter\linkResolver.cpp, line 833]
Event: 0.649 Thread 0x00000171dc2e6610 Exception <a 'java/lang/NoSuchMethodError'{0x000000008aa351f0}: 'void java.lang.invoke.DirectMethodHandle$Holder.invokeStatic(java.lang.Object, java.lang.Object, java.lang.Object, java.lang.Object)'> (0x000000008aa351f0) 
thrown [t:\workspace\open\src\hotspot\share\interpreter\linkResolver.cpp, line 766]
Event: 0.651 Thread 0x00000171dc2e6610 Exception <a 'java/lang/NoSuchMethodError'{0x000000008aa4be70}: 'java.lang.Object java.lang.invoke.DirectMethodHandle$Holder.newInvokeSpecial(java.lang.Object, java.lang.Object, int)'> (0x000000008aa4be70) 
thrown [t:\workspace\open\src\hotspot\share\interpreter\linkResolver.cpp, line 766]
Event: 0.665 Thread 0x00000171dc2e6610 Exception <a 'java/lang/NoSuchMethodError'{0x000000008aad2778}: 'java.lang.Object java.lang.invoke.Invokers$Holder.invokeExact_MT(java.lang.Object, java.lang.Object, java.lang.Object, java.lang.Object, java.lang.Object, java.lang.Object)'> (0x000000008aad2778) 
thrown [t:\workspace\open\src\hotspot\share\interpreter\linkResolver.cpp, line 766]
Event: 0.666 Thread 0x00000171dc2e6610 Exception <a 'java/lang/NoSuchMethodError'{0x000000008aae24e8}: 'int java.lang.invoke.DirectMethodHandle$Holder.invokeStatic(java.lang.Object, java.lang.Object, java.lang.Object, java.lang.Object, java.lang.Object)'> (0x000000008aae24e8) 
thrown [t:\workspace\open\src\hotspot\share\interpreter\linkResolver.cpp, line 766]
Event: 0.672 Thread 0x00000171dc2e6610 Exception <a 'java/lang/NoSuchMethodError'{0x000000008a920368}: 'void java.lang.invoke.DirectMethodHandle$Holder.invokeStaticInit(java.lang.Object)'> (0x000000008a920368) 
thrown [t:\workspace\open\src\hotspot\share\interpreter\linkResolver.cpp, line 766]
Event: 0.688 Thread 0x00000171dc2e6610 Exception <a 'java/lang/NoSuchMethodError'{0x000000008a9fb748}: 'int java.lang.invoke.DirectMethodHandle$Holder.invokeStaticInit(java.lang.Object, java.lang.Object)'> (0x000000008a9fb748) 
thrown [t:\workspace\open\src\hotspot\share\interpreter\linkResolver.cpp, line 766]
Event: 0.714 Thread 0x00000171dc2e6610 Exception <a 'java/lang/NoSuchMethodError'{0x000000008a8eb020}: 'java.lang.Object java.lang.invoke.DirectMethodHandle$Holder.newInvokeSpecial(java.lang.Object, java.lang.Object, java.lang.Object, java.lang.Object, java.lang.Object, java.lang.Object, java.lang.Object)'> (0x000000008a8eb020) 
thrown [t:\workspace\open\src\hotspot\share\interpreter\linkResolver.cpp, line 766]
Event: 0.715 Thread 0x00000171dc2e6610 Exception <a 'java/lang/NoSuchMethodError'{0x000000008a8f01b8}: 'java.lang.Object java.lang.invoke.Invokers$Holder.linkToTargetMethod(java.lang.Object, java.lang.Object, java.lang.Object, java.lang.Object, java.lang.Object, java.lang.Object, java.lang.Object)'> (0x000000008a8f01b8) 
thrown [t:\workspace\open\src\hotspot\share\interpreter\linkResolver.cpp, line 766]
Event: 0.715 Thread 0x00000171dc2e6610 Exception <a 'java/lang/NoSuchMethodError'{0x000000008a8f6680}: 'java.lang.Object java.lang.invoke.DirectMethodHandle$Holder.invokeInterface(java.lang.Object, java.lang.Object, java.lang.Object, java.lang.Object, java.lang.Object)'> (0x000000008a8f6680) 
thrown [t:\workspace\open\src\hotspot\share\interpreter\linkResolver.cpp, line 766]
Event: 0.716 Thread 0x00000171dc2e6610 Exception <a 'java/lang/IncompatibleClassChangeError'{0x000000008a8fa478}: Found class java.lang.Object, but interface was expected> (0x000000008a8fa478) 
thrown [t:\workspace\open\src\hotspot\share\interpreter\linkResolver.cpp, line 833]
Event: 0.745 Thread 0x00000171dc2e6610 Exception <a 'java/lang/ClassNotFoundException'{0x000000008a7b4110}: sun/awt/resources/spi/awtProvider> (0x000000008a7b4110) 
thrown [t:\workspace\open\src\hotspot\share\classfile\systemDictionary.cpp, line 256]
Event: 0.770 Thread 0x00000171dc2e6610 Exception <a 'java/io/FileNotFoundException'{0x000000008a7f9ef0}> (0x000000008a7f9ef0) 
thrown [t:\workspace\open\src\hotspot\share\prims\jni.cpp, line 516]
Event: 0.775 Thread 0x00000171dc2e6610 Exception <a 'java/io/FileNotFoundException'{0x000000008a6277e8}> (0x000000008a6277e8) 
thrown [t:\workspace\open\src\hotspot\share\prims\jni.cpp, line 516]

VM Operations (17 events):
Event: 0.232 Executing VM operation: HandshakeAllThreads
Event: 0.232 Executing VM operation: HandshakeAllThreads done
Event: 0.719 Executing VM operation: HandshakeAllThreads
Event: 0.719 Executing VM operation: HandshakeAllThreads done
Event: 0.733 Executing VM operation: HandshakeAllThreads
Event: 0.733 Executing VM operation: HandshakeAllThreads done
Event: 0.815 Executing VM operation: G1CollectForAllocation
Event: 0.819 Executing VM operation: G1CollectForAllocation done
Event: 0.842 Executing VM operation: G1CollectForAllocation
Event: 0.845 Executing VM operation: G1CollectForAllocation done
Event: 0.915 Executing VM operation: G1CollectForAllocation
Event: 0.918 Executing VM operation: G1CollectForAllocation done
Event: 0.956 Executing VM operation: G1CollectForAllocation
Event: 0.959 Executing VM operation: G1CollectForAllocation done
Event: 0.976 Executing VM operation: G1CollectForAllocation
Event: 0.979 Executing VM operation: G1CollectForAllocation done
Event: 0.991 Executing VM operation: G1CollectForAllocation

Events (20 events):
Event: 0.791 loading class java/awt/image/SinglePixelPackedSampleModel done
Event: 0.791 loading class sun/awt/image/IntegerInterleavedRaster
Event: 0.792 loading class sun/awt/image/IntegerComponentRaster
Event: 0.792 loading class sun/awt/image/IntegerComponentRaster done
Event: 0.792 loading class sun/awt/image/IntegerInterleavedRaster done
Event: 0.792 loading class sun/awt/image/NativeLibLoader
Event: 0.792 loading class sun/awt/image/NativeLibLoader done
Event: 0.792 loading class sun/awt/image/NativeLibLoader$1
Event: 0.792 loading class sun/awt/image/NativeLibLoader$1 done
Event: 0.793 loading class java/awt/Rectangle
Event: 0.793 loading class java/awt/Shape
Event: 0.793 loading class java/awt/Shape done
Event: 0.793 loading class java/awt/geom/Rectangle2D
Event: 0.794 loading class java/awt/geom/RectangularShape
Event: 0.794 loading class java/awt/geom/RectangularShape done
Event: 0.794 loading class java/awt/geom/Rectangle2D done
Event: 0.794 loading class java/awt/Rectangle done
Event: 0.795 loading class java/util/LinkedList$ListItr
Event: 0.795 loading class java/util/LinkedList$ListItr done
Event: 0.838 Thread 0x00000171fae27d10 Thread added: 0x00000171fae27d10


Dynamic libraries:
0x00007ff7aa4b0000 - 0x00007ff7aa4c0000 	C:\Program Files\Java\jdk-17.0.2\bin\java.exe
0x00007fff89000000 - 0x00007fff89209000 	C:\WINDOWS\SYSTEM32\ntdll.dll
0x00007fff5bd70000 - 0x00007fff5bd86000 	C:\Program Files\Avast Software\Avast\aswhook.dll
0x00007fff87ed0000 - 0x00007fff87f8d000 	C:\WINDOWS\System32\KERNEL32.DLL
0x00007fff86680000 - 0x00007fff869f4000 	C:\WINDOWS\System32\KERNELBASE.dll
0x00007fff86a00000 - 0x00007fff86b11000 	C:\WINDOWS\System32\ucrtbase.dll
0x00007fff7d760000 - 0x00007fff7d778000 	C:\Program Files\Java\jdk-17.0.2\bin\jli.dll
0x00007fff7d740000 - 0x00007fff7d75a000 	C:\Program Files\Java\jdk-17.0.2\bin\VCRUNTIME140.dll
0x00007fff87d70000 - 0x00007fff87e1e000 	C:\WINDOWS\System32\ADVAPI32.dll
0x00007fff86ea0000 - 0x00007fff86f43000 	C:\WINDOWS\System32\msvcrt.dll
0x00007fff87780000 - 0x00007fff8781e000 	C:\WINDOWS\System32\sechost.dll
0x00007fff88ea0000 - 0x00007fff88fc0000 	C:\WINDOWS\System32\RPCRT4.dll
0x00007fff87a60000 - 0x00007fff87c0c000 	C:\WINDOWS\System32\USER32.dll
0x00007fff86590000 - 0x00007fff865b6000 	C:\WINDOWS\System32\win32u.dll
0x00007fff70aa0000 - 0x00007fff70d45000 	C:\WINDOWS\WinSxS\amd64_microsoft.windows.common-controls_6595b64144ccf1df_6.0.22000.120_none_9d947278b86cc467\COMCTL32.dll
0x00007fff872e0000 - 0x00007fff87309000 	C:\WINDOWS\System32\GDI32.dll
0x00007fff86d80000 - 0x00007fff86e92000 	C:\WINDOWS\System32\gdi32full.dll
0x00007fff864f0000 - 0x00007fff8658d000 	C:\WINDOWS\System32\msvcp_win.dll
0x00007fff7cff0000 - 0x00007fff7cffa000 	C:\WINDOWS\SYSTEM32\VERSION.dll
0x00007fff87d10000 - 0x00007fff87d41000 	C:\WINDOWS\System32\IMM32.DLL
0x00007fff7eb20000 - 0x00007fff7eb2c000 	C:\Program Files\Java\jdk-17.0.2\bin\vcruntime140_1.dll
0x00007fff6b470000 - 0x00007fff6b4fd000 	C:\Program Files\Java\jdk-17.0.2\bin\msvcp140.dll
0x00007fff0d750000 - 0x00007fff0e311000 	C:\Program Files\Java\jdk-17.0.2\bin\server\jvm.dll
0x00007fff87c20000 - 0x00007fff87c28000 	C:\WINDOWS\System32\PSAPI.DLL
0x00007fff7d660000 - 0x00007fff7d693000 	C:\WINDOWS\SYSTEM32\WINMM.dll
0x00007fff6d980000 - 0x00007fff6d989000 	C:\WINDOWS\SYSTEM32\WSOCK32.dll
0x00007fff88620000 - 0x00007fff8868f000 	C:\WINDOWS\System32\WS2_32.dll
0x00007fff856e0000 - 0x00007fff856f8000 	C:\WINDOWS\SYSTEM32\kernel.appcore.dll
0x00007fff7d730000 - 0x00007fff7d73a000 	C:\Program Files\Java\jdk-17.0.2\bin\jimage.dll
0x00007fff841e0000 - 0x00007fff84401000 	C:\WINDOWS\SYSTEM32\DBGHELP.DLL
0x00007fff74bf0000 - 0x00007fff74c21000 	C:\WINDOWS\SYSTEM32\dbgcore.DLL
0x00007fff86d00000 - 0x00007fff86d7f000 	C:\WINDOWS\System32\bcryptPrimitives.dll
0x00007fff6fd20000 - 0x00007fff6fd2e000 	C:\Program Files\Java\jdk-17.0.2\bin\instrument.dll
0x00007fff6d340000 - 0x00007fff6d365000 	C:\Program Files\Java\jdk-17.0.2\bin\java.dll
0x00007fff65b30000 - 0x00007fff65c06000 	C:\Program Files\Java\jdk-17.0.2\bin\jsvml.dll
0x00007fff88690000 - 0x00007fff88e3f000 	C:\WINDOWS\System32\SHELL32.dll
0x00007fff84670000 - 0x00007fff84ed8000 	C:\WINDOWS\SYSTEM32\windows.storage.dll
0x00007fff88280000 - 0x00007fff885f8000 	C:\WINDOWS\System32\combase.dll
0x00007fff84500000 - 0x00007fff84666000 	C:\WINDOWS\SYSTEM32\wintypes.dll
0x00007fff87150000 - 0x00007fff8723a000 	C:\WINDOWS\System32\SHCORE.dll
0x00007fff870f0000 - 0x00007fff8714d000 	C:\WINDOWS\System32\shlwapi.dll
0x00007fff86420000 - 0x00007fff86441000 	C:\WINDOWS\SYSTEM32\profapi.dll
0x00007fff6d300000 - 0x00007fff6d318000 	C:\Program Files\Java\jdk-17.0.2\bin\zip.dll
0x00007fff6f970000 - 0x00007fff6f989000 	C:\Program Files\Java\jdk-17.0.2\bin\net.dll
0x00007fff7c600000 - 0x00007fff7c70c000 	C:\WINDOWS\SYSTEM32\WINHTTP.dll
0x00007fff85b10000 - 0x00007fff85b77000 	C:\WINDOWS\system32\mswsock.dll
0x00007fff6d320000 - 0x00007fff6d336000 	C:\Program Files\Java\jdk-17.0.2\bin\nio.dll
0x00007fff6d160000 - 0x00007fff6d17a000 	C:\Program Files\JetBrains\IntelliJ IDEA Community Edition 2021.3.2\bin\breakgen64.dll
0x00007fff5b0d0000 - 0x00007fff5b25f000 	C:\Program Files\Java\jdk-17.0.2\bin\awt.dll
0x00007fff87c30000 - 0x00007fff87d06000 	C:\WINDOWS\System32\OLEAUT32.dll
0x00007fff7feb0000 - 0x00007fff7ff41000 	C:\WINDOWS\SYSTEM32\apphelp.dll

dbghelp: loaded successfully - version: 4.0.5 - missing functions: none
symbol engine: initialized successfully - sym options: 0x614 - pdb path: .;C:\Program Files\Java\jdk-17.0.2\bin;C:\WINDOWS\SYSTEM32;C:\Program Files\Avast Software\Avast;C:\WINDOWS\WinSxS\amd64_microsoft.windows.common-controls_6595b64144ccf1df_6.0.22000.120_none_9d947278b86cc467;C:\Program Files\Java\jdk-17.0.2\bin\server;C:\Program Files\JetBrains\IntelliJ IDEA Community Edition 2021.3.2\bin

VM Arguments:
jvm_args: -ea -Didea.test.cyclic.buffer.size=1048576 -javaagent:C:\Program Files\JetBrains\IntelliJ IDEA Community Edition 2021.3.2\lib\idea_rt.jar=54741:C:\Program Files\JetBrains\IntelliJ IDEA Community Edition 2021.3.2\bin -Dfile.encoding=UTF-8 
java_command: com.intellij.rt.junit.JUnitStarter -ideVersion5 -junit5 renderer.RenderTests,basicRenderMultiColorTest
java_class_path (initial): C:\Users\Kaplan\.m2\repository\org\junit\platform\junit-platform-launcher\1.8.2\junit-platform-launcher-1.8.2.jar;C:\Users\Kaplan\.m2\repository\org\junit\platform\junit-platform-engine\1.8.2\junit-platform-engine-1.8.2.jar;C:\Users\Kaplan\.m2\repository\org\opentest4j\opentest4j\1.2.0\opentest4j-1.2.0.jar;C:\Users\Kaplan\.m2\repository\org\junit\platform\junit-platform-commons\1.8.2\junit-platform-commons-1.8.2.jar;C:\Users\Kaplan\.m2\repository\org\apiguardian\apiguardian-api\1.1.2\apiguardian-api-1.1.2.jar;C:\Program Files\JetBrains\IntelliJ IDEA Community Edition 2021.3.2\lib\idea_rt.jar;C:\Program Files\JetBrains\IntelliJ IDEA Community Edition 2021.3.2\plugins\junit\lib\junit5-rt.jar;C:\Program Files\JetBrains\IntelliJ IDEA Community Edition 2021.3.2\plugins\junit\lib\junit-rt.jar;C:\Users\Kaplan\IdeaProjects\ISE5782_9463_4853\out\test\ISE5782_9463_4853;C:\Users\Kaplan\IdeaProjects\ISE5782_9463_4853\out\production\ISE5782_9463_4853;C:\Users\Kaplan\IdeaProjects\ISE5782_9463_4853\lib\junit-jupiter-5.8.2.jar;C:\Users\Kaplan\IdeaProjects\ISE5782_9463_4853\lib\junit-jupiter-api-5.8.2.jar;C:\Users\Kaplan\IdeaProjects\ISE5782_9463_4853\lib\opentest4j-1.2.0.jar;C:\Users\Kaplan\IdeaProjects\ISE5782_9463_4853\lib\junit-platform-commons-1.8.2.jar;C:\Users\Kaplan\IdeaProjects\ISE5782_9463_4853\lib\apiguardian-api-1.1.2.jar;C:\Users\Kaplan\IdeaProjects\ISE5782_9463_4853\lib\junit-jupiter-params-5.8.2.jar;C:\Users\Kaplan\IdeaProjects\ISE5782_9463_4853\lib\junit-jupiter-engine-5.8.2.jar;C:\Users\Kaplan\IdeaProjects\ISE5782_9463_4853\lib\junit-platform-engine-1.8.2.jar
Launcher Type: SUN_STANDARD

[Global flags]
     intx CICompilerCount                          = 4                                         {product} {ergonomic}
     uint ConcGCThreads                            = 2                                         {product} {ergonomic}
     uint G1ConcRefinementThreads                  = 8                                         {product} {ergonomic}
   size_t G1HeapRegionSize                         = 1048576                                   {product} {ergonomic}
    uintx GCDrainStackTargetSize                   = 64                                        {product} {ergonomic}
   size_t InitialHeapSize                          = 132120576                                 {product} {ergonomic}
   size_t MarkStackSize                            = 4194304                                   {product} {ergonomic}
   size_t MaxHeapSize                              = 2088763392                                {product} {ergonomic}
   size_t MaxNewSize                               = 1253048320                                {product} {ergonomic}
   size_t MinHeapDeltaBytes                        = 1048576                                   {product} {ergonomic}
   size_t MinHeapSize                              = 8388608                                   {product} {ergonomic}
    uintx NonNMethodCodeHeapSize                   = 5839372                                {pd product} {ergonomic}
    uintx NonProfiledCodeHeapSize                  = 122909434                              {pd product} {ergonomic}
    uintx ProfiledCodeHeapSize                     = 122909434                              {pd product} {ergonomic}
    uintx ReservedCodeCacheSize                    = 251658240                              {pd product} {ergonomic}
     bool SegmentedCodeCache                       = true                                      {product} {ergonomic}
   size_t SoftMaxHeapSize                          = 2088763392                             {manageable} {ergonomic}
     bool UseCompressedClassPointers               = true                           {product lp64_product} {ergonomic}
     bool UseCompressedOops                        = true                           {product lp64_product} {ergonomic}
     bool UseG1GC                                  = true                                      {product} {ergonomic}
     bool UseLargePagesIndividualAllocation        = false                                  {pd product} {ergonomic}

Logging:
Log output configuration:
 #0: stdout all=warning uptime,level,tags
 #1: stderr all=off uptime,level,tags

Environment Variables:
JAVA_HOME=C:\Program Files\Java\jdk-17.0.2
PATH=C:\Program Files\Java\jdk-17.0.2\bin;C:\WINDOWS\system32;C:\WINDOWS;C:\WINDOWS\System32\Wbem;C:\WINDOWS\System32\WindowsPowerShell\v1.0\;C:\WINDOWS\System32\OpenSSH\;C:\Program Files\dotnet\;C:\Program Files\Git\cmd;C:\Program Files (x86)\dotnet\;C:\Users\Kaplan\AppData\Local\Microsoft\WindowsApps;C:\Users\Kaplan\.dotnet\tools;
USERNAME=Kaplan
OS=Windows_NT
PROCESSOR_IDENTIFIER=Intel64 Family 6 Model 126 Stepping 5, GenuineIntel



---------------  S Y S T E M  ---------------

OS:
 Windows 11 , 64 bit Build 22000 (10.0.22000.613)
OS uptime: 0 days 19:08 hours

CPU: total 8 (initial active 8) (4 cores per cpu, 2 threads per core) family 6 model 126 stepping 5 microcode 0x86, cx8, cmov, fxsr, ht, mmx, 3dnowpref, sse, sse2, sse3, ssse3, sse4.1, sse4.2, popcnt, lzcnt, tsc, tscinvbit, avx, avx2, aes, erms, clmul, bmi1, bmi2, adx, avx512f, avx512dq, avx512cd, avx512bw, avx512vl, sha, fma, vzeroupper, avx512_vpopcntdq, avx512_vpclmulqdq, avx512_vaes, avx512_vnni, clflush, clflushopt, avx512_vbmi2, avx512_vbmi

Memory: 4k page, system-wide physical 7967M (807M free)
TotalPageFile size 10015M (AvailPageFile size 41M)
current process WorkingSet (physical memory assigned to process): 139M, peak: 139M
current process commit charge ("private bytes"): 231M, peak: 351M

vm_info: Java HotSpot(TM) 64-Bit Server VM (17.0.2+8-LTS-86) for windows-amd64 JRE (17.0.2+8-LTS-86), built on Dec  7 2021 21:51:03 by "mach5one" with MS VC++ 16.8 / 16.9 (VS2019)

END.
