#
# There is insufficient memory for the Java Runtime Environment to continue.
# Native memory allocation (malloc) failed to allocate 32744 bytes for ChunkPool::allocate
# Possible reasons:
#   The system is out of physical RAM or swap space
#   The process is running with CompressedOops enabled, and the Java Heap may be blocking the growth of the native heap
# Possible solutions:
#   Reduce memory load on the system
#   Increase physical memory or swap space
#   Check if swap backing store is full
#   Decrease Java heap size (-Xmx/-Xms)
#   Decrease number of Java threads
#   Decrease Java thread stack sizes (-Xss)
#   Set larger code cache with -XX:ReservedCodeCacheSize=
#   JVM is running with Unscaled Compressed Oops mode in which the Java heap is
#     placed in the first 4GB address space. The Java Heap base address is the
#     maximum limit for the native heap growth. Please use -XX:HeapBaseMinAddress
#     to set the Java Heap base and to place the Java Heap above 4GB virtual address.
# This output file may be truncated or incomplete.
#
#  Out of Memory Error (arena.cpp:78), pid=1652, tid=4364
#
# JRE version: Java(TM) SE Runtime Environment (17.0.2+8) (build 17.0.2+8-LTS-86)
# Java VM: Java HotSpot(TM) 64-Bit Server VM (17.0.2+8-LTS-86, mixed mode, tiered, compressed oops, compressed class ptrs, g1 gc, windows-amd64)
# No core dump will be written. Minidumps are not enabled by default on client versions of Windows
#

---------------  S U M M A R Y ------------

Command Line: -ea -Didea.test.cyclic.buffer.size=1048576 -javaagent:C:\Program Files\JetBrains\IntelliJ IDEA Community Edition 2021.3.2\lib\idea_rt.jar=57906:C:\Program Files\JetBrains\IntelliJ IDEA Community Edition 2021.3.2\bin -Dfile.encoding=UTF-8 com.intellij.rt.junit.JUnitStarter -ideVersion5 -junit5 renderer.ReflectionRefractionTests,twoSpheresOnMirrors

Host: Intel(R) Core(TM) i5-1035G1 CPU @ 1.00GHz, 8 cores, 7G,  Windows 11 , 64 bit Build 22000 (10.0.22000.675)
Time: Tue May 24 20:24:27 2022  Windows 11 , 64 bit Build 22000 (10.0.22000.675) elapsed time: 0.314770 seconds (0d 0h 0m 0s)

---------------  T H R E A D  ---------------

Current thread (0x000001ae00862940):  JavaThread "C2 CompilerThread0" daemon [_thread_in_native, id=4364, stack(0x0000000842500000,0x0000000842600000)]


Current CompileTask:
C2:    314  147       4       java.util.HashMap::putVal (300 bytes)

Stack: [0x0000000842500000,0x0000000842600000]
Native frames: (J=compiled Java code, j=interpreted, Vv=VM code, C=native code)
V  [jvm.dll+0x670baa]
V  [jvm.dll+0x7cfcb4]
V  [jvm.dll+0x7d145e]
V  [jvm.dll+0x7d1ac3]
V  [jvm.dll+0x242bc5]
V  [jvm.dll+0xaa7c0]
V  [jvm.dll+0xaab0c]
V  [jvm.dll+0x11ba28]
V  [jvm.dll+0x699f81]
V  [jvm.dll+0x1b9c34]
V  [jvm.dll+0x215de9]
V  [jvm.dll+0x2150b1]
V  [jvm.dll+0x1a1bbd]
V  [jvm.dll+0x224908]
V  [jvm.dll+0x222a6c]
V  [jvm.dll+0x7859bb]
V  [jvm.dll+0x77ff7a]
V  [jvm.dll+0x66fa35]
C  [ucrtbase.dll+0x26c0c]
C  [KERNEL32.DLL+0x154e0]
C  [ntdll.dll+0x485b]


---------------  P R O C E S S  ---------------

Threads class SMR info:
_java_thread_list=0x000001ae0091ba80, length=11, elements={
0x000001ae46515510, 0x000001ae00825250, 0x000001ae6450cdd0, 0x000001ae00833500,
0x000001ae00833eb0, 0x000001ae00834860, 0x000001ae00861010, 0x000001ae00862940,
0x000001ae00863330, 0x000001ae00863d20, 0x000001ae644aa390
}

Java Threads: ( => current thread )
  0x000001ae46515510 JavaThread "main" [_thread_in_native, id=12660, stack(0x0000000841800000,0x0000000841900000)]
  0x000001ae00825250 JavaThread "Reference Handler" daemon [_thread_blocked, id=17784, stack(0x0000000841f00000,0x0000000842000000)]
  0x000001ae6450cdd0 JavaThread "Finalizer" daemon [_thread_blocked, id=8384, stack(0x0000000842000000,0x0000000842100000)]
  0x000001ae00833500 JavaThread "Signal Dispatcher" daemon [_thread_blocked, id=2676, stack(0x0000000842100000,0x0000000842200000)]
  0x000001ae00833eb0 JavaThread "Attach Listener" daemon [_thread_blocked, id=1876, stack(0x0000000842200000,0x0000000842300000)]
  0x000001ae00834860 JavaThread "Service Thread" daemon [_thread_blocked, id=6604, stack(0x0000000842300000,0x0000000842400000)]
  0x000001ae00861010 JavaThread "Monitor Deflation Thread" daemon [_thread_blocked, id=13180, stack(0x0000000842400000,0x0000000842500000)]
=>0x000001ae00862940 JavaThread "C2 CompilerThread0" daemon [_thread_in_native, id=4364, stack(0x0000000842500000,0x0000000842600000)]
  0x000001ae00863330 JavaThread "C1 CompilerThread0" daemon [_thread_blocked, id=7252, stack(0x0000000842600000,0x0000000842700000)]
  0x000001ae00863d20 JavaThread "Sweeper thread" daemon [_thread_blocked, id=12828, stack(0x0000000842700000,0x0000000842800000)]
  0x000001ae644aa390 JavaThread "Common-Cleaner" daemon [_thread_blocked, id=15696, stack(0x0000000842800000,0x0000000842900000)]

Other Threads:
  0x000001ae644c4720 VMThread "VM Thread" [stack: 0x0000000841e00000,0x0000000841f00000] [id=17924]
  0x000001ae46554d00 GCTaskThread "GC Thread#0" [stack: 0x0000000841900000,0x0000000841a00000] [id=12220]
  0x000001ae465a4010 ConcurrentGCThread "G1 Main Marker" [stack: 0x0000000841a00000,0x0000000841b00000] [id=10316]
  0x000001ae465a61d0 ConcurrentGCThread "G1 Conc#0" [stack: 0x0000000841b00000,0x0000000841c00000] [id=17228]
  0x000001ae465eec40 ConcurrentGCThread "G1 Refine#0" [stack: 0x0000000841c00000,0x0000000841d00000] [id=2932]
  0x000001ae643736c0 ConcurrentGCThread "G1 Service" [stack: 0x0000000841d00000,0x0000000841e00000] [id=4456]

Threads with active compile tasks:
C2 CompilerThread0      351  147       4       java.util.HashMap::putVal (300 bytes)

VM state: not at safepoint (normal execution)

VM Mutex/Monitor currently owned by a thread: None

Heap address: 0x0000000083800000, size: 1992 MB, Compressed Oops mode: 32-bit

CDS archive(s) not mapped
Compressed class space mapped at: 0x0000000100000000-0x0000000140000000, reserved size: 1073741824
Narrow klass base: 0x0000000000000000, Narrow klass shift: 3, Narrow klass range: 0x140000000

GC Precious Log:
 CPUs: 8 total, 8 available
 Memory: 7967M
 Large Page Support: Disabled
 NUMA Support: Disabled
 Compressed Oops: Enabled (32-bit)
 Heap Region Size: 1M
 Heap Min Capacity: 8M
 Heap Initial Capacity: 126M
 Heap Max Capacity: 1992M
 Pre-touch: Disabled
 Parallel Workers: 8
 Concurrent Workers: 2
 Concurrent Refinement Workers: 8
 Periodic GC: Disabled

Heap:
 garbage-first heap   total 129024K, used 1024K [0x0000000083800000, 0x0000000100000000)
  region size 1024K, 2 young (2048K), 0 survivors (0K)
 Metaspace       used 5656K, committed 5760K, reserved 1056768K
  class space    used 472K, committed 512K, reserved 1048576K

Heap Regions: E=young(eden), S=young(survivor), O=old, HS=humongous(starts), HC=humongous(continues), CS=collection set, F=free, OA=open archive, CA=closed archive, TAMS=top-at-mark-start (previous, next)
|   0|0x0000000083800000, 0x0000000083800000, 0x0000000083900000|  0%| F|  |TAMS 0x0000000083800000, 0x0000000083800000| Untracked 
|   1|0x0000000083900000, 0x0000000083900000, 0x0000000083a00000|  0%| F|  |TAMS 0x0000000083900000, 0x0000000083900000| Untracked 
|   2|0x0000000083a00000, 0x0000000083a00000, 0x0000000083b00000|  0%| F|  |TAMS 0x0000000083a00000, 0x0000000083a00000| Untracked 
|   3|0x0000000083b00000, 0x0000000083b00000, 0x0000000083c00000|  0%| F|  |TAMS 0x0000000083b00000, 0x0000000083b00000| Untracked 
|   4|0x0000000083c00000, 0x0000000083c00000, 0x0000000083d00000|  0%| F|  |TAMS 0x0000000083c00000, 0x0000000083c00000| Untracked 
|   5|0x0000000083d00000, 0x0000000083d00000, 0x0000000083e00000|  0%| F|  |TAMS 0x0000000083d00000, 0x0000000083d00000| Untracked 
|   6|0x0000000083e00000, 0x0000000083e00000, 0x0000000083f00000|  0%| F|  |TAMS 0x0000000083e00000, 0x0000000083e00000| Untracked 
|   7|0x0000000083f00000, 0x0000000083f00000, 0x0000000084000000|  0%| F|  |TAMS 0x0000000083f00000, 0x0000000083f00000| Untracked 
|   8|0x0000000084000000, 0x0000000084000000, 0x0000000084100000|  0%| F|  |TAMS 0x0000000084000000, 0x0000000084000000| Untracked 
|   9|0x0000000084100000, 0x0000000084100000, 0x0000000084200000|  0%| F|  |TAMS 0x0000000084100000, 0x0000000084100000| Untracked 
|  10|0x0000000084200000, 0x0000000084200000, 0x0000000084300000|  0%| F|  |TAMS 0x0000000084200000, 0x0000000084200000| Untracked 
|  11|0x0000000084300000, 0x0000000084300000, 0x0000000084400000|  0%| F|  |TAMS 0x0000000084300000, 0x0000000084300000| Untracked 
|  12|0x0000000084400000, 0x0000000084400000, 0x0000000084500000|  0%| F|  |TAMS 0x0000000084400000, 0x0000000084400000| Untracked 
|  13|0x0000000084500000, 0x0000000084500000, 0x0000000084600000|  0%| F|  |TAMS 0x0000000084500000, 0x0000000084500000| Untracked 
|  14|0x0000000084600000, 0x0000000084600000, 0x0000000084700000|  0%| F|  |TAMS 0x0000000084600000, 0x0000000084600000| Untracked 
|  15|0x0000000084700000, 0x0000000084700000, 0x0000000084800000|  0%| F|  |TAMS 0x0000000084700000, 0x0000000084700000| Untracked 
|  16|0x0000000084800000, 0x0000000084800000, 0x0000000084900000|  0%| F|  |TAMS 0x0000000084800000, 0x0000000084800000| Untracked 
|  17|0x0000000084900000, 0x0000000084900000, 0x0000000084a00000|  0%| F|  |TAMS 0x0000000084900000, 0x0000000084900000| Untracked 
|  18|0x0000000084a00000, 0x0000000084a00000, 0x0000000084b00000|  0%| F|  |TAMS 0x0000000084a00000, 0x0000000084a00000| Untracked 
|  19|0x0000000084b00000, 0x0000000084b00000, 0x0000000084c00000|  0%| F|  |TAMS 0x0000000084b00000, 0x0000000084b00000| Untracked 
|  20|0x0000000084c00000, 0x0000000084c00000, 0x0000000084d00000|  0%| F|  |TAMS 0x0000000084c00000, 0x0000000084c00000| Untracked 
|  21|0x0000000084d00000, 0x0000000084d00000, 0x0000000084e00000|  0%| F|  |TAMS 0x0000000084d00000, 0x0000000084d00000| Untracked 
|  22|0x0000000084e00000, 0x0000000084e00000, 0x0000000084f00000|  0%| F|  |TAMS 0x0000000084e00000, 0x0000000084e00000| Untracked 
|  23|0x0000000084f00000, 0x0000000084f00000, 0x0000000085000000|  0%| F|  |TAMS 0x0000000084f00000, 0x0000000084f00000| Untracked 
|  24|0x0000000085000000, 0x0000000085000000, 0x0000000085100000|  0%| F|  |TAMS 0x0000000085000000, 0x0000000085000000| Untracked 
|  25|0x0000000085100000, 0x0000000085100000, 0x0000000085200000|  0%| F|  |TAMS 0x0000000085100000, 0x0000000085100000| Untracked 
|  26|0x0000000085200000, 0x0000000085200000, 0x0000000085300000|  0%| F|  |TAMS 0x0000000085200000, 0x0000000085200000| Untracked 
|  27|0x0000000085300000, 0x0000000085300000, 0x0000000085400000|  0%| F|  |TAMS 0x0000000085300000, 0x0000000085300000| Untracked 
|  28|0x0000000085400000, 0x0000000085400000, 0x0000000085500000|  0%| F|  |TAMS 0x0000000085400000, 0x0000000085400000| Untracked 
|  29|0x0000000085500000, 0x0000000085500000, 0x0000000085600000|  0%| F|  |TAMS 0x0000000085500000, 0x0000000085500000| Untracked 
|  30|0x0000000085600000, 0x0000000085600000, 0x0000000085700000|  0%| F|  |TAMS 0x0000000085600000, 0x0000000085600000| Untracked 
|  31|0x0000000085700000, 0x0000000085700000, 0x0000000085800000|  0%| F|  |TAMS 0x0000000085700000, 0x0000000085700000| Untracked 
|  32|0x0000000085800000, 0x0000000085800000, 0x0000000085900000|  0%| F|  |TAMS 0x0000000085800000, 0x0000000085800000| Untracked 
|  33|0x0000000085900000, 0x0000000085900000, 0x0000000085a00000|  0%| F|  |TAMS 0x0000000085900000, 0x0000000085900000| Untracked 
|  34|0x0000000085a00000, 0x0000000085a00000, 0x0000000085b00000|  0%| F|  |TAMS 0x0000000085a00000, 0x0000000085a00000| Untracked 
|  35|0x0000000085b00000, 0x0000000085b00000, 0x0000000085c00000|  0%| F|  |TAMS 0x0000000085b00000, 0x0000000085b00000| Untracked 
|  36|0x0000000085c00000, 0x0000000085c00000, 0x0000000085d00000|  0%| F|  |TAMS 0x0000000085c00000, 0x0000000085c00000| Untracked 
|  37|0x0000000085d00000, 0x0000000085d00000, 0x0000000085e00000|  0%| F|  |TAMS 0x0000000085d00000, 0x0000000085d00000| Untracked 
|  38|0x0000000085e00000, 0x0000000085e00000, 0x0000000085f00000|  0%| F|  |TAMS 0x0000000085e00000, 0x0000000085e00000| Untracked 
|  39|0x0000000085f00000, 0x0000000085f00000, 0x0000000086000000|  0%| F|  |TAMS 0x0000000085f00000, 0x0000000085f00000| Untracked 
|  40|0x0000000086000000, 0x0000000086000000, 0x0000000086100000|  0%| F|  |TAMS 0x0000000086000000, 0x0000000086000000| Untracked 
|  41|0x0000000086100000, 0x0000000086100000, 0x0000000086200000|  0%| F|  |TAMS 0x0000000086100000, 0x0000000086100000| Untracked 
|  42|0x0000000086200000, 0x0000000086200000, 0x0000000086300000|  0%| F|  |TAMS 0x0000000086200000, 0x0000000086200000| Untracked 
|  43|0x0000000086300000, 0x0000000086300000, 0x0000000086400000|  0%| F|  |TAMS 0x0000000086300000, 0x0000000086300000| Untracked 
|  44|0x0000000086400000, 0x0000000086400000, 0x0000000086500000|  0%| F|  |TAMS 0x0000000086400000, 0x0000000086400000| Untracked 
|  45|0x0000000086500000, 0x0000000086500000, 0x0000000086600000|  0%| F|  |TAMS 0x0000000086500000, 0x0000000086500000| Untracked 
|  46|0x0000000086600000, 0x0000000086600000, 0x0000000086700000|  0%| F|  |TAMS 0x0000000086600000, 0x0000000086600000| Untracked 
|  47|0x0000000086700000, 0x0000000086700000, 0x0000000086800000|  0%| F|  |TAMS 0x0000000086700000, 0x0000000086700000| Untracked 
|  48|0x0000000086800000, 0x0000000086800000, 0x0000000086900000|  0%| F|  |TAMS 0x0000000086800000, 0x0000000086800000| Untracked 
|  49|0x0000000086900000, 0x0000000086900000, 0x0000000086a00000|  0%| F|  |TAMS 0x0000000086900000, 0x0000000086900000| Untracked 
|  50|0x0000000086a00000, 0x0000000086a00000, 0x0000000086b00000|  0%| F|  |TAMS 0x0000000086a00000, 0x0000000086a00000| Untracked 
|  51|0x0000000086b00000, 0x0000000086b00000, 0x0000000086c00000|  0%| F|  |TAMS 0x0000000086b00000, 0x0000000086b00000| Untracked 
|  52|0x0000000086c00000, 0x0000000086c00000, 0x0000000086d00000|  0%| F|  |TAMS 0x0000000086c00000, 0x0000000086c00000| Untracked 
|  53|0x0000000086d00000, 0x0000000086d00000, 0x0000000086e00000|  0%| F|  |TAMS 0x0000000086d00000, 0x0000000086d00000| Untracked 
|  54|0x0000000086e00000, 0x0000000086e00000, 0x0000000086f00000|  0%| F|  |TAMS 0x0000000086e00000, 0x0000000086e00000| Untracked 
|  55|0x0000000086f00000, 0x0000000086f00000, 0x0000000087000000|  0%| F|  |TAMS 0x0000000086f00000, 0x0000000086f00000| Untracked 
|  56|0x0000000087000000, 0x0000000087000000, 0x0000000087100000|  0%| F|  |TAMS 0x0000000087000000, 0x0000000087000000| Untracked 
|  57|0x0000000087100000, 0x0000000087100000, 0x0000000087200000|  0%| F|  |TAMS 0x0000000087100000, 0x0000000087100000| Untracked 
|  58|0x0000000087200000, 0x0000000087200000, 0x0000000087300000|  0%| F|  |TAMS 0x0000000087200000, 0x0000000087200000| Untracked 
|  59|0x0000000087300000, 0x0000000087300000, 0x0000000087400000|  0%| F|  |TAMS 0x0000000087300000, 0x0000000087300000| Untracked 
|  60|0x0000000087400000, 0x0000000087400000, 0x0000000087500000|  0%| F|  |TAMS 0x0000000087400000, 0x0000000087400000| Untracked 
|  61|0x0000000087500000, 0x0000000087500000, 0x0000000087600000|  0%| F|  |TAMS 0x0000000087500000, 0x0000000087500000| Untracked 
|  62|0x0000000087600000, 0x0000000087600000, 0x0000000087700000|  0%| F|  |TAMS 0x0000000087600000, 0x0000000087600000| Untracked 
|  63|0x0000000087700000, 0x0000000087700000, 0x0000000087800000|  0%| F|  |TAMS 0x0000000087700000, 0x0000000087700000| Untracked 
|  64|0x0000000087800000, 0x0000000087800000, 0x0000000087900000|  0%| F|  |TAMS 0x0000000087800000, 0x0000000087800000| Untracked 
|  65|0x0000000087900000, 0x0000000087900000, 0x0000000087a00000|  0%| F|  |TAMS 0x0000000087900000, 0x0000000087900000| Untracked 
|  66|0x0000000087a00000, 0x0000000087a00000, 0x0000000087b00000|  0%| F|  |TAMS 0x0000000087a00000, 0x0000000087a00000| Untracked 
|  67|0x0000000087b00000, 0x0000000087b00000, 0x0000000087c00000|  0%| F|  |TAMS 0x0000000087b00000, 0x0000000087b00000| Untracked 
|  68|0x0000000087c00000, 0x0000000087c00000, 0x0000000087d00000|  0%| F|  |TAMS 0x0000000087c00000, 0x0000000087c00000| Untracked 
|  69|0x0000000087d00000, 0x0000000087d00000, 0x0000000087e00000|  0%| F|  |TAMS 0x0000000087d00000, 0x0000000087d00000| Untracked 
|  70|0x0000000087e00000, 0x0000000087e00000, 0x0000000087f00000|  0%| F|  |TAMS 0x0000000087e00000, 0x0000000087e00000| Untracked 
|  71|0x0000000087f00000, 0x0000000087f00000, 0x0000000088000000|  0%| F|  |TAMS 0x0000000087f00000, 0x0000000087f00000| Untracked 
|  72|0x0000000088000000, 0x0000000088000000, 0x0000000088100000|  0%| F|  |TAMS 0x0000000088000000, 0x0000000088000000| Untracked 
|  73|0x0000000088100000, 0x0000000088100000, 0x0000000088200000|  0%| F|  |TAMS 0x0000000088100000, 0x0000000088100000| Untracked 
|  74|0x0000000088200000, 0x0000000088200000, 0x0000000088300000|  0%| F|  |TAMS 0x0000000088200000, 0x0000000088200000| Untracked 
|  75|0x0000000088300000, 0x0000000088300000, 0x0000000088400000|  0%| F|  |TAMS 0x0000000088300000, 0x0000000088300000| Untracked 
|  76|0x0000000088400000, 0x0000000088400000, 0x0000000088500000|  0%| F|  |TAMS 0x0000000088400000, 0x0000000088400000| Untracked 
|  77|0x0000000088500000, 0x0000000088500000, 0x0000000088600000|  0%| F|  |TAMS 0x0000000088500000, 0x0000000088500000| Untracked 
|  78|0x0000000088600000, 0x0000000088600000, 0x0000000088700000|  0%| F|  |TAMS 0x0000000088600000, 0x0000000088600000| Untracked 
|  79|0x0000000088700000, 0x0000000088700000, 0x0000000088800000|  0%| F|  |TAMS 0x0000000088700000, 0x0000000088700000| Untracked 
|  80|0x0000000088800000, 0x0000000088800000, 0x0000000088900000|  0%| F|  |TAMS 0x0000000088800000, 0x0000000088800000| Untracked 
|  81|0x0000000088900000, 0x0000000088900000, 0x0000000088a00000|  0%| F|  |TAMS 0x0000000088900000, 0x0000000088900000| Untracked 
|  82|0x0000000088a00000, 0x0000000088a00000, 0x0000000088b00000|  0%| F|  |TAMS 0x0000000088a00000, 0x0000000088a00000| Untracked 
|  83|0x0000000088b00000, 0x0000000088b00000, 0x0000000088c00000|  0%| F|  |TAMS 0x0000000088b00000, 0x0000000088b00000| Untracked 
|  84|0x0000000088c00000, 0x0000000088c00000, 0x0000000088d00000|  0%| F|  |TAMS 0x0000000088c00000, 0x0000000088c00000| Untracked 
|  85|0x0000000088d00000, 0x0000000088d00000, 0x0000000088e00000|  0%| F|  |TAMS 0x0000000088d00000, 0x0000000088d00000| Untracked 
|  86|0x0000000088e00000, 0x0000000088e00000, 0x0000000088f00000|  0%| F|  |TAMS 0x0000000088e00000, 0x0000000088e00000| Untracked 
|  87|0x0000000088f00000, 0x0000000088f00000, 0x0000000089000000|  0%| F|  |TAMS 0x0000000088f00000, 0x0000000088f00000| Untracked 
|  88|0x0000000089000000, 0x0000000089000000, 0x0000000089100000|  0%| F|  |TAMS 0x0000000089000000, 0x0000000089000000| Untracked 
|  89|0x0000000089100000, 0x0000000089100000, 0x0000000089200000|  0%| F|  |TAMS 0x0000000089100000, 0x0000000089100000| Untracked 
|  90|0x0000000089200000, 0x0000000089200000, 0x0000000089300000|  0%| F|  |TAMS 0x0000000089200000, 0x0000000089200000| Untracked 
|  91|0x0000000089300000, 0x0000000089300000, 0x0000000089400000|  0%| F|  |TAMS 0x0000000089300000, 0x0000000089300000| Untracked 
|  92|0x0000000089400000, 0x0000000089400000, 0x0000000089500000|  0%| F|  |TAMS 0x0000000089400000, 0x0000000089400000| Untracked 
|  93|0x0000000089500000, 0x0000000089500000, 0x0000000089600000|  0%| F|  |TAMS 0x0000000089500000, 0x0000000089500000| Untracked 
|  94|0x0000000089600000, 0x0000000089600000, 0x0000000089700000|  0%| F|  |TAMS 0x0000000089600000, 0x0000000089600000| Untracked 
|  95|0x0000000089700000, 0x0000000089700000, 0x0000000089800000|  0%| F|  |TAMS 0x0000000089700000, 0x0000000089700000| Untracked 
|  96|0x0000000089800000, 0x0000000089800000, 0x0000000089900000|  0%| F|  |TAMS 0x0000000089800000, 0x0000000089800000| Untracked 
|  97|0x0000000089900000, 0x0000000089900000, 0x0000000089a00000|  0%| F|  |TAMS 0x0000000089900000, 0x0000000089900000| Untracked 
|  98|0x0000000089a00000, 0x0000000089a00000, 0x0000000089b00000|  0%| F|  |TAMS 0x0000000089a00000, 0x0000000089a00000| Untracked 
|  99|0x0000000089b00000, 0x0000000089b00000, 0x0000000089c00000|  0%| F|  |TAMS 0x0000000089b00000, 0x0000000089b00000| Untracked 
| 100|0x0000000089c00000, 0x0000000089c00000, 0x0000000089d00000|  0%| F|  |TAMS 0x0000000089c00000, 0x0000000089c00000| Untracked 
| 101|0x0000000089d00000, 0x0000000089d00000, 0x0000000089e00000|  0%| F|  |TAMS 0x0000000089d00000, 0x0000000089d00000| Untracked 
| 102|0x0000000089e00000, 0x0000000089e00000, 0x0000000089f00000|  0%| F|  |TAMS 0x0000000089e00000, 0x0000000089e00000| Untracked 
| 103|0x0000000089f00000, 0x0000000089f00000, 0x000000008a000000|  0%| F|  |TAMS 0x0000000089f00000, 0x0000000089f00000| Untracked 
| 104|0x000000008a000000, 0x000000008a000000, 0x000000008a100000|  0%| F|  |TAMS 0x000000008a000000, 0x000000008a000000| Untracked 
| 105|0x000000008a100000, 0x000000008a100000, 0x000000008a200000|  0%| F|  |TAMS 0x000000008a100000, 0x000000008a100000| Untracked 
| 106|0x000000008a200000, 0x000000008a200000, 0x000000008a300000|  0%| F|  |TAMS 0x000000008a200000, 0x000000008a200000| Untracked 
| 107|0x000000008a300000, 0x000000008a300000, 0x000000008a400000|  0%| F|  |TAMS 0x000000008a300000, 0x000000008a300000| Untracked 
| 108|0x000000008a400000, 0x000000008a400000, 0x000000008a500000|  0%| F|  |TAMS 0x000000008a400000, 0x000000008a400000| Untracked 
| 109|0x000000008a500000, 0x000000008a500000, 0x000000008a600000|  0%| F|  |TAMS 0x000000008a500000, 0x000000008a500000| Untracked 
| 110|0x000000008a600000, 0x000000008a600000, 0x000000008a700000|  0%| F|  |TAMS 0x000000008a600000, 0x000000008a600000| Untracked 
| 111|0x000000008a700000, 0x000000008a700000, 0x000000008a800000|  0%| F|  |TAMS 0x000000008a700000, 0x000000008a700000| Untracked 
| 112|0x000000008a800000, 0x000000008a800000, 0x000000008a900000|  0%| F|  |TAMS 0x000000008a800000, 0x000000008a800000| Untracked 
| 113|0x000000008a900000, 0x000000008a900000, 0x000000008aa00000|  0%| F|  |TAMS 0x000000008a900000, 0x000000008a900000| Untracked 
| 114|0x000000008aa00000, 0x000000008aa00000, 0x000000008ab00000|  0%| F|  |TAMS 0x000000008aa00000, 0x000000008aa00000| Untracked 
| 115|0x000000008ab00000, 0x000000008ab00000, 0x000000008ac00000|  0%| F|  |TAMS 0x000000008ab00000, 0x000000008ab00000| Untracked 
| 116|0x000000008ac00000, 0x000000008ac00000, 0x000000008ad00000|  0%| F|  |TAMS 0x000000008ac00000, 0x000000008ac00000| Untracked 
| 117|0x000000008ad00000, 0x000000008ad00000, 0x000000008ae00000|  0%| F|  |TAMS 0x000000008ad00000, 0x000000008ad00000| Untracked 
| 118|0x000000008ae00000, 0x000000008ae00000, 0x000000008af00000|  0%| F|  |TAMS 0x000000008ae00000, 0x000000008ae00000| Untracked 
| 119|0x000000008af00000, 0x000000008af00000, 0x000000008b000000|  0%| F|  |TAMS 0x000000008af00000, 0x000000008af00000| Untracked 
| 120|0x000000008b000000, 0x000000008b000000, 0x000000008b100000|  0%| F|  |TAMS 0x000000008b000000, 0x000000008b000000| Untracked 
| 121|0x000000008b100000, 0x000000008b100000, 0x000000008b200000|  0%| F|  |TAMS 0x000000008b100000, 0x000000008b100000| Untracked 
| 122|0x000000008b200000, 0x000000008b200000, 0x000000008b300000|  0%| F|  |TAMS 0x000000008b200000, 0x000000008b200000| Untracked 
| 123|0x000000008b300000, 0x000000008b300000, 0x000000008b400000|  0%| F|  |TAMS 0x000000008b300000, 0x000000008b300000| Untracked 
| 124|0x000000008b400000, 0x000000008b4ec0c0, 0x000000008b500000| 92%| E|  |TAMS 0x000000008b400000, 0x000000008b400000| Complete 
| 125|0x000000008b500000, 0x000000008b600000, 0x000000008b600000|100%| E|CS|TAMS 0x000000008b500000, 0x000000008b500000| Complete 

Card table byte_map: [0x000001ae5d490000,0x000001ae5d880000] _byte_map_base: 0x000001ae5d074000

Marking Bits (Prev, Next): (CMBitMap*) 0x000001ae46555310, (CMBitMap*) 0x000001ae46555350
 Prev Bits: [0x000001ae5dc70000, 0x000001ae5fb90000)
 Next Bits: [0x000001ae5fb90000, 0x000001ae61ab0000)

Polling page: 0x000001ae446b0000

Metaspace:

Usage:
  Non-class:      5.06 MB used.
      Class:    472.22 KB used.
       Both:      5.52 MB used.

Virtual space:
  Non-class space:        8.00 MB reserved,       5.12 MB ( 64%) committed,  1 nodes.
      Class space:        1.00 GB reserved,     512.00 KB ( <1%) committed,  1 nodes.
             Both:        1.01 GB reserved,       5.62 MB ( <1%) committed. 

Chunk freelists:
   Non-Class:  2.50 MB
       Class:  3.53 MB
        Both:  6.03 MB

MaxMetaspaceSize: unlimited
CompressedClassSpaceSize: 1.00 GB
Initial GC threshold: 21.00 MB
Current GC threshold: 21.00 MB
CDS: off
MetaspaceReclaimPolicy: balanced
 - commit_granule_bytes: 65536.
 - commit_granule_words: 8192.
 - virtual_space_node_default_size: 1048576.
 - enlarge_chunks_in_place: 1.
 - new_chunks_are_fully_committed: 0.
 - uncommit_free_chunks: 1.
 - use_allocation_guard: 0.
 - handle_deallocations: 1.


Internal statistics:

num_allocs_failed_limit: 0.
num_arena_births: 4.
num_arena_deaths: 0.
num_vsnodes_births: 2.
num_vsnodes_deaths: 0.
num_space_committed: 90.
num_space_uncommitted: 0.
num_chunks_returned_to_freelist: 0.
num_chunks_taken_from_freelist: 10.
num_chunk_merges: 0.
num_chunk_splits: 3.
num_chunks_enlarged: 1.
num_purges: 0.
num_inconsistent_stats: 0.

CodeHeap 'non-profiled nmethods': size=120000Kb used=46Kb max_used=46Kb free=119953Kb
 bounds [0x000001ae55840000, 0x000001ae55ab0000, 0x000001ae5cd70000]
CodeHeap 'profiled nmethods': size=120000Kb used=182Kb max_used=182Kb free=119817Kb
 bounds [0x000001ae4e310000, 0x000001ae4e580000, 0x000001ae55840000]
CodeHeap 'non-nmethods': size=5760Kb used=1098Kb max_used=1098Kb free=4661Kb
 bounds [0x000001ae4dd70000, 0x000001ae4dfe0000, 0x000001ae4e310000]
 total_blobs=520 nmethods=162 adapters=271
 compilation: enabled
              stopped_count=0, restarted_count=0
 full_count=0

Compilation events (20 events):
Event: 0.301 Thread 0x000001ae00863330 nmethod 152 0x000001ae4e339690 code [0x000001ae4e339840, 0x000001ae4e3399f8]
Event: 0.301 Thread 0x000001ae00863330  154       3       java.util.HashMap::<init> (11 bytes)
Event: 0.301 Thread 0x000001ae00863330 nmethod 154 0x000001ae4e339b10 code [0x000001ae4e339cc0, 0x000001ae4e339e98]
Event: 0.301 Thread 0x000001ae00863330  153       3       java.util.HashSet::<init> (16 bytes)
Event: 0.301 Thread 0x000001ae00863330 nmethod 153 0x000001ae4e339f90 code [0x000001ae4e33a160, 0x000001ae4e33a578]
Event: 0.301 Thread 0x000001ae00863330  157       3       java.lang.module.ResolvedModule::name (11 bytes)
Event: 0.301 Thread 0x000001ae00863330 nmethod 157 0x000001ae4e33a710 code [0x000001ae4e33a8a0, 0x000001ae4e33a9f8]
Event: 0.301 Thread 0x000001ae00863330  155       1       java.lang.module.ModuleDescriptor::isOpen (5 bytes)
Event: 0.301 Thread 0x000001ae00863330 nmethod 155 0x000001ae5584ac90 code [0x000001ae5584ae20, 0x000001ae5584aef8]
Event: 0.301 Thread 0x000001ae00863330  142       1       java.lang.module.ModuleDescriptor$Version::toString (5 bytes)
Event: 0.301 Thread 0x000001ae00863330 nmethod 142 0x000001ae5584af90 code [0x000001ae5584b120, 0x000001ae5584b1f8]
Event: 0.301 Thread 0x000001ae00863330  156       1       java.lang.module.ResolvedModule::configuration (5 bytes)
Event: 0.302 Thread 0x000001ae00863330 nmethod 156 0x000001ae5584b290 code [0x000001ae5584b420, 0x000001ae5584b4f8]
Event: 0.302 Thread 0x000001ae00863330  158       1       java.util.HashMap::size (5 bytes)
Event: 0.302 Thread 0x000001ae00863330 nmethod 158 0x000001ae5584b590 code [0x000001ae5584b720, 0x000001ae5584b7f8]
Event: 0.302 Thread 0x000001ae00863330  159       1       java.lang.module.ModuleDescriptor$Provides::service (5 bytes)
Event: 0.302 Thread 0x000001ae00863330 nmethod 159 0x000001ae5584b890 code [0x000001ae5584ba20, 0x000001ae5584baf8]
Event: 0.308 Thread 0x000001ae00863330  160       3       java.lang.StringLatin1::newString (24 bytes)
Event: 0.309 Thread 0x000001ae00863330 nmethod 160 0x000001ae4e33ab10 code [0x000001ae4e33ace0, 0x000001ae4e33b008]
Event: 0.313 Thread 0x000001ae00863330  161       3       java.util.concurrent.ConcurrentHashMap::get (162 bytes)

GC Heap History (0 events):
No events

Deoptimization events (0 events):
No events

Classes unloaded (0 events):
No events

Classes redefined (0 events):
No events

Internal exceptions (0 events):
No events

VM Operations (2 events):
Event: 0.285 Executing VM operation: HandshakeAllThreads
Event: 0.285 Executing VM operation: HandshakeAllThreads done

Events (20 events):
Event: 0.309 loading class java/util/ArrayDeque$DeqIterator
Event: 0.310 loading class java/util/ArrayDeque$DeqIterator done
Event: 0.310 loading class jdk/internal/loader/NativeLibraries$NativeLibraryImpl
Event: 0.310 loading class jdk/internal/loader/NativeLibrary
Event: 0.310 loading class jdk/internal/loader/NativeLibrary done
Event: 0.310 loading class jdk/internal/loader/NativeLibraries$NativeLibraryImpl done
Event: 0.310 Loaded shared library C:\Program Files\Java\jdk-17.0.2\bin\instrument.dll
Event: 0.310 loading class sun/instrument/TransformerManager
Event: 0.310 loading class sun/instrument/TransformerManager done
Event: 0.310 loading class sun/instrument/TransformerManager$TransformerInfo
Event: 0.310 loading class sun/instrument/TransformerManager$TransformerInfo done
Event: 0.311 loading class sun/net/util/URLUtil
Event: 0.311 loading class sun/net/util/URLUtil done
Event: 0.311 loading class java/util/Locale
Event: 0.312 loading class java/util/Locale done
Event: 0.312 loading class sun/util/locale/BaseLocale
Event: 0.312 loading class sun/util/locale/BaseLocale done
Event: 0.313 loading class sun/util/locale/LocaleUtils
Event: 0.313 loading class sun/util/locale/LocaleUtils done
Event: 0.313 loading class sun/util/locale/BaseLocale$Key


Dynamic libraries:
0x00007ff6826c0000 - 0x00007ff6826d0000 	C:\Program Files\Java\jdk-17.0.2\bin\java.exe
0x00007ffb0c900000 - 0x00007ffb0cb09000 	C:\WINDOWS\SYSTEM32\ntdll.dll
0x00007ffad9de0000 - 0x00007ffad9df6000 	C:\Program Files\Avast Software\Avast\aswhook.dll
0x00007ffb0c600000 - 0x00007ffb0c6bd000 	C:\WINDOWS\System32\KERNEL32.DLL
0x00007ffb0a2c0000 - 0x00007ffb0a639000 	C:\WINDOWS\System32\KERNELBASE.dll
0x00007ffb0a1a0000 - 0x00007ffb0a2b1000 	C:\WINDOWS\System32\ucrtbase.dll
0x00007ffb03670000 - 0x00007ffb0368a000 	C:\Program Files\Java\jdk-17.0.2\bin\VCRUNTIME140.dll
0x00007ffb01640000 - 0x00007ffb01658000 	C:\Program Files\Java\jdk-17.0.2\bin\jli.dll
0x00007ffb0b5d0000 - 0x00007ffb0b67e000 	C:\WINDOWS\System32\ADVAPI32.dll
0x00007ffb0b980000 - 0x00007ffb0ba23000 	C:\WINDOWS\System32\msvcrt.dll
0x00007ffb0b2c0000 - 0x00007ffb0b35e000 	C:\WINDOWS\System32\sechost.dll
0x00007ffb0c7a0000 - 0x00007ffb0c8c0000 	C:\WINDOWS\System32\RPCRT4.dll
0x00007ffb0b760000 - 0x00007ffb0b90c000 	C:\WINDOWS\System32\USER32.dll
0x00007ffb0a640000 - 0x00007ffb0a666000 	C:\WINDOWS\System32\win32u.dll
0x00007ffaf48f0000 - 0x00007ffaf4b95000 	C:\WINDOWS\WinSxS\amd64_microsoft.windows.common-controls_6595b64144ccf1df_6.0.22000.120_none_9d947278b86cc467\COMCTL32.dll
0x00007ffb0c750000 - 0x00007ffb0c779000 	C:\WINDOWS\System32\GDI32.dll
0x00007ffb0a000000 - 0x00007ffb0a112000 	C:\WINDOWS\System32\gdi32full.dll
0x00007ffb09f60000 - 0x00007ffb09ffd000 	C:\WINDOWS\System32\msvcp_win.dll
0x00007ffb00680000 - 0x00007ffb0068a000 	C:\WINDOWS\SYSTEM32\VERSION.dll
0x00007ffb0c550000 - 0x00007ffb0c581000 	C:\WINDOWS\System32\IMM32.DLL
0x00007ffb038f0000 - 0x00007ffb038fc000 	C:\Program Files\Java\jdk-17.0.2\bin\vcruntime140_1.dll
0x00007ffb015b0000 - 0x00007ffb0163d000 	C:\Program Files\Java\jdk-17.0.2\bin\msvcp140.dll
0x00007ffa887b0000 - 0x00007ffa89371000 	C:\Program Files\Java\jdk-17.0.2\bin\server\jvm.dll
0x00007ffb0c740000 - 0x00007ffb0c748000 	C:\WINDOWS\System32\PSAPI.DLL
0x00007ffb00c00000 - 0x00007ffb00c33000 	C:\WINDOWS\SYSTEM32\WINMM.dll
0x00007ffaf1920000 - 0x00007ffaf1929000 	C:\WINDOWS\SYSTEM32\WSOCK32.dll
0x00007ffb0c590000 - 0x00007ffb0c5ff000 	C:\WINDOWS\System32\WS2_32.dll
0x00007ffb08fe0000 - 0x00007ffb08ff8000 	C:\WINDOWS\SYSTEM32\kernel.appcore.dll
0x00007ffb01ad0000 - 0x00007ffb01ada000 	C:\Program Files\Java\jdk-17.0.2\bin\jimage.dll
0x00007ffb07920000 - 0x00007ffb07b41000 	C:\WINDOWS\SYSTEM32\DBGHELP.DLL
0x00007ffaf27a0000 - 0x00007ffaf27d1000 	C:\WINDOWS\SYSTEM32\dbgcore.DLL
0x00007ffb0a120000 - 0x00007ffb0a19f000 	C:\WINDOWS\System32\bcryptPrimitives.dll
0x00007ffb00ce0000 - 0x00007ffb00cee000 	C:\Program Files\Java\jdk-17.0.2\bin\instrument.dll
0x00007ffaf3ba0000 - 0x00007ffaf3bc5000 	C:\Program Files\Java\jdk-17.0.2\bin\java.dll
0x00007ffaef240000 - 0x00007ffaef316000 	C:\Program Files\Java\jdk-17.0.2\bin\jsvml.dll
0x00007ffb0bda0000 - 0x00007ffb0c54f000 	C:\WINDOWS\System32\SHELL32.dll
0x00007ffb07e20000 - 0x00007ffb08688000 	C:\WINDOWS\SYSTEM32\windows.storage.dll
0x00007ffb0af10000 - 0x00007ffb0b288000 	C:\WINDOWS\System32\combase.dll
0x00007ffb07cb0000 - 0x00007ffb07e16000 	C:\WINDOWS\SYSTEM32\wintypes.dll
0x00007ffb0baf0000 - 0x00007ffb0bbda000 	C:\WINDOWS\System32\SHCORE.dll
0x00007ffb0b510000 - 0x00007ffb0b56d000 	C:\WINDOWS\System32\shlwapi.dll
0x00007ffb09d20000 - 0x00007ffb09d41000 	C:\WINDOWS\SYSTEM32\profapi.dll
0x00007ffaf3b60000 - 0x00007ffaf3b78000 	C:\Program Files\Java\jdk-17.0.2\bin\zip.dll
0x00007ffafe240000 - 0x00007ffafe259000 	C:\Program Files\Java\jdk-17.0.2\bin\net.dll
0x00007ffb009f0000 - 0x00007ffb00afc000 	C:\WINDOWS\SYSTEM32\WINHTTP.dll
0x00007ffb09410000 - 0x00007ffb09477000 	C:\WINDOWS\system32\mswsock.dll
0x00007ffaf3b80000 - 0x00007ffaf3b96000 	C:\Program Files\Java\jdk-17.0.2\bin\nio.dll

dbghelp: loaded successfully - version: 4.0.5 - missing functions: none
symbol engine: initialized successfully - sym options: 0x614 - pdb path: .;C:\Program Files\Java\jdk-17.0.2\bin;C:\WINDOWS\SYSTEM32;C:\Program Files\Avast Software\Avast;C:\WINDOWS\WinSxS\amd64_microsoft.windows.common-controls_6595b64144ccf1df_6.0.22000.120_none_9d947278b86cc467;C:\Program Files\Java\jdk-17.0.2\bin\server

VM Arguments:
jvm_args: -ea -Didea.test.cyclic.buffer.size=1048576 -javaagent:C:\Program Files\JetBrains\IntelliJ IDEA Community Edition 2021.3.2\lib\idea_rt.jar=57906:C:\Program Files\JetBrains\IntelliJ IDEA Community Edition 2021.3.2\bin -Dfile.encoding=UTF-8 
java_command: com.intellij.rt.junit.JUnitStarter -ideVersion5 -junit5 renderer.ReflectionRefractionTests,twoSpheresOnMirrors
java_class_path (initial): C:\Users\Kaplan\.m2\repository\org\junit\platform\junit-platform-launcher\1.8.2\junit-platform-launcher-1.8.2.jar;C:\Users\Kaplan\.m2\repository\org\junit\platform\junit-platform-engine\1.8.2\junit-platform-engine-1.8.2.jar;C:\Users\Kaplan\.m2\repository\org\opentest4j\opentest4j\1.2.0\opentest4j-1.2.0.jar;C:\Users\Kaplan\.m2\repository\org\junit\platform\junit-platform-commons\1.8.2\junit-platform-commons-1.8.2.jar;C:\Users\Kaplan\.m2\repository\org\apiguardian\apiguardian-api\1.1.2\apiguardian-api-1.1.2.jar;C:\Program Files\JetBrains\IntelliJ IDEA Community Edition 2021.3.2\lib\idea_rt.jar;C:\Program Files\JetBrains\IntelliJ IDEA Community Edition 2021.3.2\plugins\junit\lib\junit5-rt.jar;C:\Program Files\JetBrains\IntelliJ IDEA Community Edition 2021.3.2\plugins\junit\lib\junit-rt.jar;C:\Users\Kaplan\IdeaProjects\ISE5782_9463_4853\out\test\ISE5782_9463_4853;C:\Users\Kaplan\IdeaProjects\ISE5782_9463_4853\out\production\ISE5782_9463_4853;C:\Users\Kaplan\IdeaProjects\ISE5782_9463_4853\lib\junit-jupiter-5.8.2.jar;C:\Users\Kaplan\IdeaProjects\ISE5782_9463_4853\lib\junit-jupiter-api-5.8.2.jar;C:\Users\Kaplan\IdeaProjects\ISE5782_9463_4853\lib\opentest4j-1.2.0.jar;C:\Users\Kaplan\IdeaProjects\ISE5782_9463_4853\lib\junit-platform-commons-1.8.2.jar;C:\Users\Kaplan\IdeaProjects\ISE5782_9463_4853\lib\apiguardian-api-1.1.2.jar;C:\Users\Kaplan\IdeaProjects\ISE5782_9463_4853\lib\junit-jupiter-params-5.8.2.jar;C:\Users\Kaplan\IdeaProjects\ISE5782_9463_4853\lib\junit-jupiter-engine-5.8.2.jar;C:\Users\Kaplan\IdeaProjects\ISE5782_9463_4853\lib\junit-platform-engine-1.8.2.jar
Launcher Type: SUN_STANDARD

[Global flags]
     intx CICompilerCount                          = 4                                         {product} {ergonomic}
     uint ConcGCThreads                            = 2                                         {product} {ergonomic}
     uint G1ConcRefinementThreads                  = 8                                         {product} {ergonomic}
   size_t G1HeapRegionSize                         = 1048576                                   {product} {ergonomic}
    uintx GCDrainStackTargetSize                   = 64                                        {product} {ergonomic}
   size_t InitialHeapSize                          = 132120576                                 {product} {ergonomic}
   size_t MarkStackSize                            = 4194304                                   {product} {ergonomic}
   size_t MaxHeapSize                              = 2088763392                                {product} {ergonomic}
   size_t MaxNewSize                               = 1253048320                                {product} {ergonomic}
   size_t MinHeapDeltaBytes                        = 1048576                                   {product} {ergonomic}
   size_t MinHeapSize                              = 8388608                                   {product} {ergonomic}
    uintx NonNMethodCodeHeapSize                   = 5839372                                {pd product} {ergonomic}
    uintx NonProfiledCodeHeapSize                  = 122909434                              {pd product} {ergonomic}
    uintx ProfiledCodeHeapSize                     = 122909434                              {pd product} {ergonomic}
    uintx ReservedCodeCacheSize                    = 251658240                              {pd product} {ergonomic}
     bool SegmentedCodeCache                       = true                                      {product} {ergonomic}
   size_t SoftMaxHeapSize                          = 2088763392                             {manageable} {ergonomic}
     bool UseCompressedClassPointers               = true                           {product lp64_product} {ergonomic}
     bool UseCompressedOops                        = true                           {product lp64_product} {ergonomic}
     bool UseG1GC                                  = true                                      {product} {ergonomic}
     bool UseLargePagesIndividualAllocation        = false                                  {pd product} {ergonomic}

Logging:
Log output configuration:
 #0: stdout all=warning uptime,level,tags
 #1: stderr all=off uptime,level,tags

Environment Variables:
JAVA_HOME=C:\Program Files\Java\jdk-17.0.2
PATH=C:\Program Files\Java\jdk-17.0.2\bin;C:\WINDOWS\system32;C:\WINDOWS;C:\WINDOWS\System32\Wbem;C:\WINDOWS\System32\WindowsPowerShell\v1.0\;C:\WINDOWS\System32\OpenSSH\;C:\Program Files\dotnet\;C:\Program Files\Git\cmd;C:\Program Files (x86)\dotnet\;C:\Users\Kaplan\AppData\Local\Microsoft\WindowsApps;C:\Users\Kaplan\.dotnet\tools;
USERNAME=Kaplan
OS=Windows_NT
PROCESSOR_IDENTIFIER=Intel64 Family 6 Model 126 Stepping 5, GenuineIntel



---------------  S Y S T E M  ---------------

OS:
 Windows 11 , 64 bit Build 22000 (10.0.22000.675)
OS uptime: 1 days 2:47 hours

CPU: total 8 (initial active 8) (4 cores per cpu, 2 threads per core) family 6 model 126 stepping 5 microcode 0x86, cx8, cmov, fxsr, ht, mmx, 3dnowpref, sse, sse2, sse3, ssse3, sse4.1, sse4.2, popcnt, lzcnt, tsc, tscinvbit, avx, avx2, aes, erms, clmul, bmi1, bmi2, adx, avx512f, avx512dq, avx512cd, avx512bw, avx512vl, sha, fma, vzeroupper, avx512_vpopcntdq, avx512_vpclmulqdq, avx512_vaes, avx512_vnni, clflush, clflushopt, avx512_vbmi2, avx512_vbmi

Memory: 4k page, system-wide physical 7967M (1037M free)
TotalPageFile size 10015M (AvailPageFile size 0M)
current process WorkingSet (physical memory assigned to process): 31M, peak: 31M
current process commit charge ("private bytes"): 203M, peak: 203M

vm_info: Java HotSpot(TM) 64-Bit Server VM (17.0.2+8-LTS-86) for windows-amd64 JRE (17.0.2+8-LTS-86), built on Dec  7 2021 21:51:03 by "mach5one" with MS VC++ 16.8 / 16.9 (VS2019)

END.
