#
# There is insufficient memory for the Java Runtime Environment to continue.
# Native memory allocation (mmap) failed to map 131072000 bytes for G1 virtual space
# Possible reasons:
#   The system is out of physical RAM or swap space
#   The process is running with CompressedOops enabled, and the Java Heap may be blocking the growth of the native heap
# Possible solutions:
#   Reduce memory load on the system
#   Increase physical memory or swap space
#   Check if swap backing store is full
#   Decrease Java heap size (-Xmx/-Xms)
#   Decrease number of Java threads
#   Decrease Java thread stack sizes (-Xss)
#   Set larger code cache with -XX:ReservedCodeCacheSize=
#   JVM is running with Unscaled Compressed Oops mode in which the Java heap is
#     placed in the first 4GB address space. The Java Heap base address is the
#     maximum limit for the native heap growth. Please use -XX:HeapBaseMinAddress
#     to set the Java Heap base and to place the Java Heap above 4GB virtual address.
# This output file may be truncated or incomplete.
#
#  Out of Memory Error (os_windows.cpp:3532), pid=17388, tid=5984
#
# JRE version: Java(TM) SE Runtime Environment (17.0.2+8) (build 17.0.2+8-LTS-86)
# Java VM: Java HotSpot(TM) 64-Bit Server VM (17.0.2+8-LTS-86, mixed mode, sharing, tiered, compressed oops, compressed class ptrs, g1 gc, windows-amd64)
# No core dump will be written. Minidumps are not enabled by default on client versions of Windows
#

---------------  S U M M A R Y ------------

Command Line: -ea -Didea.test.cyclic.buffer.size=1048576 -javaagent:C:\Program Files\JetBrains\IntelliJ IDEA Community Edition 2021.3.2\lib\idea_rt.jar=55512:C:\Program Files\JetBrains\IntelliJ IDEA Community Edition 2021.3.2\bin -Dfile.encoding=UTF-8 com.intellij.rt.junit.JUnitStarter -ideVersion5 -junit5 renderer.RenderTests,basicRenderTwoColorTest

Host: Intel(R) Core(TM) i5-1035G1 CPU @ 1.00GHz, 8 cores, 7G,  Windows 11 , 64 bit Build 22000 (10.0.22000.613)
Time: Sun Apr 17 15:35:33 2022  Windows 11 , 64 bit Build 22000 (10.0.22000.613) elapsed time: 1.099784 seconds (0d 0h 0m 1s)

---------------  T H R E A D  ---------------

Current thread (0x0000023414fb89b0):  VMThread "VM Thread" [stack: 0x0000007acbe00000,0x0000007acbf00000] [id=5984]

Stack: [0x0000007acbe00000,0x0000007acbf00000]
Native frames: (J=compiled Java code, j=interpreted, Vv=VM code, C=native code)
V  [jvm.dll+0x670baa]
V  [jvm.dll+0x7cfcb4]
V  [jvm.dll+0x7d145e]
V  [jvm.dll+0x7d1ac3]
V  [jvm.dll+0x242bc5]
V  [jvm.dll+0x66dac9]
V  [jvm.dll+0x662412]
V  [jvm.dll+0x300c0b]
V  [jvm.dll+0x3081a6]
V  [jvm.dll+0x357d0e]
V  [jvm.dll+0x357f3f]
V  [jvm.dll+0x2d7ec8]
V  [jvm.dll+0x2d6194]
V  [jvm.dll+0x2d579c]
V  [jvm.dll+0x3190eb]
V  [jvm.dll+0x7d5f9b]
V  [jvm.dll+0x7d6cd4]
V  [jvm.dll+0x7d71ec]
V  [jvm.dll+0x7d75c4]
V  [jvm.dll+0x7d7690]
V  [jvm.dll+0x77ff7a]
V  [jvm.dll+0x66fa35]
C  [ucrtbase.dll+0x26c0c]
C  [KERNEL32.DLL+0x154e0]
C  [ntdll.dll+0x485b]

VM_Operation (0x0000007acb8fc060): G1CollectForAllocation, mode: safepoint, requested by thread 0x0000023476f9d160


---------------  P R O C E S S  ---------------

Threads class SMR info:
_java_thread_list=0x00000234163b6a80, length=15, elements={
0x0000023476f9d160, 0x0000023414fbe260, 0x0000023414fbeb20, 0x0000023414fd5fe0,
0x0000023414fd78b0, 0x0000023414fda180, 0x0000023414fdaa40, 0x0000023414fdbc40,
0x0000023414fdfd00, 0x0000023414fe8a20, 0x0000023415ca94a0, 0x0000023415dc4340,
0x0000023415dc7f60, 0x00000234163a8720, 0x00000234163b6460
}

Java Threads: ( => current thread )
  0x0000023476f9d160 JavaThread "main" [_thread_blocked, id=18936, stack(0x0000007acb800000,0x0000007acb900000)]
  0x0000023414fbe260 JavaThread "Reference Handler" daemon [_thread_blocked, id=13276, stack(0x0000007acbf00000,0x0000007acc000000)]
  0x0000023414fbeb20 JavaThread "Finalizer" daemon [_thread_blocked, id=14184, stack(0x0000007acc000000,0x0000007acc100000)]
  0x0000023414fd5fe0 JavaThread "Signal Dispatcher" daemon [_thread_blocked, id=8128, stack(0x0000007acc100000,0x0000007acc200000)]
  0x0000023414fd78b0 JavaThread "Attach Listener" daemon [_thread_blocked, id=13668, stack(0x0000007acc200000,0x0000007acc300000)]
  0x0000023414fda180 JavaThread "Service Thread" daemon [_thread_blocked, id=7712, stack(0x0000007acc300000,0x0000007acc400000)]
  0x0000023414fdaa40 JavaThread "Monitor Deflation Thread" daemon [_thread_blocked, id=8364, stack(0x0000007acc400000,0x0000007acc500000)]
  0x0000023414fdbc40 JavaThread "C2 CompilerThread0" daemon [_thread_blocked, id=16072, stack(0x0000007acc500000,0x0000007acc600000)]
  0x0000023414fdfd00 JavaThread "C1 CompilerThread0" daemon [_thread_blocked, id=9464, stack(0x0000007acc600000,0x0000007acc700000)]
  0x0000023414fe8a20 JavaThread "Sweeper thread" daemon [_thread_blocked, id=13568, stack(0x0000007acc700000,0x0000007acc800000)]
  0x0000023415ca94a0 JavaThread "Common-Cleaner" daemon [_thread_blocked, id=14656, stack(0x0000007acc800000,0x0000007acc900000)]
  0x0000023415dc4340 JavaThread "Monitor Ctrl-Break" daemon [_thread_in_native, id=13204, stack(0x0000007acc900000,0x0000007acca00000)]
  0x0000023415dc7f60 JavaThread "Notification Thread" daemon [_thread_blocked, id=1884, stack(0x0000007acca00000,0x0000007accb00000)]
  0x00000234163a8720 JavaThread "C2 CompilerThread1" daemon [_thread_blocked, id=12936, stack(0x0000007accc00000,0x0000007accd00000)]
  0x00000234163b6460 JavaThread "C2 CompilerThread2" daemon [_thread_blocked, id=14012, stack(0x0000007acd100000,0x0000007acd200000)]

Other Threads:
=>0x0000023414fb89b0 VMThread "VM Thread" [stack: 0x0000007acbe00000,0x0000007acbf00000] [id=5984]
  0x0000023477030ea0 WatcherThread [stack: 0x0000007accb00000,0x0000007accc00000] [id=10040]
  0x0000023476fdc660 GCTaskThread "GC Thread#0" [stack: 0x0000007acb900000,0x0000007acba00000] [id=14264]
  0x00000234163b0ac0 GCTaskThread "GC Thread#1" [stack: 0x0000007accd00000,0x0000007acce00000] [id=5392]
  0x00000234163b0d70 GCTaskThread "GC Thread#2" [stack: 0x0000007acce00000,0x0000007accf00000] [id=17952]
  0x00000234163c09c0 GCTaskThread "GC Thread#3" [stack: 0x0000007accf00000,0x0000007acd000000] [id=14792]
  0x00000234163c0c70 GCTaskThread "GC Thread#4" [stack: 0x0000007acd000000,0x0000007acd100000] [id=17812]
  0x0000023416d42f10 GCTaskThread "GC Thread#5" [stack: 0x0000007acd200000,0x0000007acd300000] [id=13888]
  0x00000234165962c0 GCTaskThread "GC Thread#6" [stack: 0x0000007acd300000,0x0000007acd400000] [id=12088]
  0x00000234172f9670 GCTaskThread "GC Thread#7" [stack: 0x0000007acd400000,0x0000007acd500000] [id=4016]
  0x000002347702a010 ConcurrentGCThread "G1 Main Marker" [stack: 0x0000007acba00000,0x0000007acbb00000] [id=15104]
  0x000002347702b840 ConcurrentGCThread "G1 Conc#0" [stack: 0x0000007acbb00000,0x0000007acbc00000] [id=18996]
  0x000002347706d2e0 ConcurrentGCThread "G1 Refine#0" [stack: 0x0000007acbc00000,0x0000007acbd00000] [id=500]
  0x000002347706db10 ConcurrentGCThread "G1 Service" [stack: 0x0000007acbd00000,0x0000007acbe00000] [id=2316]

Threads with active compile tasks:
C2 CompilerThread0     1119 1215       4       renderer.RayTracerBasic::traceRay (36 bytes)
C2 CompilerThread1     1120 1211       4       geometries.Geometries::findIntersections (73 bytes)
C2 CompilerThread2     1120 1212       4       geometries.Sphere::findIntersections (161 bytes)

VM state: at safepoint (normal execution)

VM Mutex/Monitor currently owned by a thread:  ([mutex/lock_event])
[0x0000023476f990d0] Threads_lock - owner thread: 0x0000023414fb89b0
[0x0000023476f9a1b0] Heap_lock - owner thread: 0x0000023476f9d160

Heap address: 0x0000000083800000, size: 1992 MB, Compressed Oops mode: 32-bit

CDS archive(s) mapped at: [0x0000000800000000-0x0000000800bc0000-0x0000000800bc0000), size 12320768, SharedBaseAddress: 0x0000000800000000, ArchiveRelocationMode: 0.
Compressed class space mapped at: 0x0000000800c00000-0x0000000840c00000, reserved size: 1073741824
Narrow klass base: 0x0000000800000000, Narrow klass shift: 0, Narrow klass range: 0x100000000

GC Precious Log:
 CPUs: 8 total, 8 available
 Memory: 7967M
 Large Page Support: Disabled
 NUMA Support: Disabled
 Compressed Oops: Enabled (32-bit)
 Heap Region Size: 1M
 Heap Min Capacity: 8M
 Heap Initial Capacity: 126M
 Heap Max Capacity: 1992M
 Pre-touch: Disabled
 Parallel Workers: 8
 Concurrent Workers: 2
 Concurrent Refinement Workers: 8
 Periodic GC: Disabled

Heap:
 garbage-first heap   total 258048K, used 6771K [0x0000000083800000, 0x0000000100000000)
  region size 1024K, 3 young (3072K), 3 survivors (3072K)
 Metaspace       used 5193K, committed 5376K, reserved 1056768K
  class space    used 658K, committed 768K, reserved 1048576K

Heap Regions: E=young(eden), S=young(survivor), O=old, HS=humongous(starts), HC=humongous(continues), CS=collection set, F=free, OA=open archive, CA=closed archive, TAMS=top-at-mark-start (previous, next)
|   0|0x0000000083800000, 0x0000000083900000, 0x0000000083900000|100%|HS|  |TAMS 0x0000000083800000, 0x0000000083800000| Complete 
|   1|0x0000000083900000, 0x0000000083a00000, 0x0000000083a00000|100%|HC|  |TAMS 0x0000000083900000, 0x0000000083900000| Complete 
|   2|0x0000000083a00000, 0x0000000083b00000, 0x0000000083b00000|100%|HC|  |TAMS 0x0000000083a00000, 0x0000000083a00000| Complete 
|   3|0x0000000083b00000, 0x0000000083c00000, 0x0000000083c00000|100%|HC|  |TAMS 0x0000000083b00000, 0x0000000083b00000| Complete 
|   4|0x0000000083c00000, 0x0000000083c00000, 0x0000000083d00000|  0%| F|  |TAMS 0x0000000083c00000, 0x0000000083c00000| Untracked 
|   5|0x0000000083d00000, 0x0000000083d00000, 0x0000000083e00000|  0%| F|  |TAMS 0x0000000083d00000, 0x0000000083d00000| Untracked 
|   6|0x0000000083e00000, 0x0000000083e00000, 0x0000000083f00000|  0%| F|  |TAMS 0x0000000083e00000, 0x0000000083e00000| Untracked 
|   7|0x0000000083f00000, 0x0000000083f00000, 0x0000000084000000|  0%| F|  |TAMS 0x0000000083f00000, 0x0000000083f00000| Untracked 
|   8|0x0000000084000000, 0x0000000084000000, 0x0000000084100000|  0%| F|  |TAMS 0x0000000084000000, 0x0000000084000000| Untracked 
|   9|0x0000000084100000, 0x0000000084100000, 0x0000000084200000|  0%| F|  |TAMS 0x0000000084100000, 0x0000000084100000| Untracked 
|  10|0x0000000084200000, 0x0000000084200000, 0x0000000084300000|  0%| F|  |TAMS 0x0000000084200000, 0x0000000084200000| Untracked 
|  11|0x0000000084300000, 0x0000000084300000, 0x0000000084400000|  0%| F|  |TAMS 0x0000000084300000, 0x0000000084300000| Untracked 
|  12|0x0000000084400000, 0x0000000084400000, 0x0000000084500000|  0%| F|  |TAMS 0x0000000084400000, 0x0000000084400000| Untracked 
|  13|0x0000000084500000, 0x0000000084500000, 0x0000000084600000|  0%| F|  |TAMS 0x0000000084500000, 0x0000000084500000| Untracked 
|  14|0x0000000084600000, 0x0000000084600000, 0x0000000084700000|  0%| F|  |TAMS 0x0000000084600000, 0x0000000084600000| Untracked 
|  15|0x0000000084700000, 0x0000000084700000, 0x0000000084800000|  0%| F|  |TAMS 0x0000000084700000, 0x0000000084700000| Untracked 
|  16|0x0000000084800000, 0x0000000084800000, 0x0000000084900000|  0%| F|  |TAMS 0x0000000084800000, 0x0000000084800000| Untracked 
|  17|0x0000000084900000, 0x0000000084900000, 0x0000000084a00000|  0%| F|  |TAMS 0x0000000084900000, 0x0000000084900000| Untracked 
|  18|0x0000000084a00000, 0x0000000084a00000, 0x0000000084b00000|  0%| F|  |TAMS 0x0000000084a00000, 0x0000000084a00000| Untracked 
|  19|0x0000000084b00000, 0x0000000084b00000, 0x0000000084c00000|  0%| F|  |TAMS 0x0000000084b00000, 0x0000000084b00000| Untracked 
|  20|0x0000000084c00000, 0x0000000084c00000, 0x0000000084d00000|  0%| F|  |TAMS 0x0000000084c00000, 0x0000000084c00000| Untracked 
|  21|0x0000000084d00000, 0x0000000084d00000, 0x0000000084e00000|  0%| F|  |TAMS 0x0000000084d00000, 0x0000000084d00000| Untracked 
|  22|0x0000000084e00000, 0x0000000084e00000, 0x0000000084f00000|  0%| F|  |TAMS 0x0000000084e00000, 0x0000000084e00000| Untracked 
|  23|0x0000000084f00000, 0x0000000084f00000, 0x0000000085000000|  0%| F|  |TAMS 0x0000000084f00000, 0x0000000084f00000| Untracked 
|  24|0x0000000085000000, 0x0000000085000000, 0x0000000085100000|  0%| F|  |TAMS 0x0000000085000000, 0x0000000085000000| Untracked 
|  25|0x0000000085100000, 0x0000000085100000, 0x0000000085200000|  0%| F|  |TAMS 0x0000000085100000, 0x0000000085100000| Untracked 
|  26|0x0000000085200000, 0x0000000085200000, 0x0000000085300000|  0%| F|  |TAMS 0x0000000085200000, 0x0000000085200000| Untracked 
|  27|0x0000000085300000, 0x0000000085300000, 0x0000000085400000|  0%| F|  |TAMS 0x0000000085300000, 0x0000000085300000| Untracked 
|  28|0x0000000085400000, 0x0000000085400000, 0x0000000085500000|  0%| F|  |TAMS 0x0000000085400000, 0x0000000085400000| Untracked 
|  29|0x0000000085500000, 0x0000000085500000, 0x0000000085600000|  0%| F|  |TAMS 0x0000000085500000, 0x0000000085500000| Untracked 
|  30|0x0000000085600000, 0x0000000085600000, 0x0000000085700000|  0%| F|  |TAMS 0x0000000085600000, 0x0000000085600000| Untracked 
|  31|0x0000000085700000, 0x0000000085700000, 0x0000000085800000|  0%| F|  |TAMS 0x0000000085700000, 0x0000000085700000| Untracked 
|  32|0x0000000085800000, 0x0000000085800000, 0x0000000085900000|  0%| F|  |TAMS 0x0000000085800000, 0x0000000085800000| Untracked 
|  33|0x0000000085900000, 0x0000000085900000, 0x0000000085a00000|  0%| F|  |TAMS 0x0000000085900000, 0x0000000085900000| Untracked 
|  34|0x0000000085a00000, 0x0000000085a00000, 0x0000000085b00000|  0%| F|  |TAMS 0x0000000085a00000, 0x0000000085a00000| Untracked 
|  35|0x0000000085b00000, 0x0000000085b00000, 0x0000000085c00000|  0%| F|  |TAMS 0x0000000085b00000, 0x0000000085b00000| Untracked 
|  36|0x0000000085c00000, 0x0000000085c00000, 0x0000000085d00000|  0%| F|  |TAMS 0x0000000085c00000, 0x0000000085c00000| Untracked 
|  37|0x0000000085d00000, 0x0000000085d00000, 0x0000000085e00000|  0%| F|  |TAMS 0x0000000085d00000, 0x0000000085d00000| Untracked 
|  38|0x0000000085e00000, 0x0000000085e00000, 0x0000000085f00000|  0%| F|  |TAMS 0x0000000085e00000, 0x0000000085e00000| Untracked 
|  39|0x0000000085f00000, 0x0000000085f00000, 0x0000000086000000|  0%| F|  |TAMS 0x0000000085f00000, 0x0000000085f00000| Untracked 
|  40|0x0000000086000000, 0x0000000086000000, 0x0000000086100000|  0%| F|  |TAMS 0x0000000086000000, 0x0000000086000000| Untracked 
|  41|0x0000000086100000, 0x0000000086100000, 0x0000000086200000|  0%| F|  |TAMS 0x0000000086100000, 0x0000000086100000| Untracked 
|  42|0x0000000086200000, 0x0000000086200000, 0x0000000086300000|  0%| F|  |TAMS 0x0000000086200000, 0x0000000086200000| Untracked 
|  43|0x0000000086300000, 0x0000000086300000, 0x0000000086400000|  0%| F|  |TAMS 0x0000000086300000, 0x0000000086300000| Untracked 
|  44|0x0000000086400000, 0x0000000086400000, 0x0000000086500000|  0%| F|  |TAMS 0x0000000086400000, 0x0000000086400000| Untracked 
|  45|0x0000000086500000, 0x0000000086500000, 0x0000000086600000|  0%| F|  |TAMS 0x0000000086500000, 0x0000000086500000| Untracked 
|  46|0x0000000086600000, 0x0000000086600000, 0x0000000086700000|  0%| F|  |TAMS 0x0000000086600000, 0x0000000086600000| Untracked 
|  47|0x0000000086700000, 0x0000000086700000, 0x0000000086800000|  0%| F|  |TAMS 0x0000000086700000, 0x0000000086700000| Untracked 
|  48|0x0000000086800000, 0x0000000086800000, 0x0000000086900000|  0%| F|  |TAMS 0x0000000086800000, 0x0000000086800000| Untracked 
|  49|0x0000000086900000, 0x0000000086900000, 0x0000000086a00000|  0%| F|  |TAMS 0x0000000086900000, 0x0000000086900000| Untracked 
|  50|0x0000000086a00000, 0x0000000086a00000, 0x0000000086b00000|  0%| F|  |TAMS 0x0000000086a00000, 0x0000000086a00000| Untracked 
|  51|0x0000000086b00000, 0x0000000086b00000, 0x0000000086c00000|  0%| F|  |TAMS 0x0000000086b00000, 0x0000000086b00000| Untracked 
|  52|0x0000000086c00000, 0x0000000086c00000, 0x0000000086d00000|  0%| F|  |TAMS 0x0000000086c00000, 0x0000000086c00000| Untracked 
|  53|0x0000000086d00000, 0x0000000086d00000, 0x0000000086e00000|  0%| F|  |TAMS 0x0000000086d00000, 0x0000000086d00000| Untracked 
|  54|0x0000000086e00000, 0x0000000086e00000, 0x0000000086f00000|  0%| F|  |TAMS 0x0000000086e00000, 0x0000000086e00000| Untracked 
|  55|0x0000000086f00000, 0x0000000086f00000, 0x0000000087000000|  0%| F|  |TAMS 0x0000000086f00000, 0x0000000086f00000| Untracked 
|  56|0x0000000087000000, 0x0000000087000000, 0x0000000087100000|  0%| F|  |TAMS 0x0000000087000000, 0x0000000087000000| Untracked 
|  57|0x0000000087100000, 0x0000000087100000, 0x0000000087200000|  0%| F|  |TAMS 0x0000000087100000, 0x0000000087100000| Untracked 
|  58|0x0000000087200000, 0x0000000087200000, 0x0000000087300000|  0%| F|  |TAMS 0x0000000087200000, 0x0000000087200000| Untracked 
|  59|0x0000000087300000, 0x0000000087300000, 0x0000000087400000|  0%| F|  |TAMS 0x0000000087300000, 0x0000000087300000| Untracked 
|  60|0x0000000087400000, 0x0000000087400000, 0x0000000087500000|  0%| F|  |TAMS 0x0000000087400000, 0x0000000087400000| Untracked 
|  61|0x0000000087500000, 0x0000000087500000, 0x0000000087600000|  0%| F|  |TAMS 0x0000000087500000, 0x0000000087500000| Untracked 
|  62|0x0000000087600000, 0x0000000087600000, 0x0000000087700000|  0%| F|  |TAMS 0x0000000087600000, 0x0000000087600000| Untracked 
|  63|0x0000000087700000, 0x0000000087700000, 0x0000000087800000|  0%| F|  |TAMS 0x0000000087700000, 0x0000000087700000| Untracked 
|  64|0x0000000087800000, 0x0000000087800000, 0x0000000087900000|  0%| F|  |TAMS 0x0000000087800000, 0x0000000087800000| Untracked 
|  65|0x0000000087900000, 0x0000000087900000, 0x0000000087a00000|  0%| F|  |TAMS 0x0000000087900000, 0x0000000087900000| Untracked 
|  66|0x0000000087a00000, 0x0000000087a00000, 0x0000000087b00000|  0%| F|  |TAMS 0x0000000087a00000, 0x0000000087a00000| Untracked 
|  67|0x0000000087b00000, 0x0000000087b00000, 0x0000000087c00000|  0%| F|  |TAMS 0x0000000087b00000, 0x0000000087b00000| Untracked 
|  68|0x0000000087c00000, 0x0000000087c00000, 0x0000000087d00000|  0%| F|  |TAMS 0x0000000087c00000, 0x0000000087c00000| Untracked 
|  69|0x0000000087d00000, 0x0000000087d00000, 0x0000000087e00000|  0%| F|  |TAMS 0x0000000087d00000, 0x0000000087d00000| Untracked 
|  70|0x0000000087e00000, 0x0000000087e00000, 0x0000000087f00000|  0%| F|  |TAMS 0x0000000087e00000, 0x0000000087e00000| Untracked 
|  71|0x0000000087f00000, 0x0000000087f00000, 0x0000000088000000|  0%| F|  |TAMS 0x0000000087f00000, 0x0000000087f00000| Untracked 
|  72|0x0000000088000000, 0x0000000088000000, 0x0000000088100000|  0%| F|  |TAMS 0x0000000088000000, 0x0000000088000000| Untracked 
|  73|0x0000000088100000, 0x0000000088100000, 0x0000000088200000|  0%| F|  |TAMS 0x0000000088100000, 0x0000000088100000| Untracked 
|  74|0x0000000088200000, 0x0000000088200000, 0x0000000088300000|  0%| F|  |TAMS 0x0000000088200000, 0x0000000088200000| Untracked 
|  75|0x0000000088300000, 0x0000000088300000, 0x0000000088400000|  0%| F|  |TAMS 0x0000000088300000, 0x0000000088300000| Untracked 
|  76|0x0000000088400000, 0x0000000088400000, 0x0000000088500000|  0%| F|  |TAMS 0x0000000088400000, 0x0000000088400000| Untracked 
|  77|0x0000000088500000, 0x0000000088500000, 0x0000000088600000|  0%| F|  |TAMS 0x0000000088500000, 0x0000000088500000| Untracked 
|  78|0x0000000088600000, 0x0000000088600000, 0x0000000088700000|  0%| F|  |TAMS 0x0000000088600000, 0x0000000088600000| Untracked 
|  79|0x0000000088700000, 0x0000000088700000, 0x0000000088800000|  0%| F|  |TAMS 0x0000000088700000, 0x0000000088700000| Untracked 
|  80|0x0000000088800000, 0x0000000088800000, 0x0000000088900000|  0%| F|  |TAMS 0x0000000088800000, 0x0000000088800000| Untracked 
|  81|0x0000000088900000, 0x0000000088900000, 0x0000000088a00000|  0%| F|  |TAMS 0x0000000088900000, 0x0000000088900000| Untracked 
|  82|0x0000000088a00000, 0x0000000088a00000, 0x0000000088b00000|  0%| F|  |TAMS 0x0000000088a00000, 0x0000000088a00000| Untracked 
|  83|0x0000000088b00000, 0x0000000088b00000, 0x0000000088c00000|  0%| F|  |TAMS 0x0000000088b00000, 0x0000000088b00000| Untracked 
|  84|0x0000000088c00000, 0x0000000088c00000, 0x0000000088d00000|  0%| F|  |TAMS 0x0000000088c00000, 0x0000000088c00000| Untracked 
|  85|0x0000000088d00000, 0x0000000088d00000, 0x0000000088e00000|  0%| F|  |TAMS 0x0000000088d00000, 0x0000000088d00000| Untracked 
|  86|0x0000000088e00000, 0x0000000088e00000, 0x0000000088f00000|  0%| F|  |TAMS 0x0000000088e00000, 0x0000000088e00000| Untracked 
|  87|0x0000000088f00000, 0x0000000088f00000, 0x0000000089000000|  0%| F|  |TAMS 0x0000000088f00000, 0x0000000088f00000| Untracked 
|  88|0x0000000089000000, 0x0000000089000000, 0x0000000089100000|  0%| F|  |TAMS 0x0000000089000000, 0x0000000089000000| Untracked 
|  89|0x0000000089100000, 0x0000000089100000, 0x0000000089200000|  0%| F|  |TAMS 0x0000000089100000, 0x0000000089100000| Untracked 
|  90|0x0000000089200000, 0x0000000089200000, 0x0000000089300000|  0%| F|  |TAMS 0x0000000089200000, 0x0000000089200000| Untracked 
|  91|0x0000000089300000, 0x0000000089300000, 0x0000000089400000|  0%| F|  |TAMS 0x0000000089300000, 0x0000000089300000| Untracked 
|  92|0x0000000089400000, 0x0000000089400000, 0x0000000089500000|  0%| F|  |TAMS 0x0000000089400000, 0x0000000089400000| Untracked 
|  93|0x0000000089500000, 0x0000000089500000, 0x0000000089600000|  0%| F|  |TAMS 0x0000000089500000, 0x0000000089500000| Untracked 
|  94|0x0000000089600000, 0x0000000089600000, 0x0000000089700000|  0%| F|  |TAMS 0x0000000089600000, 0x0000000089600000| Untracked 
|  95|0x0000000089700000, 0x0000000089700000, 0x0000000089800000|  0%| F|  |TAMS 0x0000000089700000, 0x0000000089700000| Untracked 
|  96|0x0000000089800000, 0x0000000089800000, 0x0000000089900000|  0%| F|  |TAMS 0x0000000089800000, 0x0000000089800000| Untracked 
|  97|0x0000000089900000, 0x0000000089900000, 0x0000000089a00000|  0%| F|  |TAMS 0x0000000089900000, 0x0000000089900000| Untracked 
|  98|0x0000000089a00000, 0x0000000089a9cea0, 0x0000000089b00000| 61%| S|CS|TAMS 0x0000000089a00000, 0x0000000089a00000| Complete 
|  99|0x0000000089b00000, 0x0000000089c00000, 0x0000000089c00000|100%| S|CS|TAMS 0x0000000089b00000, 0x0000000089b00000| Complete 
| 100|0x0000000089c00000, 0x0000000089c00000, 0x0000000089d00000|  0%| F|  |TAMS 0x0000000089c00000, 0x0000000089c00000| Untracked 
| 101|0x0000000089d00000, 0x0000000089d00000, 0x0000000089e00000|  0%| F|  |TAMS 0x0000000089d00000, 0x0000000089d00000| Untracked 
| 102|0x0000000089e00000, 0x0000000089e00000, 0x0000000089f00000|  0%| F|  |TAMS 0x0000000089e00000, 0x0000000089e00000| Untracked 
| 103|0x0000000089f00000, 0x000000008a000000, 0x000000008a000000|100%| S|CS|TAMS 0x0000000089f00000, 0x0000000089f00000| Complete 
| 104|0x000000008a000000, 0x000000008a000000, 0x000000008a100000|  0%| F|  |TAMS 0x000000008a000000, 0x000000008a000000| Untracked 
| 105|0x000000008a100000, 0x000000008a100000, 0x000000008a200000|  0%| F|  |TAMS 0x000000008a100000, 0x000000008a100000| Untracked 
| 106|0x000000008a200000, 0x000000008a200000, 0x000000008a300000|  0%| F|  |TAMS 0x000000008a200000, 0x000000008a200000| Untracked 
| 107|0x000000008a300000, 0x000000008a300000, 0x000000008a400000|  0%| F|  |TAMS 0x000000008a300000, 0x000000008a300000| Untracked 
| 108|0x000000008a400000, 0x000000008a400000, 0x000000008a500000|  0%| F|  |TAMS 0x000000008a400000, 0x000000008a400000| Untracked 
| 109|0x000000008a500000, 0x000000008a500000, 0x000000008a600000|  0%| F|  |TAMS 0x000000008a500000, 0x000000008a500000| Untracked 
| 110|0x000000008a600000, 0x000000008a600000, 0x000000008a700000|  0%| F|  |TAMS 0x000000008a600000, 0x000000008a600000| Untracked 
| 111|0x000000008a700000, 0x000000008a700000, 0x000000008a800000|  0%| F|  |TAMS 0x000000008a700000, 0x000000008a700000| Untracked 
| 112|0x000000008a800000, 0x000000008a800000, 0x000000008a900000|  0%| F|  |TAMS 0x000000008a800000, 0x000000008a800000| Untracked 
| 113|0x000000008a900000, 0x000000008a900000, 0x000000008aa00000|  0%| F|  |TAMS 0x000000008a900000, 0x000000008a900000| Untracked 
| 114|0x000000008aa00000, 0x000000008aa00000, 0x000000008ab00000|  0%| F|  |TAMS 0x000000008aa00000, 0x000000008aa00000| Untracked 
| 115|0x000000008ab00000, 0x000000008ab00000, 0x000000008ac00000|  0%| F|  |TAMS 0x000000008ab00000, 0x000000008ab00000| Untracked 
| 116|0x000000008ac00000, 0x000000008ac00000, 0x000000008ad00000|  0%| F|  |TAMS 0x000000008ac00000, 0x000000008ac00000| Untracked 
| 117|0x000000008ad00000, 0x000000008ad00000, 0x000000008ae00000|  0%| F|  |TAMS 0x000000008ad00000, 0x000000008ad00000| Untracked 
| 118|0x000000008ae00000, 0x000000008ae00000, 0x000000008af00000|  0%| F|  |TAMS 0x000000008ae00000, 0x000000008ae00000| Untracked 
| 119|0x000000008af00000, 0x000000008af00000, 0x000000008b000000|  0%| F|  |TAMS 0x000000008af00000, 0x000000008af00000| Untracked 
| 120|0x000000008b000000, 0x000000008b000000, 0x000000008b100000|  0%| F|  |TAMS 0x000000008b000000, 0x000000008b000000| Untracked 
| 121|0x000000008b100000, 0x000000008b100000, 0x000000008b200000|  0%| F|  |TAMS 0x000000008b100000, 0x000000008b100000| Untracked 
| 122|0x000000008b200000, 0x000000008b200000, 0x000000008b300000|  0%| F|  |TAMS 0x000000008b200000, 0x000000008b200000| Untracked 
| 123|0x000000008b300000, 0x000000008b300000, 0x000000008b400000|  0%| F|  |TAMS 0x000000008b300000, 0x000000008b300000| Untracked 
| 124|0x000000008b400000, 0x000000008b400000, 0x000000008b500000|  0%| F|  |TAMS 0x000000008b400000, 0x000000008b400000| Untracked 
| 125|0x000000008b500000, 0x000000008b500000, 0x000000008b600000|  0%| F|  |TAMS 0x000000008b500000, 0x000000008b500000| Untracked 
| 126|0x000000008b600000, 0x000000008b600000, 0x000000008b700000|  0%| F|  |TAMS 0x000000008b600000, 0x000000008b600000| Untracked 
| 127|0x000000008b700000, 0x000000008b700000, 0x000000008b800000|  0%| F|  |TAMS 0x000000008b700000, 0x000000008b700000| Untracked 
| 128|0x000000008b800000, 0x000000008b800000, 0x000000008b900000|  0%| F|  |TAMS 0x000000008b800000, 0x000000008b800000| Untracked 
| 129|0x000000008b900000, 0x000000008b900000, 0x000000008ba00000|  0%| F|  |TAMS 0x000000008b900000, 0x000000008b900000| Untracked 
| 130|0x000000008ba00000, 0x000000008ba00000, 0x000000008bb00000|  0%| F|  |TAMS 0x000000008ba00000, 0x000000008ba00000| Untracked 
| 131|0x000000008bb00000, 0x000000008bb00000, 0x000000008bc00000|  0%| F|  |TAMS 0x000000008bb00000, 0x000000008bb00000| Untracked 
| 132|0x000000008bc00000, 0x000000008bc00000, 0x000000008bd00000|  0%| F|  |TAMS 0x000000008bc00000, 0x000000008bc00000| Untracked 
| 133|0x000000008bd00000, 0x000000008bd00000, 0x000000008be00000|  0%| F|  |TAMS 0x000000008bd00000, 0x000000008bd00000| Untracked 
| 134|0x000000008be00000, 0x000000008be00000, 0x000000008bf00000|  0%| F|  |TAMS 0x000000008be00000, 0x000000008be00000| Untracked 
| 135|0x000000008bf00000, 0x000000008bf00000, 0x000000008c000000|  0%| F|  |TAMS 0x000000008bf00000, 0x000000008bf00000| Untracked 
| 136|0x000000008c000000, 0x000000008c000000, 0x000000008c100000|  0%| F|  |TAMS 0x000000008c000000, 0x000000008c000000| Untracked 
| 137|0x000000008c100000, 0x000000008c100000, 0x000000008c200000|  0%| F|  |TAMS 0x000000008c100000, 0x000000008c100000| Untracked 
| 138|0x000000008c200000, 0x000000008c200000, 0x000000008c300000|  0%| F|  |TAMS 0x000000008c200000, 0x000000008c200000| Untracked 
| 139|0x000000008c300000, 0x000000008c300000, 0x000000008c400000|  0%| F|  |TAMS 0x000000008c300000, 0x000000008c300000| Untracked 
| 140|0x000000008c400000, 0x000000008c400000, 0x000000008c500000|  0%| F|  |TAMS 0x000000008c400000, 0x000000008c400000| Untracked 
| 141|0x000000008c500000, 0x000000008c500000, 0x000000008c600000|  0%| F|  |TAMS 0x000000008c500000, 0x000000008c500000| Untracked 
| 142|0x000000008c600000, 0x000000008c600000, 0x000000008c700000|  0%| F|  |TAMS 0x000000008c600000, 0x000000008c600000| Untracked 
| 143|0x000000008c700000, 0x000000008c700000, 0x000000008c800000|  0%| F|  |TAMS 0x000000008c700000, 0x000000008c700000| Untracked 
| 144|0x000000008c800000, 0x000000008c800000, 0x000000008c900000|  0%| F|  |TAMS 0x000000008c800000, 0x000000008c800000| Untracked 
| 145|0x000000008c900000, 0x000000008c900000, 0x000000008ca00000|  0%| F|  |TAMS 0x000000008c900000, 0x000000008c900000| Untracked 
| 146|0x000000008ca00000, 0x000000008ca00000, 0x000000008cb00000|  0%| F|  |TAMS 0x000000008ca00000, 0x000000008ca00000| Untracked 
| 147|0x000000008cb00000, 0x000000008cb00000, 0x000000008cc00000|  0%| F|  |TAMS 0x000000008cb00000, 0x000000008cb00000| Untracked 
| 148|0x000000008cc00000, 0x000000008cc00000, 0x000000008cd00000|  0%| F|  |TAMS 0x000000008cc00000, 0x000000008cc00000| Untracked 
| 149|0x000000008cd00000, 0x000000008cd00000, 0x000000008ce00000|  0%| F|  |TAMS 0x000000008cd00000, 0x000000008cd00000| Untracked 
| 150|0x000000008ce00000, 0x000000008ce00000, 0x000000008cf00000|  0%| F|  |TAMS 0x000000008ce00000, 0x000000008ce00000| Untracked 
| 151|0x000000008cf00000, 0x000000008cf00000, 0x000000008d000000|  0%| F|  |TAMS 0x000000008cf00000, 0x000000008cf00000| Untracked 
| 152|0x000000008d000000, 0x000000008d000000, 0x000000008d100000|  0%| F|  |TAMS 0x000000008d000000, 0x000000008d000000| Untracked 
| 153|0x000000008d100000, 0x000000008d100000, 0x000000008d200000|  0%| F|  |TAMS 0x000000008d100000, 0x000000008d100000| Untracked 
| 154|0x000000008d200000, 0x000000008d200000, 0x000000008d300000|  0%| F|  |TAMS 0x000000008d200000, 0x000000008d200000| Untracked 
| 155|0x000000008d300000, 0x000000008d300000, 0x000000008d400000|  0%| F|  |TAMS 0x000000008d300000, 0x000000008d300000| Untracked 
| 156|0x000000008d400000, 0x000000008d400000, 0x000000008d500000|  0%| F|  |TAMS 0x000000008d400000, 0x000000008d400000| Untracked 
| 157|0x000000008d500000, 0x000000008d500000, 0x000000008d600000|  0%| F|  |TAMS 0x000000008d500000, 0x000000008d500000| Untracked 
| 158|0x000000008d600000, 0x000000008d600000, 0x000000008d700000|  0%| F|  |TAMS 0x000000008d600000, 0x000000008d600000| Untracked 
| 159|0x000000008d700000, 0x000000008d700000, 0x000000008d800000|  0%| F|  |TAMS 0x000000008d700000, 0x000000008d700000| Untracked 
| 160|0x000000008d800000, 0x000000008d800000, 0x000000008d900000|  0%| F|  |TAMS 0x000000008d800000, 0x000000008d800000| Untracked 
| 161|0x000000008d900000, 0x000000008d900000, 0x000000008da00000|  0%| F|  |TAMS 0x000000008d900000, 0x000000008d900000| Untracked 
| 162|0x000000008da00000, 0x000000008da00000, 0x000000008db00000|  0%| F|  |TAMS 0x000000008da00000, 0x000000008da00000| Untracked 
| 163|0x000000008db00000, 0x000000008db00000, 0x000000008dc00000|  0%| F|  |TAMS 0x000000008db00000, 0x000000008db00000| Untracked 
| 164|0x000000008dc00000, 0x000000008dc00000, 0x000000008dd00000|  0%| F|  |TAMS 0x000000008dc00000, 0x000000008dc00000| Untracked 
| 165|0x000000008dd00000, 0x000000008dd00000, 0x000000008de00000|  0%| F|  |TAMS 0x000000008dd00000, 0x000000008dd00000| Untracked 
| 166|0x000000008de00000, 0x000000008de00000, 0x000000008df00000|  0%| F|  |TAMS 0x000000008de00000, 0x000000008de00000| Untracked 
| 167|0x000000008df00000, 0x000000008df00000, 0x000000008e000000|  0%| F|  |TAMS 0x000000008df00000, 0x000000008df00000| Untracked 
| 168|0x000000008e000000, 0x000000008e000000, 0x000000008e100000|  0%| F|  |TAMS 0x000000008e000000, 0x000000008e000000| Untracked 
| 169|0x000000008e100000, 0x000000008e100000, 0x000000008e200000|  0%| F|  |TAMS 0x000000008e100000, 0x000000008e100000| Untracked 
| 170|0x000000008e200000, 0x000000008e200000, 0x000000008e300000|  0%| F|  |TAMS 0x000000008e200000, 0x000000008e200000| Untracked 
| 171|0x000000008e300000, 0x000000008e300000, 0x000000008e400000|  0%| F|  |TAMS 0x000000008e300000, 0x000000008e300000| Untracked 
| 172|0x000000008e400000, 0x000000008e400000, 0x000000008e500000|  0%| F|  |TAMS 0x000000008e400000, 0x000000008e400000| Untracked 
| 173|0x000000008e500000, 0x000000008e500000, 0x000000008e600000|  0%| F|  |TAMS 0x000000008e500000, 0x000000008e500000| Untracked 
| 174|0x000000008e600000, 0x000000008e600000, 0x000000008e700000|  0%| F|  |TAMS 0x000000008e600000, 0x000000008e600000| Untracked 
| 175|0x000000008e700000, 0x000000008e700000, 0x000000008e800000|  0%| F|  |TAMS 0x000000008e700000, 0x000000008e700000| Untracked 
| 176|0x000000008e800000, 0x000000008e800000, 0x000000008e900000|  0%| F|  |TAMS 0x000000008e800000, 0x000000008e800000| Untracked 
| 177|0x000000008e900000, 0x000000008e900000, 0x000000008ea00000|  0%| F|  |TAMS 0x000000008e900000, 0x000000008e900000| Untracked 
| 178|0x000000008ea00000, 0x000000008ea00000, 0x000000008eb00000|  0%| F|  |TAMS 0x000000008ea00000, 0x000000008ea00000| Untracked 
| 179|0x000000008eb00000, 0x000000008eb00000, 0x000000008ec00000|  0%| F|  |TAMS 0x000000008eb00000, 0x000000008eb00000| Untracked 
| 180|0x000000008ec00000, 0x000000008ec00000, 0x000000008ed00000|  0%| F|  |TAMS 0x000000008ec00000, 0x000000008ec00000| Untracked 
| 181|0x000000008ed00000, 0x000000008ed00000, 0x000000008ee00000|  0%| F|  |TAMS 0x000000008ed00000, 0x000000008ed00000| Untracked 
| 182|0x000000008ee00000, 0x000000008ee00000, 0x000000008ef00000|  0%| F|  |TAMS 0x000000008ee00000, 0x000000008ee00000| Untracked 
| 183|0x000000008ef00000, 0x000000008ef00000, 0x000000008f000000|  0%| F|  |TAMS 0x000000008ef00000, 0x000000008ef00000| Untracked 
| 184|0x000000008f000000, 0x000000008f000000, 0x000000008f100000|  0%| F|  |TAMS 0x000000008f000000, 0x000000008f000000| Untracked 
| 185|0x000000008f100000, 0x000000008f100000, 0x000000008f200000|  0%| F|  |TAMS 0x000000008f100000, 0x000000008f100000| Untracked 
| 186|0x000000008f200000, 0x000000008f200000, 0x000000008f300000|  0%| F|  |TAMS 0x000000008f200000, 0x000000008f200000| Untracked 
| 187|0x000000008f300000, 0x000000008f300000, 0x000000008f400000|  0%| F|  |TAMS 0x000000008f300000, 0x000000008f300000| Untracked 
| 188|0x000000008f400000, 0x000000008f400000, 0x000000008f500000|  0%| F|  |TAMS 0x000000008f400000, 0x000000008f400000| Untracked 
| 189|0x000000008f500000, 0x000000008f500000, 0x000000008f600000|  0%| F|  |TAMS 0x000000008f500000, 0x000000008f500000| Untracked 
| 190|0x000000008f600000, 0x000000008f600000, 0x000000008f700000|  0%| F|  |TAMS 0x000000008f600000, 0x000000008f600000| Untracked 
| 191|0x000000008f700000, 0x000000008f700000, 0x000000008f800000|  0%| F|  |TAMS 0x000000008f700000, 0x000000008f700000| Untracked 
| 192|0x000000008f800000, 0x000000008f800000, 0x000000008f900000|  0%| F|  |TAMS 0x000000008f800000, 0x000000008f800000| Untracked 
| 193|0x000000008f900000, 0x000000008f900000, 0x000000008fa00000|  0%| F|  |TAMS 0x000000008f900000, 0x000000008f900000| Untracked 
| 194|0x000000008fa00000, 0x000000008fa00000, 0x000000008fb00000|  0%| F|  |TAMS 0x000000008fa00000, 0x000000008fa00000| Untracked 
| 195|0x000000008fb00000, 0x000000008fb00000, 0x000000008fc00000|  0%| F|  |TAMS 0x000000008fb00000, 0x000000008fb00000| Untracked 
| 196|0x000000008fc00000, 0x000000008fc00000, 0x000000008fd00000|  0%| F|  |TAMS 0x000000008fc00000, 0x000000008fc00000| Untracked 
| 197|0x000000008fd00000, 0x000000008fd00000, 0x000000008fe00000|  0%| F|  |TAMS 0x000000008fd00000, 0x000000008fd00000| Untracked 
| 198|0x000000008fe00000, 0x000000008fe00000, 0x000000008ff00000|  0%| F|  |TAMS 0x000000008fe00000, 0x000000008fe00000| Untracked 
| 199|0x000000008ff00000, 0x000000008ff00000, 0x0000000090000000|  0%| F|  |TAMS 0x000000008ff00000, 0x000000008ff00000| Untracked 
| 200|0x0000000090000000, 0x0000000090000000, 0x0000000090100000|  0%| F|  |TAMS 0x0000000090000000, 0x0000000090000000| Untracked 
| 201|0x0000000090100000, 0x0000000090100000, 0x0000000090200000|  0%| F|  |TAMS 0x0000000090100000, 0x0000000090100000| Untracked 
| 202|0x0000000090200000, 0x0000000090200000, 0x0000000090300000|  0%| F|  |TAMS 0x0000000090200000, 0x0000000090200000| Untracked 
| 203|0x0000000090300000, 0x0000000090300000, 0x0000000090400000|  0%| F|  |TAMS 0x0000000090300000, 0x0000000090300000| Untracked 
| 204|0x0000000090400000, 0x0000000090400000, 0x0000000090500000|  0%| F|  |TAMS 0x0000000090400000, 0x0000000090400000| Untracked 
| 205|0x0000000090500000, 0x0000000090500000, 0x0000000090600000|  0%| F|  |TAMS 0x0000000090500000, 0x0000000090500000| Untracked 
| 206|0x0000000090600000, 0x0000000090600000, 0x0000000090700000|  0%| F|  |TAMS 0x0000000090600000, 0x0000000090600000| Untracked 
| 207|0x0000000090700000, 0x0000000090700000, 0x0000000090800000|  0%| F|  |TAMS 0x0000000090700000, 0x0000000090700000| Untracked 
| 208|0x0000000090800000, 0x0000000090800000, 0x0000000090900000|  0%| F|  |TAMS 0x0000000090800000, 0x0000000090800000| Untracked 
| 209|0x0000000090900000, 0x0000000090900000, 0x0000000090a00000|  0%| F|  |TAMS 0x0000000090900000, 0x0000000090900000| Untracked 
| 210|0x0000000090a00000, 0x0000000090a00000, 0x0000000090b00000|  0%| F|  |TAMS 0x0000000090a00000, 0x0000000090a00000| Untracked 
| 211|0x0000000090b00000, 0x0000000090b00000, 0x0000000090c00000|  0%| F|  |TAMS 0x0000000090b00000, 0x0000000090b00000| Untracked 
| 212|0x0000000090c00000, 0x0000000090c00000, 0x0000000090d00000|  0%| F|  |TAMS 0x0000000090c00000, 0x0000000090c00000| Untracked 
| 213|0x0000000090d00000, 0x0000000090d00000, 0x0000000090e00000|  0%| F|  |TAMS 0x0000000090d00000, 0x0000000090d00000| Untracked 
| 214|0x0000000090e00000, 0x0000000090e00000, 0x0000000090f00000|  0%| F|  |TAMS 0x0000000090e00000, 0x0000000090e00000| Untracked 
| 215|0x0000000090f00000, 0x0000000090f00000, 0x0000000091000000|  0%| F|  |TAMS 0x0000000090f00000, 0x0000000090f00000| Untracked 
| 216|0x0000000091000000, 0x0000000091000000, 0x0000000091100000|  0%| F|  |TAMS 0x0000000091000000, 0x0000000091000000| Untracked 
| 217|0x0000000091100000, 0x0000000091100000, 0x0000000091200000|  0%| F|  |TAMS 0x0000000091100000, 0x0000000091100000| Untracked 
| 218|0x0000000091200000, 0x0000000091200000, 0x0000000091300000|  0%| F|  |TAMS 0x0000000091200000, 0x0000000091200000| Untracked 
| 219|0x0000000091300000, 0x0000000091300000, 0x0000000091400000|  0%| F|  |TAMS 0x0000000091300000, 0x0000000091300000| Untracked 
| 220|0x0000000091400000, 0x0000000091400000, 0x0000000091500000|  0%| F|  |TAMS 0x0000000091400000, 0x0000000091400000| Untracked 
| 221|0x0000000091500000, 0x0000000091500000, 0x0000000091600000|  0%| F|  |TAMS 0x0000000091500000, 0x0000000091500000| Untracked 
| 222|0x0000000091600000, 0x0000000091600000, 0x0000000091700000|  0%| F|  |TAMS 0x0000000091600000, 0x0000000091600000| Untracked 
| 223|0x0000000091700000, 0x0000000091700000, 0x0000000091800000|  0%| F|  |TAMS 0x0000000091700000, 0x0000000091700000| Untracked 
| 224|0x0000000091800000, 0x0000000091800000, 0x0000000091900000|  0%| F|  |TAMS 0x0000000091800000, 0x0000000091800000| Untracked 
| 225|0x0000000091900000, 0x0000000091900000, 0x0000000091a00000|  0%| F|  |TAMS 0x0000000091900000, 0x0000000091900000| Untracked 
| 226|0x0000000091a00000, 0x0000000091a00000, 0x0000000091b00000|  0%| F|  |TAMS 0x0000000091a00000, 0x0000000091a00000| Untracked 
| 227|0x0000000091b00000, 0x0000000091b00000, 0x0000000091c00000|  0%| F|  |TAMS 0x0000000091b00000, 0x0000000091b00000| Untracked 
| 228|0x0000000091c00000, 0x0000000091c00000, 0x0000000091d00000|  0%| F|  |TAMS 0x0000000091c00000, 0x0000000091c00000| Untracked 
| 229|0x0000000091d00000, 0x0000000091d00000, 0x0000000091e00000|  0%| F|  |TAMS 0x0000000091d00000, 0x0000000091d00000| Untracked 
| 230|0x0000000091e00000, 0x0000000091e00000, 0x0000000091f00000|  0%| F|  |TAMS 0x0000000091e00000, 0x0000000091e00000| Untracked 
| 231|0x0000000091f00000, 0x0000000091f00000, 0x0000000092000000|  0%| F|  |TAMS 0x0000000091f00000, 0x0000000091f00000| Untracked 
| 232|0x0000000092000000, 0x0000000092000000, 0x0000000092100000|  0%| F|  |TAMS 0x0000000092000000, 0x0000000092000000| Untracked 
| 233|0x0000000092100000, 0x0000000092100000, 0x0000000092200000|  0%| F|  |TAMS 0x0000000092100000, 0x0000000092100000| Untracked 
| 234|0x0000000092200000, 0x0000000092200000, 0x0000000092300000|  0%| F|  |TAMS 0x0000000092200000, 0x0000000092200000| Untracked 
| 235|0x0000000092300000, 0x0000000092300000, 0x0000000092400000|  0%| F|  |TAMS 0x0000000092300000, 0x0000000092300000| Untracked 
| 236|0x0000000092400000, 0x0000000092400000, 0x0000000092500000|  0%| F|  |TAMS 0x0000000092400000, 0x0000000092400000| Untracked 
| 237|0x0000000092500000, 0x0000000092500000, 0x0000000092600000|  0%| F|  |TAMS 0x0000000092500000, 0x0000000092500000| Untracked 
| 238|0x0000000092600000, 0x0000000092600000, 0x0000000092700000|  0%| F|  |TAMS 0x0000000092600000, 0x0000000092600000| Untracked 
| 239|0x0000000092700000, 0x0000000092700000, 0x0000000092800000|  0%| F|  |TAMS 0x0000000092700000, 0x0000000092700000| Untracked 
| 240|0x0000000092800000, 0x0000000092800000, 0x0000000092900000|  0%| F|  |TAMS 0x0000000092800000, 0x0000000092800000| Untracked 
| 241|0x0000000092900000, 0x0000000092900000, 0x0000000092a00000|  0%| F|  |TAMS 0x0000000092900000, 0x0000000092900000| Untracked 
| 242|0x0000000092a00000, 0x0000000092a00000, 0x0000000092b00000|  0%| F|  |TAMS 0x0000000092a00000, 0x0000000092a00000| Untracked 
| 243|0x0000000092b00000, 0x0000000092b00000, 0x0000000092c00000|  0%| F|  |TAMS 0x0000000092b00000, 0x0000000092b00000| Untracked 
| 244|0x0000000092c00000, 0x0000000092c00000, 0x0000000092d00000|  0%| F|  |TAMS 0x0000000092c00000, 0x0000000092c00000| Untracked 
| 245|0x0000000092d00000, 0x0000000092d00000, 0x0000000092e00000|  0%| F|  |TAMS 0x0000000092d00000, 0x0000000092d00000| Untracked 
| 246|0x0000000092e00000, 0x0000000092e00000, 0x0000000092f00000|  0%| F|  |TAMS 0x0000000092e00000, 0x0000000092e00000| Untracked 
| 247|0x0000000092f00000, 0x0000000092f00000, 0x0000000093000000|  0%| F|  |TAMS 0x0000000092f00000, 0x0000000092f00000| Untracked 
| 248|0x0000000093000000, 0x0000000093000000, 0x0000000093100000|  0%| F|  |TAMS 0x0000000093000000, 0x0000000093000000| Untracked 
| 249|0x0000000093100000, 0x0000000093100000, 0x0000000093200000|  0%| F|  |TAMS 0x0000000093100000, 0x0000000093100000| Untracked 
| 250|0x0000000093200000, 0x0000000093200000, 0x0000000093300000|  0%| F|  |TAMS 0x0000000093200000, 0x0000000093200000| Untracked 
| 251|0x0000000093300000, 0x0000000093300000, 0x0000000093400000|  0%| F|  |TAMS 0x0000000093300000, 0x0000000093300000| Untracked 

Card table byte_map: [0x000002347ef20000,0x000002347f310000] _byte_map_base: 0x000002347eb04000

Marking Bits (Prev, Next): (CMBitMap*) 0x0000023474de9f80, (CMBitMap*) 0x0000023474de9fc0
 Prev Bits: [0x000002340f000000, 0x0000023410f20000)
 Next Bits: [0x0000023410f20000, 0x0000023412e40000)

Polling page: 0x0000023474f70000

Metaspace:

Usage:
  Non-class:      4.43 MB used.
      Class:    658.20 KB used.
       Both:      5.07 MB used.

Virtual space:
  Non-class space:        8.00 MB reserved,       4.50 MB ( 56%) committed,  1 nodes.
      Class space:        1.00 GB reserved,     768.00 KB ( <1%) committed,  1 nodes.
             Both:        1.01 GB reserved,       5.25 MB ( <1%) committed. 

Chunk freelists:
   Non-Class:  2.21 MB
       Class:  3.31 MB
        Both:  5.52 MB

MaxMetaspaceSize: unlimited
CompressedClassSpaceSize: 1.00 GB
Initial GC threshold: 21.00 MB
Current GC threshold: 21.00 MB
CDS: on
MetaspaceReclaimPolicy: balanced
 - commit_granule_bytes: 65536.
 - commit_granule_words: 8192.
 - virtual_space_node_default_size: 1048576.
 - enlarge_chunks_in_place: 1.
 - new_chunks_are_fully_committed: 0.
 - uncommit_free_chunks: 1.
 - use_allocation_guard: 0.
 - handle_deallocations: 1.


Internal statistics:

num_allocs_failed_limit: 0.
num_arena_births: 128.
num_arena_deaths: 0.
num_vsnodes_births: 2.
num_vsnodes_deaths: 0.
num_space_committed: 84.
num_space_uncommitted: 0.
num_chunks_returned_to_freelist: 0.
num_chunks_taken_from_freelist: 304.
num_chunk_merges: 0.
num_chunk_splits: 156.
num_chunks_enlarged: 87.
num_purges: 0.
num_inconsistent_stats: 0.

CodeHeap 'non-profiled nmethods': size=120000Kb used=522Kb max_used=522Kb free=119477Kb
 bounds [0x0000023407ad0000, 0x0000023407d40000, 0x000002340f000000]
CodeHeap 'profiled nmethods': size=120000Kb used=2145Kb max_used=2145Kb free=117854Kb
 bounds [0x00000234005a0000, 0x0000023400810000, 0x0000023407ad0000]
CodeHeap 'non-nmethods': size=5760Kb used=1165Kb max_used=1193Kb free=4594Kb
 bounds [0x0000023400000000, 0x0000023400270000, 0x00000234005a0000]
 total_blobs=1678 nmethods=1234 adapters=357
 compilation: enabled
              stopped_count=0, restarted_count=0
 full_count=0

Compilation events (20 events):
Event: 1.063 Thread 0x0000023414fdfd00 1233       3       java.lang.ref.ReferenceQueue::reallyPoll (65 bytes)
Event: 1.064 Thread 0x0000023414fdfd00 nmethod 1233 0x00000234007b2190 code [0x00000234007b2360, 0x00000234007b2898]
Event: 1.064 Thread 0x0000023414fdfd00 1232       3       sun.util.locale.LocaleUtils::isUpper (18 bytes)
Event: 1.064 Thread 0x0000023414fdfd00 nmethod 1232 0x00000234007b2990 code [0x00000234007b2b20, 0x00000234007b2c98]
Event: 1.065 Thread 0x0000023414fdfd00 1234       3       jdk.internal.org.objectweb.asm.SymbolTable::setMajorVersionAndClassName (19 bytes)
Event: 1.065 Thread 0x0000023414fdfd00 nmethod 1234 0x00000234007b2d10 code [0x00000234007b2ec0, 0x00000234007b30c8]
Event: 1.067 Thread 0x0000023414fdfd00 1236       3       java.util.StringTokenizer::scanToken (179 bytes)
Event: 1.069 Thread 0x0000023414fdfd00 nmethod 1236 0x00000234007b3210 code [0x00000234007b3580, 0x00000234007b4b98]
Event: 1.069 Thread 0x0000023414fdfd00 1235       3       java.util.StringTokenizer::skipDelimiters (116 bytes)
Event: 1.070 Thread 0x0000023414fdfd00 nmethod 1235 0x00000234007b5390 code [0x00000234007b5640, 0x00000234007b6368]
Event: 1.070 Thread 0x0000023414fdfd00 1237       3       java.util.StringTokenizer::hasMoreTokens (29 bytes)
Event: 1.070 Thread 0x0000023414fdfd00 nmethod 1237 0x00000234007b6810 code [0x00000234007b69c0, 0x00000234007b6b68]
Event: 1.070 Thread 0x0000023414fdfd00 1238       3       java.util.StringTokenizer::nextToken (92 bytes)
Event: 1.071 Thread 0x0000023414fdfd00 nmethod 1238 0x00000234007b6c10 code [0x00000234007b6de0, 0x00000234007b7118]
Event: 1.071 Thread 0x0000023414fdfd00 1239       3       java.lang.ClassLoader::findLoadedClass (15 bytes)
Event: 1.071 Thread 0x0000023414fdfd00 nmethod 1239 0x00000234007b7290 code [0x00000234007b7440, 0x00000234007b7638]
Event: 1.082 Thread 0x00000234163b6460 nmethod 1199% 0x0000023407b4ea90 code [0x0000023407b4ed40, 0x0000023407b50d28]
Event: 1.083 Thread 0x00000234163b6460 1212       4       geometries.Sphere::findIntersections (161 bytes)
Event: 1.092 Thread 0x0000023414fdfd00 1241 %     3       renderer.Camera::renderImage @ 109 (155 bytes)
Event: 1.093 Thread 0x0000023414fdfd00 nmethod 1241% 0x00000234007b7710 code [0x00000234007b7980, 0x00000234007b82c8]

GC Heap History (19 events):
Event: 0.650 GC heap before
{Heap before GC invocations=0 (full 0):
 garbage-first heap   total 129024K, used 27648K [0x0000000083800000, 0x0000000100000000)
  region size 1024K, 23 young (23552K), 0 survivors (0K)
 Metaspace       used 4987K, committed 5248K, reserved 1056768K
  class space    used 643K, committed 768K, reserved 1048576K
}
Event: 0.654 GC heap after
{Heap after GC invocations=1 (full 0):
 garbage-first heap   total 129024K, used 6229K [0x0000000083800000, 0x0000000100000000)
  region size 1024K, 3 young (3072K), 3 survivors (3072K)
 Metaspace       used 4987K, committed 5248K, reserved 1056768K
  class space    used 643K, committed 768K, reserved 1048576K
}
Event: 0.679 GC heap before
{Heap before GC invocations=1 (full 0):
 garbage-first heap   total 129024K, used 41045K [0x0000000083800000, 0x0000000100000000)
  region size 1024K, 37 young (37888K), 3 survivors (3072K)
 Metaspace       used 4989K, committed 5248K, reserved 1056768K
  class space    used 643K, committed 768K, reserved 1048576K
}
Event: 0.683 GC heap after
{Heap after GC invocations=2 (full 0):
 garbage-first heap   total 129024K, used 6144K [0x0000000083800000, 0x0000000100000000)
  region size 1024K, 2 young (2048K), 2 survivors (2048K)
 Metaspace       used 4989K, committed 5248K, reserved 1056768K
  class space    used 643K, committed 768K, reserved 1048576K
}
Event: 0.744 GC heap before
{Heap before GC invocations=2 (full 0):
 garbage-first heap   total 129024K, used 80896K [0x0000000083800000, 0x0000000100000000)
  region size 1024K, 75 young (76800K), 2 survivors (2048K)
 Metaspace       used 4989K, committed 5248K, reserved 1056768K
  class space    used 643K, committed 768K, reserved 1048576K
}
Event: 0.748 GC heap after
{Heap after GC invocations=3 (full 0):
 garbage-first heap   total 129024K, used 6274K [0x0000000083800000, 0x0000000100000000)
  region size 1024K, 3 young (3072K), 3 survivors (3072K)
 Metaspace       used 4989K, committed 5248K, reserved 1056768K
  class space    used 643K, committed 768K, reserved 1048576K
}
Event: 0.777 GC heap before
{Heap before GC invocations=3 (full 0):
 garbage-first heap   total 129024K, used 80002K [0x0000000083800000, 0x0000000100000000)
  region size 1024K, 75 young (76800K), 3 survivors (3072K)
 Metaspace       used 4990K, committed 5248K, reserved 1056768K
  class space    used 643K, committed 768K, reserved 1048576K
}
Event: 0.780 GC heap after
{Heap after GC invocations=4 (full 0):
 garbage-first heap   total 129024K, used 6274K [0x0000000083800000, 0x0000000100000000)
  region size 1024K, 3 young (3072K), 3 survivors (3072K)
 Metaspace       used 4990K, committed 5248K, reserved 1056768K
  class space    used 643K, committed 768K, reserved 1048576K
}
Event: 0.799 GC heap before
{Heap before GC invocations=4 (full 0):
 garbage-first heap   total 129024K, used 80002K [0x0000000083800000, 0x0000000100000000)
  region size 1024K, 75 young (76800K), 3 survivors (3072K)
 Metaspace       used 4990K, committed 5248K, reserved 1056768K
  class space    used 643K, committed 768K, reserved 1048576K
}
Event: 0.803 GC heap after
{Heap after GC invocations=5 (full 0):
 garbage-first heap   total 129024K, used 6272K [0x0000000083800000, 0x0000000100000000)
  region size 1024K, 3 young (3072K), 3 survivors (3072K)
 Metaspace       used 4990K, committed 5248K, reserved 1056768K
  class space    used 643K, committed 768K, reserved 1048576K
}
Event: 0.825 GC heap before
{Heap before GC invocations=5 (full 0):
 garbage-first heap   total 129024K, used 80000K [0x0000000083800000, 0x0000000100000000)
  region size 1024K, 75 young (76800K), 3 survivors (3072K)
 Metaspace       used 4990K, committed 5248K, reserved 1056768K
  class space    used 643K, committed 768K, reserved 1048576K
}
Event: 0.829 GC heap after
{Heap after GC invocations=6 (full 0):
 garbage-first heap   total 258048K, used 6144K [0x0000000083800000, 0x0000000100000000)
  region size 1024K, 2 young (2048K), 2 survivors (2048K)
 Metaspace       used 4990K, committed 5248K, reserved 1056768K
  class space    used 643K, committed 768K, reserved 1048576K
}
Event: 0.927 GC heap before
{Heap before GC invocations=6 (full 0):
 garbage-first heap   total 258048K, used 158720K [0x0000000083800000, 0x0000000100000000)
  region size 1024K, 151 young (154624K), 2 survivors (2048K)
 Metaspace       used 4990K, committed 5248K, reserved 1056768K
  class space    used 643K, committed 768K, reserved 1048576K
}
Event: 0.929 GC heap after
{Heap after GC invocations=7 (full 0):
 garbage-first heap   total 258048K, used 6271K [0x0000000083800000, 0x0000000100000000)
  region size 1024K, 3 young (3072K), 3 survivors (3072K)
 Metaspace       used 4990K, committed 5248K, reserved 1056768K
  class space    used 643K, committed 768K, reserved 1048576K
}
Event: 0.965 GC heap before
{Heap before GC invocations=7 (full 0):
 garbage-first heap   total 258048K, used 157823K [0x0000000083800000, 0x0000000100000000)
  region size 1024K, 151 young (154624K), 3 survivors (3072K)
 Metaspace       used 4994K, committed 5248K, reserved 1056768K
  class space    used 643K, committed 768K, reserved 1048576K
}
Event: 0.967 GC heap after
{Heap after GC invocations=8 (full 0):
 garbage-first heap   total 258048K, used 6334K [0x0000000083800000, 0x0000000100000000)
  region size 1024K, 3 young (3072K), 3 survivors (3072K)
 Metaspace       used 4994K, committed 5248K, reserved 1056768K
  class space    used 643K, committed 768K, reserved 1048576K
}
Event: 1.014 GC heap before
{Heap before GC invocations=8 (full 0):
 garbage-first heap   total 258048K, used 157886K [0x0000000083800000, 0x0000000100000000)
  region size 1024K, 151 young (154624K), 3 survivors (3072K)
 Metaspace       used 4994K, committed 5248K, reserved 1056768K
  class space    used 643K, committed 768K, reserved 1048576K
}
Event: 1.016 GC heap after
{Heap after GC invocations=9 (full 0):
 garbage-first heap   total 258048K, used 6269K [0x0000000083800000, 0x0000000100000000)
  region size 1024K, 3 young (3072K), 3 survivors (3072K)
 Metaspace       used 4994K, committed 5248K, reserved 1056768K
  class space    used 643K, committed 768K, reserved 1048576K
}
Event: 1.094 GC heap before
{Heap before GC invocations=9 (full 0):
 garbage-first heap   total 258048K, used 157821K [0x0000000083800000, 0x0000000100000000)
  region size 1024K, 151 young (154624K), 3 survivors (3072K)
 Metaspace       used 5193K, committed 5376K, reserved 1056768K
  class space    used 658K, committed 768K, reserved 1048576K
}

Deoptimization events (20 events):
Event: 0.991 Thread 0x0000023476f9d160 DEOPT PACKING pc=0x0000023407b32380 sp=0x0000007acb8fc3f0
Event: 0.991 Thread 0x0000023476f9d160 DEOPT UNPACKING pc=0x0000023400055c23 sp=0x0000007acb8fc350 mode 2
Event: 0.991 Thread 0x0000023476f9d160 Uncommon trap: trap_request=0xffffff45 fr.pc=0x0000023407b499f8 relative=0x00000000000000d8
Event: 0.991 Thread 0x0000023476f9d160 Uncommon trap: reason=unstable_if action=reinterpret pc=0x0000023407b499f8 method=java.util.ImmutableCollections$List12.toArray()[Ljava/lang/Object; @ 7 c2
Event: 0.991 Thread 0x0000023476f9d160 DEOPT PACKING pc=0x0000023407b499f8 sp=0x0000007acb8fc300
Event: 0.991 Thread 0x0000023476f9d160 DEOPT UNPACKING pc=0x0000023400055c23 sp=0x0000007acb8fc298 mode 2
Event: 1.028 Thread 0x0000023476f9d160 Uncommon trap: trap_request=0xffffff45 fr.pc=0x0000023407b4c138 relative=0x0000000000000c58
Event: 1.028 Thread 0x0000023476f9d160 Uncommon trap: reason=unstable_if action=reinterpret pc=0x0000023407b4c138 method=geometries.Sphere.findIntersections(Lprimitives/Ray;)Ljava/util/List; @ 74 c2
Event: 1.028 Thread 0x0000023476f9d160 DEOPT PACKING pc=0x0000023407b4c138 sp=0x0000007acb8fc4a0
Event: 1.028 Thread 0x0000023476f9d160 DEOPT UNPACKING pc=0x0000023400055c23 sp=0x0000007acb8fc350 mode 2
Event: 1.076 Thread 0x0000023414fd78b0 Uncommon trap: trap_request=0xffffff45 fr.pc=0x0000023407af9dd0 relative=0x0000000000000230
Event: 1.076 Thread 0x0000023414fd78b0 Uncommon trap: reason=unstable_if action=reinterpret pc=0x0000023407af9dd0 method=java.lang.String.startsWith(Ljava/lang/String;I)Z @ 14 c2
Event: 1.076 Thread 0x0000023414fd78b0 DEOPT PACKING pc=0x0000023407af9dd0 sp=0x0000007acc2fe9e0
Event: 1.076 Thread 0x0000023414fd78b0 DEOPT UNPACKING pc=0x0000023400055c23 sp=0x0000007acc2fe940 mode 2
Event: 1.088 Thread 0x0000023476f9d160 DEOPT PACKING pc=0x000002340079b01d sp=0x0000007acb8fc550
Event: 1.088 Thread 0x0000023476f9d160 DEOPT UNPACKING pc=0x0000023400056763 sp=0x0000007acb8fba60 mode 0
Event: 1.092 Thread 0x0000023476f9d160 Uncommon trap: trap_request=0xffffff45 fr.pc=0x0000023407b4fd04 relative=0x0000000000000fc4
Event: 1.092 Thread 0x0000023476f9d160 Uncommon trap: reason=unstable_if action=reinterpret pc=0x0000023407b4fd04 method=geometries.Sphere.findIntersections(Lprimitives/Ray;)Ljava/util/List; @ 74 c2
Event: 1.092 Thread 0x0000023476f9d160 DEOPT PACKING pc=0x0000023407b4fd04 sp=0x0000007acb8fc550
Event: 1.092 Thread 0x0000023476f9d160 DEOPT UNPACKING pc=0x0000023400055c23 sp=0x0000007acb8fc320 mode 2

Classes unloaded (0 events):
No events

Classes redefined (0 events):
No events

Internal exceptions (20 events):
Event: 0.397 Thread 0x0000023476f9d160 Exception <a 'java/lang/IncompatibleClassChangeError'{0x000000008ab24570}: Found class java.lang.Object, but interface was expected> (0x000000008ab24570) 
thrown [t:\workspace\open\src\hotspot\share\interpreter\linkResolver.cpp, line 833]
Event: 0.405 Thread 0x0000023476f9d160 Exception <a 'java/lang/NoSuchMethodError'{0x000000008ab5cae8}: 'void java.lang.invoke.DirectMethodHandle$Holder.invokeInterface(java.lang.Object, java.lang.Object, java.lang.Object)'> (0x000000008ab5cae8) 
thrown [t:\workspace\open\src\hotspot\share\interpreter\linkResolver.cpp, line 766]
Event: 0.405 Thread 0x0000023476f9d160 Exception <a 'java/lang/IncompatibleClassChangeError'{0x000000008ab60150}: Found class java.lang.Object, but interface was expected> (0x000000008ab60150) 
thrown [t:\workspace\open\src\hotspot\share\interpreter\linkResolver.cpp, line 833]
Event: 0.411 Thread 0x0000023476f9d160 Exception <a 'java/lang/NoSuchMethodError'{0x000000008ab7c7d0}: 'java.lang.Object java.lang.invoke.DirectMethodHandle$Holder.invokeStatic(java.lang.Object, java.lang.Object, int)'> (0x000000008ab7c7d0) 
thrown [t:\workspace\open\src\hotspot\share\interpreter\linkResolver.cpp, line 766]
Event: 0.421 Thread 0x0000023476f9d160 Exception <a 'java/lang/NoSuchMethodError'{0x000000008abcd370}: 'void java.lang.invoke.DirectMethodHandle$Holder.invokeSpecial(java.lang.Object, java.lang.Object, java.lang.Object, java.lang.Object, java.lang.Object)'> (0x000000008abcd370) 
thrown [t:\workspace\open\src\hotspot\share\interpreter\linkResolver.cpp, line 766]
Event: 0.431 Thread 0x0000023476f9d160 Exception <a 'java/lang/NoSuchMethodError'{0x000000008aa191f8}: 'void java.lang.invoke.DirectMethodHandle$Holder.invokeInterface(java.lang.Object, java.lang.Object, java.lang.Object, java.lang.Object)'> (0x000000008aa191f8) 
thrown [t:\workspace\open\src\hotspot\share\interpreter\linkResolver.cpp, line 766]
Event: 0.432 Thread 0x0000023476f9d160 Exception <a 'java/lang/IncompatibleClassChangeError'{0x000000008aa1cb20}: Found class java.lang.Object, but interface was expected> (0x000000008aa1cb20) 
thrown [t:\workspace\open\src\hotspot\share\interpreter\linkResolver.cpp, line 833]
Event: 0.434 Thread 0x0000023476f9d160 Exception <a 'java/lang/NoSuchMethodError'{0x000000008aa321a8}: 'void java.lang.invoke.DirectMethodHandle$Holder.invokeStatic(java.lang.Object, java.lang.Object, java.lang.Object, java.lang.Object)'> (0x000000008aa321a8) 
thrown [t:\workspace\open\src\hotspot\share\interpreter\linkResolver.cpp, line 766]
Event: 0.437 Thread 0x0000023476f9d160 Exception <a 'java/lang/NoSuchMethodError'{0x000000008aa48e28}: 'java.lang.Object java.lang.invoke.DirectMethodHandle$Holder.newInvokeSpecial(java.lang.Object, java.lang.Object, int)'> (0x000000008aa48e28) 
thrown [t:\workspace\open\src\hotspot\share\interpreter\linkResolver.cpp, line 766]
Event: 0.458 Thread 0x0000023476f9d160 Exception <a 'java/lang/NoSuchMethodError'{0x000000008aad0660}: 'java.lang.Object java.lang.invoke.Invokers$Holder.invokeExact_MT(java.lang.Object, java.lang.Object, java.lang.Object, java.lang.Object, java.lang.Object, java.lang.Object)'> (0x000000008aad0660) 
thrown [t:\workspace\open\src\hotspot\share\interpreter\linkResolver.cpp, line 766]
Event: 0.461 Thread 0x0000023476f9d160 Exception <a 'java/lang/NoSuchMethodError'{0x000000008aae03d0}: 'int java.lang.invoke.DirectMethodHandle$Holder.invokeStatic(java.lang.Object, java.lang.Object, java.lang.Object, java.lang.Object, java.lang.Object)'> (0x000000008aae03d0) 
thrown [t:\workspace\open\src\hotspot\share\interpreter\linkResolver.cpp, line 766]
Event: 0.471 Thread 0x0000023476f9d160 Exception <a 'java/lang/NoSuchMethodError'{0x000000008a91e3d8}: 'void java.lang.invoke.DirectMethodHandle$Holder.invokeStaticInit(java.lang.Object)'> (0x000000008a91e3d8) 
thrown [t:\workspace\open\src\hotspot\share\interpreter\linkResolver.cpp, line 766]
Event: 0.500 Thread 0x0000023476f9d160 Exception <a 'java/lang/NoSuchMethodError'{0x000000008a9f8ce8}: 'int java.lang.invoke.DirectMethodHandle$Holder.invokeStaticInit(java.lang.Object, java.lang.Object)'> (0x000000008a9f8ce8) 
thrown [t:\workspace\open\src\hotspot\share\interpreter\linkResolver.cpp, line 766]
Event: 0.541 Thread 0x0000023476f9d160 Exception <a 'java/lang/NoSuchMethodError'{0x000000008a8e6600}: 'java.lang.Object java.lang.invoke.DirectMethodHandle$Holder.newInvokeSpecial(java.lang.Object, java.lang.Object, java.lang.Object, java.lang.Object, java.lang.Object, java.lang.Object, java.lang.Object)'> (0x000000008a8e6600) 
thrown [t:\workspace\open\src\hotspot\share\interpreter\linkResolver.cpp, line 766]
Event: 0.541 Thread 0x0000023476f9d160 Exception <a 'java/lang/NoSuchMethodError'{0x000000008a8eb1b8}: 'java.lang.Object java.lang.invoke.Invokers$Holder.linkToTargetMethod(java.lang.Object, java.lang.Object, java.lang.Object, java.lang.Object, java.lang.Object, java.lang.Object, java.lang.Object)'> (0x000000008a8eb1b8) 
thrown [t:\workspace\open\src\hotspot\share\interpreter\linkResolver.cpp, line 766]
Event: 0.542 Thread 0x0000023476f9d160 Exception <a 'java/lang/NoSuchMethodError'{0x000000008a8f18e0}: 'java.lang.Object java.lang.invoke.DirectMethodHandle$Holder.invokeInterface(java.lang.Object, java.lang.Object, java.lang.Object, java.lang.Object, java.lang.Object)'> (0x000000008a8f18e0) 
thrown [t:\workspace\open\src\hotspot\share\interpreter\linkResolver.cpp, line 766]
Event: 0.543 Thread 0x0000023476f9d160 Exception <a 'java/lang/IncompatibleClassChangeError'{0x000000008a8f56d8}: Found class java.lang.Object, but interface was expected> (0x000000008a8f56d8) 
thrown [t:\workspace\open\src\hotspot\share\interpreter\linkResolver.cpp, line 833]
Event: 0.614 Thread 0x0000023476f9d160 Exception <a 'java/lang/ClassNotFoundException'{0x000000008a7c7c90}: sun/awt/resources/spi/awtProvider> (0x000000008a7c7c90) 
thrown [t:\workspace\open\src\hotspot\share\classfile\systemDictionary.cpp, line 256]
Event: 0.627 Thread 0x0000023476f9d160 Exception <a 'java/io/FileNotFoundException'{0x000000008a60e060}> (0x000000008a60e060) 
thrown [t:\workspace\open\src\hotspot\share\prims\jni.cpp, line 516]
Event: 0.633 Thread 0x0000023476f9d160 Exception <a 'java/io/FileNotFoundException'{0x000000008a63b650}> (0x000000008a63b650) 
thrown [t:\workspace\open\src\hotspot\share\prims\jni.cpp, line 516]

VM Operations (20 events):
Event: 0.564 Executing VM operation: HandshakeAllThreads done
Event: 0.650 Executing VM operation: G1CollectForAllocation
Event: 0.654 Executing VM operation: G1CollectForAllocation done
Event: 0.679 Executing VM operation: G1CollectForAllocation
Event: 0.683 Executing VM operation: G1CollectForAllocation done
Event: 0.744 Executing VM operation: G1CollectForAllocation
Event: 0.748 Executing VM operation: G1CollectForAllocation done
Event: 0.777 Executing VM operation: G1CollectForAllocation
Event: 0.780 Executing VM operation: G1CollectForAllocation done
Event: 0.799 Executing VM operation: G1CollectForAllocation
Event: 0.803 Executing VM operation: G1CollectForAllocation done
Event: 0.825 Executing VM operation: G1CollectForAllocation
Event: 0.829 Executing VM operation: G1CollectForAllocation done
Event: 0.927 Executing VM operation: G1CollectForAllocation
Event: 0.929 Executing VM operation: G1CollectForAllocation done
Event: 0.965 Executing VM operation: G1CollectForAllocation
Event: 0.967 Executing VM operation: G1CollectForAllocation done
Event: 1.014 Executing VM operation: G1CollectForAllocation
Event: 1.016 Executing VM operation: G1CollectForAllocation done
Event: 1.094 Executing VM operation: G1CollectForAllocation

Events (20 events):
Event: 1.065 loading class sun/util/cldr/CLDRTimeZoneNameProviderImpl
Event: 1.066 loading class sun/util/locale/provider/TimeZoneNameProviderImpl
Event: 1.066 loading class sun/util/locale/provider/TimeZoneNameProviderImpl done
Event: 1.066 loading class sun/util/cldr/CLDRTimeZoneNameProviderImpl done
Event: 1.070 loading class sun/util/locale/provider/BaseLocaleDataMetaInfo
Event: 1.070 loading class sun/util/locale/provider/BaseLocaleDataMetaInfo done
Event: 1.073 loading class sun/util/resources/cldr/TimeZoneNames
Event: 1.073 loading class sun/util/resources/TimeZoneNamesBundle
Event: 1.074 loading class sun/util/resources/OpenListResourceBundle
Event: 1.074 loading class sun/util/resources/OpenListResourceBundle done
Event: 1.074 loading class sun/util/resources/TimeZoneNamesBundle done
Event: 1.074 loading class sun/util/resources/cldr/TimeZoneNames done
Event: 1.074 loading class sun/util/resources/cldr/TimeZoneNames_en
Event: 1.076 loading class sun/util/resources/cldr/TimeZoneNames_en done
Event: 1.076 loading class sun/util/resources/cldr/TimeZoneNames_en_US
Event: 1.076 loading class sun/util/resources/cldr/TimeZoneNames_en_US done
Event: 1.078 loading class sun/util/resources/TimeZoneNames
Event: 1.079 loading class sun/util/resources/TimeZoneNames done
Event: 1.079 loading class sun/util/resources/TimeZoneNames_en
Event: 1.079 loading class sun/util/resources/TimeZoneNames_en done


Dynamic libraries:
0x00007ff721110000 - 0x00007ff721120000 	C:\Program Files\Java\jdk-17.0.2\bin\java.exe
0x00007ffb57c20000 - 0x00007ffb57e29000 	C:\WINDOWS\SYSTEM32\ntdll.dll
0x00007ffb40100000 - 0x00007ffb40116000 	C:\Program Files\Avast Software\Avast\aswhook.dll
0x00007ffb56cf0000 - 0x00007ffb56dad000 	C:\WINDOWS\System32\KERNEL32.DLL
0x00007ffb55380000 - 0x00007ffb556f4000 	C:\WINDOWS\System32\KERNELBASE.dll
0x00007ffb55110000 - 0x00007ffb55221000 	C:\WINDOWS\System32\ucrtbase.dll
0x00007ffb43ca0000 - 0x00007ffb43cba000 	C:\Program Files\Java\jdk-17.0.2\bin\VCRUNTIME140.dll
0x00007ffb4a920000 - 0x00007ffb4a938000 	C:\Program Files\Java\jdk-17.0.2\bin\jli.dll
0x00007ffb55ad0000 - 0x00007ffb55b7e000 	C:\WINDOWS\System32\ADVAPI32.dll
0x00007ffb56180000 - 0x00007ffb56223000 	C:\WINDOWS\System32\msvcrt.dll
0x00007ffb57960000 - 0x00007ffb579fe000 	C:\WINDOWS\System32\sechost.dll
0x00007ffb56a20000 - 0x00007ffb56b40000 	C:\WINDOWS\System32\RPCRT4.dll
0x00007ffb56b40000 - 0x00007ffb56cec000 	C:\WINDOWS\System32\USER32.dll
0x00007ffb30e70000 - 0x00007ffb31115000 	C:\WINDOWS\WinSxS\amd64_microsoft.windows.common-controls_6595b64144ccf1df_6.0.22000.120_none_9d947278b86cc467\COMCTL32.dll
0x00007ffb55350000 - 0x00007ffb55376000 	C:\WINDOWS\System32\win32u.dll
0x00007ffb57930000 - 0x00007ffb57959000 	C:\WINDOWS\System32\GDI32.dll
0x00007ffb55230000 - 0x00007ffb55342000 	C:\WINDOWS\System32\gdi32full.dll
0x00007ffb55780000 - 0x00007ffb5581d000 	C:\WINDOWS\System32\msvcp_win.dll
0x00007ffb4bba0000 - 0x00007ffb4bbaa000 	C:\WINDOWS\SYSTEM32\VERSION.dll
0x00007ffb56f80000 - 0x00007ffb56fb1000 	C:\WINDOWS\System32\IMM32.DLL
0x00007ffb4e5f0000 - 0x00007ffb4e5fc000 	C:\Program Files\Java\jdk-17.0.2\bin\vcruntime140_1.dll
0x00007ffb3daf0000 - 0x00007ffb3db7d000 	C:\Program Files\Java\jdk-17.0.2\bin\msvcp140.dll
0x00007ffaeb0b0000 - 0x00007ffaebc71000 	C:\Program Files\Java\jdk-17.0.2\bin\server\jvm.dll
0x00007ffb57bb0000 - 0x00007ffb57bb8000 	C:\WINDOWS\System32\PSAPI.DLL
0x00007ffb3e190000 - 0x00007ffb3e199000 	C:\WINDOWS\SYSTEM32\WSOCK32.dll
0x00007ffb4e020000 - 0x00007ffb4e053000 	C:\WINDOWS\SYSTEM32\WINMM.dll
0x00007ffb578c0000 - 0x00007ffb5792f000 	C:\WINDOWS\System32\WS2_32.dll
0x00007ffb54210000 - 0x00007ffb54228000 	C:\WINDOWS\SYSTEM32\kernel.appcore.dll
0x00007ffb4af40000 - 0x00007ffb4af4a000 	C:\Program Files\Java\jdk-17.0.2\bin\jimage.dll
0x00007ffb52df0000 - 0x00007ffb53011000 	C:\WINDOWS\SYSTEM32\DBGHELP.DLL
0x00007ffb40440000 - 0x00007ffb40471000 	C:\WINDOWS\SYSTEM32\dbgcore.DLL
0x00007ffb55700000 - 0x00007ffb5577f000 	C:\WINDOWS\System32\bcryptPrimitives.dll
0x00007ffb43b40000 - 0x00007ffb43b4e000 	C:\Program Files\Java\jdk-17.0.2\bin\instrument.dll
0x00007ffb43c70000 - 0x00007ffb43c95000 	C:\Program Files\Java\jdk-17.0.2\bin\java.dll
0x00007ffb3d890000 - 0x00007ffb3d966000 	C:\Program Files\Java\jdk-17.0.2\bin\jsvml.dll
0x00007ffb57110000 - 0x00007ffb578bf000 	C:\WINDOWS\System32\SHELL32.dll
0x00007ffb53280000 - 0x00007ffb53ae8000 	C:\WINDOWS\SYSTEM32\windows.storage.dll
0x00007ffb566a0000 - 0x00007ffb56a18000 	C:\WINDOWS\System32\combase.dll
0x00007ffb53110000 - 0x00007ffb53276000 	C:\WINDOWS\SYSTEM32\wintypes.dll
0x00007ffb55fe0000 - 0x00007ffb560ca000 	C:\WINDOWS\System32\SHCORE.dll
0x00007ffb55b80000 - 0x00007ffb55bdd000 	C:\WINDOWS\System32\shlwapi.dll
0x00007ffb55040000 - 0x00007ffb55061000 	C:\WINDOWS\SYSTEM32\profapi.dll
0x00007ffb3dd00000 - 0x00007ffb3dd18000 	C:\Program Files\Java\jdk-17.0.2\bin\zip.dll
0x00007ffb40420000 - 0x00007ffb40439000 	C:\Program Files\Java\jdk-17.0.2\bin\net.dll
0x00007ffb4d930000 - 0x00007ffb4da3c000 	C:\WINDOWS\SYSTEM32\WINHTTP.dll
0x00007ffb54640000 - 0x00007ffb546a7000 	C:\WINDOWS\system32\mswsock.dll
0x00007ffb3dd20000 - 0x00007ffb3dd36000 	C:\Program Files\Java\jdk-17.0.2\bin\nio.dll
0x00007ffb3dcd0000 - 0x00007ffb3dcea000 	C:\Program Files\JetBrains\IntelliJ IDEA Community Edition 2021.3.2\bin\breakgen64.dll
0x00007ffb36970000 - 0x00007ffb36aff000 	C:\Program Files\Java\jdk-17.0.2\bin\awt.dll
0x00007ffb57a00000 - 0x00007ffb57ad6000 	C:\WINDOWS\System32\OLEAUT32.dll
0x00007ffb4eb80000 - 0x00007ffb4ec11000 	C:\WINDOWS\SYSTEM32\apphelp.dll

dbghelp: loaded successfully - version: 4.0.5 - missing functions: none
symbol engine: initialized successfully - sym options: 0x614 - pdb path: .;C:\Program Files\Java\jdk-17.0.2\bin;C:\WINDOWS\SYSTEM32;C:\Program Files\Avast Software\Avast;C:\WINDOWS\WinSxS\amd64_microsoft.windows.common-controls_6595b64144ccf1df_6.0.22000.120_none_9d947278b86cc467;C:\Program Files\Java\jdk-17.0.2\bin\server;C:\Program Files\JetBrains\IntelliJ IDEA Community Edition 2021.3.2\bin

VM Arguments:
jvm_args: -ea -Didea.test.cyclic.buffer.size=1048576 -javaagent:C:\Program Files\JetBrains\IntelliJ IDEA Community Edition 2021.3.2\lib\idea_rt.jar=55512:C:\Program Files\JetBrains\IntelliJ IDEA Community Edition 2021.3.2\bin -Dfile.encoding=UTF-8 
java_command: com.intellij.rt.junit.JUnitStarter -ideVersion5 -junit5 renderer.RenderTests,basicRenderTwoColorTest
java_class_path (initial): C:\Users\Kaplan\.m2\repository\org\junit\platform\junit-platform-launcher\1.8.2\junit-platform-launcher-1.8.2.jar;C:\Users\Kaplan\.m2\repository\org\junit\platform\junit-platform-engine\1.8.2\junit-platform-engine-1.8.2.jar;C:\Users\Kaplan\.m2\repository\org\opentest4j\opentest4j\1.2.0\opentest4j-1.2.0.jar;C:\Users\Kaplan\.m2\repository\org\junit\platform\junit-platform-commons\1.8.2\junit-platform-commons-1.8.2.jar;C:\Users\Kaplan\.m2\repository\org\apiguardian\apiguardian-api\1.1.2\apiguardian-api-1.1.2.jar;C:\Program Files\JetBrains\IntelliJ IDEA Community Edition 2021.3.2\lib\idea_rt.jar;C:\Program Files\JetBrains\IntelliJ IDEA Community Edition 2021.3.2\plugins\junit\lib\junit5-rt.jar;C:\Program Files\JetBrains\IntelliJ IDEA Community Edition 2021.3.2\plugins\junit\lib\junit-rt.jar;C:\Users\Kaplan\IdeaProjects\ISE5782_9463_4853\out\test\ISE5782_9463_4853;C:\Users\Kaplan\IdeaProjects\ISE5782_9463_4853\out\production\ISE5782_9463_4853;C:\Users\Kaplan\IdeaProjects\ISE5782_9463_4853\lib\junit-jupiter-5.8.2.jar;C:\Users\Kaplan\IdeaProjects\ISE5782_9463_4853\lib\junit-jupiter-api-5.8.2.jar;C:\Users\Kaplan\IdeaProjects\ISE5782_9463_4853\lib\opentest4j-1.2.0.jar;C:\Users\Kaplan\IdeaProjects\ISE5782_9463_4853\lib\junit-platform-commons-1.8.2.jar;C:\Users\Kaplan\IdeaProjects\ISE5782_9463_4853\lib\apiguardian-api-1.1.2.jar;C:\Users\Kaplan\IdeaProjects\ISE5782_9463_4853\lib\junit-jupiter-params-5.8.2.jar;C:\Users\Kaplan\IdeaProjects\ISE5782_9463_4853\lib\junit-jupiter-engine-5.8.2.jar;C:\Users\Kaplan\IdeaProjects\ISE5782_9463_4853\lib\junit-platform-engine-1.8.2.jar
Launcher Type: SUN_STANDARD

[Global flags]
     intx CICompilerCount                          = 4                                         {product} {ergonomic}
     uint ConcGCThreads                            = 2                                         {product} {ergonomic}
     uint G1ConcRefinementThreads                  = 8                                         {product} {ergonomic}
   size_t G1HeapRegionSize                         = 1048576                                   {product} {ergonomic}
    uintx GCDrainStackTargetSize                   = 64                                        {product} {ergonomic}
   size_t InitialHeapSize                          = 132120576                                 {product} {ergonomic}
   size_t MarkStackSize                            = 4194304                                   {product} {ergonomic}
   size_t MaxHeapSize                              = 2088763392                                {product} {ergonomic}
   size_t MaxNewSize                               = 1253048320                                {product} {ergonomic}
   size_t MinHeapDeltaBytes                        = 1048576                                   {product} {ergonomic}
   size_t MinHeapSize                              = 8388608                                   {product} {ergonomic}
    uintx NonNMethodCodeHeapSize                   = 5839372                                {pd product} {ergonomic}
    uintx NonProfiledCodeHeapSize                  = 122909434                              {pd product} {ergonomic}
    uintx ProfiledCodeHeapSize                     = 122909434                              {pd product} {ergonomic}
    uintx ReservedCodeCacheSize                    = 251658240                              {pd product} {ergonomic}
     bool SegmentedCodeCache                       = true                                      {product} {ergonomic}
   size_t SoftMaxHeapSize                          = 2088763392                             {manageable} {ergonomic}
     bool UseCompressedClassPointers               = true                           {product lp64_product} {ergonomic}
     bool UseCompressedOops                        = true                           {product lp64_product} {ergonomic}
     bool UseG1GC                                  = true                                      {product} {ergonomic}
     bool UseLargePagesIndividualAllocation        = false                                  {pd product} {ergonomic}

Logging:
Log output configuration:
 #0: stdout all=warning uptime,level,tags
 #1: stderr all=off uptime,level,tags

Environment Variables:
JAVA_HOME=C:\Program Files\Java\jdk-17.0.2
PATH=C:\Program Files\Java\jdk-17.0.2\bin;C:\WINDOWS\system32;C:\WINDOWS;C:\WINDOWS\System32\Wbem;C:\WINDOWS\System32\WindowsPowerShell\v1.0\;C:\WINDOWS\System32\OpenSSH\;C:\Program Files\dotnet\;C:\Program Files\Git\cmd;C:\Program Files (x86)\dotnet\;C:\Users\Kaplan\AppData\Local\Microsoft\WindowsApps;C:\Users\Kaplan\.dotnet\tools;
USERNAME=Kaplan
OS=Windows_NT
PROCESSOR_IDENTIFIER=Intel64 Family 6 Model 126 Stepping 5, GenuineIntel



---------------  S Y S T E M  ---------------

OS:
 Windows 11 , 64 bit Build 22000 (10.0.22000.613)
OS uptime: 3 days 21:54 hours

CPU: total 8 (initial active 8) (4 cores per cpu, 2 threads per core) family 6 model 126 stepping 5 microcode 0x86, cx8, cmov, fxsr, ht, mmx, 3dnowpref, sse, sse2, sse3, ssse3, sse4.1, sse4.2, popcnt, lzcnt, tsc, tscinvbit, avx, avx2, aes, erms, clmul, bmi1, bmi2, adx, avx512f, avx512dq, avx512cd, avx512bw, avx512vl, sha, fma, vzeroupper, avx512_vpopcntdq, avx512_vpclmulqdq, avx512_vaes, avx512_vnni, clflush, clflushopt, avx512_vbmi2, avx512_vbmi

Memory: 4k page, system-wide physical 7967M (917M free)
TotalPageFile size 10015M (AvailPageFile size 78M)
current process WorkingSet (physical memory assigned to process): 273M, peak: 276M
current process commit charge ("private bytes"): 368M, peak: 493M

vm_info: Java HotSpot(TM) 64-Bit Server VM (17.0.2+8-LTS-86) for windows-amd64 JRE (17.0.2+8-LTS-86), built on Dec  7 2021 21:51:03 by "mach5one" with MS VC++ 16.8 / 16.9 (VS2019)

END.
