#
# There is insufficient memory for the Java Runtime Environment to continue.
# Native memory allocation (malloc) failed to allocate 32744 bytes for ChunkPool::allocate
# Possible reasons:
#   The system is out of physical RAM or swap space
#   The process is running with CompressedOops enabled, and the Java Heap may be blocking the growth of the native heap
# Possible solutions:
#   Reduce memory load on the system
#   Increase physical memory or swap space
#   Check if swap backing store is full
#   Decrease Java heap size (-Xmx/-Xms)
#   Decrease number of Java threads
#   Decrease Java thread stack sizes (-Xss)
#   Set larger code cache with -XX:ReservedCodeCacheSize=
#   JVM is running with Unscaled Compressed Oops mode in which the Java heap is
#     placed in the first 4GB address space. The Java Heap base address is the
#     maximum limit for the native heap growth. Please use -XX:HeapBaseMinAddress
#     to set the Java Heap base and to place the Java Heap above 4GB virtual address.
# This output file may be truncated or incomplete.
#
#  Out of Memory Error (./src/hotspot/share/memory/arena.cpp:81), pid=19120, tid=16128
#
# JRE version: OpenJDK Runtime Environment JBR-11.0.13.7-1751.25-jcef (11.0.13+7) (build 11.0.13+7-b1751.25)
# Java VM: OpenJDK 64-Bit Server VM JBR-11.0.13.7-1751.25-jcef (11.0.13+7-b1751.25, mixed mode, tiered, compressed oops, g1 gc, windows-amd64)
# No core dump will be written. Minidumps are not enabled by default on client versions of Windows
#

---------------  S U M M A R Y ------------

Command Line: git4idea.http.GitAskPassApp Username for 'https://github.com': 

Host: Intel(R) Core(TM) i5-1035G1 CPU @ 1.00GHz, 8 cores, 7G,  Windows 11 , 64 bit Build 22000 (10.0.22000.613)
Time: Tue May 10 01:56:48 2022 ????????????? ????? (????) elapsed time: 0.312621 seconds (0d 0h 0m 0s)

---------------  T H R E A D  ---------------

Current thread (0x000001f6e2dc5800):  JavaThread "C2 CompilerThread2" daemon [_thread_in_native, id=16128, stack(0x00000003d7500000,0x00000003d7600000)]


Current CompileTask:
C2:    312  155       4       java.lang.StringCoding$Result::with (12 bytes)

Stack: [0x00000003d7500000,0x00000003d7600000]
Native frames: (J=compiled Java code, j=interpreted, Vv=VM code, C=native code)
V  [jvm.dll+0x613daa]
V  [jvm.dll+0x799b30]
V  [jvm.dll+0x79b14d]
V  [jvm.dll+0x79b823]
V  [jvm.dll+0x24c958]
V  [jvm.dll+0xc175b]
V  [jvm.dll+0xc1a0c]
V  [jvm.dll+0xc160c]
V  [jvm.dll+0x640e20]
V  [jvm.dll+0x644fde]
V  [jvm.dll+0x19efa8]
V  [jvm.dll+0x204e8e]
V  [jvm.dll+0x203f07]
V  [jvm.dll+0x18b2a1]
V  [jvm.dll+0x212c3b]
V  [jvm.dll+0x211491]
V  [jvm.dll+0x760b9f]
V  [jvm.dll+0x759755]
V  [jvm.dll+0x612a16]
C  [ucrtbase.dll+0x26c0c]
C  [KERNEL32.DLL+0x154e0]
C  [ntdll.dll+0x485b]


---------------  P R O C E S S  ---------------

Threads class SMR info:
_java_thread_list=0x000001f6e2d1dfe0, length=12, elements={
0x000001f6c7f76000, 0x000001f6e2374000, 0x000001f6e237c800, 0x000001f6e2c0a800,
0x000001f6e2c0d800, 0x000001f6e2c0f800, 0x000001f6e2c12800, 0x000001f6e2c14000,
0x000001f6e2c1d000, 0x000001f6e2d8a000, 0x000001f6e2d88800, 0x000001f6e2dc5800
}

Java Threads: ( => current thread )
  0x000001f6c7f76000 JavaThread "main" [_thread_in_Java, id=20868, stack(0x00000003d6300000,0x00000003d6400000)]
  0x000001f6e2374000 JavaThread "Reference Handler" daemon [_thread_blocked, id=12364, stack(0x00000003d6a00000,0x00000003d6b00000)]
  0x000001f6e237c800 JavaThread "Finalizer" daemon [_thread_blocked, id=11836, stack(0x00000003d6b00000,0x00000003d6c00000)]
  0x000001f6e2c0a800 JavaThread "Signal Dispatcher" daemon [_thread_blocked, id=18148, stack(0x00000003d6c00000,0x00000003d6d00000)]
  0x000001f6e2c0d800 JavaThread "Attach Listener" daemon [_thread_blocked, id=9288, stack(0x00000003d6d00000,0x00000003d6e00000)]
  0x000001f6e2c0f800 JavaThread "Service Thread" daemon [_thread_blocked, id=14664, stack(0x00000003d6e00000,0x00000003d6f00000)]
  0x000001f6e2c12800 JavaThread "C2 CompilerThread0" daemon [_thread_in_native, id=12620, stack(0x00000003d6f00000,0x00000003d7000000)]
  0x000001f6e2c14000 JavaThread "C1 CompilerThread0" daemon [_thread_in_native, id=15776, stack(0x00000003d7000000,0x00000003d7100000)]
  0x000001f6e2c1d000 JavaThread "Sweeper thread" daemon [_thread_blocked, id=14468, stack(0x00000003d7100000,0x00000003d7200000)]
  0x000001f6e2d8a000 JavaThread "Common-Cleaner" daemon [_thread_blocked, id=15292, stack(0x00000003d7300000,0x00000003d7400000)]
  0x000001f6e2d88800 JavaThread "C2 CompilerThread1" daemon [_thread_in_native, id=19164, stack(0x00000003d7400000,0x00000003d7500000)]
=>0x000001f6e2dc5800 JavaThread "C2 CompilerThread2" daemon [_thread_in_native, id=16128, stack(0x00000003d7500000,0x00000003d7600000)]

Other Threads:
  0x000001f6e2bb4800 VMThread "VM Thread" [stack: 0x00000003d6900000,0x00000003d6a00000] [id=7064]
  0x000001f6e2d86000 WatcherThread [stack: 0x00000003d7200000,0x00000003d7300000] [id=17996]
  0x000001f6c7f8f800 GCTaskThread "GC Thread#0" [stack: 0x00000003d6400000,0x00000003d6500000] [id=1876]
  0x000001f6c7fc1000 ConcurrentGCThread "G1 Main Marker" [stack: 0x00000003d6500000,0x00000003d6600000] [id=14424]
  0x000001f6c7fc3000 ConcurrentGCThread "G1 Conc#0" [stack: 0x00000003d6600000,0x00000003d6700000] [id=6840]
  0x000001f6c804d800 ConcurrentGCThread "G1 Refine#0" [stack: 0x00000003d6700000,0x00000003d6800000] [id=20144]
  0x000001f6e21e0800 ConcurrentGCThread "G1 Young RemSet Sampling" [stack: 0x00000003d6800000,0x00000003d6900000] [id=16640]

Threads with active compile tasks:
C2 CompilerThread0    371  154 %     4       java.lang.StringLatin1::toUpperCase @ 114 (180 bytes)
C1 CompilerThread0    371  273       3       jdk.internal.org.objectweb.asm.Frame::execute (2264 bytes)
C2 CompilerThread1    371  276       4       java.lang.String::equals (65 bytes)
C2 CompilerThread2    371  155       4       java.lang.StringCoding$Result::with (12 bytes)

VM state:not at safepoint (normal execution)

VM Mutex/Monitor currently owned by a thread: None

Heap address: 0x0000000083800000, size: 1992 MB, Compressed Oops mode: 32-bit
Narrow klass base: 0x0000000000000000, Narrow klass shift: 3
Compressed class space size: 1073741824 Address: 0x0000000100000000

Heap:
 garbage-first heap   total 129024K, used 7168K [0x0000000083800000, 0x0000000100000000)
  region size 1024K, 4 young (4096K), 0 survivors (0K)
 Metaspace       used 5758K, capacity 5872K, committed 5888K, reserved 1056768K
  class space    used 484K, capacity 507K, committed 512K, reserved 1048576K
Heap Regions: E=young(eden), S=young(survivor), O=old, HS=humongous(starts), HC=humongous(continues), CS=collection set, F=free, A=archive, TAMS=top-at-mark-start (previous, next)
|   0|0x0000000083800000, 0x0000000083900000, 0x0000000083900000|100%|HS|  |TAMS 0x0000000083800000, 0x0000000083800000| Complete 
|   1|0x0000000083900000, 0x0000000083a00000, 0x0000000083a00000|100%|HC|  |TAMS 0x0000000083900000, 0x0000000083900000| Complete 
|   2|0x0000000083a00000, 0x0000000083b00000, 0x0000000083b00000|100%|HC|  |TAMS 0x0000000083a00000, 0x0000000083a00000| Complete 
|   3|0x0000000083b00000, 0x0000000083c00000, 0x0000000083c00000|100%|HC|  |TAMS 0x0000000083b00000, 0x0000000083b00000| Complete 
|   4|0x0000000083c00000, 0x0000000083c00000, 0x0000000083d00000|  0%| F|  |TAMS 0x0000000083c00000, 0x0000000083c00000| Untracked 
|   5|0x0000000083d00000, 0x0000000083d00000, 0x0000000083e00000|  0%| F|  |TAMS 0x0000000083d00000, 0x0000000083d00000| Untracked 
|   6|0x0000000083e00000, 0x0000000083e00000, 0x0000000083f00000|  0%| F|  |TAMS 0x0000000083e00000, 0x0000000083e00000| Untracked 
|   7|0x0000000083f00000, 0x0000000083f00000, 0x0000000084000000|  0%| F|  |TAMS 0x0000000083f00000, 0x0000000083f00000| Untracked 
|   8|0x0000000084000000, 0x0000000084000000, 0x0000000084100000|  0%| F|  |TAMS 0x0000000084000000, 0x0000000084000000| Untracked 
|   9|0x0000000084100000, 0x0000000084100000, 0x0000000084200000|  0%| F|  |TAMS 0x0000000084100000, 0x0000000084100000| Untracked 
|  10|0x0000000084200000, 0x0000000084200000, 0x0000000084300000|  0%| F|  |TAMS 0x0000000084200000, 0x0000000084200000| Untracked 
|  11|0x0000000084300000, 0x0000000084300000, 0x0000000084400000|  0%| F|  |TAMS 0x0000000084300000, 0x0000000084300000| Untracked 
|  12|0x0000000084400000, 0x0000000084400000, 0x0000000084500000|  0%| F|  |TAMS 0x0000000084400000, 0x0000000084400000| Untracked 
|  13|0x0000000084500000, 0x0000000084500000, 0x0000000084600000|  0%| F|  |TAMS 0x0000000084500000, 0x0000000084500000| Untracked 
|  14|0x0000000084600000, 0x0000000084600000, 0x0000000084700000|  0%| F|  |TAMS 0x0000000084600000, 0x0000000084600000| Untracked 
|  15|0x0000000084700000, 0x0000000084700000, 0x0000000084800000|  0%| F|  |TAMS 0x0000000084700000, 0x0000000084700000| Untracked 
|  16|0x0000000084800000, 0x0000000084800000, 0x0000000084900000|  0%| F|  |TAMS 0x0000000084800000, 0x0000000084800000| Untracked 
|  17|0x0000000084900000, 0x0000000084900000, 0x0000000084a00000|  0%| F|  |TAMS 0x0000000084900000, 0x0000000084900000| Untracked 
|  18|0x0000000084a00000, 0x0000000084a00000, 0x0000000084b00000|  0%| F|  |TAMS 0x0000000084a00000, 0x0000000084a00000| Untracked 
|  19|0x0000000084b00000, 0x0000000084b00000, 0x0000000084c00000|  0%| F|  |TAMS 0x0000000084b00000, 0x0000000084b00000| Untracked 
|  20|0x0000000084c00000, 0x0000000084c00000, 0x0000000084d00000|  0%| F|  |TAMS 0x0000000084c00000, 0x0000000084c00000| Untracked 
|  21|0x0000000084d00000, 0x0000000084d00000, 0x0000000084e00000|  0%| F|  |TAMS 0x0000000084d00000, 0x0000000084d00000| Untracked 
|  22|0x0000000084e00000, 0x0000000084e00000, 0x0000000084f00000|  0%| F|  |TAMS 0x0000000084e00000, 0x0000000084e00000| Untracked 
|  23|0x0000000084f00000, 0x0000000084f00000, 0x0000000085000000|  0%| F|  |TAMS 0x0000000084f00000, 0x0000000084f00000| Untracked 
|  24|0x0000000085000000, 0x0000000085000000, 0x0000000085100000|  0%| F|  |TAMS 0x0000000085000000, 0x0000000085000000| Untracked 
|  25|0x0000000085100000, 0x0000000085100000, 0x0000000085200000|  0%| F|  |TAMS 0x0000000085100000, 0x0000000085100000| Untracked 
|  26|0x0000000085200000, 0x0000000085200000, 0x0000000085300000|  0%| F|  |TAMS 0x0000000085200000, 0x0000000085200000| Untracked 
|  27|0x0000000085300000, 0x0000000085300000, 0x0000000085400000|  0%| F|  |TAMS 0x0000000085300000, 0x0000000085300000| Untracked 
|  28|0x0000000085400000, 0x0000000085400000, 0x0000000085500000|  0%| F|  |TAMS 0x0000000085400000, 0x0000000085400000| Untracked 
|  29|0x0000000085500000, 0x0000000085500000, 0x0000000085600000|  0%| F|  |TAMS 0x0000000085500000, 0x0000000085500000| Untracked 
|  30|0x0000000085600000, 0x0000000085600000, 0x0000000085700000|  0%| F|  |TAMS 0x0000000085600000, 0x0000000085600000| Untracked 
|  31|0x0000000085700000, 0x0000000085700000, 0x0000000085800000|  0%| F|  |TAMS 0x0000000085700000, 0x0000000085700000| Untracked 
|  32|0x0000000085800000, 0x0000000085800000, 0x0000000085900000|  0%| F|  |TAMS 0x0000000085800000, 0x0000000085800000| Untracked 
|  33|0x0000000085900000, 0x0000000085900000, 0x0000000085a00000|  0%| F|  |TAMS 0x0000000085900000, 0x0000000085900000| Untracked 
|  34|0x0000000085a00000, 0x0000000085a00000, 0x0000000085b00000|  0%| F|  |TAMS 0x0000000085a00000, 0x0000000085a00000| Untracked 
|  35|0x0000000085b00000, 0x0000000085b00000, 0x0000000085c00000|  0%| F|  |TAMS 0x0000000085b00000, 0x0000000085b00000| Untracked 
|  36|0x0000000085c00000, 0x0000000085c00000, 0x0000000085d00000|  0%| F|  |TAMS 0x0000000085c00000, 0x0000000085c00000| Untracked 
|  37|0x0000000085d00000, 0x0000000085d00000, 0x0000000085e00000|  0%| F|  |TAMS 0x0000000085d00000, 0x0000000085d00000| Untracked 
|  38|0x0000000085e00000, 0x0000000085e00000, 0x0000000085f00000|  0%| F|  |TAMS 0x0000000085e00000, 0x0000000085e00000| Untracked 
|  39|0x0000000085f00000, 0x0000000085f00000, 0x0000000086000000|  0%| F|  |TAMS 0x0000000085f00000, 0x0000000085f00000| Untracked 
|  40|0x0000000086000000, 0x0000000086000000, 0x0000000086100000|  0%| F|  |TAMS 0x0000000086000000, 0x0000000086000000| Untracked 
|  41|0x0000000086100000, 0x0000000086100000, 0x0000000086200000|  0%| F|  |TAMS 0x0000000086100000, 0x0000000086100000| Untracked 
|  42|0x0000000086200000, 0x0000000086200000, 0x0000000086300000|  0%| F|  |TAMS 0x0000000086200000, 0x0000000086200000| Untracked 
|  43|0x0000000086300000, 0x0000000086300000, 0x0000000086400000|  0%| F|  |TAMS 0x0000000086300000, 0x0000000086300000| Untracked 
|  44|0x0000000086400000, 0x0000000086400000, 0x0000000086500000|  0%| F|  |TAMS 0x0000000086400000, 0x0000000086400000| Untracked 
|  45|0x0000000086500000, 0x0000000086500000, 0x0000000086600000|  0%| F|  |TAMS 0x0000000086500000, 0x0000000086500000| Untracked 
|  46|0x0000000086600000, 0x0000000086600000, 0x0000000086700000|  0%| F|  |TAMS 0x0000000086600000, 0x0000000086600000| Untracked 
|  47|0x0000000086700000, 0x0000000086700000, 0x0000000086800000|  0%| F|  |TAMS 0x0000000086700000, 0x0000000086700000| Untracked 
|  48|0x0000000086800000, 0x0000000086800000, 0x0000000086900000|  0%| F|  |TAMS 0x0000000086800000, 0x0000000086800000| Untracked 
|  49|0x0000000086900000, 0x0000000086900000, 0x0000000086a00000|  0%| F|  |TAMS 0x0000000086900000, 0x0000000086900000| Untracked 
|  50|0x0000000086a00000, 0x0000000086a00000, 0x0000000086b00000|  0%| F|  |TAMS 0x0000000086a00000, 0x0000000086a00000| Untracked 
|  51|0x0000000086b00000, 0x0000000086b00000, 0x0000000086c00000|  0%| F|  |TAMS 0x0000000086b00000, 0x0000000086b00000| Untracked 
|  52|0x0000000086c00000, 0x0000000086c00000, 0x0000000086d00000|  0%| F|  |TAMS 0x0000000086c00000, 0x0000000086c00000| Untracked 
|  53|0x0000000086d00000, 0x0000000086d00000, 0x0000000086e00000|  0%| F|  |TAMS 0x0000000086d00000, 0x0000000086d00000| Untracked 
|  54|0x0000000086e00000, 0x0000000086e00000, 0x0000000086f00000|  0%| F|  |TAMS 0x0000000086e00000, 0x0000000086e00000| Untracked 
|  55|0x0000000086f00000, 0x0000000086f00000, 0x0000000087000000|  0%| F|  |TAMS 0x0000000086f00000, 0x0000000086f00000| Untracked 
|  56|0x0000000087000000, 0x0000000087000000, 0x0000000087100000|  0%| F|  |TAMS 0x0000000087000000, 0x0000000087000000| Untracked 
|  57|0x0000000087100000, 0x0000000087100000, 0x0000000087200000|  0%| F|  |TAMS 0x0000000087100000, 0x0000000087100000| Untracked 
|  58|0x0000000087200000, 0x0000000087200000, 0x0000000087300000|  0%| F|  |TAMS 0x0000000087200000, 0x0000000087200000| Untracked 
|  59|0x0000000087300000, 0x0000000087300000, 0x0000000087400000|  0%| F|  |TAMS 0x0000000087300000, 0x0000000087300000| Untracked 
|  60|0x0000000087400000, 0x0000000087400000, 0x0000000087500000|  0%| F|  |TAMS 0x0000000087400000, 0x0000000087400000| Untracked 
|  61|0x0000000087500000, 0x0000000087500000, 0x0000000087600000|  0%| F|  |TAMS 0x0000000087500000, 0x0000000087500000| Untracked 
|  62|0x0000000087600000, 0x0000000087600000, 0x0000000087700000|  0%| F|  |TAMS 0x0000000087600000, 0x0000000087600000| Untracked 
|  63|0x0000000087700000, 0x0000000087700000, 0x0000000087800000|  0%| F|  |TAMS 0x0000000087700000, 0x0000000087700000| Untracked 
|  64|0x0000000087800000, 0x0000000087800000, 0x0000000087900000|  0%| F|  |TAMS 0x0000000087800000, 0x0000000087800000| Untracked 
|  65|0x0000000087900000, 0x0000000087900000, 0x0000000087a00000|  0%| F|  |TAMS 0x0000000087900000, 0x0000000087900000| Untracked 
|  66|0x0000000087a00000, 0x0000000087a00000, 0x0000000087b00000|  0%| F|  |TAMS 0x0000000087a00000, 0x0000000087a00000| Untracked 
|  67|0x0000000087b00000, 0x0000000087b00000, 0x0000000087c00000|  0%| F|  |TAMS 0x0000000087b00000, 0x0000000087b00000| Untracked 
|  68|0x0000000087c00000, 0x0000000087c00000, 0x0000000087d00000|  0%| F|  |TAMS 0x0000000087c00000, 0x0000000087c00000| Untracked 
|  69|0x0000000087d00000, 0x0000000087d00000, 0x0000000087e00000|  0%| F|  |TAMS 0x0000000087d00000, 0x0000000087d00000| Untracked 
|  70|0x0000000087e00000, 0x0000000087e00000, 0x0000000087f00000|  0%| F|  |TAMS 0x0000000087e00000, 0x0000000087e00000| Untracked 
|  71|0x0000000087f00000, 0x0000000087f00000, 0x0000000088000000|  0%| F|  |TAMS 0x0000000087f00000, 0x0000000087f00000| Untracked 
|  72|0x0000000088000000, 0x0000000088000000, 0x0000000088100000|  0%| F|  |TAMS 0x0000000088000000, 0x0000000088000000| Untracked 
|  73|0x0000000088100000, 0x0000000088100000, 0x0000000088200000|  0%| F|  |TAMS 0x0000000088100000, 0x0000000088100000| Untracked 
|  74|0x0000000088200000, 0x0000000088200000, 0x0000000088300000|  0%| F|  |TAMS 0x0000000088200000, 0x0000000088200000| Untracked 
|  75|0x0000000088300000, 0x0000000088300000, 0x0000000088400000|  0%| F|  |TAMS 0x0000000088300000, 0x0000000088300000| Untracked 
|  76|0x0000000088400000, 0x0000000088400000, 0x0000000088500000|  0%| F|  |TAMS 0x0000000088400000, 0x0000000088400000| Untracked 
|  77|0x0000000088500000, 0x0000000088500000, 0x0000000088600000|  0%| F|  |TAMS 0x0000000088500000, 0x0000000088500000| Untracked 
|  78|0x0000000088600000, 0x0000000088600000, 0x0000000088700000|  0%| F|  |TAMS 0x0000000088600000, 0x0000000088600000| Untracked 
|  79|0x0000000088700000, 0x0000000088700000, 0x0000000088800000|  0%| F|  |TAMS 0x0000000088700000, 0x0000000088700000| Untracked 
|  80|0x0000000088800000, 0x0000000088800000, 0x0000000088900000|  0%| F|  |TAMS 0x0000000088800000, 0x0000000088800000| Untracked 
|  81|0x0000000088900000, 0x0000000088900000, 0x0000000088a00000|  0%| F|  |TAMS 0x0000000088900000, 0x0000000088900000| Untracked 
|  82|0x0000000088a00000, 0x0000000088a00000, 0x0000000088b00000|  0%| F|  |TAMS 0x0000000088a00000, 0x0000000088a00000| Untracked 
|  83|0x0000000088b00000, 0x0000000088b00000, 0x0000000088c00000|  0%| F|  |TAMS 0x0000000088b00000, 0x0000000088b00000| Untracked 
|  84|0x0000000088c00000, 0x0000000088c00000, 0x0000000088d00000|  0%| F|  |TAMS 0x0000000088c00000, 0x0000000088c00000| Untracked 
|  85|0x0000000088d00000, 0x0000000088d00000, 0x0000000088e00000|  0%| F|  |TAMS 0x0000000088d00000, 0x0000000088d00000| Untracked 
|  86|0x0000000088e00000, 0x0000000088e00000, 0x0000000088f00000|  0%| F|  |TAMS 0x0000000088e00000, 0x0000000088e00000| Untracked 
|  87|0x0000000088f00000, 0x0000000088f00000, 0x0000000089000000|  0%| F|  |TAMS 0x0000000088f00000, 0x0000000088f00000| Untracked 
|  88|0x0000000089000000, 0x0000000089000000, 0x0000000089100000|  0%| F|  |TAMS 0x0000000089000000, 0x0000000089000000| Untracked 
|  89|0x0000000089100000, 0x0000000089100000, 0x0000000089200000|  0%| F|  |TAMS 0x0000000089100000, 0x0000000089100000| Untracked 
|  90|0x0000000089200000, 0x0000000089200000, 0x0000000089300000|  0%| F|  |TAMS 0x0000000089200000, 0x0000000089200000| Untracked 
|  91|0x0000000089300000, 0x0000000089300000, 0x0000000089400000|  0%| F|  |TAMS 0x0000000089300000, 0x0000000089300000| Untracked 
|  92|0x0000000089400000, 0x0000000089400000, 0x0000000089500000|  0%| F|  |TAMS 0x0000000089400000, 0x0000000089400000| Untracked 
|  93|0x0000000089500000, 0x0000000089500000, 0x0000000089600000|  0%| F|  |TAMS 0x0000000089500000, 0x0000000089500000| Untracked 
|  94|0x0000000089600000, 0x0000000089600000, 0x0000000089700000|  0%| F|  |TAMS 0x0000000089600000, 0x0000000089600000| Untracked 
|  95|0x0000000089700000, 0x0000000089700000, 0x0000000089800000|  0%| F|  |TAMS 0x0000000089700000, 0x0000000089700000| Untracked 
|  96|0x0000000089800000, 0x0000000089800000, 0x0000000089900000|  0%| F|  |TAMS 0x0000000089800000, 0x0000000089800000| Untracked 
|  97|0x0000000089900000, 0x0000000089900000, 0x0000000089a00000|  0%| F|  |TAMS 0x0000000089900000, 0x0000000089900000| Untracked 
|  98|0x0000000089a00000, 0x0000000089a00000, 0x0000000089b00000|  0%| F|  |TAMS 0x0000000089a00000, 0x0000000089a00000| Untracked 
|  99|0x0000000089b00000, 0x0000000089b00000, 0x0000000089c00000|  0%| F|  |TAMS 0x0000000089b00000, 0x0000000089b00000| Untracked 
| 100|0x0000000089c00000, 0x0000000089c00000, 0x0000000089d00000|  0%| F|  |TAMS 0x0000000089c00000, 0x0000000089c00000| Untracked 
| 101|0x0000000089d00000, 0x0000000089d00000, 0x0000000089e00000|  0%| F|  |TAMS 0x0000000089d00000, 0x0000000089d00000| Untracked 
| 102|0x0000000089e00000, 0x0000000089e00000, 0x0000000089f00000|  0%| F|  |TAMS 0x0000000089e00000, 0x0000000089e00000| Untracked 
| 103|0x0000000089f00000, 0x0000000089f00000, 0x000000008a000000|  0%| F|  |TAMS 0x0000000089f00000, 0x0000000089f00000| Untracked 
| 104|0x000000008a000000, 0x000000008a000000, 0x000000008a100000|  0%| F|  |TAMS 0x000000008a000000, 0x000000008a000000| Untracked 
| 105|0x000000008a100000, 0x000000008a100000, 0x000000008a200000|  0%| F|  |TAMS 0x000000008a100000, 0x000000008a100000| Untracked 
| 106|0x000000008a200000, 0x000000008a200000, 0x000000008a300000|  0%| F|  |TAMS 0x000000008a200000, 0x000000008a200000| Untracked 
| 107|0x000000008a300000, 0x000000008a300000, 0x000000008a400000|  0%| F|  |TAMS 0x000000008a300000, 0x000000008a300000| Untracked 
| 108|0x000000008a400000, 0x000000008a400000, 0x000000008a500000|  0%| F|  |TAMS 0x000000008a400000, 0x000000008a400000| Untracked 
| 109|0x000000008a500000, 0x000000008a500000, 0x000000008a600000|  0%| F|  |TAMS 0x000000008a500000, 0x000000008a500000| Untracked 
| 110|0x000000008a600000, 0x000000008a600000, 0x000000008a700000|  0%| F|  |TAMS 0x000000008a600000, 0x000000008a600000| Untracked 
| 111|0x000000008a700000, 0x000000008a700000, 0x000000008a800000|  0%| F|  |TAMS 0x000000008a700000, 0x000000008a700000| Untracked 
| 112|0x000000008a800000, 0x000000008a800000, 0x000000008a900000|  0%| F|  |TAMS 0x000000008a800000, 0x000000008a800000| Untracked 
| 113|0x000000008a900000, 0x000000008a900000, 0x000000008aa00000|  0%| F|  |TAMS 0x000000008a900000, 0x000000008a900000| Untracked 
| 114|0x000000008aa00000, 0x000000008aa00000, 0x000000008ab00000|  0%| F|  |TAMS 0x000000008aa00000, 0x000000008aa00000| Untracked 
| 115|0x000000008ab00000, 0x000000008ab00000, 0x000000008ac00000|  0%| F|  |TAMS 0x000000008ab00000, 0x000000008ab00000| Untracked 
| 116|0x000000008ac00000, 0x000000008ac00000, 0x000000008ad00000|  0%| F|  |TAMS 0x000000008ac00000, 0x000000008ac00000| Untracked 
| 117|0x000000008ad00000, 0x000000008ad00000, 0x000000008ae00000|  0%| F|  |TAMS 0x000000008ad00000, 0x000000008ad00000| Untracked 
| 118|0x000000008ae00000, 0x000000008ae00000, 0x000000008af00000|  0%| F|  |TAMS 0x000000008ae00000, 0x000000008ae00000| Untracked 
| 119|0x000000008af00000, 0x000000008af00000, 0x000000008b000000|  0%| F|  |TAMS 0x000000008af00000, 0x000000008af00000| Untracked 
| 120|0x000000008b000000, 0x000000008b000000, 0x000000008b100000|  0%| F|  |TAMS 0x000000008b000000, 0x000000008b000000| Untracked 
| 121|0x000000008b100000, 0x000000008b100000, 0x000000008b200000|  0%| F|  |TAMS 0x000000008b100000, 0x000000008b100000| Untracked 
| 122|0x000000008b200000, 0x000000008b2f64d8, 0x000000008b300000| 96%| E|  |TAMS 0x000000008b200000, 0x000000008b200000| Complete 
| 123|0x000000008b300000, 0x000000008b400000, 0x000000008b400000|100%| E|CS|TAMS 0x000000008b300000, 0x000000008b300000| Complete 
| 124|0x000000008b400000, 0x000000008b500000, 0x000000008b500000|100%| E|CS|TAMS 0x000000008b400000, 0x000000008b400000| Complete 
| 125|0x000000008b500000, 0x000000008b600000, 0x000000008b600000|100%| E|CS|TAMS 0x000000008b500000, 0x000000008b500000| Complete 

Card table byte_map: [0x000001f6db2f0000,0x000001f6db6e0000] _byte_map_base: 0x000001f6daed4000

Marking Bits (Prev, Next): (CMBitMap*) 0x000001f6c7fb8668, (CMBitMap*) 0x000001f6c7fb86a0
 Prev Bits: [0x000001f6dbad0000, 0x000001f6dd9f0000)
 Next Bits: [0x000001f6dd9f0000, 0x000001f6df910000)

Polling page: 0x000001f6c7750000

Metaspace:

Usage:
  Non-class:      5.24 MB capacity,     5.15 MB ( 98%) used,    86.01 KB (  2%) free+waste,     3.06 KB ( <1%) overhead. 
      Class:    509.00 KB capacity,   485.88 KB ( 95%) used,    21.56 KB (  4%) free+waste,     1.56 KB ( <1%) overhead. 
       Both:      5.74 MB capacity,     5.63 MB ( 98%) used,   107.57 KB (  2%) free+waste,     4.63 KB ( <1%) overhead. 

Virtual space:
  Non-class space:        8.00 MB reserved,       5.25 MB ( 66%) committed 
      Class space:        1.00 GB reserved,     512.00 KB ( <1%) committed 
             Both:        1.01 GB reserved,       5.75 MB ( <1%) committed 

Chunk freelists:
   Non-Class:  11.00 KB
       Class:  3.00 KB
        Both:  14.00 KB

MaxMetaspaceSize: 17179869184.00 GB
CompressedClassSpaceSize: 1.00 GB
Initial GC threshold: 20.80 MB
Current GC threshold: 20.80 MB
CDS: off

CodeHeap 'non-profiled nmethods': size=120000Kb used=88Kb max_used=88Kb free=119911Kb
 bounds [0x000001f6d3690000, 0x000001f6d3900000, 0x000001f6dabc0000]
CodeHeap 'profiled nmethods': size=120000Kb used=324Kb max_used=324Kb free=119675Kb
 bounds [0x000001f6cc160000, 0x000001f6cc3d0000, 0x000001f6d3690000]
CodeHeap 'non-nmethods': size=5760Kb used=1106Kb max_used=1108Kb free=4654Kb
 bounds [0x000001f6cbbc0000, 0x000001f6cbe30000, 0x000001f6cc160000]
 total_blobs=607 nmethods=270 adapters=250
 compilation: enabled
              stopped_count=0, restarted_count=0
 full_count=0

Compilation events (20 events):
Event: 0.288 Thread 0x000001f6e2c14000 nmethod 160 0x000001f6cc195890 code [0x000001f6cc195a80, 0x000001f6cc195da8]
Event: 0.289 Thread 0x000001f6e2d88800 nmethod 157 0x000001f6d369a310 code [0x000001f6d369a4a0, 0x000001f6d369a518]
Event: 0.289 Thread 0x000001f6e2d88800  158       4       java.lang.String::coder (15 bytes)
Event: 0.290 Thread 0x000001f6e2d88800 nmethod 158 0x000001f6d369a610 code [0x000001f6d369a7a0, 0x000001f6d369a7f8]
Event: 0.290 Thread 0x000001f6e2d88800  161       4       java.lang.String::length (11 bytes)
Event: 0.291 Thread 0x000001f6e2d88800 nmethod 161 0x000001f6d369a910 code [0x000001f6d369aaa0, 0x000001f6d369ab18]
Event: 0.294 Thread 0x000001f6e2c14000  162       3       java.lang.StringLatin1::newString (17 bytes)
Event: 0.295 Thread 0x000001f6e2c14000 nmethod 162 0x000001f6cc195f90 code [0x000001f6cc196160, 0x000001f6cc1963e8]
Event: 0.296 Thread 0x000001f6e2c14000  163       3       java.util.AbstractMap::<init> (5 bytes)
Event: 0.296 Thread 0x000001f6e2c14000 nmethod 163 0x000001f6cc196510 code [0x000001f6cc1966c0, 0x000001f6cc196818]
Event: 0.297 Thread 0x000001f6e2c14000  164       3       java.lang.Character::toUpperCase (6 bytes)
Event: 0.297 Thread 0x000001f6e2c14000 nmethod 164 0x000001f6cc196910 code [0x000001f6cc196ae0, 0x000001f6cc196d18]
Event: 0.297 Thread 0x000001f6e2c14000  166       3       java.lang.CharacterDataLatin1::toUpperCase (53 bytes)
Event: 0.297 Thread 0x000001f6e2c14000 nmethod 166 0x000001f6cc196e10 code [0x000001f6cc196fe0, 0x000001f6cc197258]
Event: 0.297 Thread 0x000001f6e2c14000  165       3       java.lang.Character::toUpperCase (9 bytes)
Event: 0.297 Thread 0x000001f6e2c14000 nmethod 165 0x000001f6cc197390 code [0x000001f6cc197560, 0x000001f6cc197738]
Event: 0.297 Thread 0x000001f6e2c14000  167       3       java.util.TreeMap::parentOf (13 bytes)
Event: 0.297 Thread 0x000001f6e2c14000 nmethod 167 0x000001f6cc197810 code [0x000001f6cc1979c0, 0x000001f6cc197b18]
Event: 0.305 Thread 0x000001f6e2d88800  168       4       java.util.concurrent.ConcurrentHashMap::spread (10 bytes)
Event: 0.306 Thread 0x000001f6e2d88800 nmethod 168 0x000001f6d369af10 code [0x000001f6d369b0a0, 0x000001f6d369b0f8]

GC Heap History (0 events):
No events

Deoptimization events (20 events):
Event: 0.268 Thread 0x000001f6c7f76000 DEOPT PACKING pc=0x000001f6d3697ce8 sp=0x00000003d63f9330
Event: 0.268 Thread 0x000001f6c7f76000 DEOPT UNPACKING pc=0x000001f6cbbc85af sp=0x00000003d63f92d8 mode 2
Event: 0.280 Thread 0x000001f6c7f76000 DEOPT PACKING pc=0x000001f6cc187fd0 sp=0x00000003d63fc820
Event: 0.280 Thread 0x000001f6c7f76000 DEOPT UNPACKING pc=0x000001f6cbc09d0e sp=0x00000003d63fbcc0 mode 0
Event: 0.280 Thread 0x000001f6c7f76000 DEOPT PACKING pc=0x000001f6cc187fd0 sp=0x00000003d63fc820
Event: 0.280 Thread 0x000001f6c7f76000 DEOPT UNPACKING pc=0x000001f6cbc09d0e sp=0x00000003d63fbcc0 mode 0
Event: 0.280 Thread 0x000001f6c7f76000 DEOPT PACKING pc=0x000001f6cc187fd0 sp=0x00000003d63fc820
Event: 0.280 Thread 0x000001f6c7f76000 DEOPT UNPACKING pc=0x000001f6cbc09d0e sp=0x00000003d63fbcc0 mode 0
Event: 0.280 Thread 0x000001f6c7f76000 DEOPT PACKING pc=0x000001f6cc187fd0 sp=0x00000003d63fc820
Event: 0.280 Thread 0x000001f6c7f76000 DEOPT UNPACKING pc=0x000001f6cbc09d0e sp=0x00000003d63fbcc0 mode 0
Event: 0.287 Thread 0x000001f6c7f76000 DEOPT PACKING pc=0x000001f6cc187fd0 sp=0x00000003d63fc780
Event: 0.287 Thread 0x000001f6c7f76000 DEOPT UNPACKING pc=0x000001f6cbc09d0e sp=0x00000003d63fbc20 mode 0
Event: 0.287 Thread 0x000001f6c7f76000 DEOPT PACKING pc=0x000001f6cc187fd0 sp=0x00000003d63fc780
Event: 0.287 Thread 0x000001f6c7f76000 DEOPT UNPACKING pc=0x000001f6cbc09d0e sp=0x00000003d63fbc20 mode 0
Event: 0.287 Thread 0x000001f6c7f76000 DEOPT PACKING pc=0x000001f6cc187fd0 sp=0x00000003d63fc780
Event: 0.287 Thread 0x000001f6c7f76000 DEOPT UNPACKING pc=0x000001f6cbc09d0e sp=0x00000003d63fbc20 mode 0
Event: 0.288 Thread 0x000001f6c7f76000 DEOPT PACKING pc=0x000001f6cc187fd0 sp=0x00000003d63fc780
Event: 0.288 Thread 0x000001f6c7f76000 DEOPT UNPACKING pc=0x000001f6cbc09d0e sp=0x00000003d63fbc20 mode 0
Event: 0.288 Thread 0x000001f6c7f76000 DEOPT PACKING pc=0x000001f6cc187fd0 sp=0x00000003d63fc7a0
Event: 0.288 Thread 0x000001f6c7f76000 DEOPT UNPACKING pc=0x000001f6cbc09d0e sp=0x00000003d63fbc28 mode 0

Classes redefined (0 events):
No events

Internal exceptions (0 events):
No events

Events (20 events):
Event: 0.303 loading class java/lang/invoke/Invokers
Event: 0.303 loading class java/lang/invoke/Invokers done
Event: 0.303 loading class java/lang/invoke/StringConcatFactory$Strategy
Event: 0.304 loading class java/lang/invoke/StringConcatFactory$Strategy done
Event: 0.304 loading class java/lang/invoke/LambdaForm$Kind
Event: 0.304 loading class java/lang/invoke/LambdaForm$Kind done
Event: 0.305 loading class java/lang/NoSuchMethodException
Event: 0.305 loading class java/lang/NoSuchMethodException done
Event: 0.306 loading class java/lang/invoke/LambdaForm$BasicType
Event: 0.306 loading class java/lang/invoke/LambdaForm$BasicType done
Event: 0.307 loading class java/lang/invoke/LambdaForm$Name
Event: 0.307 loading class java/lang/invoke/LambdaForm$Name done
Event: 0.308 loading class java/lang/invoke/LambdaForm$Holder
Event: 0.308 loading class java/lang/invoke/LambdaForm$Holder done
Event: 0.308 loading class java/lang/invoke/MethodHandleImpl$Intrinsic
Event: 0.308 loading class java/lang/invoke/MethodHandleImpl$Intrinsic done
Event: 0.309 loading class java/lang/invoke/InvokerBytecodeGenerator
Event: 0.310 loading class java/lang/invoke/InvokerBytecodeGenerator done
Event: 0.310 loading class java/lang/invoke/InvokerBytecodeGenerator$2
Event: 0.311 loading class java/lang/invoke/InvokerBytecodeGenerator$2 done


Dynamic libraries:
0x00007ff643dc0000 - 0x00007ff643dca000 	C:\Program Files\JetBrains\IntelliJ IDEA Community Edition 2021.3.2\jbr\bin\java.exe
0x00007ffb67f40000 - 0x00007ffb68149000 	C:\WINDOWS\SYSTEM32\ntdll.dll
0x00007ffb47a50000 - 0x00007ffb47a66000 	C:\Program Files\Avast Software\Avast\aswhook.dll
0x00007ffb67320000 - 0x00007ffb673dd000 	C:\WINDOWS\System32\KERNEL32.DLL
0x00007ffb65970000 - 0x00007ffb65ce4000 	C:\WINDOWS\System32\KERNELBASE.dll
0x00007ffb655f0000 - 0x00007ffb65701000 	C:\WINDOWS\System32\ucrtbase.dll
0x00007ffb45940000 - 0x00007ffb45959000 	C:\Program Files\JetBrains\IntelliJ IDEA Community Edition 2021.3.2\jbr\bin\jli.dll
0x00007ffb44c60000 - 0x00007ffb44c77000 	C:\Program Files\JetBrains\IntelliJ IDEA Community Edition 2021.3.2\jbr\bin\VCRUNTIME140.dll
0x00007ffb67090000 - 0x00007ffb6723c000 	C:\WINDOWS\System32\USER32.dll
0x00007ffb65940000 - 0x00007ffb65966000 	C:\WINDOWS\System32\win32u.dll
0x00007ffb4fc60000 - 0x00007ffb4ff05000 	C:\WINDOWS\WinSxS\amd64_microsoft.windows.common-controls_6595b64144ccf1df_6.0.22000.120_none_9d947278b86cc467\COMCTL32.dll
0x00007ffb66100000 - 0x00007ffb66129000 	C:\WINDOWS\System32\GDI32.dll
0x00007ffb674b0000 - 0x00007ffb67553000 	C:\WINDOWS\System32\msvcrt.dll
0x00007ffb654d0000 - 0x00007ffb655e2000 	C:\WINDOWS\System32\gdi32full.dll
0x00007ffb65430000 - 0x00007ffb654cd000 	C:\WINDOWS\System32\msvcp_win.dll
0x00007ffb673e0000 - 0x00007ffb67411000 	C:\WINDOWS\System32\IMM32.DLL
0x00007ffb1de60000 - 0x00007ffb1defd000 	C:\Program Files\JetBrains\IntelliJ IDEA Community Edition 2021.3.2\jbr\bin\msvcp140.dll
0x00007ffb17d80000 - 0x00007ffb188f6000 	C:\Program Files\JetBrains\IntelliJ IDEA Community Edition 2021.3.2\jbr\bin\server\jvm.dll
0x00007ffb67560000 - 0x00007ffb6760e000 	C:\WINDOWS\System32\ADVAPI32.dll
0x00007ffb65df0000 - 0x00007ffb65e8e000 	C:\WINDOWS\System32\sechost.dll
0x00007ffb67a60000 - 0x00007ffb67b80000 	C:\WINDOWS\System32\RPCRT4.dll
0x00007ffb679c0000 - 0x00007ffb679c8000 	C:\WINDOWS\System32\PSAPI.DLL
0x00007ffb5bf40000 - 0x00007ffb5bf4a000 	C:\WINDOWS\SYSTEM32\VERSION.dll
0x00007ffb4cb60000 - 0x00007ffb4cb69000 	C:\WINDOWS\SYSTEM32\WSOCK32.dll
0x00007ffb5c3e0000 - 0x00007ffb5c413000 	C:\WINDOWS\SYSTEM32\WINMM.dll
0x00007ffb672a0000 - 0x00007ffb6730f000 	C:\WINDOWS\System32\WS2_32.dll
0x00007ffb64620000 - 0x00007ffb64638000 	C:\WINDOWS\SYSTEM32\kernel.appcore.dll
0x00007ffb5dbf0000 - 0x00007ffb5dc01000 	C:\Program Files\JetBrains\IntelliJ IDEA Community Edition 2021.3.2\jbr\bin\verify.dll
0x00007ffb62fc0000 - 0x00007ffb631e1000 	C:\WINDOWS\SYSTEM32\DBGHELP.DLL
0x00007ffb4dc00000 - 0x00007ffb4dc31000 	C:\WINDOWS\SYSTEM32\dbgcore.DLL
0x00007ffb65d60000 - 0x00007ffb65ddf000 	C:\WINDOWS\System32\bcryptPrimitives.dll
0x00007ffb52ea0000 - 0x00007ffb52ec9000 	C:\Program Files\JetBrains\IntelliJ IDEA Community Edition 2021.3.2\jbr\bin\java.dll
0x00007ffb5e250000 - 0x00007ffb5e25b000 	C:\Program Files\JetBrains\IntelliJ IDEA Community Edition 2021.3.2\jbr\bin\jimage.dll
0x00007ffb5dbd0000 - 0x00007ffb5dbe8000 	C:\Program Files\JetBrains\IntelliJ IDEA Community Edition 2021.3.2\jbr\bin\zip.dll
0x00007ffb66630000 - 0x00007ffb66ddf000 	C:\WINDOWS\System32\SHELL32.dll
0x00007ffb635b0000 - 0x00007ffb63e18000 	C:\WINDOWS\SYSTEM32\windows.storage.dll
0x00007ffb67b80000 - 0x00007ffb67ef8000 	C:\WINDOWS\System32\combase.dll
0x00007ffb63440000 - 0x00007ffb635a6000 	C:\WINDOWS\SYSTEM32\wintypes.dll
0x00007ffb65ef0000 - 0x00007ffb65fda000 	C:\WINDOWS\System32\SHCORE.dll
0x00007ffb67240000 - 0x00007ffb6729d000 	C:\WINDOWS\System32\shlwapi.dll
0x00007ffb65360000 - 0x00007ffb65381000 	C:\WINDOWS\SYSTEM32\profapi.dll
0x00007ffb5dad0000 - 0x00007ffb5daea000 	C:\Program Files\JetBrains\IntelliJ IDEA Community Edition 2021.3.2\jbr\bin\net.dll
0x00007ffb5bc80000 - 0x00007ffb5bd8c000 	C:\WINDOWS\SYSTEM32\WINHTTP.dll
0x00007ffb64a50000 - 0x00007ffb64ab7000 	C:\WINDOWS\system32\mswsock.dll
0x00007ffb5d8c0000 - 0x00007ffb5d8d4000 	C:\Program Files\JetBrains\IntelliJ IDEA Community Edition 2021.3.2\jbr\bin\nio.dll

dbghelp: loaded successfully - version: 4.0.5 - missing functions: none
symbol engine: initialized successfully - sym options: 0x614 - pdb path: .;C:\Program Files\JetBrains\IntelliJ IDEA Community Edition 2021.3.2\jbr\bin;C:\WINDOWS\SYSTEM32;C:\Program Files\Avast Software\Avast;C:\WINDOWS\WinSxS\amd64_microsoft.windows.common-controls_6595b64144ccf1df_6.0.22000.120_none_9d947278b86cc467;C:\Program Files\JetBrains\IntelliJ IDEA Community Edition 2021.3.2\jbr\bin\server

VM Arguments:
java_command: git4idea.http.GitAskPassApp Username for 'https://github.com': 
java_class_path (initial): C:/Program Files/JetBrains/IntelliJ IDEA Community Edition 2021.3.2/plugins/git4idea/lib/git4idea-rt.jar;C:/Program Files/JetBrains/IntelliJ IDEA Community Edition 2021.3.2/lib/3rd-party.jar;C:/Program Files/JetBrains/IntelliJ IDEA Community Edition 2021.3.2/lib/3rd-party-rt.jar
Launcher Type: SUN_STANDARD

[Global flags]
     intx CICompilerCount                          = 4                                         {product} {ergonomic}
     uint ConcGCThreads                            = 2                                         {product} {ergonomic}
     uint G1ConcRefinementThreads                  = 8                                         {product} {ergonomic}
   size_t G1HeapRegionSize                         = 1048576                                   {product} {ergonomic}
    uintx GCDrainStackTargetSize                   = 64                                        {product} {ergonomic}
   size_t InitialHeapSize                          = 132120576                                 {product} {ergonomic}
   size_t MarkStackSize                            = 4194304                                   {product} {ergonomic}
   size_t MaxHeapSize                              = 2088763392                                {product} {ergonomic}
   size_t MaxNewSize                               = 1253048320                                {product} {ergonomic}
   size_t MinHeapDeltaBytes                        = 1048576                                   {product} {ergonomic}
    uintx NonNMethodCodeHeapSize                   = 5836300                                {pd product} {ergonomic}
    uintx NonProfiledCodeHeapSize                  = 122910970                              {pd product} {ergonomic}
    uintx ProfiledCodeHeapSize                     = 122910970                              {pd product} {ergonomic}
    uintx ReservedCodeCacheSize                    = 251658240                              {pd product} {ergonomic}
     bool SegmentedCodeCache                       = true                                      {product} {ergonomic}
     bool UseCompressedClassPointers               = true                                 {lp64_product} {ergonomic}
     bool UseCompressedOops                        = true                                 {lp64_product} {ergonomic}
     bool UseG1GC                                  = true                                      {product} {ergonomic}
     bool UseLargePagesIndividualAllocation        = false                                  {pd product} {ergonomic}

Logging:
Log output configuration:
 #0: stdout all=warning uptime,level,tags
 #1: stderr all=off uptime,level,tags

Environment Variables:
JAVA_HOME=C:\Program Files\Java\jdk-17.0.2
PATH=C:\Program Files\Git\mingw64\libexec\git-core;C:\Program Files\Git\mingw64\libexec\git-core;C:\Program Files\Git\mingw64\bin;C:\Program Files\Git\usr\bin;C:\Users\Kaplan\bin;C:\Program Files\Java\jdk-17.0.2\bin;C:\WINDOWS\system32;C:\WINDOWS;C:\WINDOWS\System32\Wbem;C:\WINDOWS\System32\WindowsPowerShell\v1.0;C:\WINDOWS\System32\OpenSSH;C:\Program Files\dotnet;C:\Program Files\Git\cmd;C:\Program Files (x86)\dotnet;C:\Users\Kaplan\AppData\Local\Microsoft\WindowsApps;C:\Users\Kaplan\.dotnet\tools
USERNAME=Kaplan
DISPLAY=:0.0
LC_ALL=en_US.UTF-8
OS=Windows_NT
PROCESSOR_IDENTIFIER=Intel64 Family 6 Model 126 Stepping 5, GenuineIntel



---------------  S Y S T E M  ---------------

OS: Windows 11 , 64 bit Build 22000 (10.0.22000.613)
OS uptime: 4 days 12:43 hours

CPU:total 8 (initial active 8) (4 cores per cpu, 2 threads per core) family 6 model 126 stepping 5 microcode 0x86, cmov, cx8, fxsr, mmx, sse, sse2, sse3, ssse3, sse4.1, sse4.2, popcnt, avx, avx2, aes, clmul, erms, 3dnowpref, lzcnt, ht, tsc, tscinvbit, bmi1, bmi2, adx, evex, sha, fma

Memory: 4k page, system-wide physical 7967M (1220M free)
TotalPageFile size 10015M (AvailPageFile size 2M)
current process WorkingSet (physical memory assigned to process): 46M, peak: 46M
current process commit charge ("private bytes"): 205M, peak: 205M

vm_info: OpenJDK 64-Bit Server VM (11.0.13+7-b1751.25) for windows-amd64 JRE (11.0.13+7-b1751.25), built on Jan 13 2022 20:47:27 by "" with MS VC++ 14.0 (VS2015)

END.
