#
# There is insufficient memory for the Java Runtime Environment to continue.
# Native memory allocation (mmap) failed to map 72351744 bytes for G1 virtual space
# Possible reasons:
#   The system is out of physical RAM or swap space
#   The process is running with CompressedOops enabled, and the Java Heap may be blocking the growth of the native heap
# Possible solutions:
#   Reduce memory load on the system
#   Increase physical memory or swap space
#   Check if swap backing store is full
#   Decrease Java heap size (-Xmx/-Xms)
#   Decrease number of Java threads
#   Decrease Java thread stack sizes (-Xss)
#   Set larger code cache with -XX:ReservedCodeCacheSize=
#   JVM is running with Unscaled Compressed Oops mode in which the Java heap is
#     placed in the first 4GB address space. The Java Heap base address is the
#     maximum limit for the native heap growth. Please use -XX:HeapBaseMinAddress
#     to set the Java Heap base and to place the Java Heap above 4GB virtual address.
# This output file may be truncated or incomplete.
#
#  Out of Memory Error (os_windows.cpp:3532), pid=17844, tid=1632
#
# JRE version: Java(TM) SE Runtime Environment (17.0.2+8) (build 17.0.2+8-LTS-86)
# Java VM: Java HotSpot(TM) 64-Bit Server VM (17.0.2+8-LTS-86, mixed mode, sharing, tiered, compressed oops, compressed class ptrs, g1 gc, windows-amd64)
# No core dump will be written. Minidumps are not enabled by default on client versions of Windows
#

---------------  S U M M A R Y ------------

Command Line: -ea -Didea.test.cyclic.buffer.size=1048576 -javaagent:C:\Program Files\JetBrains\IntelliJ IDEA Community Edition 2021.3.2\lib\idea_rt.jar=59844:C:\Program Files\JetBrains\IntelliJ IDEA Community Edition 2021.3.2\bin -Dfile.encoding=UTF-8 com.intellij.rt.junit.JUnitStarter -ideVersion5 -junit5 renderer.ReflectionRefractionTests,twoSpheresOnMirrors

Host: Intel(R) Core(TM) i5-1035G1 CPU @ 1.00GHz, 8 cores, 7G,  Windows 11 , 64 bit Build 22000 (10.0.22000.675)
Time: Tue May 24 20:26:45 2022  Windows 11 , 64 bit Build 22000 (10.0.22000.675) elapsed time: 0.981326 seconds (0d 0h 0m 0s)

---------------  T H R E A D  ---------------

Current thread (0x000001f516f3b800):  VMThread "VM Thread" [stack: 0x00000037bfd00000,0x00000037bfe00000] [id=1632]

Stack: [0x00000037bfd00000,0x00000037bfe00000]
Native frames: (J=compiled Java code, j=interpreted, Vv=VM code, C=native code)
V  [jvm.dll+0x670baa]
V  [jvm.dll+0x7cfcb4]
V  [jvm.dll+0x7d145e]
V  [jvm.dll+0x7d1ac3]
V  [jvm.dll+0x242bc5]
V  [jvm.dll+0x66dac9]
V  [jvm.dll+0x662412]
V  [jvm.dll+0x300c0b]
V  [jvm.dll+0x3081a6]
V  [jvm.dll+0x357d0e]
V  [jvm.dll+0x357f3f]
V  [jvm.dll+0x2d7ec8]
V  [jvm.dll+0x2d6194]
V  [jvm.dll+0x2d579c]
V  [jvm.dll+0x3190eb]
V  [jvm.dll+0x7d5f9b]
V  [jvm.dll+0x7d6cd4]
V  [jvm.dll+0x7d71ec]
V  [jvm.dll+0x7d75c4]
V  [jvm.dll+0x7d7690]
V  [jvm.dll+0x77ff7a]
V  [jvm.dll+0x66fa35]
C  [ucrtbase.dll+0x26c0c]
C  [KERNEL32.DLL+0x154e0]
C  [ntdll.dll+0x485b]

VM_Operation (0x00000037bf7fbd00): G1CollectForAllocation, mode: safepoint, requested by thread 0x000001f578fbc320


---------------  P R O C E S S  ---------------

Threads class SMR info:
_java_thread_list=0x000001f518037fb0, length=15, elements={
0x000001f578fbc320, 0x000001f516f3f1a0, 0x000001f516f3fc60, 0x000001f516f5bc10,
0x000001f516f5c4d0, 0x000001f516f5eda0, 0x000001f516f60670, 0x000001f516f63290,
0x000001f516f63850, 0x000001f516f67260, 0x000001f516f29cd0, 0x000001f517a6f710,
0x000001f517a6fbe0, 0x000001f517ff9810, 0x000001f517ae30d0
}

Java Threads: ( => current thread )
  0x000001f578fbc320 JavaThread "main" [_thread_blocked, id=7200, stack(0x00000037bf700000,0x00000037bf800000)]
  0x000001f516f3f1a0 JavaThread "Reference Handler" daemon [_thread_blocked, id=2464, stack(0x00000037bfe00000,0x00000037bff00000)]
  0x000001f516f3fc60 JavaThread "Finalizer" daemon [_thread_blocked, id=1292, stack(0x00000037bff00000,0x00000037c0000000)]
  0x000001f516f5bc10 JavaThread "Signal Dispatcher" daemon [_thread_blocked, id=16308, stack(0x00000037c0000000,0x00000037c0100000)]
  0x000001f516f5c4d0 JavaThread "Attach Listener" daemon [_thread_blocked, id=15848, stack(0x00000037c0100000,0x00000037c0200000)]
  0x000001f516f5eda0 JavaThread "Service Thread" daemon [_thread_blocked, id=3492, stack(0x00000037c0200000,0x00000037c0300000)]
  0x000001f516f60670 JavaThread "Monitor Deflation Thread" daemon [_thread_blocked, id=16360, stack(0x00000037c0300000,0x00000037c0400000)]
  0x000001f516f63290 JavaThread "C2 CompilerThread0" daemon [_thread_blocked, id=7552, stack(0x00000037c0400000,0x00000037c0500000)]
  0x000001f516f63850 JavaThread "C1 CompilerThread0" daemon [_thread_blocked, id=8256, stack(0x00000037c0500000,0x00000037c0600000)]
  0x000001f516f67260 JavaThread "Sweeper thread" daemon [_thread_blocked, id=3896, stack(0x00000037c0600000,0x00000037c0700000)]
  0x000001f516f29cd0 JavaThread "Common-Cleaner" daemon [_thread_blocked, id=1952, stack(0x00000037c0700000,0x00000037c0800000)]
  0x000001f517a6f710 JavaThread "Monitor Ctrl-Break" daemon [_thread_in_native, id=3304, stack(0x00000037c0800000,0x00000037c0900000)]
  0x000001f517a6fbe0 JavaThread "Notification Thread" daemon [_thread_blocked, id=4588, stack(0x00000037c0900000,0x00000037c0a00000)]
  0x000001f517ff9810 JavaThread "C2 CompilerThread1" daemon [_thread_in_native, id=1056, stack(0x00000037c0b00000,0x00000037c0c00000)]
  0x000001f517ae30d0 JavaThread "C2 CompilerThread2" daemon [_thread_blocked, id=4128, stack(0x00000037c1000000,0x00000037c1100000)]

Other Threads:
=>0x000001f516f3b800 VMThread "VM Thread" [stack: 0x00000037bfd00000,0x00000037bfe00000] [id=1632]
  0x000001f517a6f1e0 WatcherThread [stack: 0x00000037c0a00000,0x00000037c0b00000] [id=5556]
  0x000001f578ff6a60 GCTaskThread "GC Thread#0" [stack: 0x00000037bf800000,0x00000037bf900000] [id=17716]
  0x000001f5180551c0 GCTaskThread "GC Thread#1" [stack: 0x00000037c0c00000,0x00000037c0d00000] [id=1636]
  0x000001f518055470 GCTaskThread "GC Thread#2" [stack: 0x00000037c0d00000,0x00000037c0e00000] [id=6856]
  0x000001f518067a60 GCTaskThread "GC Thread#3" [stack: 0x00000037c0e00000,0x00000037c0f00000] [id=1616]
  0x000001f51806bd20 GCTaskThread "GC Thread#4" [stack: 0x00000037c0f00000,0x00000037c1000000] [id=6552]
  0x000001f5790080c0 ConcurrentGCThread "G1 Main Marker" [stack: 0x00000037bf900000,0x00000037bfa00000] [id=6248]
  0x000001f5790089e0 ConcurrentGCThread "G1 Conc#0" [stack: 0x00000037bfa00000,0x00000037bfb00000] [id=13040]
  0x000001f516e00090 ConcurrentGCThread "G1 Refine#0" [stack: 0x00000037bfb00000,0x00000037bfc00000] [id=4468]
  0x000001f516e009c0 ConcurrentGCThread "G1 Service" [stack: 0x00000037bfc00000,0x00000037bfd00000] [id=15520]

Threads with active compile tasks:
C2 CompilerThread0     1008 1248       4       geometries.Triangle::findGeoIntersectionsHelper (250 bytes)
C2 CompilerThread1     1008 1236       4       renderer.RayTracerBasic::calcLocalEffects (233 bytes)
C2 CompilerThread2     1008 1206       4       geometries.Geometries::findGeoIntersectionsHelper (80 bytes)

VM state: at safepoint (normal execution)

VM Mutex/Monitor currently owned by a thread:  ([mutex/lock_event])
[0x000001f578fb7b80] Threads_lock - owner thread: 0x000001f516f3b800
[0x000001f578fb7550] Heap_lock - owner thread: 0x000001f578fbc320

Heap address: 0x0000000083800000, size: 1992 MB, Compressed Oops mode: 32-bit

CDS archive(s) mapped at: [0x0000000800000000-0x0000000800bc0000-0x0000000800bc0000), size 12320768, SharedBaseAddress: 0x0000000800000000, ArchiveRelocationMode: 0.
Compressed class space mapped at: 0x0000000800c00000-0x0000000840c00000, reserved size: 1073741824
Narrow klass base: 0x0000000800000000, Narrow klass shift: 0, Narrow klass range: 0x100000000

GC Precious Log:
 CPUs: 8 total, 8 available
 Memory: 7967M
 Large Page Support: Disabled
 NUMA Support: Disabled
 Compressed Oops: Enabled (32-bit)
 Heap Region Size: 1M
 Heap Min Capacity: 8M
 Heap Initial Capacity: 126M
 Heap Max Capacity: 1992M
 Pre-touch: Disabled
 Parallel Workers: 8
 Concurrent Workers: 2
 Concurrent Refinement Workers: 8
 Periodic GC: Disabled

Heap:
 garbage-first heap   total 129024K, used 3200K [0x0000000083800000, 0x0000000100000000)
  region size 1024K, 3 young (3072K), 3 survivors (3072K)
 Metaspace       used 5069K, committed 5312K, reserved 1056768K
  class space    used 649K, committed 768K, reserved 1048576K

Heap Regions: E=young(eden), S=young(survivor), O=old, HS=humongous(starts), HC=humongous(continues), CS=collection set, F=free, OA=open archive, CA=closed archive, TAMS=top-at-mark-start (previous, next)
|   0|0x0000000083800000, 0x0000000083900000, 0x0000000083900000|100%|HS|  |TAMS 0x0000000083800000, 0x0000000083800000| Complete 
|   1|0x0000000083900000, 0x0000000083900000, 0x0000000083a00000|  0%| F|  |TAMS 0x0000000083900000, 0x0000000083900000| Untracked 
|   2|0x0000000083a00000, 0x0000000083a00000, 0x0000000083b00000|  0%| F|  |TAMS 0x0000000083a00000, 0x0000000083a00000| Untracked 
|   3|0x0000000083b00000, 0x0000000083b00000, 0x0000000083c00000|  0%| F|  |TAMS 0x0000000083b00000, 0x0000000083b00000| Untracked 
|   4|0x0000000083c00000, 0x0000000083c00000, 0x0000000083d00000|  0%| F|  |TAMS 0x0000000083c00000, 0x0000000083c00000| Untracked 
|   5|0x0000000083d00000, 0x0000000083d00000, 0x0000000083e00000|  0%| F|  |TAMS 0x0000000083d00000, 0x0000000083d00000| Untracked 
|   6|0x0000000083e00000, 0x0000000083e00000, 0x0000000083f00000|  0%| F|  |TAMS 0x0000000083e00000, 0x0000000083e00000| Untracked 
|   7|0x0000000083f00000, 0x0000000083f00000, 0x0000000084000000|  0%| F|  |TAMS 0x0000000083f00000, 0x0000000083f00000| Untracked 
|   8|0x0000000084000000, 0x0000000084000000, 0x0000000084100000|  0%| F|  |TAMS 0x0000000084000000, 0x0000000084000000| Untracked 
|   9|0x0000000084100000, 0x0000000084100000, 0x0000000084200000|  0%| F|  |TAMS 0x0000000084100000, 0x0000000084100000| Untracked 
|  10|0x0000000084200000, 0x0000000084200000, 0x0000000084300000|  0%| F|  |TAMS 0x0000000084200000, 0x0000000084200000| Untracked 
|  11|0x0000000084300000, 0x0000000084300000, 0x0000000084400000|  0%| F|  |TAMS 0x0000000084300000, 0x0000000084300000| Untracked 
|  12|0x0000000084400000, 0x0000000084400000, 0x0000000084500000|  0%| F|  |TAMS 0x0000000084400000, 0x0000000084400000| Untracked 
|  13|0x0000000084500000, 0x0000000084500000, 0x0000000084600000|  0%| F|  |TAMS 0x0000000084500000, 0x0000000084500000| Untracked 
|  14|0x0000000084600000, 0x0000000084600000, 0x0000000084700000|  0%| F|  |TAMS 0x0000000084600000, 0x0000000084600000| Untracked 
|  15|0x0000000084700000, 0x0000000084700000, 0x0000000084800000|  0%| F|  |TAMS 0x0000000084700000, 0x0000000084700000| Untracked 
|  16|0x0000000084800000, 0x0000000084800000, 0x0000000084900000|  0%| F|  |TAMS 0x0000000084800000, 0x0000000084800000| Untracked 
|  17|0x0000000084900000, 0x0000000084900000, 0x0000000084a00000|  0%| F|  |TAMS 0x0000000084900000, 0x0000000084900000| Untracked 
|  18|0x0000000084a00000, 0x0000000084a00000, 0x0000000084b00000|  0%| F|  |TAMS 0x0000000084a00000, 0x0000000084a00000| Untracked 
|  19|0x0000000084b00000, 0x0000000084b00000, 0x0000000084c00000|  0%| F|  |TAMS 0x0000000084b00000, 0x0000000084b00000| Untracked 
|  20|0x0000000084c00000, 0x0000000084c00000, 0x0000000084d00000|  0%| F|  |TAMS 0x0000000084c00000, 0x0000000084c00000| Untracked 
|  21|0x0000000084d00000, 0x0000000084d00000, 0x0000000084e00000|  0%| F|  |TAMS 0x0000000084d00000, 0x0000000084d00000| Untracked 
|  22|0x0000000084e00000, 0x0000000084e00000, 0x0000000084f00000|  0%| F|  |TAMS 0x0000000084e00000, 0x0000000084e00000| Untracked 
|  23|0x0000000084f00000, 0x0000000084f00000, 0x0000000085000000|  0%| F|  |TAMS 0x0000000084f00000, 0x0000000084f00000| Untracked 
|  24|0x0000000085000000, 0x0000000085000000, 0x0000000085100000|  0%| F|  |TAMS 0x0000000085000000, 0x0000000085000000| Untracked 
|  25|0x0000000085100000, 0x0000000085100000, 0x0000000085200000|  0%| F|  |TAMS 0x0000000085100000, 0x0000000085100000| Untracked 
|  26|0x0000000085200000, 0x0000000085200000, 0x0000000085300000|  0%| F|  |TAMS 0x0000000085200000, 0x0000000085200000| Untracked 
|  27|0x0000000085300000, 0x0000000085300000, 0x0000000085400000|  0%| F|  |TAMS 0x0000000085300000, 0x0000000085300000| Untracked 
|  28|0x0000000085400000, 0x0000000085400000, 0x0000000085500000|  0%| F|  |TAMS 0x0000000085400000, 0x0000000085400000| Untracked 
|  29|0x0000000085500000, 0x0000000085500000, 0x0000000085600000|  0%| F|  |TAMS 0x0000000085500000, 0x0000000085500000| Untracked 
|  30|0x0000000085600000, 0x0000000085600000, 0x0000000085700000|  0%| F|  |TAMS 0x0000000085600000, 0x0000000085600000| Untracked 
|  31|0x0000000085700000, 0x0000000085700000, 0x0000000085800000|  0%| F|  |TAMS 0x0000000085700000, 0x0000000085700000| Untracked 
|  32|0x0000000085800000, 0x0000000085800000, 0x0000000085900000|  0%| F|  |TAMS 0x0000000085800000, 0x0000000085800000| Untracked 
|  33|0x0000000085900000, 0x0000000085900000, 0x0000000085a00000|  0%| F|  |TAMS 0x0000000085900000, 0x0000000085900000| Untracked 
|  34|0x0000000085a00000, 0x0000000085a00000, 0x0000000085b00000|  0%| F|  |TAMS 0x0000000085a00000, 0x0000000085a00000| Untracked 
|  35|0x0000000085b00000, 0x0000000085b00000, 0x0000000085c00000|  0%| F|  |TAMS 0x0000000085b00000, 0x0000000085b00000| Untracked 
|  36|0x0000000085c00000, 0x0000000085c00000, 0x0000000085d00000|  0%| F|  |TAMS 0x0000000085c00000, 0x0000000085c00000| Untracked 
|  37|0x0000000085d00000, 0x0000000085d00000, 0x0000000085e00000|  0%| F|  |TAMS 0x0000000085d00000, 0x0000000085d00000| Untracked 
|  38|0x0000000085e00000, 0x0000000085e00000, 0x0000000085f00000|  0%| F|  |TAMS 0x0000000085e00000, 0x0000000085e00000| Untracked 
|  39|0x0000000085f00000, 0x0000000085f00000, 0x0000000086000000|  0%| F|  |TAMS 0x0000000085f00000, 0x0000000085f00000| Untracked 
|  40|0x0000000086000000, 0x0000000086000000, 0x0000000086100000|  0%| F|  |TAMS 0x0000000086000000, 0x0000000086000000| Untracked 
|  41|0x0000000086100000, 0x0000000086100000, 0x0000000086200000|  0%| F|  |TAMS 0x0000000086100000, 0x0000000086100000| Untracked 
|  42|0x0000000086200000, 0x0000000086200000, 0x0000000086300000|  0%| F|  |TAMS 0x0000000086200000, 0x0000000086200000| Untracked 
|  43|0x0000000086300000, 0x0000000086300000, 0x0000000086400000|  0%| F|  |TAMS 0x0000000086300000, 0x0000000086300000| Untracked 
|  44|0x0000000086400000, 0x0000000086400000, 0x0000000086500000|  0%| F|  |TAMS 0x0000000086400000, 0x0000000086400000| Untracked 
|  45|0x0000000086500000, 0x0000000086500000, 0x0000000086600000|  0%| F|  |TAMS 0x0000000086500000, 0x0000000086500000| Untracked 
|  46|0x0000000086600000, 0x0000000086600000, 0x0000000086700000|  0%| F|  |TAMS 0x0000000086600000, 0x0000000086600000| Untracked 
|  47|0x0000000086700000, 0x0000000086700000, 0x0000000086800000|  0%| F|  |TAMS 0x0000000086700000, 0x0000000086700000| Untracked 
|  48|0x0000000086800000, 0x0000000086800000, 0x0000000086900000|  0%| F|  |TAMS 0x0000000086800000, 0x0000000086800000| Untracked 
|  49|0x0000000086900000, 0x0000000086900000, 0x0000000086a00000|  0%| F|  |TAMS 0x0000000086900000, 0x0000000086900000| Untracked 
|  50|0x0000000086a00000, 0x0000000086a00000, 0x0000000086b00000|  0%| F|  |TAMS 0x0000000086a00000, 0x0000000086a00000| Untracked 
|  51|0x0000000086b00000, 0x0000000086b20100, 0x0000000086c00000| 12%| S|CS|TAMS 0x0000000086b00000, 0x0000000086b00000| Complete 
|  52|0x0000000086c00000, 0x0000000086d00000, 0x0000000086d00000|100%| S|CS|TAMS 0x0000000086c00000, 0x0000000086c00000| Complete 
|  53|0x0000000086d00000, 0x0000000086e00000, 0x0000000086e00000|100%| S|CS|TAMS 0x0000000086d00000, 0x0000000086d00000| Complete 
|  54|0x0000000086e00000, 0x0000000086e00000, 0x0000000086f00000|  0%| F|  |TAMS 0x0000000086e00000, 0x0000000086e00000| Untracked 
|  55|0x0000000086f00000, 0x0000000086f00000, 0x0000000087000000|  0%| F|  |TAMS 0x0000000086f00000, 0x0000000086f00000| Untracked 
|  56|0x0000000087000000, 0x0000000087000000, 0x0000000087100000|  0%| F|  |TAMS 0x0000000087000000, 0x0000000087000000| Untracked 
|  57|0x0000000087100000, 0x0000000087100000, 0x0000000087200000|  0%| F|  |TAMS 0x0000000087100000, 0x0000000087100000| Untracked 
|  58|0x0000000087200000, 0x0000000087200000, 0x0000000087300000|  0%| F|  |TAMS 0x0000000087200000, 0x0000000087200000| Untracked 
|  59|0x0000000087300000, 0x0000000087300000, 0x0000000087400000|  0%| F|  |TAMS 0x0000000087300000, 0x0000000087300000| Untracked 
|  60|0x0000000087400000, 0x0000000087400000, 0x0000000087500000|  0%| F|  |TAMS 0x0000000087400000, 0x0000000087400000| Untracked 
|  61|0x0000000087500000, 0x0000000087500000, 0x0000000087600000|  0%| F|  |TAMS 0x0000000087500000, 0x0000000087500000| Untracked 
|  62|0x0000000087600000, 0x0000000087600000, 0x0000000087700000|  0%| F|  |TAMS 0x0000000087600000, 0x0000000087600000| Untracked 
|  63|0x0000000087700000, 0x0000000087700000, 0x0000000087800000|  0%| F|  |TAMS 0x0000000087700000, 0x0000000087700000| Untracked 
|  64|0x0000000087800000, 0x0000000087800000, 0x0000000087900000|  0%| F|  |TAMS 0x0000000087800000, 0x0000000087800000| Untracked 
|  65|0x0000000087900000, 0x0000000087900000, 0x0000000087a00000|  0%| F|  |TAMS 0x0000000087900000, 0x0000000087900000| Untracked 
|  66|0x0000000087a00000, 0x0000000087a00000, 0x0000000087b00000|  0%| F|  |TAMS 0x0000000087a00000, 0x0000000087a00000| Untracked 
|  67|0x0000000087b00000, 0x0000000087b00000, 0x0000000087c00000|  0%| F|  |TAMS 0x0000000087b00000, 0x0000000087b00000| Untracked 
|  68|0x0000000087c00000, 0x0000000087c00000, 0x0000000087d00000|  0%| F|  |TAMS 0x0000000087c00000, 0x0000000087c00000| Untracked 
|  69|0x0000000087d00000, 0x0000000087d00000, 0x0000000087e00000|  0%| F|  |TAMS 0x0000000087d00000, 0x0000000087d00000| Untracked 
|  70|0x0000000087e00000, 0x0000000087e00000, 0x0000000087f00000|  0%| F|  |TAMS 0x0000000087e00000, 0x0000000087e00000| Untracked 
|  71|0x0000000087f00000, 0x0000000087f00000, 0x0000000088000000|  0%| F|  |TAMS 0x0000000087f00000, 0x0000000087f00000| Untracked 
|  72|0x0000000088000000, 0x0000000088000000, 0x0000000088100000|  0%| F|  |TAMS 0x0000000088000000, 0x0000000088000000| Untracked 
|  73|0x0000000088100000, 0x0000000088100000, 0x0000000088200000|  0%| F|  |TAMS 0x0000000088100000, 0x0000000088100000| Untracked 
|  74|0x0000000088200000, 0x0000000088200000, 0x0000000088300000|  0%| F|  |TAMS 0x0000000088200000, 0x0000000088200000| Untracked 
|  75|0x0000000088300000, 0x0000000088300000, 0x0000000088400000|  0%| F|  |TAMS 0x0000000088300000, 0x0000000088300000| Untracked 
|  76|0x0000000088400000, 0x0000000088400000, 0x0000000088500000|  0%| F|  |TAMS 0x0000000088400000, 0x0000000088400000| Untracked 
|  77|0x0000000088500000, 0x0000000088500000, 0x0000000088600000|  0%| F|  |TAMS 0x0000000088500000, 0x0000000088500000| Untracked 
|  78|0x0000000088600000, 0x0000000088600000, 0x0000000088700000|  0%| F|  |TAMS 0x0000000088600000, 0x0000000088600000| Untracked 
|  79|0x0000000088700000, 0x0000000088700000, 0x0000000088800000|  0%| F|  |TAMS 0x0000000088700000, 0x0000000088700000| Untracked 
|  80|0x0000000088800000, 0x0000000088800000, 0x0000000088900000|  0%| F|  |TAMS 0x0000000088800000, 0x0000000088800000| Untracked 
|  81|0x0000000088900000, 0x0000000088900000, 0x0000000088a00000|  0%| F|  |TAMS 0x0000000088900000, 0x0000000088900000| Untracked 
|  82|0x0000000088a00000, 0x0000000088a00000, 0x0000000088b00000|  0%| F|  |TAMS 0x0000000088a00000, 0x0000000088a00000| Untracked 
|  83|0x0000000088b00000, 0x0000000088b00000, 0x0000000088c00000|  0%| F|  |TAMS 0x0000000088b00000, 0x0000000088b00000| Untracked 
|  84|0x0000000088c00000, 0x0000000088c00000, 0x0000000088d00000|  0%| F|  |TAMS 0x0000000088c00000, 0x0000000088c00000| Untracked 
|  85|0x0000000088d00000, 0x0000000088d00000, 0x0000000088e00000|  0%| F|  |TAMS 0x0000000088d00000, 0x0000000088d00000| Untracked 
|  86|0x0000000088e00000, 0x0000000088e00000, 0x0000000088f00000|  0%| F|  |TAMS 0x0000000088e00000, 0x0000000088e00000| Untracked 
|  87|0x0000000088f00000, 0x0000000088f00000, 0x0000000089000000|  0%| F|  |TAMS 0x0000000088f00000, 0x0000000088f00000| Untracked 
|  88|0x0000000089000000, 0x0000000089000000, 0x0000000089100000|  0%| F|  |TAMS 0x0000000089000000, 0x0000000089000000| Untracked 
|  89|0x0000000089100000, 0x0000000089100000, 0x0000000089200000|  0%| F|  |TAMS 0x0000000089100000, 0x0000000089100000| Untracked 
|  90|0x0000000089200000, 0x0000000089200000, 0x0000000089300000|  0%| F|  |TAMS 0x0000000089200000, 0x0000000089200000| Untracked 
|  91|0x0000000089300000, 0x0000000089300000, 0x0000000089400000|  0%| F|  |TAMS 0x0000000089300000, 0x0000000089300000| Untracked 
|  92|0x0000000089400000, 0x0000000089400000, 0x0000000089500000|  0%| F|  |TAMS 0x0000000089400000, 0x0000000089400000| Untracked 
|  93|0x0000000089500000, 0x0000000089500000, 0x0000000089600000|  0%| F|  |TAMS 0x0000000089500000, 0x0000000089500000| Untracked 
|  94|0x0000000089600000, 0x0000000089600000, 0x0000000089700000|  0%| F|  |TAMS 0x0000000089600000, 0x0000000089600000| Untracked 
|  95|0x0000000089700000, 0x0000000089700000, 0x0000000089800000|  0%| F|  |TAMS 0x0000000089700000, 0x0000000089700000| Untracked 
|  96|0x0000000089800000, 0x0000000089800000, 0x0000000089900000|  0%| F|  |TAMS 0x0000000089800000, 0x0000000089800000| Untracked 
|  97|0x0000000089900000, 0x0000000089900000, 0x0000000089a00000|  0%| F|  |TAMS 0x0000000089900000, 0x0000000089900000| Untracked 
|  98|0x0000000089a00000, 0x0000000089a00000, 0x0000000089b00000|  0%| F|  |TAMS 0x0000000089a00000, 0x0000000089a00000| Untracked 
|  99|0x0000000089b00000, 0x0000000089b00000, 0x0000000089c00000|  0%| F|  |TAMS 0x0000000089b00000, 0x0000000089b00000| Untracked 
| 100|0x0000000089c00000, 0x0000000089c00000, 0x0000000089d00000|  0%| F|  |TAMS 0x0000000089c00000, 0x0000000089c00000| Untracked 
| 101|0x0000000089d00000, 0x0000000089d00000, 0x0000000089e00000|  0%| F|  |TAMS 0x0000000089d00000, 0x0000000089d00000| Untracked 
| 102|0x0000000089e00000, 0x0000000089e00000, 0x0000000089f00000|  0%| F|  |TAMS 0x0000000089e00000, 0x0000000089e00000| Untracked 
| 103|0x0000000089f00000, 0x0000000089f00000, 0x000000008a000000|  0%| F|  |TAMS 0x0000000089f00000, 0x0000000089f00000| Untracked 
| 104|0x000000008a000000, 0x000000008a000000, 0x000000008a100000|  0%| F|  |TAMS 0x000000008a000000, 0x000000008a000000| Untracked 
| 105|0x000000008a100000, 0x000000008a100000, 0x000000008a200000|  0%| F|  |TAMS 0x000000008a100000, 0x000000008a100000| Untracked 
| 106|0x000000008a200000, 0x000000008a200000, 0x000000008a300000|  0%| F|  |TAMS 0x000000008a200000, 0x000000008a200000| Untracked 
| 107|0x000000008a300000, 0x000000008a300000, 0x000000008a400000|  0%| F|  |TAMS 0x000000008a300000, 0x000000008a300000| Untracked 
| 108|0x000000008a400000, 0x000000008a400000, 0x000000008a500000|  0%| F|  |TAMS 0x000000008a400000, 0x000000008a400000| Untracked 
| 109|0x000000008a500000, 0x000000008a500000, 0x000000008a600000|  0%| F|  |TAMS 0x000000008a500000, 0x000000008a500000| Untracked 
| 110|0x000000008a600000, 0x000000008a600000, 0x000000008a700000|  0%| F|  |TAMS 0x000000008a600000, 0x000000008a600000| Untracked 
| 111|0x000000008a700000, 0x000000008a700000, 0x000000008a800000|  0%| F|  |TAMS 0x000000008a700000, 0x000000008a700000| Untracked 
| 112|0x000000008a800000, 0x000000008a800000, 0x000000008a900000|  0%| F|  |TAMS 0x000000008a800000, 0x000000008a800000| Untracked 
| 113|0x000000008a900000, 0x000000008a900000, 0x000000008aa00000|  0%| F|  |TAMS 0x000000008a900000, 0x000000008a900000| Untracked 
| 114|0x000000008aa00000, 0x000000008aa00000, 0x000000008ab00000|  0%| F|  |TAMS 0x000000008aa00000, 0x000000008aa00000| Untracked 
| 115|0x000000008ab00000, 0x000000008ab00000, 0x000000008ac00000|  0%| F|  |TAMS 0x000000008ab00000, 0x000000008ab00000| Untracked 
| 116|0x000000008ac00000, 0x000000008ac00000, 0x000000008ad00000|  0%| F|  |TAMS 0x000000008ac00000, 0x000000008ac00000| Untracked 
| 117|0x000000008ad00000, 0x000000008ad00000, 0x000000008ae00000|  0%| F|  |TAMS 0x000000008ad00000, 0x000000008ad00000| Untracked 
| 118|0x000000008ae00000, 0x000000008ae00000, 0x000000008af00000|  0%| F|  |TAMS 0x000000008ae00000, 0x000000008ae00000| Untracked 
| 119|0x000000008af00000, 0x000000008af00000, 0x000000008b000000|  0%| F|  |TAMS 0x000000008af00000, 0x000000008af00000| Untracked 
| 120|0x000000008b000000, 0x000000008b000000, 0x000000008b100000|  0%| F|  |TAMS 0x000000008b000000, 0x000000008b000000| Untracked 
| 121|0x000000008b100000, 0x000000008b100000, 0x000000008b200000|  0%| F|  |TAMS 0x000000008b100000, 0x000000008b100000| Untracked 
| 122|0x000000008b200000, 0x000000008b200000, 0x000000008b300000|  0%| F|  |TAMS 0x000000008b200000, 0x000000008b200000| Untracked 
| 123|0x000000008b300000, 0x000000008b300000, 0x000000008b400000|  0%| F|  |TAMS 0x000000008b300000, 0x000000008b300000| Untracked 
| 124|0x000000008b400000, 0x000000008b400000, 0x000000008b500000|  0%| F|  |TAMS 0x000000008b400000, 0x000000008b400000| Untracked 
| 125|0x000000008b500000, 0x000000008b500000, 0x000000008b600000|  0%| F|  |TAMS 0x000000008b500000, 0x000000008b500000| Untracked 

Card table byte_map: [0x000001f5797b0000,0x000001f579ba0000] _byte_map_base: 0x000001f579394000

Marking Bits (Prev, Next): (CMBitMap*) 0x000001f578ff6e80, (CMBitMap*) 0x000001f578ff6ec0
 Prev Bits: [0x000001f579f90000, 0x000001f57beb0000)
 Next Bits: [0x000001f57beb0000, 0x000001f57ddd0000)

Polling page: 0x000001f578790000

Metaspace:

Usage:
  Non-class:      4.32 MB used.
      Class:    649.51 KB used.
       Both:      4.95 MB used.

Virtual space:
  Non-class space:        8.00 MB reserved,       4.44 MB ( 55%) committed,  1 nodes.
      Class space:        1.00 GB reserved,     768.00 KB ( <1%) committed,  1 nodes.
             Both:        1.01 GB reserved,       5.19 MB ( <1%) committed. 

Chunk freelists:
   Non-Class:  2.16 MB
       Class:  3.31 MB
        Both:  5.47 MB

MaxMetaspaceSize: unlimited
CompressedClassSpaceSize: 1.00 GB
Initial GC threshold: 21.00 MB
Current GC threshold: 21.00 MB
CDS: on
MetaspaceReclaimPolicy: balanced
 - commit_granule_bytes: 65536.
 - commit_granule_words: 8192.
 - virtual_space_node_default_size: 1048576.
 - enlarge_chunks_in_place: 1.
 - new_chunks_are_fully_committed: 0.
 - uncommit_free_chunks: 1.
 - use_allocation_guard: 0.
 - handle_deallocations: 1.


Internal statistics:

num_allocs_failed_limit: 0.
num_arena_births: 126.
num_arena_deaths: 0.
num_vsnodes_births: 2.
num_vsnodes_deaths: 0.
num_space_committed: 83.
num_space_uncommitted: 0.
num_chunks_returned_to_freelist: 0.
num_chunks_taken_from_freelist: 308.
num_chunk_merges: 0.
num_chunk_splits: 160.
num_chunks_enlarged: 89.
num_purges: 0.
num_inconsistent_stats: 0.

CodeHeap 'non-profiled nmethods': size=120000Kb used=420Kb max_used=420Kb free=119579Kb
 bounds [0x000001f50f250000, 0x000001f50f4c0000, 0x000001f516780000]
CodeHeap 'profiled nmethods': size=120000Kb used=2169Kb max_used=2169Kb free=117831Kb
 bounds [0x000001f507d20000, 0x000001f507f90000, 0x000001f50f250000]
CodeHeap 'non-nmethods': size=5760Kb used=1164Kb max_used=1183Kb free=4595Kb
 bounds [0x000001f507780000, 0x000001f5079f0000, 0x000001f507d20000]
 total_blobs=1674 nmethods=1229 adapters=358
 compilation: enabled
              stopped_count=0, restarted_count=0
 full_count=0

Compilation events (20 events):
Event: 0.728 Thread 0x000001f516f63290 nmethod 1223 0x000001f50f2ae710 code [0x000001f50f2ae8c0, 0x000001f50f2aebf8]
Event: 0.728 Thread 0x000001f516f63290 1228       4       java.util.LinkedList::linkLast (59 bytes)
Event: 0.731 Thread 0x000001f516f63290 nmethod 1228 0x000001f50f2aee90 code [0x000001f50f2af020, 0x000001f50f2af398]
Event: 0.731 Thread 0x000001f516f63290 1225       4       primitives.Color::scale (53 bytes)
Event: 0.733 Thread 0x000001f516f63290 nmethod 1225 0x000001f50f2af490 code [0x000001f50f2af620, 0x000001f50f2af9f8]
Event: 0.733 Thread 0x000001f516f63290 1231       4       renderer.Camera::constructRaySuperSampling (294 bytes)
Event: 0.780 Thread 0x000001f516f63850 1240       3       geometries.Plane::findGeoIntersectionsHelper (111 bytes)
Event: 0.782 Thread 0x000001f516f63850 nmethod 1240 0x000001f507f34510 code [0x000001f507f34840, 0x000001f507f35a18]
Event: 0.789 Thread 0x000001f517ff9810 nmethod 1184 0x000001f50f2afc10 code [0x000001f50f2afee0, 0x000001f50f2b2098]
Event: 0.790 Thread 0x000001f517ff9810 1233       4       java.util.LinkedList::addAll (182 bytes)
Event: 0.795 Thread 0x000001f516f63850 1244       3       geometries.Triangle::findGeoIntersectionsHelper (250 bytes)
Event: 0.796 Thread 0x000001f516f63850 nmethod 1244 0x000001f507f36090 code [0x000001f507f36560, 0x000001f507f38848]
Event: 0.798 Thread 0x000001f517ff9810 nmethod 1233 0x000001f50f2b3910 code [0x000001f50f2b3aa0, 0x000001f50f2b3e78]
Event: 0.798 Thread 0x000001f517ff9810 1236       4       renderer.RayTracerBasic::calcLocalEffects (233 bytes)
Event: 0.862 Thread 0x000001f516f63850 1256 %     3       renderer.Camera::renderImage @ 172 (253 bytes)
Event: 0.865 Thread 0x000001f516f63850 nmethod 1256% 0x000001f507f39510 code [0x000001f507f39900, 0x000001f507f3b368]
Event: 0.869 Thread 0x000001f516f63850 1257       3       renderer.Camera::renderImage (253 bytes)
Event: 0.870 Thread 0x000001f516f63850 nmethod 1257 0x000001f507f3be10 code [0x000001f507f3c1e0, 0x000001f507f3da28]
Event: 0.913 Thread 0x000001f516f63290 nmethod 1231 0x000001f50f2b4190 code [0x000001f50f2b44c0, 0x000001f50f2b7878]
Event: 0.913 Thread 0x000001f516f63290 1248       4       geometries.Triangle::findGeoIntersectionsHelper (250 bytes)

GC Heap History (11 events):
Event: 0.668 GC heap before
{Heap before GC invocations=0 (full 0):
 garbage-first heap   total 129024K, used 23552K [0x0000000083800000, 0x0000000100000000)
  region size 1024K, 23 young (23552K), 0 survivors (0K)
 Metaspace       used 5051K, committed 5312K, reserved 1056768K
  class space    used 649K, committed 768K, reserved 1048576K
}
Event: 0.672 GC heap after
{Heap after GC invocations=1 (full 0):
 garbage-first heap   total 129024K, used 3242K [0x0000000083800000, 0x0000000100000000)
  region size 1024K, 3 young (3072K), 3 survivors (3072K)
 Metaspace       used 5051K, committed 5312K, reserved 1056768K
  class space    used 649K, committed 768K, reserved 1048576K
}
Event: 0.712 GC heap before
{Heap before GC invocations=1 (full 0):
 garbage-first heap   total 129024K, used 38058K [0x0000000083800000, 0x0000000100000000)
  region size 1024K, 37 young (37888K), 3 survivors (3072K)
 Metaspace       used 5066K, committed 5312K, reserved 1056768K
  class space    used 649K, committed 768K, reserved 1048576K
}
Event: 0.715 GC heap after
{Heap after GC invocations=2 (full 0):
 garbage-first heap   total 129024K, used 3203K [0x0000000083800000, 0x0000000100000000)
  region size 1024K, 3 young (3072K), 3 survivors (3072K)
 Metaspace       used 5066K, committed 5312K, reserved 1056768K
  class space    used 649K, committed 768K, reserved 1048576K
}
Event: 0.790 GC heap before
{Heap before GC invocations=2 (full 0):
 garbage-first heap   total 129024K, used 76931K [0x0000000083800000, 0x0000000100000000)
  region size 1024K, 75 young (76800K), 3 survivors (3072K)
 Metaspace       used 5066K, committed 5312K, reserved 1056768K
  class space    used 649K, committed 768K, reserved 1048576K
}
Event: 0.793 GC heap after
{Heap after GC invocations=3 (full 0):
 garbage-first heap   total 129024K, used 3202K [0x0000000083800000, 0x0000000100000000)
  region size 1024K, 3 young (3072K), 3 survivors (3072K)
 Metaspace       used 5066K, committed 5312K, reserved 1056768K
  class space    used 649K, committed 768K, reserved 1048576K
}
Event: 0.859 GC heap before
{Heap before GC invocations=3 (full 0):
 garbage-first heap   total 129024K, used 76930K [0x0000000083800000, 0x0000000100000000)
  region size 1024K, 75 young (76800K), 3 survivors (3072K)
 Metaspace       used 5066K, committed 5312K, reserved 1056768K
  class space    used 649K, committed 768K, reserved 1048576K
}
Event: 0.862 GC heap after
{Heap after GC invocations=4 (full 0):
 garbage-first heap   total 129024K, used 3202K [0x0000000083800000, 0x0000000100000000)
  region size 1024K, 3 young (3072K), 3 survivors (3072K)
 Metaspace       used 5066K, committed 5312K, reserved 1056768K
  class space    used 649K, committed 768K, reserved 1048576K
}
Event: 0.903 GC heap before
{Heap before GC invocations=4 (full 0):
 garbage-first heap   total 129024K, used 76930K [0x0000000083800000, 0x0000000100000000)
  region size 1024K, 75 young (76800K), 3 survivors (3072K)
 Metaspace       used 5069K, committed 5312K, reserved 1056768K
  class space    used 649K, committed 768K, reserved 1048576K
}
Event: 0.906 GC heap after
{Heap after GC invocations=5 (full 0):
 garbage-first heap   total 129024K, used 3331K [0x0000000083800000, 0x0000000100000000)
  region size 1024K, 3 young (3072K), 3 survivors (3072K)
 Metaspace       used 5069K, committed 5312K, reserved 1056768K
  class space    used 649K, committed 768K, reserved 1048576K
}
Event: 0.950 GC heap before
{Heap before GC invocations=5 (full 0):
 garbage-first heap   total 129024K, used 77059K [0x0000000083800000, 0x0000000100000000)
  region size 1024K, 75 young (76800K), 3 survivors (3072K)
 Metaspace       used 5069K, committed 5312K, reserved 1056768K
  class space    used 649K, committed 768K, reserved 1048576K
}

Deoptimization events (20 events):
Event: 0.566 Thread 0x000001f578fbc320 DEOPT PACKING pc=0x000001f50f297b34 sp=0x00000037bf7fc580
Event: 0.566 Thread 0x000001f578fbc320 DEOPT UNPACKING pc=0x000001f5077d5c23 sp=0x00000037bf7fc508 mode 2
Event: 0.587 Thread 0x000001f578fbc320 DEOPT PACKING pc=0x000001f507dad7be sp=0x00000037bf7fc0d0
Event: 0.587 Thread 0x000001f578fbc320 DEOPT UNPACKING pc=0x000001f5077d6763 sp=0x00000037bf7fb548 mode 0
Event: 0.590 Thread 0x000001f578fbc320 Uncommon trap: trap_request=0xffffff45 fr.pc=0x000001f50f27b048 relative=0x0000000000000048
Event: 0.590 Thread 0x000001f578fbc320 Uncommon trap: reason=unstable_if action=reinterpret pc=0x000001f50f27b048 method=java.lang.CharacterData.of(I)Ljava/lang/CharacterData; @ 4 c2
Event: 0.590 Thread 0x000001f578fbc320 DEOPT PACKING pc=0x000001f50f27b048 sp=0x00000037bf7fbb30
Event: 0.590 Thread 0x000001f578fbc320 DEOPT UNPACKING pc=0x000001f5077d5c23 sp=0x00000037bf7fbad0 mode 2
Event: 0.593 Thread 0x000001f578fbc320 Uncommon trap: trap_request=0xffffff45 fr.pc=0x000001f50f2591b0 relative=0x00000000000001b0
Event: 0.593 Thread 0x000001f578fbc320 Uncommon trap: reason=unstable_if action=reinterpret pc=0x000001f50f2591b0 method=java.lang.String.isLatin1()Z @ 10 c2
Event: 0.593 Thread 0x000001f578fbc320 DEOPT PACKING pc=0x000001f50f2591b0 sp=0x00000037bf7fc3a0
Event: 0.593 Thread 0x000001f578fbc320 DEOPT UNPACKING pc=0x000001f5077d5c23 sp=0x00000037bf7fc2d0 mode 2
Event: 0.780 Thread 0x000001f578fbc320 Uncommon trap: trap_request=0xffffff45 fr.pc=0x000001f50f2ab3fc relative=0x0000000000000b7c
Event: 0.780 Thread 0x000001f578fbc320 Uncommon trap: reason=unstable_if action=reinterpret pc=0x000001f50f2ab3fc method=geometries.Plane.findGeoIntersectionsHelper(Lprimitives/Ray;D)Ljava/util/List; @ 88 c2
Event: 0.780 Thread 0x000001f578fbc320 DEOPT PACKING pc=0x000001f50f2ab3fc sp=0x00000037bf7fbf30
Event: 0.780 Thread 0x000001f578fbc320 DEOPT UNPACKING pc=0x000001f5077d5c23 sp=0x00000037bf7fbef0 mode 2
Event: 0.794 Thread 0x000001f578fbc320 Uncommon trap: trap_request=0xffffff45 fr.pc=0x000001f50f2b1d4c relative=0x0000000000001e6c
Event: 0.794 Thread 0x000001f578fbc320 Uncommon trap: reason=unstable_if action=reinterpret pc=0x000001f50f2b1d4c method=geometries.Triangle.findGeoIntersectionsHelper(Lprimitives/Ray;D)Ljava/util/List; @ 209 c2
Event: 0.794 Thread 0x000001f578fbc320 DEOPT PACKING pc=0x000001f50f2b1d4c sp=0x00000037bf7fc370
Event: 0.794 Thread 0x000001f578fbc320 DEOPT UNPACKING pc=0x000001f5077d5c23 sp=0x00000037bf7fc330 mode 2

Classes unloaded (0 events):
No events

Classes redefined (0 events):
No events

Internal exceptions (20 events):
Event: 0.434 Thread 0x000001f578fbc320 Exception <a 'java/lang/IncompatibleClassChangeError'{0x000000008ab2afb0}: Found class java.lang.Object, but interface was expected> (0x000000008ab2afb0) 
thrown [t:\workspace\open\src\hotspot\share\interpreter\linkResolver.cpp, line 833]
Event: 0.442 Thread 0x000001f578fbc320 Exception <a 'java/lang/NoSuchMethodError'{0x000000008ab635f0}: 'void java.lang.invoke.DirectMethodHandle$Holder.invokeInterface(java.lang.Object, java.lang.Object, java.lang.Object)'> (0x000000008ab635f0) 
thrown [t:\workspace\open\src\hotspot\share\interpreter\linkResolver.cpp, line 766]
Event: 0.442 Thread 0x000001f578fbc320 Exception <a 'java/lang/IncompatibleClassChangeError'{0x000000008ab66c58}: Found class java.lang.Object, but interface was expected> (0x000000008ab66c58) 
thrown [t:\workspace\open\src\hotspot\share\interpreter\linkResolver.cpp, line 833]
Event: 0.447 Thread 0x000001f578fbc320 Exception <a 'java/lang/NoSuchMethodError'{0x000000008ab83240}: 'java.lang.Object java.lang.invoke.DirectMethodHandle$Holder.invokeStatic(java.lang.Object, java.lang.Object, int)'> (0x000000008ab83240) 
thrown [t:\workspace\open\src\hotspot\share\interpreter\linkResolver.cpp, line 766]
Event: 0.455 Thread 0x000001f578fbc320 Exception <a 'java/lang/NoSuchMethodError'{0x000000008abd3dc0}: 'void java.lang.invoke.DirectMethodHandle$Holder.invokeSpecial(java.lang.Object, java.lang.Object, java.lang.Object, java.lang.Object, java.lang.Object)'> (0x000000008abd3dc0) 
thrown [t:\workspace\open\src\hotspot\share\interpreter\linkResolver.cpp, line 766]
Event: 0.467 Thread 0x000001f578fbc320 Exception <a 'java/lang/NoSuchMethodError'{0x000000008aa1fb98}: 'void java.lang.invoke.DirectMethodHandle$Holder.invokeInterface(java.lang.Object, java.lang.Object, java.lang.Object, java.lang.Object)'> (0x000000008aa1fb98) 
thrown [t:\workspace\open\src\hotspot\share\interpreter\linkResolver.cpp, line 766]
Event: 0.468 Thread 0x000001f578fbc320 Exception <a 'java/lang/IncompatibleClassChangeError'{0x000000008aa234c0}: Found class java.lang.Object, but interface was expected> (0x000000008aa234c0) 
thrown [t:\workspace\open\src\hotspot\share\interpreter\linkResolver.cpp, line 833]
Event: 0.470 Thread 0x000001f578fbc320 Exception <a 'java/lang/NoSuchMethodError'{0x000000008aa38b48}: 'void java.lang.invoke.DirectMethodHandle$Holder.invokeStatic(java.lang.Object, java.lang.Object, java.lang.Object, java.lang.Object)'> (0x000000008aa38b48) 
thrown [t:\workspace\open\src\hotspot\share\interpreter\linkResolver.cpp, line 766]
Event: 0.474 Thread 0x000001f578fbc320 Exception <a 'java/lang/NoSuchMethodError'{0x000000008aa4f7c8}: 'java.lang.Object java.lang.invoke.DirectMethodHandle$Holder.newInvokeSpecial(java.lang.Object, java.lang.Object, int)'> (0x000000008aa4f7c8) 
thrown [t:\workspace\open\src\hotspot\share\interpreter\linkResolver.cpp, line 766]
Event: 0.494 Thread 0x000001f578fbc320 Exception <a 'java/lang/NoSuchMethodError'{0x000000008aad66a0}: 'java.lang.Object java.lang.invoke.Invokers$Holder.invokeExact_MT(java.lang.Object, java.lang.Object, java.lang.Object, java.lang.Object, java.lang.Object, java.lang.Object)'> (0x000000008aad66a0) 
thrown [t:\workspace\open\src\hotspot\share\interpreter\linkResolver.cpp, line 766]
Event: 0.496 Thread 0x000001f578fbc320 Exception <a 'java/lang/NoSuchMethodError'{0x000000008aae6410}: 'int java.lang.invoke.DirectMethodHandle$Holder.invokeStatic(java.lang.Object, java.lang.Object, java.lang.Object, java.lang.Object, java.lang.Object)'> (0x000000008aae6410) 
thrown [t:\workspace\open\src\hotspot\share\interpreter\linkResolver.cpp, line 766]
Event: 0.504 Thread 0x000001f578fbc320 Exception <a 'java/lang/NoSuchMethodError'{0x000000008a924640}: 'void java.lang.invoke.DirectMethodHandle$Holder.invokeStaticInit(java.lang.Object)'> (0x000000008a924640) 
thrown [t:\workspace\open\src\hotspot\share\interpreter\linkResolver.cpp, line 766]
Event: 0.528 Thread 0x000001f578fbc320 Exception <a 'java/lang/NoSuchMethodError'{0x000000008a9ff698}: 'int java.lang.invoke.DirectMethodHandle$Holder.invokeStaticInit(java.lang.Object, java.lang.Object)'> (0x000000008a9ff698) 
thrown [t:\workspace\open\src\hotspot\share\interpreter\linkResolver.cpp, line 766]
Event: 0.564 Thread 0x000001f578fbc320 Exception <a 'java/lang/NoSuchMethodError'{0x000000008a8f7480}: 'java.lang.Object java.lang.invoke.DirectMethodHandle$Holder.newInvokeSpecial(java.lang.Object, java.lang.Object, java.lang.Object, java.lang.Object, java.lang.Object, java.lang.Object, java.lang.Object)'> (0x000000008a8f7480) 
thrown [t:\workspace\open\src\hotspot\share\interpreter\linkResolver.cpp, line 766]
Event: 0.564 Thread 0x000001f578fbc320 Exception <a 'java/lang/NoSuchMethodError'{0x000000008a8fc038}: 'java.lang.Object java.lang.invoke.Invokers$Holder.linkToTargetMethod(java.lang.Object, java.lang.Object, java.lang.Object, java.lang.Object, java.lang.Object, java.lang.Object, java.lang.Object)'> (0x000000008a8fc038) 
thrown [t:\workspace\open\src\hotspot\share\interpreter\linkResolver.cpp, line 766]
Event: 0.565 Thread 0x000001f578fbc320 Exception <a 'java/lang/NoSuchMethodError'{0x000000008a702d50}: 'java.lang.Object java.lang.invoke.DirectMethodHandle$Holder.invokeInterface(java.lang.Object, java.lang.Object, java.lang.Object, java.lang.Object, java.lang.Object)'> (0x000000008a702d50) 
thrown [t:\workspace\open\src\hotspot\share\interpreter\linkResolver.cpp, line 766]
Event: 0.566 Thread 0x000001f578fbc320 Exception <a 'java/lang/IncompatibleClassChangeError'{0x000000008a706b48}: Found class java.lang.Object, but interface was expected> (0x000000008a706b48) 
thrown [t:\workspace\open\src\hotspot\share\interpreter\linkResolver.cpp, line 833]
Event: 0.616 Thread 0x000001f578fbc320 Exception <a 'java/lang/ClassNotFoundException'{0x000000008a7eb7f8}: sun/awt/resources/spi/awtProvider> (0x000000008a7eb7f8) 
thrown [t:\workspace\open\src\hotspot\share\classfile\systemDictionary.cpp, line 256]
Event: 0.631 Thread 0x000001f578fbc320 Exception <a 'java/io/FileNotFoundException'{0x000000008a631c10}> (0x000000008a631c10) 
thrown [t:\workspace\open\src\hotspot\share\prims\jni.cpp, line 516]
Event: 0.636 Thread 0x000001f578fbc320 Exception <a 'java/io/FileNotFoundException'{0x000000008a65eeb0}> (0x000000008a65eeb0) 
thrown [t:\workspace\open\src\hotspot\share\prims\jni.cpp, line 516]

VM Operations (20 events):
Event: 0.073 Executing VM operation: HandshakeAllThreads done
Event: 0.116 Executing VM operation: HandshakeAllThreads
Event: 0.116 Executing VM operation: HandshakeAllThreads done
Event: 0.569 Executing VM operation: HandshakeAllThreads
Event: 0.569 Executing VM operation: HandshakeAllThreads done
Event: 0.590 Executing VM operation: HandshakeAllThreads
Event: 0.590 Executing VM operation: HandshakeAllThreads done
Event: 0.665 Executing VM operation: ICBufferFull
Event: 0.665 Executing VM operation: ICBufferFull done
Event: 0.668 Executing VM operation: G1CollectForAllocation
Event: 0.672 Executing VM operation: G1CollectForAllocation done
Event: 0.712 Executing VM operation: G1CollectForAllocation
Event: 0.715 Executing VM operation: G1CollectForAllocation done
Event: 0.790 Executing VM operation: G1CollectForAllocation
Event: 0.793 Executing VM operation: G1CollectForAllocation done
Event: 0.859 Executing VM operation: G1CollectForAllocation
Event: 0.862 Executing VM operation: G1CollectForAllocation done
Event: 0.903 Executing VM operation: G1CollectForAllocation
Event: 0.906 Executing VM operation: G1CollectForAllocation done
Event: 0.950 Executing VM operation: G1CollectForAllocation

Events (20 events):
Event: 0.620 loading class java/awt/Toolkit$2
Event: 0.620 loading class java/awt/Toolkit$2 done
Event: 0.620 loading class java/awt/Toolkit$1
Event: 0.621 loading class java/awt/Toolkit$1 done
Event: 0.631 loading class java/io/FileNotFoundException
Event: 0.631 loading class java/io/FileNotFoundException done
Event: 0.636 loading class java/awt/Insets
Event: 0.636 loading class java/awt/Insets done
Event: 0.636 loading class java/awt/GraphicsEnvironment
Event: 0.636 loading class java/awt/GraphicsEnvironment done
Event: 0.637 loading class sun/awt/PlatformGraphicsInfo
Event: 0.637 loading class sun/awt/PlatformGraphicsInfo done
Event: 0.638 loading class java/util/LinkedList$ListItr
Event: 0.638 loading class java/util/LinkedList$ListItr done
Event: 0.640 loading class java/awt/Color
Event: 0.640 loading class java/awt/Paint
Event: 0.640 loading class java/awt/Paint done
Event: 0.640 loading class java/awt/Color done
Event: 0.657 Thread 0x000001f517ff9810 Thread added: 0x000001f517ff9810
Event: 0.678 Thread 0x000001f517ae30d0 Thread added: 0x000001f517ae30d0


Dynamic libraries:
0x00007ff6826c0000 - 0x00007ff6826d0000 	C:\Program Files\Java\jdk-17.0.2\bin\java.exe
0x00007ffb0c900000 - 0x00007ffb0cb09000 	C:\WINDOWS\SYSTEM32\ntdll.dll
0x00007ffad9de0000 - 0x00007ffad9df6000 	C:\Program Files\Avast Software\Avast\aswhook.dll
0x00007ffb0c600000 - 0x00007ffb0c6bd000 	C:\WINDOWS\System32\KERNEL32.DLL
0x00007ffb0a2c0000 - 0x00007ffb0a639000 	C:\WINDOWS\System32\KERNELBASE.dll
0x00007ffb0a1a0000 - 0x00007ffb0a2b1000 	C:\WINDOWS\System32\ucrtbase.dll
0x00007ffb03670000 - 0x00007ffb03688000 	C:\Program Files\Java\jdk-17.0.2\bin\jli.dll
0x00007ffb030d0000 - 0x00007ffb030ea000 	C:\Program Files\Java\jdk-17.0.2\bin\VCRUNTIME140.dll
0x00007ffb0b5d0000 - 0x00007ffb0b67e000 	C:\WINDOWS\System32\ADVAPI32.dll
0x00007ffb0b980000 - 0x00007ffb0ba23000 	C:\WINDOWS\System32\msvcrt.dll
0x00007ffb0b2c0000 - 0x00007ffb0b35e000 	C:\WINDOWS\System32\sechost.dll
0x00007ffb0c7a0000 - 0x00007ffb0c8c0000 	C:\WINDOWS\System32\RPCRT4.dll
0x00007ffb0b760000 - 0x00007ffb0b90c000 	C:\WINDOWS\System32\USER32.dll
0x00007ffb0a640000 - 0x00007ffb0a666000 	C:\WINDOWS\System32\win32u.dll
0x00007ffaf48f0000 - 0x00007ffaf4b95000 	C:\WINDOWS\WinSxS\amd64_microsoft.windows.common-controls_6595b64144ccf1df_6.0.22000.120_none_9d947278b86cc467\COMCTL32.dll
0x00007ffb0c750000 - 0x00007ffb0c779000 	C:\WINDOWS\System32\GDI32.dll
0x00007ffb0a000000 - 0x00007ffb0a112000 	C:\WINDOWS\System32\gdi32full.dll
0x00007ffb09f60000 - 0x00007ffb09ffd000 	C:\WINDOWS\System32\msvcp_win.dll
0x00007ffb00680000 - 0x00007ffb0068a000 	C:\WINDOWS\SYSTEM32\VERSION.dll
0x00007ffb0c550000 - 0x00007ffb0c581000 	C:\WINDOWS\System32\IMM32.DLL
0x00007ffb038f0000 - 0x00007ffb038fc000 	C:\Program Files\Java\jdk-17.0.2\bin\vcruntime140_1.dll
0x00007ffb03040000 - 0x00007ffb030cd000 	C:\Program Files\Java\jdk-17.0.2\bin\msvcp140.dll
0x00007ffa887b0000 - 0x00007ffa89371000 	C:\Program Files\Java\jdk-17.0.2\bin\server\jvm.dll
0x00007ffb0c740000 - 0x00007ffb0c748000 	C:\WINDOWS\System32\PSAPI.DLL
0x00007ffb00c00000 - 0x00007ffb00c33000 	C:\WINDOWS\SYSTEM32\WINMM.dll
0x00007ffaf1920000 - 0x00007ffaf1929000 	C:\WINDOWS\SYSTEM32\WSOCK32.dll
0x00007ffb0c590000 - 0x00007ffb0c5ff000 	C:\WINDOWS\System32\WS2_32.dll
0x00007ffb08fe0000 - 0x00007ffb08ff8000 	C:\WINDOWS\SYSTEM32\kernel.appcore.dll
0x00007ffb02ec0000 - 0x00007ffb02eca000 	C:\Program Files\Java\jdk-17.0.2\bin\jimage.dll
0x00007ffb07920000 - 0x00007ffb07b41000 	C:\WINDOWS\SYSTEM32\DBGHELP.DLL
0x00007ffaf27a0000 - 0x00007ffaf27d1000 	C:\WINDOWS\SYSTEM32\dbgcore.DLL
0x00007ffb0a120000 - 0x00007ffb0a19f000 	C:\WINDOWS\System32\bcryptPrimitives.dll
0x00007ffb01ad0000 - 0x00007ffb01ade000 	C:\Program Files\Java\jdk-17.0.2\bin\instrument.dll
0x00007ffb01630000 - 0x00007ffb01655000 	C:\Program Files\Java\jdk-17.0.2\bin\java.dll
0x00007ffb00210000 - 0x00007ffb002e6000 	C:\Program Files\Java\jdk-17.0.2\bin\jsvml.dll
0x00007ffb0bda0000 - 0x00007ffb0c54f000 	C:\WINDOWS\System32\SHELL32.dll
0x00007ffb07e20000 - 0x00007ffb08688000 	C:\WINDOWS\SYSTEM32\windows.storage.dll
0x00007ffb0af10000 - 0x00007ffb0b288000 	C:\WINDOWS\System32\combase.dll
0x00007ffb07cb0000 - 0x00007ffb07e16000 	C:\WINDOWS\SYSTEM32\wintypes.dll
0x00007ffb0baf0000 - 0x00007ffb0bbda000 	C:\WINDOWS\System32\SHCORE.dll
0x00007ffb0b510000 - 0x00007ffb0b56d000 	C:\WINDOWS\System32\shlwapi.dll
0x00007ffb09d20000 - 0x00007ffb09d41000 	C:\WINDOWS\SYSTEM32\profapi.dll
0x00007ffb015d0000 - 0x00007ffb015e8000 	C:\Program Files\Java\jdk-17.0.2\bin\zip.dll
0x00007ffb01610000 - 0x00007ffb01629000 	C:\Program Files\Java\jdk-17.0.2\bin\net.dll
0x00007ffb009f0000 - 0x00007ffb00afc000 	C:\WINDOWS\SYSTEM32\WINHTTP.dll
0x00007ffb09410000 - 0x00007ffb09477000 	C:\WINDOWS\system32\mswsock.dll
0x00007ffb015f0000 - 0x00007ffb01606000 	C:\Program Files\Java\jdk-17.0.2\bin\nio.dll
0x00007ffb015a0000 - 0x00007ffb015ba000 	C:\Program Files\JetBrains\IntelliJ IDEA Community Edition 2021.3.2\bin\breakgen64.dll
0x00007ffae9c90000 - 0x00007ffae9e1f000 	C:\Program Files\Java\jdk-17.0.2\bin\awt.dll
0x00007ffb0b680000 - 0x00007ffb0b756000 	C:\WINDOWS\System32\OLEAUT32.dll
0x00007ffb03e80000 - 0x00007ffb03f11000 	C:\WINDOWS\SYSTEM32\apphelp.dll

dbghelp: loaded successfully - version: 4.0.5 - missing functions: none
symbol engine: initialized successfully - sym options: 0x614 - pdb path: .;C:\Program Files\Java\jdk-17.0.2\bin;C:\WINDOWS\SYSTEM32;C:\Program Files\Avast Software\Avast;C:\WINDOWS\WinSxS\amd64_microsoft.windows.common-controls_6595b64144ccf1df_6.0.22000.120_none_9d947278b86cc467;C:\Program Files\Java\jdk-17.0.2\bin\server;C:\Program Files\JetBrains\IntelliJ IDEA Community Edition 2021.3.2\bin

VM Arguments:
jvm_args: -ea -Didea.test.cyclic.buffer.size=1048576 -javaagent:C:\Program Files\JetBrains\IntelliJ IDEA Community Edition 2021.3.2\lib\idea_rt.jar=59844:C:\Program Files\JetBrains\IntelliJ IDEA Community Edition 2021.3.2\bin -Dfile.encoding=UTF-8 
java_command: com.intellij.rt.junit.JUnitStarter -ideVersion5 -junit5 renderer.ReflectionRefractionTests,twoSpheresOnMirrors
java_class_path (initial): C:\Users\Kaplan\.m2\repository\org\junit\platform\junit-platform-launcher\1.8.2\junit-platform-launcher-1.8.2.jar;C:\Users\Kaplan\.m2\repository\org\junit\platform\junit-platform-engine\1.8.2\junit-platform-engine-1.8.2.jar;C:\Users\Kaplan\.m2\repository\org\opentest4j\opentest4j\1.2.0\opentest4j-1.2.0.jar;C:\Users\Kaplan\.m2\repository\org\junit\platform\junit-platform-commons\1.8.2\junit-platform-commons-1.8.2.jar;C:\Users\Kaplan\.m2\repository\org\apiguardian\apiguardian-api\1.1.2\apiguardian-api-1.1.2.jar;C:\Program Files\JetBrains\IntelliJ IDEA Community Edition 2021.3.2\lib\idea_rt.jar;C:\Program Files\JetBrains\IntelliJ IDEA Community Edition 2021.3.2\plugins\junit\lib\junit5-rt.jar;C:\Program Files\JetBrains\IntelliJ IDEA Community Edition 2021.3.2\plugins\junit\lib\junit-rt.jar;C:\Users\Kaplan\IdeaProjects\ISE5782_9463_4853\out\test\ISE5782_9463_4853;C:\Users\Kaplan\IdeaProjects\ISE5782_9463_4853\out\production\ISE5782_9463_4853;C:\Users\Kaplan\IdeaProjects\ISE5782_9463_4853\lib\junit-jupiter-5.8.2.jar;C:\Users\Kaplan\IdeaProjects\ISE5782_9463_4853\lib\junit-jupiter-api-5.8.2.jar;C:\Users\Kaplan\IdeaProjects\ISE5782_9463_4853\lib\opentest4j-1.2.0.jar;C:\Users\Kaplan\IdeaProjects\ISE5782_9463_4853\lib\junit-platform-commons-1.8.2.jar;C:\Users\Kaplan\IdeaProjects\ISE5782_9463_4853\lib\apiguardian-api-1.1.2.jar;C:\Users\Kaplan\IdeaProjects\ISE5782_9463_4853\lib\junit-jupiter-params-5.8.2.jar;C:\Users\Kaplan\IdeaProjects\ISE5782_9463_4853\lib\junit-jupiter-engine-5.8.2.jar;C:\Users\Kaplan\IdeaProjects\ISE5782_9463_4853\lib\junit-platform-engine-1.8.2.jar
Launcher Type: SUN_STANDARD

[Global flags]
     intx CICompilerCount                          = 4                                         {product} {ergonomic}
     uint ConcGCThreads                            = 2                                         {product} {ergonomic}
     uint G1ConcRefinementThreads                  = 8                                         {product} {ergonomic}
   size_t G1HeapRegionSize                         = 1048576                                   {product} {ergonomic}
    uintx GCDrainStackTargetSize                   = 64                                        {product} {ergonomic}
   size_t InitialHeapSize                          = 132120576                                 {product} {ergonomic}
   size_t MarkStackSize                            = 4194304                                   {product} {ergonomic}
   size_t MaxHeapSize                              = 2088763392                                {product} {ergonomic}
   size_t MaxNewSize                               = 1253048320                                {product} {ergonomic}
   size_t MinHeapDeltaBytes                        = 1048576                                   {product} {ergonomic}
   size_t MinHeapSize                              = 8388608                                   {product} {ergonomic}
    uintx NonNMethodCodeHeapSize                   = 5839372                                {pd product} {ergonomic}
    uintx NonProfiledCodeHeapSize                  = 122909434                              {pd product} {ergonomic}
    uintx ProfiledCodeHeapSize                     = 122909434                              {pd product} {ergonomic}
    uintx ReservedCodeCacheSize                    = 251658240                              {pd product} {ergonomic}
     bool SegmentedCodeCache                       = true                                      {product} {ergonomic}
   size_t SoftMaxHeapSize                          = 2088763392                             {manageable} {ergonomic}
     bool UseCompressedClassPointers               = true                           {product lp64_product} {ergonomic}
     bool UseCompressedOops                        = true                           {product lp64_product} {ergonomic}
     bool UseG1GC                                  = true                                      {product} {ergonomic}
     bool UseLargePagesIndividualAllocation        = false                                  {pd product} {ergonomic}

Logging:
Log output configuration:
 #0: stdout all=warning uptime,level,tags
 #1: stderr all=off uptime,level,tags

Environment Variables:
JAVA_HOME=C:\Program Files\Java\jdk-17.0.2
PATH=C:\Program Files\Java\jdk-17.0.2\bin;C:\WINDOWS\system32;C:\WINDOWS;C:\WINDOWS\System32\Wbem;C:\WINDOWS\System32\WindowsPowerShell\v1.0\;C:\WINDOWS\System32\OpenSSH\;C:\Program Files\dotnet\;C:\Program Files\Git\cmd;C:\Program Files (x86)\dotnet\;C:\Users\Kaplan\AppData\Local\Microsoft\WindowsApps;C:\Users\Kaplan\.dotnet\tools;
USERNAME=Kaplan
OS=Windows_NT
PROCESSOR_IDENTIFIER=Intel64 Family 6 Model 126 Stepping 5, GenuineIntel



---------------  S Y S T E M  ---------------

OS:
 Windows 11 , 64 bit Build 22000 (10.0.22000.675)
OS uptime: 1 days 2:50 hours

CPU: total 8 (initial active 8) (4 cores per cpu, 2 threads per core) family 6 model 126 stepping 5 microcode 0x86, cx8, cmov, fxsr, ht, mmx, 3dnowpref, sse, sse2, sse3, ssse3, sse4.1, sse4.2, popcnt, lzcnt, tsc, tscinvbit, avx, avx2, aes, erms, clmul, bmi1, bmi2, adx, avx512f, avx512dq, avx512cd, avx512bw, avx512vl, sha, fma, vzeroupper, avx512_vpopcntdq, avx512_vpclmulqdq, avx512_vaes, avx512_vnni, clflush, clflushopt, avx512_vbmi2, avx512_vbmi

Memory: 4k page, system-wide physical 7967M (986M free)
TotalPageFile size 10015M (AvailPageFile size 60M)
current process WorkingSet (physical memory assigned to process): 150M, peak: 151M
current process commit charge ("private bytes"): 244M, peak: 314M

vm_info: Java HotSpot(TM) 64-Bit Server VM (17.0.2+8-LTS-86) for windows-amd64 JRE (17.0.2+8-LTS-86), built on Dec  7 2021 21:51:03 by "mach5one" with MS VC++ 16.8 / 16.9 (VS2019)

END.
