#
# There is insufficient memory for the Java Runtime Environment to continue.
# Native memory allocation (mmap) failed to map 93323264 bytes for G1 virtual space
# Possible reasons:
#   The system is out of physical RAM or swap space
#   The process is running with CompressedOops enabled, and the Java Heap may be blocking the growth of the native heap
# Possible solutions:
#   Reduce memory load on the system
#   Increase physical memory or swap space
#   Check if swap backing store is full
#   Decrease Java heap size (-Xmx/-Xms)
#   Decrease number of Java threads
#   Decrease Java thread stack sizes (-Xss)
#   Set larger code cache with -XX:ReservedCodeCacheSize=
#   JVM is running with Unscaled Compressed Oops mode in which the Java heap is
#     placed in the first 4GB address space. The Java Heap base address is the
#     maximum limit for the native heap growth. Please use -XX:HeapBaseMinAddress
#     to set the Java Heap base and to place the Java Heap above 4GB virtual address.
# This output file may be truncated or incomplete.
#
#  Out of Memory Error (os_windows.cpp:3532), pid=2748, tid=15828
#
# JRE version: Java(TM) SE Runtime Environment (17.0.2+8) (build 17.0.2+8-LTS-86)
# Java VM: Java HotSpot(TM) 64-Bit Server VM (17.0.2+8-LTS-86, mixed mode, sharing, tiered, compressed oops, compressed class ptrs, g1 gc, windows-amd64)
# No core dump will be written. Minidumps are not enabled by default on client versions of Windows
#

---------------  S U M M A R Y ------------

Command Line: -ea -Didea.test.cyclic.buffer.size=1048576 -javaagent:C:\Program Files\JetBrains\IntelliJ IDEA Community Edition 2021.3.2\lib\idea_rt.jar=61109:C:\Program Files\JetBrains\IntelliJ IDEA Community Edition 2021.3.2\bin -Dfile.encoding=UTF-8 com.intellij.rt.junit.JUnitStarter -ideVersion5 -junit5 renderer.LightsTests

Host: Intel(R) Core(TM) i5-1035G1 CPU @ 1.00GHz, 8 cores, 7G,  Windows 11 , 64 bit Build 22000 (10.0.22000.613)
Time: Mon May  9 13:45:02 2022  Windows 11 , 64 bit Build 22000 (10.0.22000.613) elapsed time: 0.950738 seconds (0d 0h 0m 0s)

---------------  T H R E A D  ---------------

Current thread (0x00000209414695d0):  VMThread "VM Thread" [stack: 0x000000faf5900000,0x000000faf5a00000] [id=15828]

Stack: [0x000000faf5900000,0x000000faf5a00000]
Native frames: (J=compiled Java code, j=interpreted, Vv=VM code, C=native code)
V  [jvm.dll+0x670baa]
V  [jvm.dll+0x7cfcb4]
V  [jvm.dll+0x7d145e]
V  [jvm.dll+0x7d1ac3]
V  [jvm.dll+0x242bc5]
V  [jvm.dll+0x66dac9]
V  [jvm.dll+0x662412]
V  [jvm.dll+0x300c0b]
V  [jvm.dll+0x3081a6]
V  [jvm.dll+0x357d0e]
V  [jvm.dll+0x357f3f]
V  [jvm.dll+0x2d7ec8]
V  [jvm.dll+0x2d6194]
V  [jvm.dll+0x2d579c]
V  [jvm.dll+0x3190eb]
V  [jvm.dll+0x7d5f9b]
V  [jvm.dll+0x7d6cd4]
V  [jvm.dll+0x7d71ec]
V  [jvm.dll+0x7d75c4]
V  [jvm.dll+0x7d7690]
V  [jvm.dll+0x77ff7a]
V  [jvm.dll+0x66fa35]
C  [ucrtbase.dll+0x26c0c]
C  [KERNEL32.DLL+0x154e0]
C  [ntdll.dll+0x485b]

VM_Operation (0x000000faf53fbfa0): G1CollectForAllocation, mode: safepoint, requested by thread 0x0000020921539330


---------------  P R O C E S S  ---------------

Threads class SMR info:
_java_thread_list=0x0000020942831420, length=15, elements={
0x0000020921539330, 0x000002094146e730, 0x000002094146f0e0, 0x00000209414895f0,
0x000002094148afb0, 0x000002094148e110, 0x000002094148f260, 0x0000020941491740,
0x00000209414a09c0, 0x00000209414a8fb0, 0x0000020941459b50, 0x00000209421cce20,
0x00000209421cd2f0, 0x00000209424db180, 0x00000209427c4db0
}

Java Threads: ( => current thread )
  0x0000020921539330 JavaThread "main" [_thread_blocked, id=12476, stack(0x000000faf5300000,0x000000faf5400000)]
  0x000002094146e730 JavaThread "Reference Handler" daemon [_thread_blocked, id=11088, stack(0x000000faf5a00000,0x000000faf5b00000)]
  0x000002094146f0e0 JavaThread "Finalizer" daemon [_thread_blocked, id=9428, stack(0x000000faf5b00000,0x000000faf5c00000)]
  0x00000209414895f0 JavaThread "Signal Dispatcher" daemon [_thread_blocked, id=11936, stack(0x000000faf5c00000,0x000000faf5d00000)]
  0x000002094148afb0 JavaThread "Attach Listener" daemon [_thread_blocked, id=6712, stack(0x000000faf5d00000,0x000000faf5e00000)]
  0x000002094148e110 JavaThread "Service Thread" daemon [_thread_blocked, id=12740, stack(0x000000faf5e00000,0x000000faf5f00000)]
  0x000002094148f260 JavaThread "Monitor Deflation Thread" daemon [_thread_blocked, id=5472, stack(0x000000faf5f00000,0x000000faf6000000)]
  0x0000020941491740 JavaThread "C2 CompilerThread0" daemon [_thread_blocked, id=14116, stack(0x000000faf6000000,0x000000faf6100000)]
  0x00000209414a09c0 JavaThread "C1 CompilerThread0" daemon [_thread_blocked, id=11416, stack(0x000000faf6100000,0x000000faf6200000)]
  0x00000209414a8fb0 JavaThread "Sweeper thread" daemon [_thread_blocked, id=16468, stack(0x000000faf6200000,0x000000faf6300000)]
  0x0000020941459b50 JavaThread "Common-Cleaner" daemon [_thread_blocked, id=14104, stack(0x000000faf6300000,0x000000faf6400000)]
  0x00000209421cce20 JavaThread "Monitor Ctrl-Break" daemon [_thread_in_native, id=9592, stack(0x000000faf6400000,0x000000faf6500000)]
  0x00000209421cd2f0 JavaThread "Notification Thread" daemon [_thread_blocked, id=14924, stack(0x000000faf6500000,0x000000faf6600000)]
  0x00000209424db180 JavaThread "C2 CompilerThread1" daemon [_thread_blocked, id=5288, stack(0x000000faf6700000,0x000000faf6800000)]
  0x00000209427c4db0 JavaThread "C2 CompilerThread2" daemon [_thread_in_native, id=11824, stack(0x000000faf6c00000,0x000000faf6d00000)]

Other Threads:
=>0x00000209414695d0 VMThread "VM Thread" [stack: 0x000000faf5900000,0x000000faf5a00000] [id=15828]
  0x00000209215aa100 WatcherThread [stack: 0x000000faf6600000,0x000000faf6700000] [id=13240]
  0x0000020921577910 GCTaskThread "GC Thread#0" [stack: 0x000000faf5400000,0x000000faf5500000] [id=7516]
  0x00000209423c2d90 GCTaskThread "GC Thread#1" [stack: 0x000000faf6800000,0x000000faf6900000] [id=12968]
  0x00000209423c3440 GCTaskThread "GC Thread#2" [stack: 0x000000faf6900000,0x000000faf6a00000] [id=16744]
  0x000002094277fed0 GCTaskThread "GC Thread#3" [stack: 0x000000faf6a00000,0x000000faf6b00000] [id=16404]
  0x0000020942780180 GCTaskThread "GC Thread#4" [stack: 0x000000faf6b00000,0x000000faf6c00000] [id=20072]
  0x00000209433328c0 GCTaskThread "GC Thread#5" [stack: 0x000000faf6d00000,0x000000faf6e00000] [id=9232]
  0x0000020921588120 ConcurrentGCThread "G1 Main Marker" [stack: 0x000000faf5500000,0x000000faf5600000] [id=18088]
  0x0000020921589a40 ConcurrentGCThread "G1 Conc#0" [stack: 0x000000faf5600000,0x000000faf5700000] [id=476]
  0x0000020941330090 ConcurrentGCThread "G1 Refine#0" [stack: 0x000000faf5700000,0x000000faf5800000] [id=6544]
  0x00000209413309b0 ConcurrentGCThread "G1 Service" [stack: 0x000000faf5800000,0x000000faf5900000] [id=5104]

Threads with active compile tasks:
C2 CompilerThread0      985 1267       4       renderer.RayTracerBasic::calcLocalEffects (193 bytes)
C2 CompilerThread1      985 1260       4       renderer.RayTracerBasic::calcColor (27 bytes)
C2 CompilerThread2      985 1209       4       renderer.Camera::castRay (9 bytes)

VM state: at safepoint (normal execution)

VM Mutex/Monitor currently owned by a thread:  ([mutex/lock_event])
[0x0000020921533b00] Threads_lock - owner thread: 0x00000209414695d0
[0x0000020921533320] Heap_lock - owner thread: 0x0000020921539330

Heap address: 0x0000000083800000, size: 1992 MB, Compressed Oops mode: 32-bit

CDS archive(s) mapped at: [0x0000000800000000-0x0000000800bc0000-0x0000000800bc0000), size 12320768, SharedBaseAddress: 0x0000000800000000, ArchiveRelocationMode: 0.
Compressed class space mapped at: 0x0000000800c00000-0x0000000840c00000, reserved size: 1073741824
Narrow klass base: 0x0000000800000000, Narrow klass shift: 0, Narrow klass range: 0x100000000

GC Precious Log:
 CPUs: 8 total, 8 available
 Memory: 7967M
 Large Page Support: Disabled
 NUMA Support: Disabled
 Compressed Oops: Enabled (32-bit)
 Heap Region Size: 1M
 Heap Min Capacity: 8M
 Heap Initial Capacity: 126M
 Heap Max Capacity: 1992M
 Pre-touch: Disabled
 Parallel Workers: 8
 Concurrent Workers: 2
 Concurrent Refinement Workers: 8
 Periodic GC: Disabled

Heap:
 garbage-first heap   total 129024K, used 3072K [0x0000000083800000, 0x0000000100000000)
  region size 1024K, 2 young (2048K), 2 survivors (2048K)
 Metaspace       used 5072K, committed 5248K, reserved 1056768K
  class space    used 648K, committed 704K, reserved 1048576K

Heap Regions: E=young(eden), S=young(survivor), O=old, HS=humongous(starts), HC=humongous(continues), CS=collection set, F=free, OA=open archive, CA=closed archive, TAMS=top-at-mark-start (previous, next)
|   0|0x0000000083800000, 0x0000000083900000, 0x0000000083900000|100%|HS|  |TAMS 0x0000000083800000, 0x0000000083800000| Complete 
|   1|0x0000000083900000, 0x0000000083900000, 0x0000000083a00000|  0%| F|  |TAMS 0x0000000083900000, 0x0000000083900000| Untracked 
|   2|0x0000000083a00000, 0x0000000083a00000, 0x0000000083b00000|  0%| F|  |TAMS 0x0000000083a00000, 0x0000000083a00000| Untracked 
|   3|0x0000000083b00000, 0x0000000083b00000, 0x0000000083c00000|  0%| F|  |TAMS 0x0000000083b00000, 0x0000000083b00000| Untracked 
|   4|0x0000000083c00000, 0x0000000083c00000, 0x0000000083d00000|  0%| F|  |TAMS 0x0000000083c00000, 0x0000000083c00000| Untracked 
|   5|0x0000000083d00000, 0x0000000083d00000, 0x0000000083e00000|  0%| F|  |TAMS 0x0000000083d00000, 0x0000000083d00000| Untracked 
|   6|0x0000000083e00000, 0x0000000083e00000, 0x0000000083f00000|  0%| F|  |TAMS 0x0000000083e00000, 0x0000000083e00000| Untracked 
|   7|0x0000000083f00000, 0x0000000083f00000, 0x0000000084000000|  0%| F|  |TAMS 0x0000000083f00000, 0x0000000083f00000| Untracked 
|   8|0x0000000084000000, 0x0000000084000000, 0x0000000084100000|  0%| F|  |TAMS 0x0000000084000000, 0x0000000084000000| Untracked 
|   9|0x0000000084100000, 0x0000000084100000, 0x0000000084200000|  0%| F|  |TAMS 0x0000000084100000, 0x0000000084100000| Untracked 
|  10|0x0000000084200000, 0x0000000084200000, 0x0000000084300000|  0%| F|  |TAMS 0x0000000084200000, 0x0000000084200000| Untracked 
|  11|0x0000000084300000, 0x0000000084300000, 0x0000000084400000|  0%| F|  |TAMS 0x0000000084300000, 0x0000000084300000| Untracked 
|  12|0x0000000084400000, 0x0000000084400000, 0x0000000084500000|  0%| F|  |TAMS 0x0000000084400000, 0x0000000084400000| Untracked 
|  13|0x0000000084500000, 0x0000000084500000, 0x0000000084600000|  0%| F|  |TAMS 0x0000000084500000, 0x0000000084500000| Untracked 
|  14|0x0000000084600000, 0x0000000084600000, 0x0000000084700000|  0%| F|  |TAMS 0x0000000084600000, 0x0000000084600000| Untracked 
|  15|0x0000000084700000, 0x0000000084700000, 0x0000000084800000|  0%| F|  |TAMS 0x0000000084700000, 0x0000000084700000| Untracked 
|  16|0x0000000084800000, 0x0000000084800000, 0x0000000084900000|  0%| F|  |TAMS 0x0000000084800000, 0x0000000084800000| Untracked 
|  17|0x0000000084900000, 0x0000000084900000, 0x0000000084a00000|  0%| F|  |TAMS 0x0000000084900000, 0x0000000084900000| Untracked 
|  18|0x0000000084a00000, 0x0000000084a00000, 0x0000000084b00000|  0%| F|  |TAMS 0x0000000084a00000, 0x0000000084a00000| Untracked 
|  19|0x0000000084b00000, 0x0000000084b00000, 0x0000000084c00000|  0%| F|  |TAMS 0x0000000084b00000, 0x0000000084b00000| Untracked 
|  20|0x0000000084c00000, 0x0000000084c00000, 0x0000000084d00000|  0%| F|  |TAMS 0x0000000084c00000, 0x0000000084c00000| Untracked 
|  21|0x0000000084d00000, 0x0000000084d00000, 0x0000000084e00000|  0%| F|  |TAMS 0x0000000084d00000, 0x0000000084d00000| Untracked 
|  22|0x0000000084e00000, 0x0000000084e00000, 0x0000000084f00000|  0%| F|  |TAMS 0x0000000084e00000, 0x0000000084e00000| Untracked 
|  23|0x0000000084f00000, 0x0000000084f00000, 0x0000000085000000|  0%| F|  |TAMS 0x0000000084f00000, 0x0000000084f00000| Untracked 
|  24|0x0000000085000000, 0x0000000085000000, 0x0000000085100000|  0%| F|  |TAMS 0x0000000085000000, 0x0000000085000000| Untracked 
|  25|0x0000000085100000, 0x0000000085100000, 0x0000000085200000|  0%| F|  |TAMS 0x0000000085100000, 0x0000000085100000| Untracked 
|  26|0x0000000085200000, 0x0000000085200000, 0x0000000085300000|  0%| F|  |TAMS 0x0000000085200000, 0x0000000085200000| Untracked 
|  27|0x0000000085300000, 0x0000000085300000, 0x0000000085400000|  0%| F|  |TAMS 0x0000000085300000, 0x0000000085300000| Untracked 
|  28|0x0000000085400000, 0x0000000085400000, 0x0000000085500000|  0%| F|  |TAMS 0x0000000085400000, 0x0000000085400000| Untracked 
|  29|0x0000000085500000, 0x0000000085500000, 0x0000000085600000|  0%| F|  |TAMS 0x0000000085500000, 0x0000000085500000| Untracked 
|  30|0x0000000085600000, 0x0000000085600000, 0x0000000085700000|  0%| F|  |TAMS 0x0000000085600000, 0x0000000085600000| Untracked 
|  31|0x0000000085700000, 0x0000000085700000, 0x0000000085800000|  0%| F|  |TAMS 0x0000000085700000, 0x0000000085700000| Untracked 
|  32|0x0000000085800000, 0x0000000085800000, 0x0000000085900000|  0%| F|  |TAMS 0x0000000085800000, 0x0000000085800000| Untracked 
|  33|0x0000000085900000, 0x0000000085900000, 0x0000000085a00000|  0%| F|  |TAMS 0x0000000085900000, 0x0000000085900000| Untracked 
|  34|0x0000000085a00000, 0x0000000085a00000, 0x0000000085b00000|  0%| F|  |TAMS 0x0000000085a00000, 0x0000000085a00000| Untracked 
|  35|0x0000000085b00000, 0x0000000085b00000, 0x0000000085c00000|  0%| F|  |TAMS 0x0000000085b00000, 0x0000000085b00000| Untracked 
|  36|0x0000000085c00000, 0x0000000085c00000, 0x0000000085d00000|  0%| F|  |TAMS 0x0000000085c00000, 0x0000000085c00000| Untracked 
|  37|0x0000000085d00000, 0x0000000085d00000, 0x0000000085e00000|  0%| F|  |TAMS 0x0000000085d00000, 0x0000000085d00000| Untracked 
|  38|0x0000000085e00000, 0x0000000085e00000, 0x0000000085f00000|  0%| F|  |TAMS 0x0000000085e00000, 0x0000000085e00000| Untracked 
|  39|0x0000000085f00000, 0x0000000085f00000, 0x0000000086000000|  0%| F|  |TAMS 0x0000000085f00000, 0x0000000085f00000| Untracked 
|  40|0x0000000086000000, 0x0000000086000000, 0x0000000086100000|  0%| F|  |TAMS 0x0000000086000000, 0x0000000086000000| Untracked 
|  41|0x0000000086100000, 0x0000000086100000, 0x0000000086200000|  0%| F|  |TAMS 0x0000000086100000, 0x0000000086100000| Untracked 
|  42|0x0000000086200000, 0x0000000086200000, 0x0000000086300000|  0%| F|  |TAMS 0x0000000086200000, 0x0000000086200000| Untracked 
|  43|0x0000000086300000, 0x0000000086300000, 0x0000000086400000|  0%| F|  |TAMS 0x0000000086300000, 0x0000000086300000| Untracked 
|  44|0x0000000086400000, 0x0000000086400000, 0x0000000086500000|  0%| F|  |TAMS 0x0000000086400000, 0x0000000086400000| Untracked 
|  45|0x0000000086500000, 0x0000000086500000, 0x0000000086600000|  0%| F|  |TAMS 0x0000000086500000, 0x0000000086500000| Untracked 
|  46|0x0000000086600000, 0x0000000086600000, 0x0000000086700000|  0%| F|  |TAMS 0x0000000086600000, 0x0000000086600000| Untracked 
|  47|0x0000000086700000, 0x0000000086700000, 0x0000000086800000|  0%| F|  |TAMS 0x0000000086700000, 0x0000000086700000| Untracked 
|  48|0x0000000086800000, 0x0000000086800000, 0x0000000086900000|  0%| F|  |TAMS 0x0000000086800000, 0x0000000086800000| Untracked 
|  49|0x0000000086900000, 0x0000000086900000, 0x0000000086a00000|  0%| F|  |TAMS 0x0000000086900000, 0x0000000086900000| Untracked 
|  50|0x0000000086a00000, 0x0000000086a00000, 0x0000000086b00000|  0%| F|  |TAMS 0x0000000086a00000, 0x0000000086a00000| Untracked 
|  51|0x0000000086b00000, 0x0000000086b00000, 0x0000000086c00000|  0%| F|  |TAMS 0x0000000086b00000, 0x0000000086b00000| Untracked 
|  52|0x0000000086c00000, 0x0000000086d00000, 0x0000000086d00000|100%| S|CS|TAMS 0x0000000086c00000, 0x0000000086c00000| Complete 
|  53|0x0000000086d00000, 0x0000000086e00000, 0x0000000086e00000|100%| S|CS|TAMS 0x0000000086d00000, 0x0000000086d00000| Complete 
|  54|0x0000000086e00000, 0x0000000086e00000, 0x0000000086f00000|  0%| F|  |TAMS 0x0000000086e00000, 0x0000000086e00000| Untracked 
|  55|0x0000000086f00000, 0x0000000086f00000, 0x0000000087000000|  0%| F|  |TAMS 0x0000000086f00000, 0x0000000086f00000| Untracked 
|  56|0x0000000087000000, 0x0000000087000000, 0x0000000087100000|  0%| F|  |TAMS 0x0000000087000000, 0x0000000087000000| Untracked 
|  57|0x0000000087100000, 0x0000000087100000, 0x0000000087200000|  0%| F|  |TAMS 0x0000000087100000, 0x0000000087100000| Untracked 
|  58|0x0000000087200000, 0x0000000087200000, 0x0000000087300000|  0%| F|  |TAMS 0x0000000087200000, 0x0000000087200000| Untracked 
|  59|0x0000000087300000, 0x0000000087300000, 0x0000000087400000|  0%| F|  |TAMS 0x0000000087300000, 0x0000000087300000| Untracked 
|  60|0x0000000087400000, 0x0000000087400000, 0x0000000087500000|  0%| F|  |TAMS 0x0000000087400000, 0x0000000087400000| Untracked 
|  61|0x0000000087500000, 0x0000000087500000, 0x0000000087600000|  0%| F|  |TAMS 0x0000000087500000, 0x0000000087500000| Untracked 
|  62|0x0000000087600000, 0x0000000087600000, 0x0000000087700000|  0%| F|  |TAMS 0x0000000087600000, 0x0000000087600000| Untracked 
|  63|0x0000000087700000, 0x0000000087700000, 0x0000000087800000|  0%| F|  |TAMS 0x0000000087700000, 0x0000000087700000| Untracked 
|  64|0x0000000087800000, 0x0000000087800000, 0x0000000087900000|  0%| F|  |TAMS 0x0000000087800000, 0x0000000087800000| Untracked 
|  65|0x0000000087900000, 0x0000000087900000, 0x0000000087a00000|  0%| F|  |TAMS 0x0000000087900000, 0x0000000087900000| Untracked 
|  66|0x0000000087a00000, 0x0000000087a00000, 0x0000000087b00000|  0%| F|  |TAMS 0x0000000087a00000, 0x0000000087a00000| Untracked 
|  67|0x0000000087b00000, 0x0000000087b00000, 0x0000000087c00000|  0%| F|  |TAMS 0x0000000087b00000, 0x0000000087b00000| Untracked 
|  68|0x0000000087c00000, 0x0000000087c00000, 0x0000000087d00000|  0%| F|  |TAMS 0x0000000087c00000, 0x0000000087c00000| Untracked 
|  69|0x0000000087d00000, 0x0000000087d00000, 0x0000000087e00000|  0%| F|  |TAMS 0x0000000087d00000, 0x0000000087d00000| Untracked 
|  70|0x0000000087e00000, 0x0000000087e00000, 0x0000000087f00000|  0%| F|  |TAMS 0x0000000087e00000, 0x0000000087e00000| Untracked 
|  71|0x0000000087f00000, 0x0000000087f00000, 0x0000000088000000|  0%| F|  |TAMS 0x0000000087f00000, 0x0000000087f00000| Untracked 
|  72|0x0000000088000000, 0x0000000088000000, 0x0000000088100000|  0%| F|  |TAMS 0x0000000088000000, 0x0000000088000000| Untracked 
|  73|0x0000000088100000, 0x0000000088100000, 0x0000000088200000|  0%| F|  |TAMS 0x0000000088100000, 0x0000000088100000| Untracked 
|  74|0x0000000088200000, 0x0000000088200000, 0x0000000088300000|  0%| F|  |TAMS 0x0000000088200000, 0x0000000088200000| Untracked 
|  75|0x0000000088300000, 0x0000000088300000, 0x0000000088400000|  0%| F|  |TAMS 0x0000000088300000, 0x0000000088300000| Untracked 
|  76|0x0000000088400000, 0x0000000088400000, 0x0000000088500000|  0%| F|  |TAMS 0x0000000088400000, 0x0000000088400000| Untracked 
|  77|0x0000000088500000, 0x0000000088500000, 0x0000000088600000|  0%| F|  |TAMS 0x0000000088500000, 0x0000000088500000| Untracked 
|  78|0x0000000088600000, 0x0000000088600000, 0x0000000088700000|  0%| F|  |TAMS 0x0000000088600000, 0x0000000088600000| Untracked 
|  79|0x0000000088700000, 0x0000000088700000, 0x0000000088800000|  0%| F|  |TAMS 0x0000000088700000, 0x0000000088700000| Untracked 
|  80|0x0000000088800000, 0x0000000088800000, 0x0000000088900000|  0%| F|  |TAMS 0x0000000088800000, 0x0000000088800000| Untracked 
|  81|0x0000000088900000, 0x0000000088900000, 0x0000000088a00000|  0%| F|  |TAMS 0x0000000088900000, 0x0000000088900000| Untracked 
|  82|0x0000000088a00000, 0x0000000088a00000, 0x0000000088b00000|  0%| F|  |TAMS 0x0000000088a00000, 0x0000000088a00000| Untracked 
|  83|0x0000000088b00000, 0x0000000088b00000, 0x0000000088c00000|  0%| F|  |TAMS 0x0000000088b00000, 0x0000000088b00000| Untracked 
|  84|0x0000000088c00000, 0x0000000088c00000, 0x0000000088d00000|  0%| F|  |TAMS 0x0000000088c00000, 0x0000000088c00000| Untracked 
|  85|0x0000000088d00000, 0x0000000088d00000, 0x0000000088e00000|  0%| F|  |TAMS 0x0000000088d00000, 0x0000000088d00000| Untracked 
|  86|0x0000000088e00000, 0x0000000088e00000, 0x0000000088f00000|  0%| F|  |TAMS 0x0000000088e00000, 0x0000000088e00000| Untracked 
|  87|0x0000000088f00000, 0x0000000088f00000, 0x0000000089000000|  0%| F|  |TAMS 0x0000000088f00000, 0x0000000088f00000| Untracked 
|  88|0x0000000089000000, 0x0000000089000000, 0x0000000089100000|  0%| F|  |TAMS 0x0000000089000000, 0x0000000089000000| Untracked 
|  89|0x0000000089100000, 0x0000000089100000, 0x0000000089200000|  0%| F|  |TAMS 0x0000000089100000, 0x0000000089100000| Untracked 
|  90|0x0000000089200000, 0x0000000089200000, 0x0000000089300000|  0%| F|  |TAMS 0x0000000089200000, 0x0000000089200000| Untracked 
|  91|0x0000000089300000, 0x0000000089300000, 0x0000000089400000|  0%| F|  |TAMS 0x0000000089300000, 0x0000000089300000| Untracked 
|  92|0x0000000089400000, 0x0000000089400000, 0x0000000089500000|  0%| F|  |TAMS 0x0000000089400000, 0x0000000089400000| Untracked 
|  93|0x0000000089500000, 0x0000000089500000, 0x0000000089600000|  0%| F|  |TAMS 0x0000000089500000, 0x0000000089500000| Untracked 
|  94|0x0000000089600000, 0x0000000089600000, 0x0000000089700000|  0%| F|  |TAMS 0x0000000089600000, 0x0000000089600000| Untracked 
|  95|0x0000000089700000, 0x0000000089700000, 0x0000000089800000|  0%| F|  |TAMS 0x0000000089700000, 0x0000000089700000| Untracked 
|  96|0x0000000089800000, 0x0000000089800000, 0x0000000089900000|  0%| F|  |TAMS 0x0000000089800000, 0x0000000089800000| Untracked 
|  97|0x0000000089900000, 0x0000000089900000, 0x0000000089a00000|  0%| F|  |TAMS 0x0000000089900000, 0x0000000089900000| Untracked 
|  98|0x0000000089a00000, 0x0000000089a00000, 0x0000000089b00000|  0%| F|  |TAMS 0x0000000089a00000, 0x0000000089a00000| Untracked 
|  99|0x0000000089b00000, 0x0000000089b00000, 0x0000000089c00000|  0%| F|  |TAMS 0x0000000089b00000, 0x0000000089b00000| Untracked 
| 100|0x0000000089c00000, 0x0000000089c00000, 0x0000000089d00000|  0%| F|  |TAMS 0x0000000089c00000, 0x0000000089c00000| Untracked 
| 101|0x0000000089d00000, 0x0000000089d00000, 0x0000000089e00000|  0%| F|  |TAMS 0x0000000089d00000, 0x0000000089d00000| Untracked 
| 102|0x0000000089e00000, 0x0000000089e00000, 0x0000000089f00000|  0%| F|  |TAMS 0x0000000089e00000, 0x0000000089e00000| Untracked 
| 103|0x0000000089f00000, 0x0000000089f00000, 0x000000008a000000|  0%| F|  |TAMS 0x0000000089f00000, 0x0000000089f00000| Untracked 
| 104|0x000000008a000000, 0x000000008a000000, 0x000000008a100000|  0%| F|  |TAMS 0x000000008a000000, 0x000000008a000000| Untracked 
| 105|0x000000008a100000, 0x000000008a100000, 0x000000008a200000|  0%| F|  |TAMS 0x000000008a100000, 0x000000008a100000| Untracked 
| 106|0x000000008a200000, 0x000000008a200000, 0x000000008a300000|  0%| F|  |TAMS 0x000000008a200000, 0x000000008a200000| Untracked 
| 107|0x000000008a300000, 0x000000008a300000, 0x000000008a400000|  0%| F|  |TAMS 0x000000008a300000, 0x000000008a300000| Untracked 
| 108|0x000000008a400000, 0x000000008a400000, 0x000000008a500000|  0%| F|  |TAMS 0x000000008a400000, 0x000000008a400000| Untracked 
| 109|0x000000008a500000, 0x000000008a500000, 0x000000008a600000|  0%| F|  |TAMS 0x000000008a500000, 0x000000008a500000| Untracked 
| 110|0x000000008a600000, 0x000000008a600000, 0x000000008a700000|  0%| F|  |TAMS 0x000000008a600000, 0x000000008a600000| Untracked 
| 111|0x000000008a700000, 0x000000008a700000, 0x000000008a800000|  0%| F|  |TAMS 0x000000008a700000, 0x000000008a700000| Untracked 
| 112|0x000000008a800000, 0x000000008a800000, 0x000000008a900000|  0%| F|  |TAMS 0x000000008a800000, 0x000000008a800000| Untracked 
| 113|0x000000008a900000, 0x000000008a900000, 0x000000008aa00000|  0%| F|  |TAMS 0x000000008a900000, 0x000000008a900000| Untracked 
| 114|0x000000008aa00000, 0x000000008aa00000, 0x000000008ab00000|  0%| F|  |TAMS 0x000000008aa00000, 0x000000008aa00000| Untracked 
| 115|0x000000008ab00000, 0x000000008ab00000, 0x000000008ac00000|  0%| F|  |TAMS 0x000000008ab00000, 0x000000008ab00000| Untracked 
| 116|0x000000008ac00000, 0x000000008ac00000, 0x000000008ad00000|  0%| F|  |TAMS 0x000000008ac00000, 0x000000008ac00000| Untracked 
| 117|0x000000008ad00000, 0x000000008ad00000, 0x000000008ae00000|  0%| F|  |TAMS 0x000000008ad00000, 0x000000008ad00000| Untracked 
| 118|0x000000008ae00000, 0x000000008ae00000, 0x000000008af00000|  0%| F|  |TAMS 0x000000008ae00000, 0x000000008ae00000| Untracked 
| 119|0x000000008af00000, 0x000000008af00000, 0x000000008b000000|  0%| F|  |TAMS 0x000000008af00000, 0x000000008af00000| Untracked 
| 120|0x000000008b000000, 0x000000008b000000, 0x000000008b100000|  0%| F|  |TAMS 0x000000008b000000, 0x000000008b000000| Untracked 
| 121|0x000000008b100000, 0x000000008b100000, 0x000000008b200000|  0%| F|  |TAMS 0x000000008b100000, 0x000000008b100000| Untracked 
| 122|0x000000008b200000, 0x000000008b200000, 0x000000008b300000|  0%| F|  |TAMS 0x000000008b200000, 0x000000008b200000| Untracked 
| 123|0x000000008b300000, 0x000000008b300000, 0x000000008b400000|  0%| F|  |TAMS 0x000000008b300000, 0x000000008b300000| Untracked 
| 124|0x000000008b400000, 0x000000008b400000, 0x000000008b500000|  0%| F|  |TAMS 0x000000008b400000, 0x000000008b400000| Untracked 
| 125|0x000000008b500000, 0x000000008b500000, 0x000000008b600000|  0%| F|  |TAMS 0x000000008b500000, 0x000000008b500000| Untracked 

Card table byte_map: [0x000002093a3f0000,0x000002093a7e0000] _byte_map_base: 0x0000020939fd4000

Marking Bits (Prev, Next): (CMBitMap*) 0x0000020921577e20, (CMBitMap*) 0x0000020921577e60
 Prev Bits: [0x000002093abd0000, 0x000002093caf0000)
 Next Bits: [0x000002093caf0000, 0x000002093ea10000)

Polling page: 0x0000020921610000

Metaspace:

Usage:
  Non-class:      4.32 MB used.
      Class:    648.04 KB used.
       Both:      4.95 MB used.

Virtual space:
  Non-class space:        8.00 MB reserved,       4.44 MB ( 55%) committed,  1 nodes.
      Class space:        1.00 GB reserved,     704.00 KB ( <1%) committed,  1 nodes.
             Both:        1.01 GB reserved,       5.12 MB ( <1%) committed. 

Chunk freelists:
   Non-Class:  2.17 MB
       Class:  3.31 MB
        Both:  5.49 MB

MaxMetaspaceSize: unlimited
CompressedClassSpaceSize: 1.00 GB
Initial GC threshold: 21.00 MB
Current GC threshold: 21.00 MB
CDS: on
MetaspaceReclaimPolicy: balanced
 - commit_granule_bytes: 65536.
 - commit_granule_words: 8192.
 - virtual_space_node_default_size: 1048576.
 - enlarge_chunks_in_place: 1.
 - new_chunks_are_fully_committed: 0.
 - uncommit_free_chunks: 1.
 - use_allocation_guard: 0.
 - handle_deallocations: 1.


Internal statistics:

num_allocs_failed_limit: 0.
num_arena_births: 128.
num_arena_deaths: 0.
num_vsnodes_births: 2.
num_vsnodes_deaths: 0.
num_space_committed: 82.
num_space_uncommitted: 0.
num_chunks_returned_to_freelist: 0.
num_chunks_taken_from_freelist: 304.
num_chunk_merges: 0.
num_chunk_splits: 157.
num_chunks_enlarged: 89.
num_purges: 0.
num_inconsistent_stats: 0.

CodeHeap 'non-profiled nmethods': size=120000Kb used=426Kb max_used=426Kb free=119574Kb
 bounds [0x0000020932070000, 0x00000209322e0000, 0x00000209395a0000]
CodeHeap 'profiled nmethods': size=120000Kb used=2143Kb max_used=2143Kb free=117856Kb
 bounds [0x000002092ab40000, 0x000002092adb0000, 0x0000020932070000]
CodeHeap 'non-nmethods': size=5760Kb used=1163Kb max_used=1192Kb free=4596Kb
 bounds [0x000002092a5a0000, 0x000002092a810000, 0x000002092ab40000]
 total_blobs=1699 nmethods=1256 adapters=356
 compilation: enabled
              stopped_count=0, restarted_count=0
 full_count=0

Compilation events (20 events):
Event: 0.795 Thread 0x00000209414a09c0 1274 %     3       geometries.Geometries::findGeoIntersectionsHelper @ 12 (71 bytes)
Event: 0.796 Thread 0x00000209414a09c0 nmethod 1274% 0x000002092ad53390 code [0x000002092ad535c0, 0x000002092ad53fe8]
Event: 0.799 Thread 0x00000209414a09c0 1275       3       geometries.Geometries::findGeoIntersectionsHelper (71 bytes)
Event: 0.799 Thread 0x00000209424db180 nmethod 1263 0x00000209320d8f10 code [0x00000209320d90a0, 0x00000209320d9478]
Event: 0.799 Thread 0x00000209424db180 1217       4       renderer.ImageWriter::writePixel (17 bytes)
Event: 0.799 Thread 0x00000209414a09c0 nmethod 1275 0x000002092ad54310 code [0x000002092ad54540, 0x000002092ad54ec8]
Event: 0.805 Thread 0x00000209424db180 nmethod 1217 0x00000209320d9790 code [0x00000209320d9960, 0x00000209320d9e08]
Event: 0.805 Thread 0x00000209424db180 1258       4       java.util.ImmutableCollections$List12::get (35 bytes)
Event: 0.806 Thread 0x00000209424db180 nmethod 1258 0x00000209320da490 code [0x00000209320da620, 0x00000209320da708]
Event: 0.806 Thread 0x00000209424db180 1260       4       renderer.RayTracerBasic::calcColor (27 bytes)
Event: 0.822 Thread 0x00000209414a09c0 1276 %     3       renderer.Camera::renderImage @ 109 (155 bytes)
Event: 0.823 Thread 0x00000209414a09c0 nmethod 1276% 0x000002092ad55210 code [0x000002092ad55480, 0x000002092ad55de8]
Event: 0.823 Thread 0x00000209414a09c0 1277       3       renderer.Camera::renderImage (155 bytes)
Event: 0.824 Thread 0x00000209414a09c0 nmethod 1277 0x000002092ad56190 code [0x000002092ad56400, 0x000002092ad56cc8]
Event: 0.849 Thread 0x00000209414a09c0 1279       2       primitives.Color::scale (32 bytes)
Event: 0.850 Thread 0x00000209414a09c0 nmethod 1279 0x000002092ad57090 code [0x000002092ad57280, 0x000002092ad57528]
Event: 0.853 Thread 0x00000209414a09c0 1280       2       lighting.PointLight::getIntensity (39 bytes)
Event: 0.853 Thread 0x00000209414a09c0 nmethod 1280 0x000002092ad57690 code [0x000002092ad57860, 0x000002092ad579f8]
Event: 0.853 Thread 0x00000209414a09c0 1281       2       primitives.Point::distance (9 bytes)
Event: 0.853 Thread 0x00000209414a09c0 nmethod 1281 0x000002092ad57b90 code [0x000002092ad57d20, 0x000002092ad57e48]

GC Heap History (11 events):
Event: 0.652 GC heap before
{Heap before GC invocations=0 (full 0):
 garbage-first heap   total 129024K, used 24576K [0x0000000083800000, 0x0000000100000000)
  region size 1024K, 23 young (23552K), 0 survivors (0K)
 Metaspace       used 5053K, committed 5248K, reserved 1056768K
  class space    used 647K, committed 704K, reserved 1048576K
}
Event: 0.656 GC heap after
{Heap after GC invocations=1 (full 0):
 garbage-first heap   total 129024K, used 3157K [0x0000000083800000, 0x0000000100000000)
  region size 1024K, 3 young (3072K), 3 survivors (3072K)
 Metaspace       used 5053K, committed 5248K, reserved 1056768K
  class space    used 647K, committed 704K, reserved 1048576K
}
Event: 0.702 GC heap before
{Heap before GC invocations=1 (full 0):
 garbage-first heap   total 129024K, used 37973K [0x0000000083800000, 0x0000000100000000)
  region size 1024K, 37 young (37888K), 3 survivors (3072K)
 Metaspace       used 5070K, committed 5248K, reserved 1056768K
  class space    used 648K, committed 704K, reserved 1048576K
}
Event: 0.705 GC heap after
{Heap after GC invocations=2 (full 0):
 garbage-first heap   total 129024K, used 3202K [0x0000000083800000, 0x0000000100000000)
  region size 1024K, 3 young (3072K), 3 survivors (3072K)
 Metaspace       used 5070K, committed 5248K, reserved 1056768K
  class space    used 648K, committed 704K, reserved 1048576K
}
Event: 0.787 GC heap before
{Heap before GC invocations=2 (full 0):
 garbage-first heap   total 129024K, used 76930K [0x0000000083800000, 0x0000000100000000)
  region size 1024K, 75 young (76800K), 3 survivors (3072K)
 Metaspace       used 5070K, committed 5248K, reserved 1056768K
  class space    used 648K, committed 704K, reserved 1048576K
}
Event: 0.791 GC heap after
{Heap after GC invocations=3 (full 0):
 garbage-first heap   total 129024K, used 3200K [0x0000000083800000, 0x0000000100000000)
  region size 1024K, 3 young (3072K), 3 survivors (3072K)
 Metaspace       used 5070K, committed 5248K, reserved 1056768K
  class space    used 648K, committed 704K, reserved 1048576K
}
Event: 0.835 GC heap before
{Heap before GC invocations=3 (full 0):
 garbage-first heap   total 129024K, used 76928K [0x0000000083800000, 0x0000000100000000)
  region size 1024K, 75 young (76800K), 3 survivors (3072K)
 Metaspace       used 5071K, committed 5248K, reserved 1056768K
  class space    used 648K, committed 704K, reserved 1048576K
}
Event: 0.839 GC heap after
{Heap after GC invocations=4 (full 0):
 garbage-first heap   total 129024K, used 3329K [0x0000000083800000, 0x0000000100000000)
  region size 1024K, 3 young (3072K), 3 survivors (3072K)
 Metaspace       used 5071K, committed 5248K, reserved 1056768K
  class space    used 648K, committed 704K, reserved 1048576K
}
Event: 0.877 GC heap before
{Heap before GC invocations=4 (full 0):
 garbage-first heap   total 129024K, used 77057K [0x0000000083800000, 0x0000000100000000)
  region size 1024K, 75 young (76800K), 3 survivors (3072K)
 Metaspace       used 5072K, committed 5248K, reserved 1056768K
  class space    used 648K, committed 704K, reserved 1048576K
}
Event: 0.879 GC heap after
{Heap after GC invocations=5 (full 0):
 garbage-first heap   total 129024K, used 3199K [0x0000000083800000, 0x0000000100000000)
  region size 1024K, 3 young (3072K), 3 survivors (3072K)
 Metaspace       used 5072K, committed 5248K, reserved 1056768K
  class space    used 648K, committed 704K, reserved 1048576K
}
Event: 0.917 GC heap before
{Heap before GC invocations=5 (full 0):
 garbage-first heap   total 129024K, used 76927K [0x0000000083800000, 0x0000000100000000)
  region size 1024K, 75 young (76800K), 3 survivors (3072K)
 Metaspace       used 5072K, committed 5248K, reserved 1056768K
  class space    used 648K, committed 704K, reserved 1048576K
}

Deoptimization events (20 events):
Event: 0.575 Thread 0x0000020921539330 Uncommon trap: trap_request=0xffffffde fr.pc=0x00000209320bb6b4 relative=0x0000000000000114
Event: 0.575 Thread 0x0000020921539330 Uncommon trap: reason=class_check action=maybe_recompile pc=0x00000209320bb6b4 method=jdk.internal.misc.Unsafe.allocateUninitializedArray(Ljava/lang/Class;I)Ljava/lang/Object; @ 51 c2
Event: 0.575 Thread 0x0000020921539330 DEOPT PACKING pc=0x00000209320bb6b4 sp=0x000000faf53fc270
Event: 0.575 Thread 0x0000020921539330 DEOPT UNPACKING pc=0x000002092a5f5c23 sp=0x000000faf53fc1f8 mode 2
Event: 0.621 Thread 0x0000020921539330 Uncommon trap: trap_request=0xffffff45 fr.pc=0x00000209320961c8 relative=0x0000000000000048
Event: 0.621 Thread 0x0000020921539330 Uncommon trap: reason=unstable_if action=reinterpret pc=0x00000209320961c8 method=java.lang.CharacterData.of(I)Ljava/lang/CharacterData; @ 4 c2
Event: 0.621 Thread 0x0000020921539330 DEOPT PACKING pc=0x00000209320961c8 sp=0x000000faf53fbab0
Event: 0.621 Thread 0x0000020921539330 DEOPT UNPACKING pc=0x000002092a5f5c23 sp=0x000000faf53fba50 mode 2
Event: 0.624 Thread 0x0000020921539330 Uncommon trap: trap_request=0xffffff45 fr.pc=0x000002093207752c relative=0x00000000000001ac
Event: 0.624 Thread 0x0000020921539330 Uncommon trap: reason=unstable_if action=reinterpret pc=0x000002093207752c method=java.lang.String.isLatin1()Z @ 10 c2
Event: 0.624 Thread 0x0000020921539330 DEOPT PACKING pc=0x000002093207752c sp=0x000000faf53fc320
Event: 0.624 Thread 0x0000020921539330 DEOPT UNPACKING pc=0x000002092a5f5c23 sp=0x000000faf53fc250 mode 2
Event: 0.764 Thread 0x0000020921539330 Uncommon trap: trap_request=0xffffff45 fr.pc=0x00000209320d1b54 relative=0x0000000000000d54
Event: 0.764 Thread 0x0000020921539330 Uncommon trap: reason=unstable_if action=reinterpret pc=0x00000209320d1b54 method=geometries.Triangle.findGeoIntersectionsHelper(Lprimitives/Ray;)Ljava/util/List; @ 212 c2
Event: 0.764 Thread 0x0000020921539330 DEOPT PACKING pc=0x00000209320d1b54 sp=0x000000faf53fc3f0
Event: 0.764 Thread 0x0000020921539330 DEOPT UNPACKING pc=0x000002092a5f5c23 sp=0x000000faf53fc348 mode 2
Event: 0.793 Thread 0x0000020921539330 Uncommon trap: trap_request=0xffffff45 fr.pc=0x00000209320d677c relative=0x0000000000000fbc
Event: 0.793 Thread 0x0000020921539330 Uncommon trap: reason=unstable_if action=reinterpret pc=0x00000209320d677c method=geometries.Triangle.findGeoIntersectionsHelper(Lprimitives/Ray;)Ljava/util/List; @ 212 c2
Event: 0.793 Thread 0x0000020921539330 DEOPT PACKING pc=0x00000209320d677c sp=0x000000faf53fc320
Event: 0.793 Thread 0x0000020921539330 DEOPT UNPACKING pc=0x000002092a5f5c23 sp=0x000000faf53fc320 mode 2

Classes unloaded (0 events):
No events

Classes redefined (0 events):
No events

Internal exceptions (20 events):
Event: 0.418 Thread 0x0000020921539330 Exception <a 'java/lang/IncompatibleClassChangeError'{0x000000008ab1e108}: Found class java.lang.Object, but interface was expected> (0x000000008ab1e108) 
thrown [t:\workspace\open\src\hotspot\share\interpreter\linkResolver.cpp, line 833]
Event: 0.423 Thread 0x0000020921539330 Exception <a 'java/lang/NoSuchMethodError'{0x000000008ab3a3b8}: 'java.lang.Object java.lang.invoke.DirectMethodHandle$Holder.invokeStatic(java.lang.Object, java.lang.Object, int)'> (0x000000008ab3a3b8) 
thrown [t:\workspace\open\src\hotspot\share\interpreter\linkResolver.cpp, line 766]
Event: 0.439 Thread 0x0000020921539330 Exception <a 'java/lang/NoSuchMethodError'{0x000000008ab8bca0}: 'void java.lang.invoke.DirectMethodHandle$Holder.invokeSpecial(java.lang.Object, java.lang.Object, java.lang.Object, java.lang.Object, java.lang.Object)'> (0x000000008ab8bca0) 
thrown [t:\workspace\open\src\hotspot\share\interpreter\linkResolver.cpp, line 766]
Event: 0.451 Thread 0x0000020921539330 Exception <a 'java/lang/NoSuchMethodError'{0x000000008abdc6a0}: 'void java.lang.invoke.DirectMethodHandle$Holder.invokeInterface(java.lang.Object, java.lang.Object, java.lang.Object, java.lang.Object)'> (0x000000008abdc6a0) 
thrown [t:\workspace\open\src\hotspot\share\interpreter\linkResolver.cpp, line 766]
Event: 0.451 Thread 0x0000020921539330 Exception <a 'java/lang/IncompatibleClassChangeError'{0x000000008abdffc8}: Found class java.lang.Object, but interface was expected> (0x000000008abdffc8) 
thrown [t:\workspace\open\src\hotspot\share\interpreter\linkResolver.cpp, line 833]
Event: 0.454 Thread 0x0000020921539330 Exception <a 'java/lang/NoSuchMethodError'{0x000000008abf5a48}: 'void java.lang.invoke.DirectMethodHandle$Holder.invokeStatic(java.lang.Object, java.lang.Object, java.lang.Object, java.lang.Object)'> (0x000000008abf5a48) 
thrown [t:\workspace\open\src\hotspot\share\interpreter\linkResolver.cpp, line 766]
Event: 0.459 Thread 0x0000020921539330 Exception <a 'java/lang/NoSuchMethodError'{0x000000008aa0cc60}: 'java.lang.Object java.lang.invoke.DirectMethodHandle$Holder.newInvokeSpecial(java.lang.Object, java.lang.Object, int)'> (0x000000008aa0cc60) 
thrown [t:\workspace\open\src\hotspot\share\interpreter\linkResolver.cpp, line 766]
Event: 0.489 Thread 0x0000020921539330 Exception <a 'java/lang/NoSuchMethodError'{0x000000008aaae300}: 'int java.lang.invoke.DirectMethodHandle$Holder.invokeStatic(java.lang.Object, java.lang.Object, java.lang.Object, java.lang.Object)'> (0x000000008aaae300) 
thrown [t:\workspace\open\src\hotspot\share\interpreter\linkResolver.cpp, line 766]
Event: 0.489 Thread 0x0000020921539330 Exception <a 'java/lang/NoSuchMethodError'{0x000000008aab1c80}: 'java.lang.Object java.lang.invoke.Invokers$Holder.invokeExact_MT(java.lang.Object, java.lang.Object, java.lang.Object, java.lang.Object, java.lang.Object, java.lang.Object)'> (0x000000008aab1c80) 
thrown [t:\workspace\open\src\hotspot\share\interpreter\linkResolver.cpp, line 766]
Event: 0.492 Thread 0x0000020921539330 Exception <a 'java/lang/NoSuchMethodError'{0x000000008aac19f0}: 'int java.lang.invoke.DirectMethodHandle$Holder.invokeStatic(java.lang.Object, java.lang.Object, java.lang.Object, java.lang.Object, java.lang.Object)'> (0x000000008aac19f0) 
thrown [t:\workspace\open\src\hotspot\share\interpreter\linkResolver.cpp, line 766]
Event: 0.502 Thread 0x0000020921539330 Exception <a 'java/lang/NoSuchMethodError'{0x000000008a903448}: 'void java.lang.invoke.DirectMethodHandle$Holder.invokeStaticInit(java.lang.Object)'> (0x000000008a903448) 
thrown [t:\workspace\open\src\hotspot\share\interpreter\linkResolver.cpp, line 766]
Event: 0.535 Thread 0x0000020921539330 Exception <a 'java/lang/NoSuchMethodError'{0x000000008a9dd8b0}: 'int java.lang.invoke.DirectMethodHandle$Holder.invokeStaticInit(java.lang.Object, java.lang.Object)'> (0x000000008a9dd8b0) 
thrown [t:\workspace\open\src\hotspot\share\interpreter\linkResolver.cpp, line 766]
Event: 0.574 Thread 0x0000020921539330 Exception <a 'java/lang/NoSuchMethodError'{0x000000008a8da098}: 'java.lang.Object java.lang.invoke.DirectMethodHandle$Holder.newInvokeSpecial(java.lang.Object, java.lang.Object, java.lang.Object, java.lang.Object, java.lang.Object, java.lang.Object, java.lang.Object)'> (0x000000008a8da098) 
thrown [t:\workspace\open\src\hotspot\share\interpreter\linkResolver.cpp, line 766]
Event: 0.575 Thread 0x0000020921539330 Exception <a 'java/lang/NoSuchMethodError'{0x000000008a8dec50}: 'java.lang.Object java.lang.invoke.Invokers$Holder.linkToTargetMethod(java.lang.Object, java.lang.Object, java.lang.Object, java.lang.Object, java.lang.Object, java.lang.Object, java.lang.Object)'> (0x000000008a8dec50) 
thrown [t:\workspace\open\src\hotspot\share\interpreter\linkResolver.cpp, line 766]
Event: 0.576 Thread 0x0000020921539330 Exception <a 'java/lang/NoSuchMethodError'{0x000000008a8e5118}: 'java.lang.Object java.lang.invoke.DirectMethodHandle$Holder.invokeInterface(java.lang.Object, java.lang.Object, java.lang.Object, java.lang.Object, java.lang.Object)'> (0x000000008a8e5118) 
thrown [t:\workspace\open\src\hotspot\share\interpreter\linkResolver.cpp, line 766]
Event: 0.576 Thread 0x0000020921539330 Exception <a 'java/lang/IncompatibleClassChangeError'{0x000000008a8e8f10}: Found class java.lang.Object, but interface was expected> (0x000000008a8e8f10) 
thrown [t:\workspace\open\src\hotspot\share\interpreter\linkResolver.cpp, line 833]
Event: 0.584 Thread 0x0000020921539330 Exception <a 'java/lang/ClassNotFoundException'{0x000000008a70fd50}: sun/awt/resources/spi/awtProvider> (0x000000008a70fd50) 
thrown [t:\workspace\open\src\hotspot\share\classfile\systemDictionary.cpp, line 256]
Event: 0.598 Thread 0x0000020921539330 Exception <a 'java/io/FileNotFoundException'{0x000000008a7558e0}> (0x000000008a7558e0) 
thrown [t:\workspace\open\src\hotspot\share\prims\jni.cpp, line 516]
Event: 0.601 Thread 0x0000020921539330 Exception <a 'java/io/FileNotFoundException'{0x000000008a782df8}> (0x000000008a782df8) 
thrown [t:\workspace\open\src\hotspot\share\prims\jni.cpp, line 516]
Event: 0.607 Thread 0x0000020921539330 Exception <a 'java/lang/NoSuchMethodError'{0x000000008a7b11d0}: 'int java.lang.invoke.DirectMethodHandle$Holder.invokeInterface(java.lang.Object, java.lang.Object)'> (0x000000008a7b11d0) 
thrown [t:\workspace\open\src\hotspot\share\interpreter\linkResolver.cpp, line 766]

VM Operations (19 events):
Event: 0.106 Executing VM operation: HandshakeAllThreads
Event: 0.106 Executing VM operation: HandshakeAllThreads done
Event: 0.579 Executing VM operation: HandshakeAllThreads
Event: 0.579 Executing VM operation: HandshakeAllThreads done
Event: 0.621 Executing VM operation: HandshakeAllThreads
Event: 0.621 Executing VM operation: HandshakeAllThreads done
Event: 0.651 Executing VM operation: ICBufferFull
Event: 0.651 Executing VM operation: ICBufferFull done
Event: 0.652 Executing VM operation: G1CollectForAllocation
Event: 0.656 Executing VM operation: G1CollectForAllocation done
Event: 0.702 Executing VM operation: G1CollectForAllocation
Event: 0.705 Executing VM operation: G1CollectForAllocation done
Event: 0.787 Executing VM operation: G1CollectForAllocation
Event: 0.791 Executing VM operation: G1CollectForAllocation done
Event: 0.835 Executing VM operation: G1CollectForAllocation
Event: 0.839 Executing VM operation: G1CollectForAllocation done
Event: 0.877 Executing VM operation: G1CollectForAllocation
Event: 0.879 Executing VM operation: G1CollectForAllocation done
Event: 0.917 Executing VM operation: G1CollectForAllocation

Events (20 events):
Event: 0.632 loading class java/awt/image/SinglePixelPackedSampleModel done
Event: 0.632 loading class sun/awt/image/IntegerInterleavedRaster
Event: 0.632 loading class sun/awt/image/IntegerComponentRaster
Event: 0.632 loading class sun/awt/image/IntegerComponentRaster done
Event: 0.632 loading class sun/awt/image/IntegerInterleavedRaster done
Event: 0.632 loading class sun/awt/image/NativeLibLoader
Event: 0.632 loading class sun/awt/image/NativeLibLoader done
Event: 0.632 loading class sun/awt/image/NativeLibLoader$1
Event: 0.632 loading class sun/awt/image/NativeLibLoader$1 done
Event: 0.633 loading class java/awt/Rectangle
Event: 0.633 loading class java/awt/Shape
Event: 0.633 loading class java/awt/Shape done
Event: 0.633 loading class java/awt/geom/Rectangle2D
Event: 0.633 loading class java/awt/geom/RectangularShape
Event: 0.633 loading class java/awt/geom/RectangularShape done
Event: 0.633 loading class java/awt/geom/Rectangle2D done
Event: 0.633 loading class java/awt/Rectangle done
Event: 0.634 loading class java/util/LinkedList$ListItr
Event: 0.634 loading class java/util/LinkedList$ListItr done
Event: 0.681 Thread 0x00000209427c4db0 Thread added: 0x00000209427c4db0


Dynamic libraries:
0x00007ff744540000 - 0x00007ff744550000 	C:\Program Files\Java\jdk-17.0.2\bin\java.exe
0x00007ffb67f40000 - 0x00007ffb68149000 	C:\WINDOWS\SYSTEM32\ntdll.dll
0x00007ffb47a50000 - 0x00007ffb47a66000 	C:\Program Files\Avast Software\Avast\aswhook.dll
0x00007ffb67320000 - 0x00007ffb673dd000 	C:\WINDOWS\System32\KERNEL32.DLL
0x00007ffb65970000 - 0x00007ffb65ce4000 	C:\WINDOWS\System32\KERNELBASE.dll
0x00007ffb655f0000 - 0x00007ffb65701000 	C:\WINDOWS\System32\ucrtbase.dll
0x00007ffb4f880000 - 0x00007ffb4f89a000 	C:\Program Files\Java\jdk-17.0.2\bin\VCRUNTIME140.dll
0x00007ffb52e60000 - 0x00007ffb52e78000 	C:\Program Files\Java\jdk-17.0.2\bin\jli.dll
0x00007ffb67560000 - 0x00007ffb6760e000 	C:\WINDOWS\System32\ADVAPI32.dll
0x00007ffb674b0000 - 0x00007ffb67553000 	C:\WINDOWS\System32\msvcrt.dll
0x00007ffb65df0000 - 0x00007ffb65e8e000 	C:\WINDOWS\System32\sechost.dll
0x00007ffb67a60000 - 0x00007ffb67b80000 	C:\WINDOWS\System32\RPCRT4.dll
0x00007ffb67090000 - 0x00007ffb6723c000 	C:\WINDOWS\System32\USER32.dll
0x00007ffb65940000 - 0x00007ffb65966000 	C:\WINDOWS\System32\win32u.dll
0x00007ffb4fc60000 - 0x00007ffb4ff05000 	C:\WINDOWS\WinSxS\amd64_microsoft.windows.common-controls_6595b64144ccf1df_6.0.22000.120_none_9d947278b86cc467\COMCTL32.dll
0x00007ffb66100000 - 0x00007ffb66129000 	C:\WINDOWS\System32\GDI32.dll
0x00007ffb654d0000 - 0x00007ffb655e2000 	C:\WINDOWS\System32\gdi32full.dll
0x00007ffb65430000 - 0x00007ffb654cd000 	C:\WINDOWS\System32\msvcp_win.dll
0x00007ffb5bf40000 - 0x00007ffb5bf4a000 	C:\WINDOWS\SYSTEM32\VERSION.dll
0x00007ffb673e0000 - 0x00007ffb67411000 	C:\WINDOWS\System32\IMM32.DLL
0x00007ffb599f0000 - 0x00007ffb599fc000 	C:\Program Files\Java\jdk-17.0.2\bin\vcruntime140_1.dll
0x00007ffb44bd0000 - 0x00007ffb44c5d000 	C:\Program Files\Java\jdk-17.0.2\bin\msvcp140.dll
0x00007ffb17d30000 - 0x00007ffb188f1000 	C:\Program Files\Java\jdk-17.0.2\bin\server\jvm.dll
0x00007ffb679c0000 - 0x00007ffb679c8000 	C:\WINDOWS\System32\PSAPI.DLL
0x00007ffb4cb60000 - 0x00007ffb4cb69000 	C:\WINDOWS\SYSTEM32\WSOCK32.dll
0x00007ffb5c3e0000 - 0x00007ffb5c413000 	C:\WINDOWS\SYSTEM32\WINMM.dll
0x00007ffb672a0000 - 0x00007ffb6730f000 	C:\WINDOWS\System32\WS2_32.dll
0x00007ffb64620000 - 0x00007ffb64638000 	C:\WINDOWS\SYSTEM32\kernel.appcore.dll
0x00007ffb52d20000 - 0x00007ffb52d2a000 	C:\Program Files\Java\jdk-17.0.2\bin\jimage.dll
0x00007ffb62fc0000 - 0x00007ffb631e1000 	C:\WINDOWS\SYSTEM32\DBGHELP.DLL
0x00007ffb4dc00000 - 0x00007ffb4dc31000 	C:\WINDOWS\SYSTEM32\dbgcore.DLL
0x00007ffb65d60000 - 0x00007ffb65ddf000 	C:\WINDOWS\System32\bcryptPrimitives.dll
0x00007ffb4eac0000 - 0x00007ffb4eace000 	C:\Program Files\Java\jdk-17.0.2\bin\instrument.dll
0x00007ffb4ee90000 - 0x00007ffb4eeb5000 	C:\Program Files\Java\jdk-17.0.2\bin\java.dll
0x00007ffb35410000 - 0x00007ffb354e6000 	C:\Program Files\Java\jdk-17.0.2\bin\jsvml.dll
0x00007ffb66630000 - 0x00007ffb66ddf000 	C:\WINDOWS\System32\SHELL32.dll
0x00007ffb635b0000 - 0x00007ffb63e18000 	C:\WINDOWS\SYSTEM32\windows.storage.dll
0x00007ffb67b80000 - 0x00007ffb67ef8000 	C:\WINDOWS\System32\combase.dll
0x00007ffb63440000 - 0x00007ffb635a6000 	C:\WINDOWS\SYSTEM32\wintypes.dll
0x00007ffb65ef0000 - 0x00007ffb65fda000 	C:\WINDOWS\System32\SHCORE.dll
0x00007ffb67240000 - 0x00007ffb6729d000 	C:\WINDOWS\System32\shlwapi.dll
0x00007ffb65360000 - 0x00007ffb65381000 	C:\WINDOWS\SYSTEM32\profapi.dll
0x00007ffb4ead0000 - 0x00007ffb4eae8000 	C:\Program Files\Java\jdk-17.0.2\bin\zip.dll
0x00007ffb4f5f0000 - 0x00007ffb4f609000 	C:\Program Files\Java\jdk-17.0.2\bin\net.dll
0x00007ffb5bc80000 - 0x00007ffb5bd8c000 	C:\WINDOWS\SYSTEM32\WINHTTP.dll
0x00007ffb64a50000 - 0x00007ffb64ab7000 	C:\WINDOWS\system32\mswsock.dll
0x00007ffb4eaf0000 - 0x00007ffb4eb06000 	C:\Program Files\Java\jdk-17.0.2\bin\nio.dll
0x00007ffb46bc0000 - 0x00007ffb46bda000 	C:\Program Files\JetBrains\IntelliJ IDEA Community Edition 2021.3.2\bin\breakgen64.dll
0x00007ffb34760000 - 0x00007ffb348ef000 	C:\Program Files\Java\jdk-17.0.2\bin\awt.dll
0x00007ffb67830000 - 0x00007ffb67906000 	C:\WINDOWS\System32\OLEAUT32.dll
0x00007ffb5edb0000 - 0x00007ffb5ee41000 	C:\WINDOWS\SYSTEM32\apphelp.dll

dbghelp: loaded successfully - version: 4.0.5 - missing functions: none
symbol engine: initialized successfully - sym options: 0x614 - pdb path: .;C:\Program Files\Java\jdk-17.0.2\bin;C:\WINDOWS\SYSTEM32;C:\Program Files\Avast Software\Avast;C:\WINDOWS\WinSxS\amd64_microsoft.windows.common-controls_6595b64144ccf1df_6.0.22000.120_none_9d947278b86cc467;C:\Program Files\Java\jdk-17.0.2\bin\server;C:\Program Files\JetBrains\IntelliJ IDEA Community Edition 2021.3.2\bin

VM Arguments:
jvm_args: -ea -Didea.test.cyclic.buffer.size=1048576 -javaagent:C:\Program Files\JetBrains\IntelliJ IDEA Community Edition 2021.3.2\lib\idea_rt.jar=61109:C:\Program Files\JetBrains\IntelliJ IDEA Community Edition 2021.3.2\bin -Dfile.encoding=UTF-8 
java_command: com.intellij.rt.junit.JUnitStarter -ideVersion5 -junit5 renderer.LightsTests
java_class_path (initial): C:\Users\Kaplan\.m2\repository\org\junit\platform\junit-platform-launcher\1.8.2\junit-platform-launcher-1.8.2.jar;C:\Users\Kaplan\.m2\repository\org\junit\platform\junit-platform-engine\1.8.2\junit-platform-engine-1.8.2.jar;C:\Users\Kaplan\.m2\repository\org\opentest4j\opentest4j\1.2.0\opentest4j-1.2.0.jar;C:\Users\Kaplan\.m2\repository\org\junit\platform\junit-platform-commons\1.8.2\junit-platform-commons-1.8.2.jar;C:\Users\Kaplan\.m2\repository\org\apiguardian\apiguardian-api\1.1.2\apiguardian-api-1.1.2.jar;C:\Program Files\JetBrains\IntelliJ IDEA Community Edition 2021.3.2\lib\idea_rt.jar;C:\Program Files\JetBrains\IntelliJ IDEA Community Edition 2021.3.2\plugins\junit\lib\junit5-rt.jar;C:\Program Files\JetBrains\IntelliJ IDEA Community Edition 2021.3.2\plugins\junit\lib\junit-rt.jar;C:\Users\Kaplan\IdeaProjects\ISE5782_9463_4853\out\test\ISE5782_9463_4853;C:\Users\Kaplan\IdeaProjects\ISE5782_9463_4853\out\production\ISE5782_9463_4853;C:\Users\Kaplan\IdeaProjects\ISE5782_9463_4853\lib\junit-jupiter-5.8.2.jar;C:\Users\Kaplan\IdeaProjects\ISE5782_9463_4853\lib\junit-jupiter-api-5.8.2.jar;C:\Users\Kaplan\IdeaProjects\ISE5782_9463_4853\lib\opentest4j-1.2.0.jar;C:\Users\Kaplan\IdeaProjects\ISE5782_9463_4853\lib\junit-platform-commons-1.8.2.jar;C:\Users\Kaplan\IdeaProjects\ISE5782_9463_4853\lib\apiguardian-api-1.1.2.jar;C:\Users\Kaplan\IdeaProjects\ISE5782_9463_4853\lib\junit-jupiter-params-5.8.2.jar;C:\Users\Kaplan\IdeaProjects\ISE5782_9463_4853\lib\junit-jupiter-engine-5.8.2.jar;C:\Users\Kaplan\IdeaProjects\ISE5782_9463_4853\lib\junit-platform-engine-1.8.2.jar
Launcher Type: SUN_STANDARD

[Global flags]
     intx CICompilerCount                          = 4                                         {product} {ergonomic}
     uint ConcGCThreads                            = 2                                         {product} {ergonomic}
     uint G1ConcRefinementThreads                  = 8                                         {product} {ergonomic}
   size_t G1HeapRegionSize                         = 1048576                                   {product} {ergonomic}
    uintx GCDrainStackTargetSize                   = 64                                        {product} {ergonomic}
   size_t InitialHeapSize                          = 132120576                                 {product} {ergonomic}
   size_t MarkStackSize                            = 4194304                                   {product} {ergonomic}
   size_t MaxHeapSize                              = 2088763392                                {product} {ergonomic}
   size_t MaxNewSize                               = 1253048320                                {product} {ergonomic}
   size_t MinHeapDeltaBytes                        = 1048576                                   {product} {ergonomic}
   size_t MinHeapSize                              = 8388608                                   {product} {ergonomic}
    uintx NonNMethodCodeHeapSize                   = 5839372                                {pd product} {ergonomic}
    uintx NonProfiledCodeHeapSize                  = 122909434                              {pd product} {ergonomic}
    uintx ProfiledCodeHeapSize                     = 122909434                              {pd product} {ergonomic}
    uintx ReservedCodeCacheSize                    = 251658240                              {pd product} {ergonomic}
     bool SegmentedCodeCache                       = true                                      {product} {ergonomic}
   size_t SoftMaxHeapSize                          = 2088763392                             {manageable} {ergonomic}
     bool UseCompressedClassPointers               = true                           {product lp64_product} {ergonomic}
     bool UseCompressedOops                        = true                           {product lp64_product} {ergonomic}
     bool UseG1GC                                  = true                                      {product} {ergonomic}
     bool UseLargePagesIndividualAllocation        = false                                  {pd product} {ergonomic}

Logging:
Log output configuration:
 #0: stdout all=warning uptime,level,tags
 #1: stderr all=off uptime,level,tags

Environment Variables:
JAVA_HOME=C:\Program Files\Java\jdk-17.0.2
PATH=C:\Program Files\Java\jdk-17.0.2\bin;C:\WINDOWS\system32;C:\WINDOWS;C:\WINDOWS\System32\Wbem;C:\WINDOWS\System32\WindowsPowerShell\v1.0\;C:\WINDOWS\System32\OpenSSH\;C:\Program Files\dotnet\;C:\Program Files\Git\cmd;C:\Program Files (x86)\dotnet\;C:\Users\Kaplan\AppData\Local\Microsoft\WindowsApps;C:\Users\Kaplan\.dotnet\tools;
USERNAME=Kaplan
OS=Windows_NT
PROCESSOR_IDENTIFIER=Intel64 Family 6 Model 126 Stepping 5, GenuineIntel



---------------  S Y S T E M  ---------------

OS:
 Windows 11 , 64 bit Build 22000 (10.0.22000.613)
OS uptime: 4 days 0:31 hours

CPU: total 8 (initial active 8) (4 cores per cpu, 2 threads per core) family 6 model 126 stepping 5 microcode 0x86, cx8, cmov, fxsr, ht, mmx, 3dnowpref, sse, sse2, sse3, ssse3, sse4.1, sse4.2, popcnt, lzcnt, tsc, tscinvbit, avx, avx2, aes, erms, clmul, bmi1, bmi2, adx, avx512f, avx512dq, avx512cd, avx512bw, avx512vl, sha, fma, vzeroupper, avx512_vpopcntdq, avx512_vpclmulqdq, avx512_vaes, avx512_vnni, clflush, clflushopt, avx512_vbmi2, avx512_vbmi

Memory: 4k page, system-wide physical 7967M (808M free)
TotalPageFile size 10015M (AvailPageFile size 36M)
current process WorkingSet (physical memory assigned to process): 147M, peak: 147M
current process commit charge ("private bytes"): 241M, peak: 329M

vm_info: Java HotSpot(TM) 64-Bit Server VM (17.0.2+8-LTS-86) for windows-amd64 JRE (17.0.2+8-LTS-86), built on Dec  7 2021 21:51:03 by "mach5one" with MS VC++ 16.8 / 16.9 (VS2019)

END.
