#
# There is insufficient memory for the Java Runtime Environment to continue.
# Native memory allocation (mmap) failed to map 38797312 bytes for G1 virtual space
# Possible reasons:
#   The system is out of physical RAM or swap space
#   The process is running with CompressedOops enabled, and the Java Heap may be blocking the growth of the native heap
# Possible solutions:
#   Reduce memory load on the system
#   Increase physical memory or swap space
#   Check if swap backing store is full
#   Decrease Java heap size (-Xmx/-Xms)
#   Decrease number of Java threads
#   Decrease Java thread stack sizes (-Xss)
#   Set larger code cache with -XX:ReservedCodeCacheSize=
#   JVM is running with Unscaled Compressed Oops mode in which the Java heap is
#     placed in the first 4GB address space. The Java Heap base address is the
#     maximum limit for the native heap growth. Please use -XX:HeapBaseMinAddress
#     to set the Java Heap base and to place the Java Heap above 4GB virtual address.
# This output file may be truncated or incomplete.
#
#  Out of Memory Error (os_windows.cpp:3532), pid=1404, tid=3252
#
# JRE version: Java(TM) SE Runtime Environment (17.0.2+8) (build 17.0.2+8-LTS-86)
# Java VM: Java HotSpot(TM) 64-Bit Server VM (17.0.2+8-LTS-86, mixed mode, sharing, tiered, compressed oops, compressed class ptrs, g1 gc, windows-amd64)
# No core dump will be written. Minidumps are not enabled by default on client versions of Windows
#

---------------  S U M M A R Y ------------

Command Line: -ea -Didea.test.cyclic.buffer.size=1048576 -javaagent:C:\Program Files\JetBrains\IntelliJ IDEA Community Edition 2021.3.2\lib\idea_rt.jar=64479:C:\Program Files\JetBrains\IntelliJ IDEA Community Edition 2021.3.2\bin -Dfile.encoding=UTF-8 com.intellij.rt.junit.JUnitStarter -ideVersion5 -junit5 renderer.FinalTest,BallsPool

Host: Intel(R) Core(TM) i5-1035G1 CPU @ 1.00GHz, 8 cores, 7G,  Windows 11 , 64 bit Build 22000 (10.0.22000.708)
Time: Sun Jul 10 11:40:33 2022  Windows 11 , 64 bit Build 22000 (10.0.22000.708) elapsed time: 3.756869 seconds (0d 0h 0m 3s)

---------------  T H R E A D  ---------------

Current thread (0x0000020173127af0):  VMThread "VM Thread" [stack: 0x0000007597100000,0x0000007597200000] [id=3252]

Stack: [0x0000007597100000,0x0000007597200000]
Native frames: (J=compiled Java code, j=interpreted, Vv=VM code, C=native code)
V  [jvm.dll+0x670baa]
V  [jvm.dll+0x7cfcb4]
V  [jvm.dll+0x7d145e]
V  [jvm.dll+0x7d1ac3]
V  [jvm.dll+0x242bc5]
V  [jvm.dll+0x66dac9]
V  [jvm.dll+0x662412]
V  [jvm.dll+0x300c0b]
V  [jvm.dll+0x3081a6]
V  [jvm.dll+0x357d0e]
V  [jvm.dll+0x357f3f]
V  [jvm.dll+0x2d7ec8]
V  [jvm.dll+0x2d6194]
V  [jvm.dll+0x2d579c]
V  [jvm.dll+0x3190eb]
V  [jvm.dll+0x7d5f9b]
V  [jvm.dll+0x7d6cd4]
V  [jvm.dll+0x7d71ec]
V  [jvm.dll+0x7d75c4]
V  [jvm.dll+0x7d7690]
V  [jvm.dll+0x77ff7a]
V  [jvm.dll+0x66fa35]
C  [ucrtbase.dll+0x26c0c]
C  [KERNEL32.DLL+0x154e0]
C  [ntdll.dll+0x485b]

VM_Operation (0x00000075981fed80): G1CollectForAllocation, mode: safepoint, requested by thread 0x00000201743a7010


---------------  P R O C E S S  ---------------

Threads class SMR info:
_java_thread_list=0x00000201743d45a0, length=18, elements={
0x00000201551a7640, 0x000002017312c100, 0x000002017312d430, 0x0000020173147f20,
0x0000020173149bf0, 0x000002017314c4c0, 0x000002017314cd80, 0x000002017314da20,
0x000002017314ec40, 0x0000020173150550, 0x0000020173c72e30, 0x0000020173d51d60,
0x0000020173d581b0, 0x00000201743763d0, 0x00000201743768a0, 0x00000201743a7010,
0x00000201743ab330, 0x0000020173df4df0
}

Java Threads: ( => current thread )
  0x00000201551a7640 JavaThread "main" [_thread_blocked, id=11360, stack(0x0000007596b00000,0x0000007596c00000)]
  0x000002017312c100 JavaThread "Reference Handler" daemon [_thread_blocked, id=11024, stack(0x0000007597200000,0x0000007597300000)]
  0x000002017312d430 JavaThread "Finalizer" daemon [_thread_blocked, id=11004, stack(0x0000007597300000,0x0000007597400000)]
  0x0000020173147f20 JavaThread "Signal Dispatcher" daemon [_thread_blocked, id=7972, stack(0x0000007597400000,0x0000007597500000)]
  0x0000020173149bf0 JavaThread "Attach Listener" daemon [_thread_blocked, id=4804, stack(0x0000007597500000,0x0000007597600000)]
  0x000002017314c4c0 JavaThread "Service Thread" daemon [_thread_blocked, id=15084, stack(0x0000007597600000,0x0000007597700000)]
  0x000002017314cd80 JavaThread "Monitor Deflation Thread" daemon [_thread_blocked, id=13412, stack(0x0000007597700000,0x0000007597800000)]
  0x000002017314da20 JavaThread "C2 CompilerThread0" daemon [_thread_blocked, id=5656, stack(0x0000007597800000,0x0000007597900000)]
  0x000002017314ec40 JavaThread "C1 CompilerThread0" daemon [_thread_blocked, id=11476, stack(0x0000007597900000,0x0000007597a00000)]
  0x0000020173150550 JavaThread "Sweeper thread" daemon [_thread_blocked, id=11496, stack(0x0000007597a00000,0x0000007597b00000)]
  0x0000020173c72e30 JavaThread "Common-Cleaner" daemon [_thread_blocked, id=9236, stack(0x0000007597b00000,0x0000007597c00000)]
  0x0000020173d51d60 JavaThread "Monitor Ctrl-Break" daemon [_thread_in_native, id=12368, stack(0x0000007597c00000,0x0000007597d00000)]
  0x0000020173d581b0 JavaThread "Notification Thread" daemon [_thread_blocked, id=15016, stack(0x0000007597d00000,0x0000007597e00000)]
  0x00000201743763d0 JavaThread "Thread-0" [_thread_blocked, id=8380, stack(0x0000007597f00000,0x0000007598000000)]
  0x00000201743768a0 JavaThread "Thread-1" [_thread_blocked, id=16012, stack(0x0000007598000000,0x0000007598100000)]
  0x00000201743a7010 JavaThread "Thread-2" [_thread_blocked, id=15492, stack(0x0000007598100000,0x0000007598200000)]
  0x00000201743ab330 JavaThread "C2 CompilerThread1" daemon [_thread_blocked, id=14080, stack(0x0000007598200000,0x0000007598300000)]
  0x0000020173df4df0 JavaThread "C2 CompilerThread2" daemon [_thread_blocked, id=3244, stack(0x0000007598a00000,0x0000007598b00000)]

Other Threads:
=>0x0000020173127af0 VMThread "VM Thread" [stack: 0x0000007597100000,0x0000007597200000] [id=3252]
  0x0000020173dc1270 WatcherThread [stack: 0x0000007597e00000,0x0000007597f00000] [id=10024]
  0x00000201551e5c30 GCTaskThread "GC Thread#0" [stack: 0x0000007596c00000,0x0000007596d00000] [id=14420]
  0x00000201743b8fb0 GCTaskThread "GC Thread#1" [stack: 0x0000007598300000,0x0000007598400000] [id=6868]
  0x00000201743b9260 GCTaskThread "GC Thread#2" [stack: 0x0000007598400000,0x0000007598500000] [id=12860]
  0x00000201743b9510 GCTaskThread "GC Thread#3" [stack: 0x0000007598500000,0x0000007598600000] [id=15704]
  0x00000201743b97c0 GCTaskThread "GC Thread#4" [stack: 0x0000007598600000,0x0000007598700000] [id=14816]
  0x00000201743b9a70 GCTaskThread "GC Thread#5" [stack: 0x0000007598700000,0x0000007598800000] [id=13828]
  0x00000201743b9d20 GCTaskThread "GC Thread#6" [stack: 0x0000007598800000,0x0000007598900000] [id=14756]
  0x00000201743b9fd0 GCTaskThread "GC Thread#7" [stack: 0x0000007598900000,0x0000007598a00000] [id=8608]
  0x00000201551f6470 ConcurrentGCThread "G1 Main Marker" [stack: 0x0000007596d00000,0x0000007596e00000] [id=2580]
  0x00000201551f7e90 ConcurrentGCThread "G1 Conc#0" [stack: 0x0000007596e00000,0x0000007596f00000] [id=9740]
  0x0000020172ff0160 ConcurrentGCThread "G1 Refine#0" [stack: 0x0000007596f00000,0x0000007597000000] [id=10380]
  0x0000020172ff1320 ConcurrentGCThread "G1 Service" [stack: 0x0000007597000000,0x0000007597100000] [id=13496]

Threads with active compile tasks:
C2 CompilerThread0     3818 1257       4       renderer.RayTracerBasic::transparency (142 bytes)

VM state: at safepoint (normal execution)

VM Mutex/Monitor currently owned by a thread:  ([mutex/lock_event])
[0x00000201551a2940] Threads_lock - owner thread: 0x0000020173127af0
[0x00000201551a2280] Heap_lock - owner thread: 0x00000201743a7010

Heap address: 0x0000000083800000, size: 1992 MB, Compressed Oops mode: 32-bit

CDS archive(s) mapped at: [0x0000000800000000-0x0000000800bc0000-0x0000000800bc0000), size 12320768, SharedBaseAddress: 0x0000000800000000, ArchiveRelocationMode: 0.
Compressed class space mapped at: 0x0000000800c00000-0x0000000840c00000, reserved size: 1073741824
Narrow klass base: 0x0000000800000000, Narrow klass shift: 0, Narrow klass range: 0x100000000

GC Precious Log:
 CPUs: 8 total, 8 available
 Memory: 7967M
 Large Page Support: Disabled
 NUMA Support: Disabled
 Compressed Oops: Enabled (32-bit)
 Heap Region Size: 1M
 Heap Min Capacity: 8M
 Heap Initial Capacity: 126M
 Heap Max Capacity: 1992M
 Pre-touch: Disabled
 Parallel Workers: 8
 Concurrent Workers: 2
 Concurrent Refinement Workers: 8
 Periodic GC: Disabled

Heap:
 garbage-first heap   total 129024K, used 3782K [0x0000000083800000, 0x0000000100000000)
  region size 1024K, 1 young (1024K), 1 survivors (1024K)
 Metaspace       used 5375K, committed 5632K, reserved 1056768K
  class space    used 675K, committed 832K, reserved 1048576K

Heap Regions: E=young(eden), S=young(survivor), O=old, HS=humongous(starts), HC=humongous(continues), CS=collection set, F=free, OA=open archive, CA=closed archive, TAMS=top-at-mark-start (previous, next)
|   0|0x0000000083800000, 0x0000000083900000, 0x0000000083900000|100%|HS|  |TAMS 0x0000000083800000, 0x0000000083800000| Complete 
|   1|0x0000000083900000, 0x0000000083a00000, 0x0000000083a00000|100%| O|  |TAMS 0x0000000083900000, 0x0000000083900000| Untracked 
|   2|0x0000000083a00000, 0x0000000083b00000, 0x0000000083b00000|100%| O|  |TAMS 0x0000000083a00000, 0x0000000083a00000| Untracked 
|   3|0x0000000083b00000, 0x0000000083ba6a00, 0x0000000083c00000| 65%| O|  |TAMS 0x0000000083b00000, 0x0000000083b00000| Untracked 
|   4|0x0000000083c00000, 0x0000000083c00000, 0x0000000083d00000|  0%| F|  |TAMS 0x0000000083c00000, 0x0000000083c00000| Untracked 
|   5|0x0000000083d00000, 0x0000000083d00000, 0x0000000083e00000|  0%| F|  |TAMS 0x0000000083d00000, 0x0000000083d00000| Untracked 
|   6|0x0000000083e00000, 0x0000000083e00000, 0x0000000083f00000|  0%| F|  |TAMS 0x0000000083e00000, 0x0000000083e00000| Untracked 
|   7|0x0000000083f00000, 0x0000000083f00000, 0x0000000084000000|  0%| F|  |TAMS 0x0000000083f00000, 0x0000000083f00000| Untracked 
|   8|0x0000000084000000, 0x0000000084000000, 0x0000000084100000|  0%| F|  |TAMS 0x0000000084000000, 0x0000000084000000| Untracked 
|   9|0x0000000084100000, 0x0000000084100000, 0x0000000084200000|  0%| F|  |TAMS 0x0000000084100000, 0x0000000084100000| Untracked 
|  10|0x0000000084200000, 0x0000000084200000, 0x0000000084300000|  0%| F|  |TAMS 0x0000000084200000, 0x0000000084200000| Untracked 
|  11|0x0000000084300000, 0x0000000084300000, 0x0000000084400000|  0%| F|  |TAMS 0x0000000084300000, 0x0000000084300000| Untracked 
|  12|0x0000000084400000, 0x0000000084400000, 0x0000000084500000|  0%| F|  |TAMS 0x0000000084400000, 0x0000000084400000| Untracked 
|  13|0x0000000084500000, 0x0000000084500000, 0x0000000084600000|  0%| F|  |TAMS 0x0000000084500000, 0x0000000084500000| Untracked 
|  14|0x0000000084600000, 0x0000000084600000, 0x0000000084700000|  0%| F|  |TAMS 0x0000000084600000, 0x0000000084600000| Untracked 
|  15|0x0000000084700000, 0x0000000084700000, 0x0000000084800000|  0%| F|  |TAMS 0x0000000084700000, 0x0000000084700000| Untracked 
|  16|0x0000000084800000, 0x0000000084800000, 0x0000000084900000|  0%| F|  |TAMS 0x0000000084800000, 0x0000000084800000| Untracked 
|  17|0x0000000084900000, 0x0000000084900000, 0x0000000084a00000|  0%| F|  |TAMS 0x0000000084900000, 0x0000000084900000| Untracked 
|  18|0x0000000084a00000, 0x0000000084a00000, 0x0000000084b00000|  0%| F|  |TAMS 0x0000000084a00000, 0x0000000084a00000| Untracked 
|  19|0x0000000084b00000, 0x0000000084b00000, 0x0000000084c00000|  0%| F|  |TAMS 0x0000000084b00000, 0x0000000084b00000| Untracked 
|  20|0x0000000084c00000, 0x0000000084c00000, 0x0000000084d00000|  0%| F|  |TAMS 0x0000000084c00000, 0x0000000084c00000| Untracked 
|  21|0x0000000084d00000, 0x0000000084d00000, 0x0000000084e00000|  0%| F|  |TAMS 0x0000000084d00000, 0x0000000084d00000| Untracked 
|  22|0x0000000084e00000, 0x0000000084e00000, 0x0000000084f00000|  0%| F|  |TAMS 0x0000000084e00000, 0x0000000084e00000| Untracked 
|  23|0x0000000084f00000, 0x0000000084f00000, 0x0000000085000000|  0%| F|  |TAMS 0x0000000084f00000, 0x0000000084f00000| Untracked 
|  24|0x0000000085000000, 0x0000000085000000, 0x0000000085100000|  0%| F|  |TAMS 0x0000000085000000, 0x0000000085000000| Untracked 
|  25|0x0000000085100000, 0x0000000085100000, 0x0000000085200000|  0%| F|  |TAMS 0x0000000085100000, 0x0000000085100000| Untracked 
|  26|0x0000000085200000, 0x0000000085200000, 0x0000000085300000|  0%| F|  |TAMS 0x0000000085200000, 0x0000000085200000| Untracked 
|  27|0x0000000085300000, 0x0000000085300000, 0x0000000085400000|  0%| F|  |TAMS 0x0000000085300000, 0x0000000085300000| Untracked 
|  28|0x0000000085400000, 0x0000000085400000, 0x0000000085500000|  0%| F|  |TAMS 0x0000000085400000, 0x0000000085400000| Untracked 
|  29|0x0000000085500000, 0x0000000085500000, 0x0000000085600000|  0%| F|  |TAMS 0x0000000085500000, 0x0000000085500000| Untracked 
|  30|0x0000000085600000, 0x0000000085600000, 0x0000000085700000|  0%| F|  |TAMS 0x0000000085600000, 0x0000000085600000| Untracked 
|  31|0x0000000085700000, 0x0000000085700000, 0x0000000085800000|  0%| F|  |TAMS 0x0000000085700000, 0x0000000085700000| Untracked 
|  32|0x0000000085800000, 0x0000000085800000, 0x0000000085900000|  0%| F|  |TAMS 0x0000000085800000, 0x0000000085800000| Untracked 
|  33|0x0000000085900000, 0x0000000085900000, 0x0000000085a00000|  0%| F|  |TAMS 0x0000000085900000, 0x0000000085900000| Untracked 
|  34|0x0000000085a00000, 0x0000000085a00000, 0x0000000085b00000|  0%| F|  |TAMS 0x0000000085a00000, 0x0000000085a00000| Untracked 
|  35|0x0000000085b00000, 0x0000000085b00000, 0x0000000085c00000|  0%| F|  |TAMS 0x0000000085b00000, 0x0000000085b00000| Untracked 
|  36|0x0000000085c00000, 0x0000000085c00000, 0x0000000085d00000|  0%| F|  |TAMS 0x0000000085c00000, 0x0000000085c00000| Untracked 
|  37|0x0000000085d00000, 0x0000000085d00000, 0x0000000085e00000|  0%| F|  |TAMS 0x0000000085d00000, 0x0000000085d00000| Untracked 
|  38|0x0000000085e00000, 0x0000000085e00000, 0x0000000085f00000|  0%| F|  |TAMS 0x0000000085e00000, 0x0000000085e00000| Untracked 
|  39|0x0000000085f00000, 0x0000000085f00000, 0x0000000086000000|  0%| F|  |TAMS 0x0000000085f00000, 0x0000000085f00000| Untracked 
|  40|0x0000000086000000, 0x0000000086000000, 0x0000000086100000|  0%| F|  |TAMS 0x0000000086000000, 0x0000000086000000| Untracked 
|  41|0x0000000086100000, 0x0000000086100000, 0x0000000086200000|  0%| F|  |TAMS 0x0000000086100000, 0x0000000086100000| Untracked 
|  42|0x0000000086200000, 0x0000000086200000, 0x0000000086300000|  0%| F|  |TAMS 0x0000000086200000, 0x0000000086200000| Untracked 
|  43|0x0000000086300000, 0x0000000086300000, 0x0000000086400000|  0%| F|  |TAMS 0x0000000086300000, 0x0000000086300000| Untracked 
|  44|0x0000000086400000, 0x0000000086400000, 0x0000000086500000|  0%| F|  |TAMS 0x0000000086400000, 0x0000000086400000| Untracked 
|  45|0x0000000086500000, 0x0000000086500000, 0x0000000086600000|  0%| F|  |TAMS 0x0000000086500000, 0x0000000086500000| Untracked 
|  46|0x0000000086600000, 0x0000000086600000, 0x0000000086700000|  0%| F|  |TAMS 0x0000000086600000, 0x0000000086600000| Untracked 
|  47|0x0000000086700000, 0x0000000086700000, 0x0000000086800000|  0%| F|  |TAMS 0x0000000086700000, 0x0000000086700000| Untracked 
|  48|0x0000000086800000, 0x0000000086800000, 0x0000000086900000|  0%| F|  |TAMS 0x0000000086800000, 0x0000000086800000| Untracked 
|  49|0x0000000086900000, 0x0000000086900000, 0x0000000086a00000|  0%| F|  |TAMS 0x0000000086900000, 0x0000000086900000| Untracked 
|  50|0x0000000086a00000, 0x0000000086a0b160, 0x0000000086b00000|  4%| S|CS|TAMS 0x0000000086a00000, 0x0000000086a00000| Complete 
|  51|0x0000000086b00000, 0x0000000086b00000, 0x0000000086c00000|  0%| F|  |TAMS 0x0000000086b00000, 0x0000000086b00000| Untracked 
|  52|0x0000000086c00000, 0x0000000086c00000, 0x0000000086d00000|  0%| F|  |TAMS 0x0000000086c00000, 0x0000000086c00000| Untracked 
|  53|0x0000000086d00000, 0x0000000086d00000, 0x0000000086e00000|  0%| F|  |TAMS 0x0000000086d00000, 0x0000000086d00000| Untracked 
|  54|0x0000000086e00000, 0x0000000086e00000, 0x0000000086f00000|  0%| F|  |TAMS 0x0000000086e00000, 0x0000000086e00000| Untracked 
|  55|0x0000000086f00000, 0x0000000086f00000, 0x0000000087000000|  0%| F|  |TAMS 0x0000000086f00000, 0x0000000086f00000| Untracked 
|  56|0x0000000087000000, 0x0000000087000000, 0x0000000087100000|  0%| F|  |TAMS 0x0000000087000000, 0x0000000087000000| Untracked 
|  57|0x0000000087100000, 0x0000000087100000, 0x0000000087200000|  0%| F|  |TAMS 0x0000000087100000, 0x0000000087100000| Untracked 
|  58|0x0000000087200000, 0x0000000087200000, 0x0000000087300000|  0%| F|  |TAMS 0x0000000087200000, 0x0000000087200000| Untracked 
|  59|0x0000000087300000, 0x0000000087300000, 0x0000000087400000|  0%| F|  |TAMS 0x0000000087300000, 0x0000000087300000| Untracked 
|  60|0x0000000087400000, 0x0000000087400000, 0x0000000087500000|  0%| F|  |TAMS 0x0000000087400000, 0x0000000087400000| Untracked 
|  61|0x0000000087500000, 0x0000000087500000, 0x0000000087600000|  0%| F|  |TAMS 0x0000000087500000, 0x0000000087500000| Untracked 
|  62|0x0000000087600000, 0x0000000087600000, 0x0000000087700000|  0%| F|  |TAMS 0x0000000087600000, 0x0000000087600000| Untracked 
|  63|0x0000000087700000, 0x0000000087700000, 0x0000000087800000|  0%| F|  |TAMS 0x0000000087700000, 0x0000000087700000| Untracked 
|  64|0x0000000087800000, 0x0000000087800000, 0x0000000087900000|  0%| F|  |TAMS 0x0000000087800000, 0x0000000087800000| Untracked 
|  65|0x0000000087900000, 0x0000000087900000, 0x0000000087a00000|  0%| F|  |TAMS 0x0000000087900000, 0x0000000087900000| Untracked 
|  66|0x0000000087a00000, 0x0000000087a00000, 0x0000000087b00000|  0%| F|  |TAMS 0x0000000087a00000, 0x0000000087a00000| Untracked 
|  67|0x0000000087b00000, 0x0000000087b00000, 0x0000000087c00000|  0%| F|  |TAMS 0x0000000087b00000, 0x0000000087b00000| Untracked 
|  68|0x0000000087c00000, 0x0000000087c00000, 0x0000000087d00000|  0%| F|  |TAMS 0x0000000087c00000, 0x0000000087c00000| Untracked 
|  69|0x0000000087d00000, 0x0000000087d00000, 0x0000000087e00000|  0%| F|  |TAMS 0x0000000087d00000, 0x0000000087d00000| Untracked 
|  70|0x0000000087e00000, 0x0000000087e00000, 0x0000000087f00000|  0%| F|  |TAMS 0x0000000087e00000, 0x0000000087e00000| Untracked 
|  71|0x0000000087f00000, 0x0000000087f00000, 0x0000000088000000|  0%| F|  |TAMS 0x0000000087f00000, 0x0000000087f00000| Untracked 
|  72|0x0000000088000000, 0x0000000088000000, 0x0000000088100000|  0%| F|  |TAMS 0x0000000088000000, 0x0000000088000000| Untracked 
|  73|0x0000000088100000, 0x0000000088100000, 0x0000000088200000|  0%| F|  |TAMS 0x0000000088100000, 0x0000000088100000| Untracked 
|  74|0x0000000088200000, 0x0000000088200000, 0x0000000088300000|  0%| F|  |TAMS 0x0000000088200000, 0x0000000088200000| Untracked 
|  75|0x0000000088300000, 0x0000000088300000, 0x0000000088400000|  0%| F|  |TAMS 0x0000000088300000, 0x0000000088300000| Untracked 
|  76|0x0000000088400000, 0x0000000088400000, 0x0000000088500000|  0%| F|  |TAMS 0x0000000088400000, 0x0000000088400000| Untracked 
|  77|0x0000000088500000, 0x0000000088500000, 0x0000000088600000|  0%| F|  |TAMS 0x0000000088500000, 0x0000000088500000| Untracked 
|  78|0x0000000088600000, 0x0000000088600000, 0x0000000088700000|  0%| F|  |TAMS 0x0000000088600000, 0x0000000088600000| Untracked 
|  79|0x0000000088700000, 0x0000000088700000, 0x0000000088800000|  0%| F|  |TAMS 0x0000000088700000, 0x0000000088700000| Untracked 
|  80|0x0000000088800000, 0x0000000088800000, 0x0000000088900000|  0%| F|  |TAMS 0x0000000088800000, 0x0000000088800000| Untracked 
|  81|0x0000000088900000, 0x0000000088900000, 0x0000000088a00000|  0%| F|  |TAMS 0x0000000088900000, 0x0000000088900000| Untracked 
|  82|0x0000000088a00000, 0x0000000088a00000, 0x0000000088b00000|  0%| F|  |TAMS 0x0000000088a00000, 0x0000000088a00000| Untracked 
|  83|0x0000000088b00000, 0x0000000088b00000, 0x0000000088c00000|  0%| F|  |TAMS 0x0000000088b00000, 0x0000000088b00000| Untracked 
|  84|0x0000000088c00000, 0x0000000088c00000, 0x0000000088d00000|  0%| F|  |TAMS 0x0000000088c00000, 0x0000000088c00000| Untracked 
|  85|0x0000000088d00000, 0x0000000088d00000, 0x0000000088e00000|  0%| F|  |TAMS 0x0000000088d00000, 0x0000000088d00000| Untracked 
|  86|0x0000000088e00000, 0x0000000088e00000, 0x0000000088f00000|  0%| F|  |TAMS 0x0000000088e00000, 0x0000000088e00000| Untracked 
|  87|0x0000000088f00000, 0x0000000088f00000, 0x0000000089000000|  0%| F|  |TAMS 0x0000000088f00000, 0x0000000088f00000| Untracked 
|  88|0x0000000089000000, 0x0000000089000000, 0x0000000089100000|  0%| F|  |TAMS 0x0000000089000000, 0x0000000089000000| Untracked 
|  89|0x0000000089100000, 0x0000000089100000, 0x0000000089200000|  0%| F|  |TAMS 0x0000000089100000, 0x0000000089100000| Untracked 
|  90|0x0000000089200000, 0x0000000089200000, 0x0000000089300000|  0%| F|  |TAMS 0x0000000089200000, 0x0000000089200000| Untracked 
|  91|0x0000000089300000, 0x0000000089300000, 0x0000000089400000|  0%| F|  |TAMS 0x0000000089300000, 0x0000000089300000| Untracked 
|  92|0x0000000089400000, 0x0000000089400000, 0x0000000089500000|  0%| F|  |TAMS 0x0000000089400000, 0x0000000089400000| Untracked 
|  93|0x0000000089500000, 0x0000000089500000, 0x0000000089600000|  0%| F|  |TAMS 0x0000000089500000, 0x0000000089500000| Untracked 
|  94|0x0000000089600000, 0x0000000089600000, 0x0000000089700000|  0%| F|  |TAMS 0x0000000089600000, 0x0000000089600000| Untracked 
|  95|0x0000000089700000, 0x0000000089700000, 0x0000000089800000|  0%| F|  |TAMS 0x0000000089700000, 0x0000000089700000| Untracked 
|  96|0x0000000089800000, 0x0000000089800000, 0x0000000089900000|  0%| F|  |TAMS 0x0000000089800000, 0x0000000089800000| Untracked 
|  97|0x0000000089900000, 0x0000000089900000, 0x0000000089a00000|  0%| F|  |TAMS 0x0000000089900000, 0x0000000089900000| Untracked 
|  98|0x0000000089a00000, 0x0000000089a00000, 0x0000000089b00000|  0%| F|  |TAMS 0x0000000089a00000, 0x0000000089a00000| Untracked 
|  99|0x0000000089b00000, 0x0000000089b00000, 0x0000000089c00000|  0%| F|  |TAMS 0x0000000089b00000, 0x0000000089b00000| Untracked 
| 100|0x0000000089c00000, 0x0000000089c00000, 0x0000000089d00000|  0%| F|  |TAMS 0x0000000089c00000, 0x0000000089c00000| Untracked 
| 101|0x0000000089d00000, 0x0000000089d00000, 0x0000000089e00000|  0%| F|  |TAMS 0x0000000089d00000, 0x0000000089d00000| Untracked 
| 102|0x0000000089e00000, 0x0000000089e00000, 0x0000000089f00000|  0%| F|  |TAMS 0x0000000089e00000, 0x0000000089e00000| Untracked 
| 103|0x0000000089f00000, 0x0000000089f00000, 0x000000008a000000|  0%| F|  |TAMS 0x0000000089f00000, 0x0000000089f00000| Untracked 
| 104|0x000000008a000000, 0x000000008a000000, 0x000000008a100000|  0%| F|  |TAMS 0x000000008a000000, 0x000000008a000000| Untracked 
| 105|0x000000008a100000, 0x000000008a100000, 0x000000008a200000|  0%| F|  |TAMS 0x000000008a100000, 0x000000008a100000| Untracked 
| 106|0x000000008a200000, 0x000000008a200000, 0x000000008a300000|  0%| F|  |TAMS 0x000000008a200000, 0x000000008a200000| Untracked 
| 107|0x000000008a300000, 0x000000008a300000, 0x000000008a400000|  0%| F|  |TAMS 0x000000008a300000, 0x000000008a300000| Untracked 
| 108|0x000000008a400000, 0x000000008a400000, 0x000000008a500000|  0%| F|  |TAMS 0x000000008a400000, 0x000000008a400000| Untracked 
| 109|0x000000008a500000, 0x000000008a500000, 0x000000008a600000|  0%| F|  |TAMS 0x000000008a500000, 0x000000008a500000| Untracked 
| 110|0x000000008a600000, 0x000000008a600000, 0x000000008a700000|  0%| F|  |TAMS 0x000000008a600000, 0x000000008a600000| Untracked 
| 111|0x000000008a700000, 0x000000008a700000, 0x000000008a800000|  0%| F|  |TAMS 0x000000008a700000, 0x000000008a700000| Untracked 
| 112|0x000000008a800000, 0x000000008a800000, 0x000000008a900000|  0%| F|  |TAMS 0x000000008a800000, 0x000000008a800000| Untracked 
| 113|0x000000008a900000, 0x000000008a900000, 0x000000008aa00000|  0%| F|  |TAMS 0x000000008a900000, 0x000000008a900000| Untracked 
| 114|0x000000008aa00000, 0x000000008aa00000, 0x000000008ab00000|  0%| F|  |TAMS 0x000000008aa00000, 0x000000008aa00000| Untracked 
| 115|0x000000008ab00000, 0x000000008ab00000, 0x000000008ac00000|  0%| F|  |TAMS 0x000000008ab00000, 0x000000008ab00000| Untracked 
| 116|0x000000008ac00000, 0x000000008ac00000, 0x000000008ad00000|  0%| F|  |TAMS 0x000000008ac00000, 0x000000008ac00000| Untracked 
| 117|0x000000008ad00000, 0x000000008ad00000, 0x000000008ae00000|  0%| F|  |TAMS 0x000000008ad00000, 0x000000008ad00000| Untracked 
| 118|0x000000008ae00000, 0x000000008ae00000, 0x000000008af00000|  0%| F|  |TAMS 0x000000008ae00000, 0x000000008ae00000| Untracked 
| 119|0x000000008af00000, 0x000000008af00000, 0x000000008b000000|  0%| F|  |TAMS 0x000000008af00000, 0x000000008af00000| Untracked 
| 120|0x000000008b000000, 0x000000008b000000, 0x000000008b100000|  0%| F|  |TAMS 0x000000008b000000, 0x000000008b000000| Untracked 
| 121|0x000000008b100000, 0x000000008b100000, 0x000000008b200000|  0%| F|  |TAMS 0x000000008b100000, 0x000000008b100000| Untracked 
| 122|0x000000008b200000, 0x000000008b200000, 0x000000008b300000|  0%| F|  |TAMS 0x000000008b200000, 0x000000008b200000| Untracked 
| 123|0x000000008b300000, 0x000000008b300000, 0x000000008b400000|  0%| F|  |TAMS 0x000000008b300000, 0x000000008b300000| Untracked 
| 124|0x000000008b400000, 0x000000008b400000, 0x000000008b500000|  0%| F|  |TAMS 0x000000008b400000, 0x000000008b400000| Untracked 
| 125|0x000000008b500000, 0x000000008b500000, 0x000000008b600000|  0%| F|  |TAMS 0x000000008b500000, 0x000000008b500000| Untracked 

Card table byte_map: [0x000002016c120000,0x000002016c510000] _byte_map_base: 0x000002016bd04000

Marking Bits (Prev, Next): (CMBitMap*) 0x00000201551e6240, (CMBitMap*) 0x00000201551e6280
 Prev Bits: [0x000002016c900000, 0x000002016e820000)
 Next Bits: [0x000002016e820000, 0x0000020170740000)

Polling page: 0x0000020154980000

Metaspace:

Usage:
  Non-class:      4.59 MB used.
      Class:    675.51 KB used.
       Both:      5.25 MB used.

Virtual space:
  Non-class space:        8.00 MB reserved,       4.69 MB ( 59%) committed,  1 nodes.
      Class space:        1.00 GB reserved,     832.00 KB ( <1%) committed,  1 nodes.
             Both:        1.01 GB reserved,       5.50 MB ( <1%) committed. 

Chunk freelists:
   Non-Class:  2.11 MB
       Class:  3.04 MB
        Both:  5.15 MB

MaxMetaspaceSize: unlimited
CompressedClassSpaceSize: 1.00 GB
Initial GC threshold: 21.00 MB
Current GC threshold: 21.00 MB
CDS: on
MetaspaceReclaimPolicy: balanced
 - commit_granule_bytes: 65536.
 - commit_granule_words: 8192.
 - virtual_space_node_default_size: 1048576.
 - enlarge_chunks_in_place: 1.
 - new_chunks_are_fully_committed: 0.
 - uncommit_free_chunks: 1.
 - use_allocation_guard: 0.
 - handle_deallocations: 1.


Internal statistics:

num_allocs_failed_limit: 0.
num_arena_births: 136.
num_arena_deaths: 0.
num_vsnodes_births: 2.
num_vsnodes_deaths: 0.
num_space_committed: 88.
num_space_uncommitted: 0.
num_chunks_returned_to_freelist: 0.
num_chunks_taken_from_freelist: 326.
num_chunk_merges: 0.
num_chunk_splits: 169.
num_chunks_enlarged: 91.
num_purges: 0.
num_inconsistent_stats: 0.

CodeHeap 'non-profiled nmethods': size=120000Kb used=449Kb max_used=449Kb free=119550Kb
 bounds [0x00000201644d0000, 0x0000020164740000, 0x000002016ba00000]
CodeHeap 'profiled nmethods': size=120000Kb used=2230Kb max_used=2230Kb free=117769Kb
 bounds [0x000002015cfa0000, 0x000002015d210000, 0x00000201644d0000]
CodeHeap 'non-nmethods': size=5760Kb used=1174Kb max_used=1189Kb free=4585Kb
 bounds [0x000002015ca00000, 0x000002015cc70000, 0x000002015cfa0000]
 total_blobs=1723 nmethods=1267 adapters=369
 compilation: enabled
              stopped_count=0, restarted_count=0
 full_count=0

Compilation events (20 events):
Event: 3.632 Thread 0x000002017314ec40 nmethod 1259 0x000002015d1cb290 code [0x000002015d1cb440, 0x000002015d1cb648]
Event: 3.632 Thread 0x000002017314ec40 1260       3       java.nio.CharBuffer::arrayOffset (35 bytes)
Event: 3.632 Thread 0x000002017314ec40 nmethod 1260 0x000002015d1cb710 code [0x000002015d1cb8e0, 0x000002015d1cbb58]
Event: 3.632 Thread 0x00000201743ab330 1261       4       java.lang.Math::max (45 bytes)
Event: 3.633 Thread 0x00000201743ab330 nmethod 1261 0x000002016453dd90 code [0x000002016453df40, 0x000002016453e078]
Event: 3.634 Thread 0x00000201743ab330 1262       4       primitives.Ray::findClosestGeoPoint (100 bytes)
Event: 3.638 Thread 0x0000020173df4df0 nmethod 1258 0x000002016453e110 code [0x000002016453e2e0, 0x000002016453e6f8]
Event: 3.647 Thread 0x000002017314ec40 1263       3       java.util.stream.AbstractPipeline::evaluate (94 bytes)
Event: 3.648 Thread 0x0000020173df4df0 1264       4       renderer.RayTracerBasic::calcSpecular (51 bytes)
Event: 3.648 Thread 0x000002017314ec40 nmethod 1263 0x000002015d1cbc90 code [0x000002015d1cbec0, 0x000002015d1cc568]
Event: 3.664 Thread 0x00000201743ab330 nmethod 1262 0x000002016453ea10 code [0x000002016453ebc0, 0x000002016453f0b8]
Event: 3.668 Thread 0x000002017314ec40 1265       3       java.util.LinkedList::toArray (39 bytes)
Event: 3.668 Thread 0x000002017314ec40 nmethod 1265 0x000002015d1cc790 code [0x000002015d1cc940, 0x000002015d1ccd58]
Event: 3.691 Thread 0x0000020173df4df0 nmethod 1264 0x000002016453f710 code [0x000002016453f900, 0x00000201645400d8]
Event: 3.707 Thread 0x000002017314ec40 1266       3       java.nio.charset.CoderResult::isUnderflow (13 bytes)
Event: 3.708 Thread 0x000002017314ec40 nmethod 1266 0x000002015d1cce90 code [0x000002015d1cd020, 0x000002015d1cd198]
Event: 3.719 Thread 0x000002017314ec40 1267       3       java.util.regex.Matcher::groupCount (10 bytes)
Event: 3.720 Thread 0x000002017314ec40 nmethod 1267 0x000002015d1cd210 code [0x000002015d1cd3a0, 0x000002015d1cd4b8]
Event: 3.720 Thread 0x000002017314ec40 1268       3       java.nio.CharBuffer::position (8 bytes)
Event: 3.720 Thread 0x000002017314ec40 nmethod 1268 0x000002015d1cd590 code [0x000002015d1cd720, 0x000002015d1cd868]

GC Heap History (13 events):
Event: 2.960 GC heap before
{Heap before GC invocations=0 (full 0):
 garbage-first heap   total 129024K, used 23552K [0x0000000083800000, 0x0000000100000000)
  region size 1024K, 23 young (23552K), 0 survivors (0K)
 Metaspace       used 5302K, committed 5504K, reserved 1056768K
  class space    used 674K, committed 768K, reserved 1048576K
}
Event: 3.150 GC heap after
{Heap after GC invocations=1 (full 0):
 garbage-first heap   total 129024K, used 3727K [0x0000000083800000, 0x0000000100000000)
  region size 1024K, 3 young (3072K), 3 survivors (3072K)
 Metaspace       used 5302K, committed 5504K, reserved 1056768K
  class space    used 674K, committed 768K, reserved 1048576K
}
Event: 3.262 GC heap before
{Heap before GC invocations=1 (full 0):
 garbage-first heap   total 129024K, used 36495K [0x0000000083800000, 0x0000000100000000)
  region size 1024K, 35 young (35840K), 3 survivors (3072K)
 Metaspace       used 5344K, committed 5568K, reserved 1056768K
  class space    used 675K, committed 832K, reserved 1048576K
}
Event: 3.267 GC heap after
{Heap after GC invocations=2 (full 0):
 garbage-first heap   total 129024K, used 4247K [0x0000000083800000, 0x0000000100000000)
  region size 1024K, 1 young (1024K), 1 survivors (1024K)
 Metaspace       used 5344K, committed 5568K, reserved 1056768K
  class space    used 675K, committed 832K, reserved 1048576K
}
Event: 3.446 GC heap before
{Heap before GC invocations=2 (full 0):
 garbage-first heap   total 129024K, used 80023K [0x0000000083800000, 0x0000000100000000)
  region size 1024K, 75 young (76800K), 1 survivors (1024K)
 Metaspace       used 5362K, committed 5632K, reserved 1056768K
  class space    used 675K, committed 832K, reserved 1048576K
}
Event: 3.447 GC heap after
{Heap after GC invocations=3 (full 0):
 garbage-first heap   total 129024K, used 3838K [0x0000000083800000, 0x0000000100000000)
  region size 1024K, 1 young (1024K), 1 survivors (1024K)
 Metaspace       used 5362K, committed 5632K, reserved 1056768K
  class space    used 675K, committed 832K, reserved 1048576K
}
Event: 3.515 GC heap before
{Heap before GC invocations=3 (full 0):
 garbage-first heap   total 129024K, used 79614K [0x0000000083800000, 0x0000000100000000)
  region size 1024K, 75 young (76800K), 1 survivors (1024K)
 Metaspace       used 5371K, committed 5632K, reserved 1056768K
  class space    used 675K, committed 832K, reserved 1048576K
}
Event: 3.515 GC heap after
{Heap after GC invocations=4 (full 0):
 garbage-first heap   total 129024K, used 3792K [0x0000000083800000, 0x0000000100000000)
  region size 1024K, 1 young (1024K), 1 survivors (1024K)
 Metaspace       used 5371K, committed 5632K, reserved 1056768K
  class space    used 675K, committed 832K, reserved 1048576K
}
Event: 3.627 GC heap before
{Heap before GC invocations=4 (full 0):
 garbage-first heap   total 129024K, used 79568K [0x0000000083800000, 0x0000000100000000)
  region size 1024K, 75 young (76800K), 1 survivors (1024K)
 Metaspace       used 5371K, committed 5632K, reserved 1056768K
  class space    used 675K, committed 832K, reserved 1048576K
}
Event: 3.628 GC heap after
{Heap after GC invocations=5 (full 0):
 garbage-first heap   total 129024K, used 3790K [0x0000000083800000, 0x0000000100000000)
  region size 1024K, 1 young (1024K), 1 survivors (1024K)
 Metaspace       used 5371K, committed 5632K, reserved 1056768K
  class space    used 675K, committed 832K, reserved 1048576K
}
Event: 3.688 GC heap before
{Heap before GC invocations=5 (full 0):
 garbage-first heap   total 129024K, used 79566K [0x0000000083800000, 0x0000000100000000)
  region size 1024K, 75 young (76800K), 1 survivors (1024K)
 Metaspace       used 5374K, committed 5632K, reserved 1056768K
  class space    used 675K, committed 832K, reserved 1048576K
}
Event: 3.689 GC heap after
{Heap after GC invocations=6 (full 0):
 garbage-first heap   total 129024K, used 3786K [0x0000000083800000, 0x0000000100000000)
  region size 1024K, 1 young (1024K), 1 survivors (1024K)
 Metaspace       used 5374K, committed 5632K, reserved 1056768K
  class space    used 675K, committed 832K, reserved 1048576K
}
Event: 3.751 GC heap before
{Heap before GC invocations=6 (full 0):
 garbage-first heap   total 129024K, used 79562K [0x0000000083800000, 0x0000000100000000)
  region size 1024K, 75 young (76800K), 1 survivors (1024K)
 Metaspace       used 5375K, committed 5632K, reserved 1056768K
  class space    used 675K, committed 832K, reserved 1048576K
}

Deoptimization events (20 events):
Event: 2.157 Thread 0x00000201551a7640 DEOPT PACKING pc=0x00000201645197b4 sp=0x0000007596bfc4a0
Event: 2.157 Thread 0x00000201551a7640 DEOPT UNPACKING pc=0x000002015ca55c23 sp=0x0000007596bfc428 mode 2
Event: 2.188 Thread 0x00000201551a7640 DEOPT PACKING pc=0x000002015d02febe sp=0x0000007596bfc1e0
Event: 2.188 Thread 0x00000201551a7640 DEOPT UNPACKING pc=0x000002015ca56763 sp=0x0000007596bfb658 mode 0
Event: 2.272 Thread 0x00000201551a7640 Uncommon trap: trap_request=0xffffff45 fr.pc=0x00000201644fa248 relative=0x0000000000000048
Event: 2.272 Thread 0x00000201551a7640 Uncommon trap: reason=unstable_if action=reinterpret pc=0x00000201644fa248 method=java.lang.CharacterData.of(I)Ljava/lang/CharacterData; @ 4 c2
Event: 2.272 Thread 0x00000201551a7640 DEOPT PACKING pc=0x00000201644fa248 sp=0x0000007596bfb8b0
Event: 2.272 Thread 0x00000201551a7640 DEOPT UNPACKING pc=0x000002015ca55c23 sp=0x0000007596bfb850 mode 2
Event: 2.278 Thread 0x00000201551a7640 Uncommon trap: trap_request=0xffffff45 fr.pc=0x00000201644d992c relative=0x00000000000001ac
Event: 2.278 Thread 0x00000201551a7640 Uncommon trap: reason=unstable_if action=reinterpret pc=0x00000201644d992c method=java.lang.String.isLatin1()Z @ 10 c2
Event: 2.278 Thread 0x00000201551a7640 DEOPT PACKING pc=0x00000201644d992c sp=0x0000007596bfc100
Event: 2.278 Thread 0x00000201551a7640 DEOPT UNPACKING pc=0x000002015ca55c23 sp=0x0000007596bfc030 mode 2
Event: 3.476 Thread 0x00000201743768a0 Uncommon trap: trap_request=0xffffff45 fr.pc=0x0000020164531738 relative=0x0000000000000bd8
Event: 3.476 Thread 0x00000201743763d0 Uncommon trap: trap_request=0xffffff45 fr.pc=0x0000020164531738 relative=0x0000000000000bd8
Event: 3.476 Thread 0x00000201743768a0 Uncommon trap: reason=unstable_if action=reinterpret pc=0x0000020164531738 method=geometries.Triangle.findGeoIntersectionsHelper(Lprimitives/Ray;D)Ljava/util/List; @ 226 c2
Event: 3.476 Thread 0x00000201743763d0 Uncommon trap: reason=unstable_if action=reinterpret pc=0x0000020164531738 method=geometries.Triangle.findGeoIntersectionsHelper(Lprimitives/Ray;D)Ljava/util/List; @ 226 c2
Event: 3.476 Thread 0x00000201743763d0 DEOPT PACKING pc=0x0000020164531738 sp=0x0000007597ffee70
Event: 3.476 Thread 0x00000201743768a0 DEOPT PACKING pc=0x0000020164531738 sp=0x00000075980fef40
Event: 3.476 Thread 0x00000201743763d0 DEOPT UNPACKING pc=0x000002015ca55c23 sp=0x0000007597ffee30 mode 2
Event: 3.476 Thread 0x00000201743768a0 DEOPT UNPACKING pc=0x000002015ca55c23 sp=0x00000075980fef00 mode 2

Classes unloaded (0 events):
No events

Classes redefined (0 events):
No events

Internal exceptions (20 events):
Event: 1.642 Thread 0x00000201551a7640 Exception <a 'java/lang/NoSuchMethodError'{0x000000008aa69bc8}: 'void java.lang.invoke.DirectMethodHandle$Holder.invokeInterface(java.lang.Object, java.lang.Object, java.lang.Object)'> (0x000000008aa69bc8) 
thrown [t:\workspace\open\src\hotspot\share\interpreter\linkResolver.cpp, line 766]
Event: 1.646 Thread 0x00000201551a7640 Exception <a 'java/lang/IncompatibleClassChangeError'{0x000000008aa6d230}: Found class java.lang.Object, but interface was expected> (0x000000008aa6d230) 
thrown [t:\workspace\open\src\hotspot\share\interpreter\linkResolver.cpp, line 833]
Event: 1.667 Thread 0x00000201551a7640 Exception <a 'java/lang/NoSuchMethodError'{0x000000008aa89af8}: 'java.lang.Object java.lang.invoke.DirectMethodHandle$Holder.invokeStatic(java.lang.Object, java.lang.Object, int)'> (0x000000008aa89af8) 
thrown [t:\workspace\open\src\hotspot\share\interpreter\linkResolver.cpp, line 766]
Event: 1.713 Thread 0x00000201551a7640 Exception <a 'java/lang/NoSuchMethodError'{0x000000008aada698}: 'void java.lang.invoke.DirectMethodHandle$Holder.invokeSpecial(java.lang.Object, java.lang.Object, java.lang.Object, java.lang.Object, java.lang.Object)'> (0x000000008aada698) 
thrown [t:\workspace\open\src\hotspot\share\interpreter\linkResolver.cpp, line 766]
Event: 1.744 Thread 0x00000201551a7640 Exception <a 'java/lang/NoSuchMethodError'{0x000000008a9262b0}: 'void java.lang.invoke.DirectMethodHandle$Holder.invokeInterface(java.lang.Object, java.lang.Object, java.lang.Object, java.lang.Object)'> (0x000000008a9262b0) 
thrown [t:\workspace\open\src\hotspot\share\interpreter\linkResolver.cpp, line 766]
Event: 1.745 Thread 0x00000201551a7640 Exception <a 'java/lang/IncompatibleClassChangeError'{0x000000008a929bd8}: Found class java.lang.Object, but interface was expected> (0x000000008a929bd8) 
thrown [t:\workspace\open\src\hotspot\share\interpreter\linkResolver.cpp, line 833]
Event: 1.751 Thread 0x00000201551a7640 Exception <a 'java/lang/NoSuchMethodError'{0x000000008a93f260}: 'void java.lang.invoke.DirectMethodHandle$Holder.invokeStatic(java.lang.Object, java.lang.Object, java.lang.Object, java.lang.Object)'> (0x000000008a93f260) 
thrown [t:\workspace\open\src\hotspot\share\interpreter\linkResolver.cpp, line 766]
Event: 1.760 Thread 0x00000201551a7640 Exception <a 'java/lang/NoSuchMethodError'{0x000000008a955ee0}: 'java.lang.Object java.lang.invoke.DirectMethodHandle$Holder.newInvokeSpecial(java.lang.Object, java.lang.Object, int)'> (0x000000008a955ee0) 
thrown [t:\workspace\open\src\hotspot\share\interpreter\linkResolver.cpp, line 766]
Event: 1.814 Thread 0x00000201551a7640 Exception <a 'java/lang/NoSuchMethodError'{0x000000008a9dc398}: 'java.lang.Object java.lang.invoke.Invokers$Holder.invokeExact_MT(java.lang.Object, java.lang.Object, java.lang.Object, java.lang.Object, java.lang.Object, java.lang.Object)'> (0x000000008a9dc398) 
thrown [t:\workspace\open\src\hotspot\share\interpreter\linkResolver.cpp, line 766]
Event: 1.819 Thread 0x00000201551a7640 Exception <a 'java/lang/NoSuchMethodError'{0x000000008a9ec360}: 'int java.lang.invoke.DirectMethodHandle$Holder.invokeStatic(java.lang.Object, java.lang.Object, java.lang.Object, java.lang.Object, java.lang.Object)'> (0x000000008a9ec360) 
thrown [t:\workspace\open\src\hotspot\share\interpreter\linkResolver.cpp, line 766]
Event: 1.853 Thread 0x00000201551a7640 Exception <a 'java/lang/NoSuchMethodError'{0x000000008a82d060}: 'void java.lang.invoke.DirectMethodHandle$Holder.invokeStaticInit(java.lang.Object)'> (0x000000008a82d060) 
thrown [t:\workspace\open\src\hotspot\share\interpreter\linkResolver.cpp, line 766]
Event: 1.972 Thread 0x00000201551a7640 Exception <a 'java/lang/NoSuchMethodError'{0x000000008a705848}: 'int java.lang.invoke.DirectMethodHandle$Holder.invokeStaticInit(java.lang.Object, java.lang.Object)'> (0x000000008a705848) 
thrown [t:\workspace\open\src\hotspot\share\interpreter\linkResolver.cpp, line 766]
Event: 2.174 Thread 0x00000201551a7640 Exception <a 'java/lang/NoSuchMethodError'{0x000000008a7f24e8}: 'java.lang.Object java.lang.invoke.DirectMethodHandle$Holder.newInvokeSpecial(java.lang.Object, java.lang.Object, java.lang.Object, java.lang.Object, java.lang.Object, java.lang.Object, java.lang.Object)'> (0x000000008a7f24e8) 
thrown [t:\workspace\open\src\hotspot\share\interpreter\linkResolver.cpp, line 766]
Event: 2.176 Thread 0x00000201551a7640 Exception <a 'java/lang/NoSuchMethodError'{0x000000008a7f70a0}: 'java.lang.Object java.lang.invoke.Invokers$Holder.linkToTargetMethod(java.lang.Object, java.lang.Object, java.lang.Object, java.lang.Object, java.lang.Object, java.lang.Object, java.lang.Object)'> (0x000000008a7f70a0) 
thrown [t:\workspace\open\src\hotspot\share\interpreter\linkResolver.cpp, line 766]
Event: 2.178 Thread 0x00000201551a7640 Exception <a 'java/lang/NoSuchMethodError'{0x000000008a7fd568}: 'java.lang.Object java.lang.invoke.DirectMethodHandle$Holder.invokeInterface(java.lang.Object, java.lang.Object, java.lang.Object, java.lang.Object, java.lang.Object)'> (0x000000008a7fd568) 
thrown [t:\workspace\open\src\hotspot\share\interpreter\linkResolver.cpp, line 766]
Event: 2.179 Thread 0x00000201551a7640 Exception <a 'java/lang/IncompatibleClassChangeError'{0x000000008a601808}: Found class java.lang.Object, but interface was expected> (0x000000008a601808) 
thrown [t:\workspace\open\src\hotspot\share\interpreter\linkResolver.cpp, line 833]
Event: 2.302 Thread 0x00000201551a7640 Exception <a 'java/lang/ClassNotFoundException'{0x000000008a6af0a8}: sun/awt/resources/spi/awtProvider> (0x000000008a6af0a8) 
thrown [t:\workspace\open\src\hotspot\share\classfile\systemDictionary.cpp, line 256]
Event: 2.377 Thread 0x00000201551a7640 Exception <a 'java/io/FileNotFoundException'{0x000000008a6f36b8}> (0x000000008a6f36b8) 
thrown [t:\workspace\open\src\hotspot\share\prims\jni.cpp, line 516]
Event: 2.399 Thread 0x00000201551a7640 Exception <a 'java/io/FileNotFoundException'{0x000000008a521080}> (0x000000008a521080) 
thrown [t:\workspace\open\src\hotspot\share\prims\jni.cpp, line 516]
Event: 2.612 Thread 0x00000201551a7640 Exception <a 'java/lang/NoSuchMethodError'{0x000000008a57a740}: 'java.lang.Object java.lang.invoke.DirectMethodHandle$Holder.newInvokeSpecial(java.lang.Object, java.lang.Object, int, int)'> (0x000000008a57a740) 
thrown [t:\workspace\open\src\hotspot\share\interpreter\linkResolver.cpp, line 766]

VM Operations (20 events):
Event: 0.477 Executing VM operation: HandshakeAllThreads done
Event: 1.491 Executing VM operation: Cleanup
Event: 1.492 Executing VM operation: Cleanup done
Event: 2.187 Executing VM operation: HandshakeAllThreads
Event: 2.187 Executing VM operation: HandshakeAllThreads done
Event: 2.272 Executing VM operation: HandshakeAllThreads
Event: 2.272 Executing VM operation: HandshakeAllThreads done
Event: 2.792 Executing VM operation: G1CollectForAllocation
Event: 3.158 Executing VM operation: G1CollectForAllocation done
Event: 3.232 Executing VM operation: G1CollectForAllocation
Event: 3.278 Executing VM operation: G1CollectForAllocation done
Event: 3.443 Executing VM operation: G1CollectForAllocation
Event: 3.452 Executing VM operation: G1CollectForAllocation done
Event: 3.514 Executing VM operation: G1CollectForAllocation
Event: 3.516 Executing VM operation: G1CollectForAllocation done
Event: 3.617 Executing VM operation: G1CollectForAllocation
Event: 3.628 Executing VM operation: G1CollectForAllocation done
Event: 3.673 Executing VM operation: G1CollectForAllocation
Event: 3.692 Executing VM operation: G1CollectForAllocation done
Event: 3.726 Executing VM operation: G1CollectForAllocation

Events (20 events):
Event: 2.621 loading class jdk/internal/math/FormattedFloatingDecimal$1
Event: 2.621 loading class jdk/internal/math/FormattedFloatingDecimal$1 done
Event: 2.622 loading class jdk/internal/math/FormattedFloatingDecimal$2
Event: 2.623 loading class jdk/internal/math/FormattedFloatingDecimal$2 done
Event: 2.626 loading class sun/util/resources/LocaleData$CommonResourceBundleProvider
Event: 2.627 loading class sun/util/resources/LocaleData$LocaleDataResourceBundleProvider
Event: 2.627 loading class java/util/spi/ResourceBundleProvider
Event: 2.628 loading class java/util/spi/ResourceBundleProvider done
Event: 2.628 loading class sun/util/resources/LocaleData$LocaleDataResourceBundleProvider done
Event: 2.628 loading class sun/util/resources/LocaleData$CommonResourceBundleProvider done
Event: 2.629 loading class sun/util/resources/Bundles$2
Event: 2.629 loading class sun/util/resources/Bundles$2 done
Event: 2.630 loading class java/lang/InstantiationException
Event: 2.630 loading class java/lang/InstantiationException done
Event: 2.725 loading class java/util/LinkedList$ListItr
Event: 2.725 loading class java/util/LinkedList$ListItr done
Event: 2.746 Thread 0x00000201743ab330 Thread added: 0x00000201743ab330
Event: 3.166 Thread 0x0000020173df4df0 Thread added: 0x0000020173df4df0
Event: 3.216 loading class jdk/internal/math/FDBigInteger
Event: 3.217 loading class jdk/internal/math/FDBigInteger done


Dynamic libraries:
0x00007ff65e430000 - 0x00007ff65e440000 	C:\Program Files\Java\jdk-17.0.2\bin\java.exe
0x00007fff1a420000 - 0x00007fff1a629000 	C:\WINDOWS\SYSTEM32\ntdll.dll
0x00007ffee6090000 - 0x00007ffee60a6000 	C:\Program Files\Avast Software\Avast\aswhook.dll
0x00007fff18e50000 - 0x00007fff18f0d000 	C:\WINDOWS\System32\KERNEL32.DLL
0x00007fff17f30000 - 0x00007fff182a9000 	C:\WINDOWS\System32\KERNELBASE.dll
0x00007fff17ad0000 - 0x00007fff17be1000 	C:\WINDOWS\System32\ucrtbase.dll
0x00007fff10f40000 - 0x00007fff10f58000 	C:\Program Files\Java\jdk-17.0.2\bin\jli.dll
0x00007fff182d0000 - 0x00007fff1837e000 	C:\WINDOWS\System32\ADVAPI32.dll
0x00007fff18950000 - 0x00007fff189f3000 	C:\WINDOWS\System32\msvcrt.dll
0x00007fff19270000 - 0x00007fff1930e000 	C:\WINDOWS\System32\sechost.dll
0x00007fff19780000 - 0x00007fff198a0000 	C:\WINDOWS\System32\RPCRT4.dll
0x00007fff18c30000 - 0x00007fff18ddc000 	C:\WINDOWS\System32\USER32.dll
0x00007fff17aa0000 - 0x00007fff17ac6000 	C:\WINDOWS\System32\win32u.dll
0x00007fff198a0000 - 0x00007fff198c9000 	C:\WINDOWS\System32\GDI32.dll
0x00007fff17980000 - 0x00007fff17a92000 	C:\WINDOWS\System32\gdi32full.dll
0x00007fff17cb0000 - 0x00007fff17d4d000 	C:\WINDOWS\System32\msvcp_win.dll
0x00007fff0f390000 - 0x00007fff0f3aa000 	C:\Program Files\Java\jdk-17.0.2\bin\VCRUNTIME140.dll
0x00007fff0e2e0000 - 0x00007fff0e2ea000 	C:\WINDOWS\SYSTEM32\VERSION.dll
0x00007fff01e60000 - 0x00007fff02105000 	C:\WINDOWS\WinSxS\amd64_microsoft.windows.common-controls_6595b64144ccf1df_6.0.22000.120_none_9d947278b86cc467\COMCTL32.dll
0x00007fff19950000 - 0x00007fff19981000 	C:\WINDOWS\System32\IMM32.DLL
0x00007fff10f20000 - 0x00007fff10f2c000 	C:\Program Files\Java\jdk-17.0.2\bin\vcruntime140_1.dll
0x00007ffeffb40000 - 0x00007ffeffbcd000 	C:\Program Files\Java\jdk-17.0.2\bin\msvcp140.dll
0x00007ffeaa6e0000 - 0x00007ffeab2a1000 	C:\Program Files\Java\jdk-17.0.2\bin\server\jvm.dll
0x00007fff18390000 - 0x00007fff18398000 	C:\WINDOWS\System32\PSAPI.DLL
0x00007ffefd5e0000 - 0x00007ffefd5e9000 	C:\WINDOWS\SYSTEM32\WSOCK32.dll
0x00007fff18de0000 - 0x00007fff18e4f000 	C:\WINDOWS\System32\WS2_32.dll
0x00007fff0e280000 - 0x00007fff0e2b3000 	C:\WINDOWS\SYSTEM32\WINMM.dll
0x00007fff16af0000 - 0x00007fff16b08000 	C:\WINDOWS\SYSTEM32\kernel.appcore.dll
0x00007fff0fc60000 - 0x00007fff0fc6a000 	C:\Program Files\Java\jdk-17.0.2\bin\jimage.dll
0x00007fff15470000 - 0x00007fff15691000 	C:\WINDOWS\SYSTEM32\DBGHELP.DLL
0x00007fff02230000 - 0x00007fff02261000 	C:\WINDOWS\SYSTEM32\dbgcore.DLL
0x00007fff17900000 - 0x00007fff1797f000 	C:\WINDOWS\System32\bcryptPrimitives.dll
0x00007fff0f380000 - 0x00007fff0f38e000 	C:\Program Files\Java\jdk-17.0.2\bin\instrument.dll
0x00007fff01ce0000 - 0x00007fff01d05000 	C:\Program Files\Java\jdk-17.0.2\bin\java.dll
0x00007ffeffa60000 - 0x00007ffeffb36000 	C:\Program Files\Java\jdk-17.0.2\bin\jsvml.dll
0x00007fff19990000 - 0x00007fff1a148000 	C:\WINDOWS\System32\SHELL32.dll
0x00007fff15a80000 - 0x00007fff162e8000 	C:\WINDOWS\SYSTEM32\windows.storage.dll
0x00007fff185d0000 - 0x00007fff18949000 	C:\WINDOWS\System32\combase.dll
0x00007fff15910000 - 0x00007fff15a76000 	C:\WINDOWS\SYSTEM32\wintypes.dll
0x00007fff18f10000 - 0x00007fff18ffa000 	C:\WINDOWS\System32\SHCORE.dll
0x00007fff198f0000 - 0x00007fff1994d000 	C:\WINDOWS\System32\shlwapi.dll
0x00007fff17830000 - 0x00007fff17851000 	C:\WINDOWS\SYSTEM32\profapi.dll
0x00007fff0f360000 - 0x00007fff0f378000 	C:\Program Files\Java\jdk-17.0.2\bin\zip.dll
0x00007fff0f170000 - 0x00007fff0f189000 	C:\Program Files\Java\jdk-17.0.2\bin\net.dll
0x00007fff0e170000 - 0x00007fff0e27c000 	C:\WINDOWS\SYSTEM32\WINHTTP.dll
0x00007fff16f20000 - 0x00007fff16f87000 	C:\WINDOWS\system32\mswsock.dll
0x00007fff003f0000 - 0x00007fff00406000 	C:\Program Files\Java\jdk-17.0.2\bin\nio.dll
0x00007ffef8060000 - 0x00007ffef807a000 	C:\Program Files\JetBrains\IntelliJ IDEA Community Edition 2021.3.2\bin\breakgen64.dll
0x00007ffeb9ea0000 - 0x00007ffeba02f000 	C:\Program Files\Java\jdk-17.0.2\bin\awt.dll
0x00007fff18af0000 - 0x00007fff18bc6000 	C:\WINDOWS\System32\OLEAUT32.dll
0x00007fff11990000 - 0x00007fff11a21000 	C:\WINDOWS\SYSTEM32\apphelp.dll

dbghelp: loaded successfully - version: 4.0.5 - missing functions: none
symbol engine: initialized successfully - sym options: 0x614 - pdb path: .;C:\Program Files\Java\jdk-17.0.2\bin;C:\WINDOWS\SYSTEM32;C:\Program Files\Avast Software\Avast;C:\WINDOWS\WinSxS\amd64_microsoft.windows.common-controls_6595b64144ccf1df_6.0.22000.120_none_9d947278b86cc467;C:\Program Files\Java\jdk-17.0.2\bin\server;C:\Program Files\JetBrains\IntelliJ IDEA Community Edition 2021.3.2\bin

VM Arguments:
jvm_args: -ea -Didea.test.cyclic.buffer.size=1048576 -javaagent:C:\Program Files\JetBrains\IntelliJ IDEA Community Edition 2021.3.2\lib\idea_rt.jar=64479:C:\Program Files\JetBrains\IntelliJ IDEA Community Edition 2021.3.2\bin -Dfile.encoding=UTF-8 
java_command: com.intellij.rt.junit.JUnitStarter -ideVersion5 -junit5 renderer.FinalTest,BallsPool
java_class_path (initial): C:\Users\Kaplan\.m2\repository\org\junit\platform\junit-platform-launcher\1.8.2\junit-platform-launcher-1.8.2.jar;C:\Users\Kaplan\.m2\repository\org\junit\platform\junit-platform-engine\1.8.2\junit-platform-engine-1.8.2.jar;C:\Users\Kaplan\.m2\repository\org\opentest4j\opentest4j\1.2.0\opentest4j-1.2.0.jar;C:\Users\Kaplan\.m2\repository\org\junit\platform\junit-platform-commons\1.8.2\junit-platform-commons-1.8.2.jar;C:\Users\Kaplan\.m2\repository\org\apiguardian\apiguardian-api\1.1.2\apiguardian-api-1.1.2.jar;C:\Program Files\JetBrains\IntelliJ IDEA Community Edition 2021.3.2\lib\idea_rt.jar;C:\Program Files\JetBrains\IntelliJ IDEA Community Edition 2021.3.2\plugins\junit\lib\junit5-rt.jar;C:\Program Files\JetBrains\IntelliJ IDEA Community Edition 2021.3.2\plugins\junit\lib\junit-rt.jar;C:\Users\Kaplan\IdeaProjects\ISE5782_9463_4853\out\test\ISE5782_9463_4853;C:\Users\Kaplan\IdeaProjects\ISE5782_9463_4853\out\production\ISE5782_9463_4853;C:\Users\Kaplan\IdeaProjects\ISE5782_9463_4853\lib\junit-jupiter-5.8.2.jar;C:\Users\Kaplan\IdeaProjects\ISE5782_9463_4853\lib\junit-jupiter-api-5.8.2.jar;C:\Users\Kaplan\IdeaProjects\ISE5782_9463_4853\lib\opentest4j-1.2.0.jar;C:\Users\Kaplan\IdeaProjects\ISE5782_9463_4853\lib\junit-platform-commons-1.8.2.jar;C:\Users\Kaplan\IdeaProjects\ISE5782_9463_4853\lib\apiguardian-api-1.1.2.jar;C:\Users\Kaplan\IdeaProjects\ISE5782_9463_4853\lib\junit-jupiter-params-5.8.2.jar;C:\Users\Kaplan\IdeaProjects\ISE5782_9463_4853\lib\junit-jupiter-engine-5.8.2.jar;C:\Users\Kaplan\IdeaProjects\ISE5782_9463_4853\lib\junit-platform-engine-1.8.2.jar
Launcher Type: SUN_STANDARD

[Global flags]
     intx CICompilerCount                          = 4                                         {product} {ergonomic}
     uint ConcGCThreads                            = 2                                         {product} {ergonomic}
     uint G1ConcRefinementThreads                  = 8                                         {product} {ergonomic}
   size_t G1HeapRegionSize                         = 1048576                                   {product} {ergonomic}
    uintx GCDrainStackTargetSize                   = 64                                        {product} {ergonomic}
   size_t InitialHeapSize                          = 132120576                                 {product} {ergonomic}
   size_t MarkStackSize                            = 4194304                                   {product} {ergonomic}
   size_t MaxHeapSize                              = 2088763392                                {product} {ergonomic}
   size_t MaxNewSize                               = 1253048320                                {product} {ergonomic}
   size_t MinHeapDeltaBytes                        = 1048576                                   {product} {ergonomic}
   size_t MinHeapSize                              = 8388608                                   {product} {ergonomic}
    uintx NonNMethodCodeHeapSize                   = 5839372                                {pd product} {ergonomic}
    uintx NonProfiledCodeHeapSize                  = 122909434                              {pd product} {ergonomic}
    uintx ProfiledCodeHeapSize                     = 122909434                              {pd product} {ergonomic}
    uintx ReservedCodeCacheSize                    = 251658240                              {pd product} {ergonomic}
     bool SegmentedCodeCache                       = true                                      {product} {ergonomic}
   size_t SoftMaxHeapSize                          = 2088763392                             {manageable} {ergonomic}
     bool UseCompressedClassPointers               = true                           {product lp64_product} {ergonomic}
     bool UseCompressedOops                        = true                           {product lp64_product} {ergonomic}
     bool UseG1GC                                  = true                                      {product} {ergonomic}
     bool UseLargePagesIndividualAllocation        = false                                  {pd product} {ergonomic}

Logging:
Log output configuration:
 #0: stdout all=warning uptime,level,tags
 #1: stderr all=off uptime,level,tags

Environment Variables:
JAVA_HOME=C:\Program Files\Java\jdk-17.0.2
PATH=C:\Program Files\Java\jdk-17.0.2\bin;C:\WINDOWS\system32;C:\WINDOWS;C:\WINDOWS\System32\Wbem;C:\WINDOWS\System32\WindowsPowerShell\v1.0\;C:\WINDOWS\System32\OpenSSH\;C:\Program Files\dotnet\;C:\Program Files\Git\cmd;C:\Program Files (x86)\dotnet\;C:\Users\Kaplan\AppData\Local\Microsoft\WindowsApps;C:\Users\Kaplan\.dotnet\tools;
USERNAME=Kaplan
OS=Windows_NT
PROCESSOR_IDENTIFIER=Intel64 Family 6 Model 126 Stepping 5, GenuineIntel



---------------  S Y S T E M  ---------------

OS:
 Windows 11 , 64 bit Build 22000 (10.0.22000.708)
OS uptime: 0 days 10:19 hours

CPU: total 8 (initial active 8) (4 cores per cpu, 2 threads per core) family 6 model 126 stepping 5 microcode 0x86, cx8, cmov, fxsr, ht, mmx, 3dnowpref, sse, sse2, sse3, ssse3, sse4.1, sse4.2, popcnt, lzcnt, tsc, tscinvbit, avx, avx2, aes, erms, clmul, bmi1, bmi2, adx, avx512f, avx512dq, avx512cd, avx512bw, avx512vl, sha, fma, vzeroupper, avx512_vpopcntdq, avx512_vpclmulqdq, avx512_vaes, avx512_vnni, clflush, clflushopt, avx512_vbmi2, avx512_vbmi

Memory: 4k page, system-wide physical 7967M (720M free)
TotalPageFile size 10015M (AvailPageFile size 11M)
current process WorkingSet (physical memory assigned to process): 132M, peak: 132M
current process commit charge ("private bytes"): 225M, peak: 262M

vm_info: Java HotSpot(TM) 64-Bit Server VM (17.0.2+8-LTS-86) for windows-amd64 JRE (17.0.2+8-LTS-86), built on Dec  7 2021 21:51:03 by "mach5one" with MS VC++ 16.8 / 16.9 (VS2019)

END.
