#
# There is insufficient memory for the Java Runtime Environment to continue.
# Native memory allocation (mmap) failed to map 113246208 bytes for G1 virtual space
# Possible reasons:
#   The system is out of physical RAM or swap space
#   The process is running with CompressedOops enabled, and the Java Heap may be blocking the growth of the native heap
# Possible solutions:
#   Reduce memory load on the system
#   Increase physical memory or swap space
#   Check if swap backing store is full
#   Decrease Java heap size (-Xmx/-Xms)
#   Decrease number of Java threads
#   Decrease Java thread stack sizes (-Xss)
#   Set larger code cache with -XX:ReservedCodeCacheSize=
#   JVM is running with Unscaled Compressed Oops mode in which the Java heap is
#     placed in the first 4GB address space. The Java Heap base address is the
#     maximum limit for the native heap growth. Please use -XX:HeapBaseMinAddress
#     to set the Java Heap base and to place the Java Heap above 4GB virtual address.
# This output file may be truncated or incomplete.
#
#  Out of Memory Error (os_windows.cpp:3532), pid=13164, tid=9240
#
# JRE version: Java(TM) SE Runtime Environment (17.0.2+8) (build 17.0.2+8-LTS-86)
# Java VM: Java HotSpot(TM) 64-Bit Server VM (17.0.2+8-LTS-86, mixed mode, sharing, tiered, compressed oops, compressed class ptrs, g1 gc, windows-amd64)
# No core dump will be written. Minidumps are not enabled by default on client versions of Windows
#

---------------  S U M M A R Y ------------

Command Line: -ea -Didea.test.cyclic.buffer.size=1048576 -javaagent:C:\Program Files\JetBrains\IntelliJ IDEA Community Edition 2021.3.2\lib\idea_rt.jar=57929:C:\Program Files\JetBrains\IntelliJ IDEA Community Edition 2021.3.2\bin -Dfile.encoding=UTF-8 com.intellij.rt.junit.JUnitStarter -ideVersion5 -junit5 renderer.ReflectionRefractionTests,trianglesTransparentSphere

Host: Intel(R) Core(TM) i5-1035G1 CPU @ 1.00GHz, 8 cores, 7G,  Windows 11 , 64 bit Build 22000 (10.0.22000.708)
Time: Thu Jun 30 18:32:06 2022  Windows 11 , 64 bit Build 22000 (10.0.22000.708) elapsed time: 1.145912 seconds (0d 0h 0m 1s)

---------------  T H R E A D  ---------------

Current thread (0x0000026afebab270):  VMThread "VM Thread" [stack: 0x000000d862700000,0x000000d862800000] [id=9240]

Stack: [0x000000d862700000,0x000000d862800000]
Native frames: (J=compiled Java code, j=interpreted, Vv=VM code, C=native code)
V  [jvm.dll+0x670baa]
V  [jvm.dll+0x7cfcb4]
V  [jvm.dll+0x7d145e]
V  [jvm.dll+0x7d1ac3]
V  [jvm.dll+0x242bc5]
V  [jvm.dll+0x66dac9]
V  [jvm.dll+0x662412]
V  [jvm.dll+0x300c0b]
V  [jvm.dll+0x3081a6]
V  [jvm.dll+0x357d0e]
V  [jvm.dll+0x357f3f]
V  [jvm.dll+0x2d7ec8]
V  [jvm.dll+0x2d6194]
V  [jvm.dll+0x2d579c]
V  [jvm.dll+0x3190eb]
V  [jvm.dll+0x7d5f9b]
V  [jvm.dll+0x7d6cd4]
V  [jvm.dll+0x7d71ec]
V  [jvm.dll+0x7d75c4]
V  [jvm.dll+0x7d7690]
V  [jvm.dll+0x77ff7a]
V  [jvm.dll+0x66fa35]
C  [ucrtbase.dll+0x26c0c]
C  [KERNEL32.DLL+0x154e0]
C  [ntdll.dll+0x485b]

VM_Operation (0x000000d8621fa910): G1CollectForAllocation, mode: safepoint, requested by thread 0x0000026af5a86d70


---------------  P R O C E S S  ---------------

Threads class SMR info:
_java_thread_list=0x0000026a9517f950, length=15, elements={
0x0000026af5a86d70, 0x0000026afebaed00, 0x0000026afebaf8b0, 0x0000026afebc85f0,
0x0000026afebcb3b0, 0x0000026afebcd390, 0x0000026afebd0ef0, 0x0000026afebe4eb0,
0x0000026afebe5860, 0x0000026afebe6570, 0x0000026afebd0080, 0x0000026afebd1d60,
0x0000026afebd13c0, 0x0000026a95184560, 0x0000026affa17120
}

Java Threads: ( => current thread )
  0x0000026af5a86d70 JavaThread "main" [_thread_blocked, id=9724, stack(0x000000d862100000,0x000000d862200000)]
  0x0000026afebaed00 JavaThread "Reference Handler" daemon [_thread_blocked, id=10816, stack(0x000000d862800000,0x000000d862900000)]
  0x0000026afebaf8b0 JavaThread "Finalizer" daemon [_thread_blocked, id=14436, stack(0x000000d862900000,0x000000d862a00000)]
  0x0000026afebc85f0 JavaThread "Signal Dispatcher" daemon [_thread_blocked, id=15480, stack(0x000000d862a00000,0x000000d862b00000)]
  0x0000026afebcb3b0 JavaThread "Attach Listener" daemon [_thread_blocked, id=17560, stack(0x000000d862b00000,0x000000d862c00000)]
  0x0000026afebcd390 JavaThread "Service Thread" daemon [_thread_blocked, id=16120, stack(0x000000d862c00000,0x000000d862d00000)]
  0x0000026afebd0ef0 JavaThread "Monitor Deflation Thread" daemon [_thread_blocked, id=3792, stack(0x000000d862d00000,0x000000d862e00000)]
  0x0000026afebe4eb0 JavaThread "C2 CompilerThread0" daemon [_thread_in_native, id=18120, stack(0x000000d862e00000,0x000000d862f00000)]
  0x0000026afebe5860 JavaThread "C1 CompilerThread0" daemon [_thread_blocked, id=7900, stack(0x000000d862f00000,0x000000d863000000)]
  0x0000026afebe6570 JavaThread "Sweeper thread" daemon [_thread_blocked, id=13168, stack(0x000000d863000000,0x000000d863100000)]
  0x0000026afebd0080 JavaThread "Common-Cleaner" daemon [_thread_blocked, id=6760, stack(0x000000d863100000,0x000000d863200000)]
  0x0000026afebd1d60 JavaThread "Monitor Ctrl-Break" daemon [_thread_in_native, id=13672, stack(0x000000d863200000,0x000000d863300000)]
  0x0000026afebd13c0 JavaThread "Notification Thread" daemon [_thread_blocked, id=14728, stack(0x000000d863300000,0x000000d863400000)]
  0x0000026a95184560 JavaThread "C2 CompilerThread1" daemon [_thread_blocked, id=2624, stack(0x000000d863500000,0x000000d863600000)]
  0x0000026affa17120 JavaThread "C2 CompilerThread2" daemon [_thread_in_native, id=11868, stack(0x000000d863a00000,0x000000d863b00000)]

Other Threads:
=>0x0000026afebab270 VMThread "VM Thread" [stack: 0x000000d862700000,0x000000d862800000] [id=9240]
  0x0000026af5ae1050 WatcherThread [stack: 0x000000d863400000,0x000000d863500000] [id=17920]
  0x0000026af5ac6560 GCTaskThread "GC Thread#0" [stack: 0x000000d862200000,0x000000d862300000] [id=12320]
  0x0000026a951e9f70 GCTaskThread "GC Thread#1" [stack: 0x000000d863600000,0x000000d863700000] [id=16844]
  0x0000026a951d5050 GCTaskThread "GC Thread#2" [stack: 0x000000d863700000,0x000000d863800000] [id=13764]
  0x0000026a951ef0c0 GCTaskThread "GC Thread#3" [stack: 0x000000d863800000,0x000000d863900000] [id=14088]
  0x0000026a951ef990 GCTaskThread "GC Thread#4" [stack: 0x000000d863900000,0x000000d863a00000] [id=17544]
  0x0000026a957027d0 GCTaskThread "GC Thread#5" [stack: 0x000000d863b00000,0x000000d863c00000] [id=13304]
  0x0000026a955ec230 GCTaskThread "GC Thread#6" [stack: 0x000000d863c00000,0x000000d863d00000] [id=12016]
  0x0000026a95637ce0 GCTaskThread "GC Thread#7" [stack: 0x000000d863d00000,0x000000d863e00000] [id=17260]
  0x0000026af5ad6e70 ConcurrentGCThread "G1 Main Marker" [stack: 0x000000d862300000,0x000000d862400000] [id=17668]
  0x0000026af5ad7880 ConcurrentGCThread "G1 Conc#0" [stack: 0x000000d862400000,0x000000d862500000] [id=13744]
  0x0000026afea70090 ConcurrentGCThread "G1 Refine#0" [stack: 0x000000d862500000,0x000000d862600000] [id=14492]
  0x0000026afea70ab0 ConcurrentGCThread "G1 Service" [stack: 0x000000d862600000,0x000000d862700000] [id=14956]

Threads with active compile tasks:
C2 CompilerThread0     1169 1223       4       renderer.RayTracerBasic::findClosestIntersection (16 bytes)
C2 CompilerThread1     1169 1262       4       geometries.Geometries::findGeoIntersectionsHelper (80 bytes)
C2 CompilerThread2     1169 1166       4       renderer.Camera::pixelColorASS (335 bytes)

VM state: at safepoint (normal execution)

VM Mutex/Monitor currently owned by a thread:  ([mutex/lock_event])
[0x0000026af5a81500] Threads_lock - owner thread: 0x0000026afebab270
[0x0000026af5a823a0] Heap_lock - owner thread: 0x0000026af5a86d70

Heap address: 0x0000000083800000, size: 1992 MB, Compressed Oops mode: 32-bit

CDS archive(s) mapped at: [0x0000000800000000-0x0000000800bc0000-0x0000000800bc0000), size 12320768, SharedBaseAddress: 0x0000000800000000, ArchiveRelocationMode: 0.
Compressed class space mapped at: 0x0000000800c00000-0x0000000840c00000, reserved size: 1073741824
Narrow klass base: 0x0000000800000000, Narrow klass shift: 0, Narrow klass range: 0x100000000

GC Precious Log:
 CPUs: 8 total, 8 available
 Memory: 7967M
 Large Page Support: Disabled
 NUMA Support: Disabled
 Compressed Oops: Enabled (32-bit)
 Heap Region Size: 1M
 Heap Min Capacity: 8M
 Heap Initial Capacity: 126M
 Heap Max Capacity: 1992M
 Pre-touch: Disabled
 Parallel Workers: 8
 Concurrent Workers: 2
 Concurrent Refinement Workers: 8
 Periodic GC: Disabled

Heap:
 garbage-first heap   total 129024K, used 4856K [0x0000000083800000, 0x0000000100000000)
  region size 1024K, 3 young (3072K), 3 survivors (3072K)
 Metaspace       used 5270K, committed 5440K, reserved 1056768K
  class space    used 663K, committed 768K, reserved 1048576K

Heap Regions: E=young(eden), S=young(survivor), O=old, HS=humongous(starts), HC=humongous(continues), CS=collection set, F=free, OA=open archive, CA=closed archive, TAMS=top-at-mark-start (previous, next)
|   0|0x0000000083800000, 0x0000000083900000, 0x0000000083900000|100%|HS|  |TAMS 0x0000000083800000, 0x0000000083800000| Complete 
|   1|0x0000000083900000, 0x0000000083a00000, 0x0000000083a00000|100%|HC|  |TAMS 0x0000000083900000, 0x0000000083900000| Complete 
|   2|0x0000000083a00000, 0x0000000083a00000, 0x0000000083b00000|  0%| F|  |TAMS 0x0000000083a00000, 0x0000000083a00000| Untracked 
|   3|0x0000000083b00000, 0x0000000083b00000, 0x0000000083c00000|  0%| F|  |TAMS 0x0000000083b00000, 0x0000000083b00000| Untracked 
|   4|0x0000000083c00000, 0x0000000083c00000, 0x0000000083d00000|  0%| F|  |TAMS 0x0000000083c00000, 0x0000000083c00000| Untracked 
|   5|0x0000000083d00000, 0x0000000083d00000, 0x0000000083e00000|  0%| F|  |TAMS 0x0000000083d00000, 0x0000000083d00000| Untracked 
|   6|0x0000000083e00000, 0x0000000083e00000, 0x0000000083f00000|  0%| F|  |TAMS 0x0000000083e00000, 0x0000000083e00000| Untracked 
|   7|0x0000000083f00000, 0x0000000083f00000, 0x0000000084000000|  0%| F|  |TAMS 0x0000000083f00000, 0x0000000083f00000| Untracked 
|   8|0x0000000084000000, 0x0000000084000000, 0x0000000084100000|  0%| F|  |TAMS 0x0000000084000000, 0x0000000084000000| Untracked 
|   9|0x0000000084100000, 0x0000000084100000, 0x0000000084200000|  0%| F|  |TAMS 0x0000000084100000, 0x0000000084100000| Untracked 
|  10|0x0000000084200000, 0x0000000084200000, 0x0000000084300000|  0%| F|  |TAMS 0x0000000084200000, 0x0000000084200000| Untracked 
|  11|0x0000000084300000, 0x0000000084300000, 0x0000000084400000|  0%| F|  |TAMS 0x0000000084300000, 0x0000000084300000| Untracked 
|  12|0x0000000084400000, 0x0000000084400000, 0x0000000084500000|  0%| F|  |TAMS 0x0000000084400000, 0x0000000084400000| Untracked 
|  13|0x0000000084500000, 0x0000000084500000, 0x0000000084600000|  0%| F|  |TAMS 0x0000000084500000, 0x0000000084500000| Untracked 
|  14|0x0000000084600000, 0x0000000084600000, 0x0000000084700000|  0%| F|  |TAMS 0x0000000084600000, 0x0000000084600000| Untracked 
|  15|0x0000000084700000, 0x0000000084700000, 0x0000000084800000|  0%| F|  |TAMS 0x0000000084700000, 0x0000000084700000| Untracked 
|  16|0x0000000084800000, 0x0000000084800000, 0x0000000084900000|  0%| F|  |TAMS 0x0000000084800000, 0x0000000084800000| Untracked 
|  17|0x0000000084900000, 0x0000000084900000, 0x0000000084a00000|  0%| F|  |TAMS 0x0000000084900000, 0x0000000084900000| Untracked 
|  18|0x0000000084a00000, 0x0000000084a00000, 0x0000000084b00000|  0%| F|  |TAMS 0x0000000084a00000, 0x0000000084a00000| Untracked 
|  19|0x0000000084b00000, 0x0000000084b00000, 0x0000000084c00000|  0%| F|  |TAMS 0x0000000084b00000, 0x0000000084b00000| Untracked 
|  20|0x0000000084c00000, 0x0000000084c00000, 0x0000000084d00000|  0%| F|  |TAMS 0x0000000084c00000, 0x0000000084c00000| Untracked 
|  21|0x0000000084d00000, 0x0000000084d00000, 0x0000000084e00000|  0%| F|  |TAMS 0x0000000084d00000, 0x0000000084d00000| Untracked 
|  22|0x0000000084e00000, 0x0000000084e00000, 0x0000000084f00000|  0%| F|  |TAMS 0x0000000084e00000, 0x0000000084e00000| Untracked 
|  23|0x0000000084f00000, 0x0000000084f00000, 0x0000000085000000|  0%| F|  |TAMS 0x0000000084f00000, 0x0000000084f00000| Untracked 
|  24|0x0000000085000000, 0x0000000085000000, 0x0000000085100000|  0%| F|  |TAMS 0x0000000085000000, 0x0000000085000000| Untracked 
|  25|0x0000000085100000, 0x0000000085100000, 0x0000000085200000|  0%| F|  |TAMS 0x0000000085100000, 0x0000000085100000| Untracked 
|  26|0x0000000085200000, 0x0000000085200000, 0x0000000085300000|  0%| F|  |TAMS 0x0000000085200000, 0x0000000085200000| Untracked 
|  27|0x0000000085300000, 0x0000000085300000, 0x0000000085400000|  0%| F|  |TAMS 0x0000000085300000, 0x0000000085300000| Untracked 
|  28|0x0000000085400000, 0x0000000085400000, 0x0000000085500000|  0%| F|  |TAMS 0x0000000085400000, 0x0000000085400000| Untracked 
|  29|0x0000000085500000, 0x0000000085500000, 0x0000000085600000|  0%| F|  |TAMS 0x0000000085500000, 0x0000000085500000| Untracked 
|  30|0x0000000085600000, 0x0000000085600000, 0x0000000085700000|  0%| F|  |TAMS 0x0000000085600000, 0x0000000085600000| Untracked 
|  31|0x0000000085700000, 0x0000000085700000, 0x0000000085800000|  0%| F|  |TAMS 0x0000000085700000, 0x0000000085700000| Untracked 
|  32|0x0000000085800000, 0x0000000085800000, 0x0000000085900000|  0%| F|  |TAMS 0x0000000085800000, 0x0000000085800000| Untracked 
|  33|0x0000000085900000, 0x0000000085900000, 0x0000000085a00000|  0%| F|  |TAMS 0x0000000085900000, 0x0000000085900000| Untracked 
|  34|0x0000000085a00000, 0x0000000085a00000, 0x0000000085b00000|  0%| F|  |TAMS 0x0000000085a00000, 0x0000000085a00000| Untracked 
|  35|0x0000000085b00000, 0x0000000085b00000, 0x0000000085c00000|  0%| F|  |TAMS 0x0000000085b00000, 0x0000000085b00000| Untracked 
|  36|0x0000000085c00000, 0x0000000085c00000, 0x0000000085d00000|  0%| F|  |TAMS 0x0000000085c00000, 0x0000000085c00000| Untracked 
|  37|0x0000000085d00000, 0x0000000085d00000, 0x0000000085e00000|  0%| F|  |TAMS 0x0000000085d00000, 0x0000000085d00000| Untracked 
|  38|0x0000000085e00000, 0x0000000085e00000, 0x0000000085f00000|  0%| F|  |TAMS 0x0000000085e00000, 0x0000000085e00000| Untracked 
|  39|0x0000000085f00000, 0x0000000085f00000, 0x0000000086000000|  0%| F|  |TAMS 0x0000000085f00000, 0x0000000085f00000| Untracked 
|  40|0x0000000086000000, 0x0000000086000000, 0x0000000086100000|  0%| F|  |TAMS 0x0000000086000000, 0x0000000086000000| Untracked 
|  41|0x0000000086100000, 0x0000000086100000, 0x0000000086200000|  0%| F|  |TAMS 0x0000000086100000, 0x0000000086100000| Untracked 
|  42|0x0000000086200000, 0x0000000086200000, 0x0000000086300000|  0%| F|  |TAMS 0x0000000086200000, 0x0000000086200000| Untracked 
|  43|0x0000000086300000, 0x0000000086300000, 0x0000000086400000|  0%| F|  |TAMS 0x0000000086300000, 0x0000000086300000| Untracked 
|  44|0x0000000086400000, 0x0000000086400000, 0x0000000086500000|  0%| F|  |TAMS 0x0000000086400000, 0x0000000086400000| Untracked 
|  45|0x0000000086500000, 0x0000000086500000, 0x0000000086600000|  0%| F|  |TAMS 0x0000000086500000, 0x0000000086500000| Untracked 
|  46|0x0000000086600000, 0x0000000086600000, 0x0000000086700000|  0%| F|  |TAMS 0x0000000086600000, 0x0000000086600000| Untracked 
|  47|0x0000000086700000, 0x0000000086700000, 0x0000000086800000|  0%| F|  |TAMS 0x0000000086700000, 0x0000000086700000| Untracked 
|  48|0x0000000086800000, 0x0000000086800000, 0x0000000086900000|  0%| F|  |TAMS 0x0000000086800000, 0x0000000086800000| Untracked 
|  49|0x0000000086900000, 0x0000000086900000, 0x0000000086a00000|  0%| F|  |TAMS 0x0000000086900000, 0x0000000086900000| Untracked 
|  50|0x0000000086a00000, 0x0000000086a00000, 0x0000000086b00000|  0%| F|  |TAMS 0x0000000086a00000, 0x0000000086a00000| Untracked 
|  51|0x0000000086b00000, 0x0000000086bbe3e8, 0x0000000086c00000| 74%| S|CS|TAMS 0x0000000086b00000, 0x0000000086b00000| Complete 
|  52|0x0000000086c00000, 0x0000000086d00000, 0x0000000086d00000|100%| S|CS|TAMS 0x0000000086c00000, 0x0000000086c00000| Complete 
|  53|0x0000000086d00000, 0x0000000086e00000, 0x0000000086e00000|100%| S|CS|TAMS 0x0000000086d00000, 0x0000000086d00000| Complete 
|  54|0x0000000086e00000, 0x0000000086e00000, 0x0000000086f00000|  0%| F|  |TAMS 0x0000000086e00000, 0x0000000086e00000| Untracked 
|  55|0x0000000086f00000, 0x0000000086f00000, 0x0000000087000000|  0%| F|  |TAMS 0x0000000086f00000, 0x0000000086f00000| Untracked 
|  56|0x0000000087000000, 0x0000000087000000, 0x0000000087100000|  0%| F|  |TAMS 0x0000000087000000, 0x0000000087000000| Untracked 
|  57|0x0000000087100000, 0x0000000087100000, 0x0000000087200000|  0%| F|  |TAMS 0x0000000087100000, 0x0000000087100000| Untracked 
|  58|0x0000000087200000, 0x0000000087200000, 0x0000000087300000|  0%| F|  |TAMS 0x0000000087200000, 0x0000000087200000| Untracked 
|  59|0x0000000087300000, 0x0000000087300000, 0x0000000087400000|  0%| F|  |TAMS 0x0000000087300000, 0x0000000087300000| Untracked 
|  60|0x0000000087400000, 0x0000000087400000, 0x0000000087500000|  0%| F|  |TAMS 0x0000000087400000, 0x0000000087400000| Untracked 
|  61|0x0000000087500000, 0x0000000087500000, 0x0000000087600000|  0%| F|  |TAMS 0x0000000087500000, 0x0000000087500000| Untracked 
|  62|0x0000000087600000, 0x0000000087600000, 0x0000000087700000|  0%| F|  |TAMS 0x0000000087600000, 0x0000000087600000| Untracked 
|  63|0x0000000087700000, 0x0000000087700000, 0x0000000087800000|  0%| F|  |TAMS 0x0000000087700000, 0x0000000087700000| Untracked 
|  64|0x0000000087800000, 0x0000000087800000, 0x0000000087900000|  0%| F|  |TAMS 0x0000000087800000, 0x0000000087800000| Untracked 
|  65|0x0000000087900000, 0x0000000087900000, 0x0000000087a00000|  0%| F|  |TAMS 0x0000000087900000, 0x0000000087900000| Untracked 
|  66|0x0000000087a00000, 0x0000000087a00000, 0x0000000087b00000|  0%| F|  |TAMS 0x0000000087a00000, 0x0000000087a00000| Untracked 
|  67|0x0000000087b00000, 0x0000000087b00000, 0x0000000087c00000|  0%| F|  |TAMS 0x0000000087b00000, 0x0000000087b00000| Untracked 
|  68|0x0000000087c00000, 0x0000000087c00000, 0x0000000087d00000|  0%| F|  |TAMS 0x0000000087c00000, 0x0000000087c00000| Untracked 
|  69|0x0000000087d00000, 0x0000000087d00000, 0x0000000087e00000|  0%| F|  |TAMS 0x0000000087d00000, 0x0000000087d00000| Untracked 
|  70|0x0000000087e00000, 0x0000000087e00000, 0x0000000087f00000|  0%| F|  |TAMS 0x0000000087e00000, 0x0000000087e00000| Untracked 
|  71|0x0000000087f00000, 0x0000000087f00000, 0x0000000088000000|  0%| F|  |TAMS 0x0000000087f00000, 0x0000000087f00000| Untracked 
|  72|0x0000000088000000, 0x0000000088000000, 0x0000000088100000|  0%| F|  |TAMS 0x0000000088000000, 0x0000000088000000| Untracked 
|  73|0x0000000088100000, 0x0000000088100000, 0x0000000088200000|  0%| F|  |TAMS 0x0000000088100000, 0x0000000088100000| Untracked 
|  74|0x0000000088200000, 0x0000000088200000, 0x0000000088300000|  0%| F|  |TAMS 0x0000000088200000, 0x0000000088200000| Untracked 
|  75|0x0000000088300000, 0x0000000088300000, 0x0000000088400000|  0%| F|  |TAMS 0x0000000088300000, 0x0000000088300000| Untracked 
|  76|0x0000000088400000, 0x0000000088400000, 0x0000000088500000|  0%| F|  |TAMS 0x0000000088400000, 0x0000000088400000| Untracked 
|  77|0x0000000088500000, 0x0000000088500000, 0x0000000088600000|  0%| F|  |TAMS 0x0000000088500000, 0x0000000088500000| Untracked 
|  78|0x0000000088600000, 0x0000000088600000, 0x0000000088700000|  0%| F|  |TAMS 0x0000000088600000, 0x0000000088600000| Untracked 
|  79|0x0000000088700000, 0x0000000088700000, 0x0000000088800000|  0%| F|  |TAMS 0x0000000088700000, 0x0000000088700000| Untracked 
|  80|0x0000000088800000, 0x0000000088800000, 0x0000000088900000|  0%| F|  |TAMS 0x0000000088800000, 0x0000000088800000| Untracked 
|  81|0x0000000088900000, 0x0000000088900000, 0x0000000088a00000|  0%| F|  |TAMS 0x0000000088900000, 0x0000000088900000| Untracked 
|  82|0x0000000088a00000, 0x0000000088a00000, 0x0000000088b00000|  0%| F|  |TAMS 0x0000000088a00000, 0x0000000088a00000| Untracked 
|  83|0x0000000088b00000, 0x0000000088b00000, 0x0000000088c00000|  0%| F|  |TAMS 0x0000000088b00000, 0x0000000088b00000| Untracked 
|  84|0x0000000088c00000, 0x0000000088c00000, 0x0000000088d00000|  0%| F|  |TAMS 0x0000000088c00000, 0x0000000088c00000| Untracked 
|  85|0x0000000088d00000, 0x0000000088d00000, 0x0000000088e00000|  0%| F|  |TAMS 0x0000000088d00000, 0x0000000088d00000| Untracked 
|  86|0x0000000088e00000, 0x0000000088e00000, 0x0000000088f00000|  0%| F|  |TAMS 0x0000000088e00000, 0x0000000088e00000| Untracked 
|  87|0x0000000088f00000, 0x0000000088f00000, 0x0000000089000000|  0%| F|  |TAMS 0x0000000088f00000, 0x0000000088f00000| Untracked 
|  88|0x0000000089000000, 0x0000000089000000, 0x0000000089100000|  0%| F|  |TAMS 0x0000000089000000, 0x0000000089000000| Untracked 
|  89|0x0000000089100000, 0x0000000089100000, 0x0000000089200000|  0%| F|  |TAMS 0x0000000089100000, 0x0000000089100000| Untracked 
|  90|0x0000000089200000, 0x0000000089200000, 0x0000000089300000|  0%| F|  |TAMS 0x0000000089200000, 0x0000000089200000| Untracked 
|  91|0x0000000089300000, 0x0000000089300000, 0x0000000089400000|  0%| F|  |TAMS 0x0000000089300000, 0x0000000089300000| Untracked 
|  92|0x0000000089400000, 0x0000000089400000, 0x0000000089500000|  0%| F|  |TAMS 0x0000000089400000, 0x0000000089400000| Untracked 
|  93|0x0000000089500000, 0x0000000089500000, 0x0000000089600000|  0%| F|  |TAMS 0x0000000089500000, 0x0000000089500000| Untracked 
|  94|0x0000000089600000, 0x0000000089600000, 0x0000000089700000|  0%| F|  |TAMS 0x0000000089600000, 0x0000000089600000| Untracked 
|  95|0x0000000089700000, 0x0000000089700000, 0x0000000089800000|  0%| F|  |TAMS 0x0000000089700000, 0x0000000089700000| Untracked 
|  96|0x0000000089800000, 0x0000000089800000, 0x0000000089900000|  0%| F|  |TAMS 0x0000000089800000, 0x0000000089800000| Untracked 
|  97|0x0000000089900000, 0x0000000089900000, 0x0000000089a00000|  0%| F|  |TAMS 0x0000000089900000, 0x0000000089900000| Untracked 
|  98|0x0000000089a00000, 0x0000000089a00000, 0x0000000089b00000|  0%| F|  |TAMS 0x0000000089a00000, 0x0000000089a00000| Untracked 
|  99|0x0000000089b00000, 0x0000000089b00000, 0x0000000089c00000|  0%| F|  |TAMS 0x0000000089b00000, 0x0000000089b00000| Untracked 
| 100|0x0000000089c00000, 0x0000000089c00000, 0x0000000089d00000|  0%| F|  |TAMS 0x0000000089c00000, 0x0000000089c00000| Untracked 
| 101|0x0000000089d00000, 0x0000000089d00000, 0x0000000089e00000|  0%| F|  |TAMS 0x0000000089d00000, 0x0000000089d00000| Untracked 
| 102|0x0000000089e00000, 0x0000000089e00000, 0x0000000089f00000|  0%| F|  |TAMS 0x0000000089e00000, 0x0000000089e00000| Untracked 
| 103|0x0000000089f00000, 0x0000000089f00000, 0x000000008a000000|  0%| F|  |TAMS 0x0000000089f00000, 0x0000000089f00000| Untracked 
| 104|0x000000008a000000, 0x000000008a000000, 0x000000008a100000|  0%| F|  |TAMS 0x000000008a000000, 0x000000008a000000| Untracked 
| 105|0x000000008a100000, 0x000000008a100000, 0x000000008a200000|  0%| F|  |TAMS 0x000000008a100000, 0x000000008a100000| Untracked 
| 106|0x000000008a200000, 0x000000008a200000, 0x000000008a300000|  0%| F|  |TAMS 0x000000008a200000, 0x000000008a200000| Untracked 
| 107|0x000000008a300000, 0x000000008a300000, 0x000000008a400000|  0%| F|  |TAMS 0x000000008a300000, 0x000000008a300000| Untracked 
| 108|0x000000008a400000, 0x000000008a400000, 0x000000008a500000|  0%| F|  |TAMS 0x000000008a400000, 0x000000008a400000| Untracked 
| 109|0x000000008a500000, 0x000000008a500000, 0x000000008a600000|  0%| F|  |TAMS 0x000000008a500000, 0x000000008a500000| Untracked 
| 110|0x000000008a600000, 0x000000008a600000, 0x000000008a700000|  0%| F|  |TAMS 0x000000008a600000, 0x000000008a600000| Untracked 
| 111|0x000000008a700000, 0x000000008a700000, 0x000000008a800000|  0%| F|  |TAMS 0x000000008a700000, 0x000000008a700000| Untracked 
| 112|0x000000008a800000, 0x000000008a800000, 0x000000008a900000|  0%| F|  |TAMS 0x000000008a800000, 0x000000008a800000| Untracked 
| 113|0x000000008a900000, 0x000000008a900000, 0x000000008aa00000|  0%| F|  |TAMS 0x000000008a900000, 0x000000008a900000| Untracked 
| 114|0x000000008aa00000, 0x000000008aa00000, 0x000000008ab00000|  0%| F|  |TAMS 0x000000008aa00000, 0x000000008aa00000| Untracked 
| 115|0x000000008ab00000, 0x000000008ab00000, 0x000000008ac00000|  0%| F|  |TAMS 0x000000008ab00000, 0x000000008ab00000| Untracked 
| 116|0x000000008ac00000, 0x000000008ac00000, 0x000000008ad00000|  0%| F|  |TAMS 0x000000008ac00000, 0x000000008ac00000| Untracked 
| 117|0x000000008ad00000, 0x000000008ad00000, 0x000000008ae00000|  0%| F|  |TAMS 0x000000008ad00000, 0x000000008ad00000| Untracked 
| 118|0x000000008ae00000, 0x000000008ae00000, 0x000000008af00000|  0%| F|  |TAMS 0x000000008ae00000, 0x000000008ae00000| Untracked 
| 119|0x000000008af00000, 0x000000008af00000, 0x000000008b000000|  0%| F|  |TAMS 0x000000008af00000, 0x000000008af00000| Untracked 
| 120|0x000000008b000000, 0x000000008b000000, 0x000000008b100000|  0%| F|  |TAMS 0x000000008b000000, 0x000000008b000000| Untracked 
| 121|0x000000008b100000, 0x000000008b100000, 0x000000008b200000|  0%| F|  |TAMS 0x000000008b100000, 0x000000008b100000| Untracked 
| 122|0x000000008b200000, 0x000000008b200000, 0x000000008b300000|  0%| F|  |TAMS 0x000000008b200000, 0x000000008b200000| Untracked 
| 123|0x000000008b300000, 0x000000008b300000, 0x000000008b400000|  0%| F|  |TAMS 0x000000008b300000, 0x000000008b300000| Untracked 
| 124|0x000000008b400000, 0x000000008b400000, 0x000000008b500000|  0%| F|  |TAMS 0x000000008b400000, 0x000000008b400000| Untracked 
| 125|0x000000008b500000, 0x000000008b500000, 0x000000008b600000|  0%| F|  |TAMS 0x000000008b500000, 0x000000008b500000| Untracked 

Card table byte_map: [0x0000026afda00000,0x0000026afddf0000] _byte_map_base: 0x0000026afd5e4000

Marking Bits (Prev, Next): (CMBitMap*) 0x0000026af5ac6b70, (CMBitMap*) 0x0000026af5ac6bb0
 Prev Bits: [0x0000026a8f000000, 0x0000026a90f20000)
 Next Bits: [0x0000026a90f20000, 0x0000026a92e40000)

Polling page: 0x0000026af5260000

Metaspace:

Usage:
  Non-class:      4.50 MB used.
      Class:    663.77 KB used.
       Both:      5.15 MB used.

Virtual space:
  Non-class space:        8.00 MB reserved,       4.56 MB ( 57%) committed,  1 nodes.
      Class space:        1.00 GB reserved,     768.00 KB ( <1%) committed,  1 nodes.
             Both:        1.01 GB reserved,       5.31 MB ( <1%) committed. 

Chunk freelists:
   Non-Class:  2.13 MB
       Class:  3.31 MB
        Both:  5.44 MB

MaxMetaspaceSize: unlimited
CompressedClassSpaceSize: 1.00 GB
Initial GC threshold: 21.00 MB
Current GC threshold: 21.00 MB
CDS: on
MetaspaceReclaimPolicy: balanced
 - commit_granule_bytes: 65536.
 - commit_granule_words: 8192.
 - virtual_space_node_default_size: 1048576.
 - enlarge_chunks_in_place: 1.
 - new_chunks_are_fully_committed: 0.
 - uncommit_free_chunks: 1.
 - use_allocation_guard: 0.
 - handle_deallocations: 1.


Internal statistics:

num_allocs_failed_limit: 0.
num_arena_births: 128.
num_arena_deaths: 0.
num_vsnodes_births: 2.
num_vsnodes_deaths: 0.
num_space_committed: 85.
num_space_uncommitted: 0.
num_chunks_returned_to_freelist: 0.
num_chunks_taken_from_freelist: 314.
num_chunk_merges: 0.
num_chunk_splits: 160.
num_chunks_enlarged: 86.
num_purges: 0.
num_inconsistent_stats: 0.

CodeHeap 'non-profiled nmethods': size=120000Kb used=441Kb max_used=441Kb free=119558Kb
 bounds [0x0000026a87ad0000, 0x0000026a87d40000, 0x0000026a8f000000]
CodeHeap 'profiled nmethods': size=120000Kb used=2313Kb max_used=2313Kb free=117686Kb
 bounds [0x0000026a805a0000, 0x0000026a80810000, 0x0000026a87ad0000]
CodeHeap 'non-nmethods': size=5760Kb used=1169Kb max_used=1196Kb free=4590Kb
 bounds [0x0000026a80000000, 0x0000026a80270000, 0x0000026a805a0000]
 total_blobs=1704 nmethods=1254 adapters=363
 compilation: enabled
              stopped_count=0, restarted_count=0
 full_count=0

Compilation events (20 events):
Event: 1.095 Thread 0x0000026afebe5860 1250       3       renderer.RayTracerBasic::calcColor (32 bytes)
Event: 1.095 Thread 0x0000026afebe5860 nmethod 1250 0x0000026a807de990 code [0x0000026a807deb60, 0x0000026a807defb8]
Event: 1.095 Thread 0x0000026afebe5860 1247       3       renderer.RayTracerBasic::calcSpecular (51 bytes)
Event: 1.095 Thread 0x0000026afebe5860 nmethod 1247 0x0000026a807df190 code [0x0000026a807df3e0, 0x0000026a807df878]
Event: 1.095 Thread 0x0000026afebe5860 1248       3       primitives.Double3::<init> (20 bytes)
Event: 1.096 Thread 0x0000026afebe5860 nmethod 1248 0x0000026a807dfb90 code [0x0000026a807dfd20, 0x0000026a807dfe98]
Event: 1.097 Thread 0x0000026afebe5860 1255       3       lighting.SpotLight::getIntensity (42 bytes)
Event: 1.097 Thread 0x0000026afebe5860 nmethod 1255 0x0000026a807dff90 code [0x0000026a807e01e0, 0x0000026a807e07d8]
Event: 1.097 Thread 0x0000026afebe5860 1256       3       lighting.PointLight::getIntensity (39 bytes)
Event: 1.098 Thread 0x0000026afebe5860 nmethod 1256 0x0000026a807e0a90 code [0x0000026a807e0c80, 0x0000026a807e10b8]
Event: 1.098 Thread 0x0000026afebe5860 1260       3       java.lang.Math::max (45 bytes)
Event: 1.098 Thread 0x0000026afebe5860 nmethod 1260 0x0000026a807e1290 code [0x0000026a807e1460, 0x0000026a807e17b8]
Event: 1.098 Thread 0x0000026afebe5860 1257       3       lighting.PointLight::getIntensity (5 bytes)
Event: 1.098 Thread 0x0000026afebe5860 nmethod 1257 0x0000026a807e1890 code [0x0000026a807e1a20, 0x0000026a807e1b38]
Event: 1.098 Thread 0x0000026afebe5860 1259       3       primitives.Double3::reduce (26 bytes)
Event: 1.098 Thread 0x0000026afebe5860 nmethod 1259 0x0000026a807e1c10 code [0x0000026a807e1dc0, 0x0000026a807e2018]
Event: 1.098 Thread 0x0000026afebe5860 1258       3       primitives.Color::reduce (32 bytes)
Event: 1.098 Thread 0x0000026afebe5860 nmethod 1258 0x0000026a807e2110 code [0x0000026a807e2300, 0x0000026a807e2608]
Event: 1.117 Thread 0x0000026a95184560 nmethod 1251 0x0000026a87b3d090 code [0x0000026a87b3d260, 0x0000026a87b3def8]
Event: 1.118 Thread 0x0000026a95184560 1262       4       geometries.Geometries::findGeoIntersectionsHelper (80 bytes)

GC Heap History (11 events):
Event: 0.868 GC heap before
{Heap before GC invocations=0 (full 0):
 garbage-first heap   total 129024K, used 24576K [0x0000000083800000, 0x0000000100000000)
  region size 1024K, 23 young (23552K), 0 survivors (0K)
 Metaspace       used 5038K, committed 5184K, reserved 1056768K
  class space    used 649K, committed 704K, reserved 1048576K
}
Event: 0.872 GC heap after
{Heap after GC invocations=1 (full 0):
 garbage-first heap   total 129024K, used 4181K [0x0000000083800000, 0x0000000100000000)
  region size 1024K, 3 young (3072K), 3 survivors (3072K)
 Metaspace       used 5038K, committed 5184K, reserved 1056768K
  class space    used 649K, committed 704K, reserved 1048576K
}
Event: 0.903 GC heap before
{Heap before GC invocations=1 (full 0):
 garbage-first heap   total 129024K, used 38997K [0x0000000083800000, 0x0000000100000000)
  region size 1024K, 37 young (37888K), 3 survivors (3072K)
 Metaspace       used 5048K, committed 5184K, reserved 1056768K
  class space    used 649K, committed 704K, reserved 1048576K
}
Event: 0.906 GC heap after
{Heap after GC invocations=2 (full 0):
 garbage-first heap   total 129024K, used 4222K [0x0000000083800000, 0x0000000100000000)
  region size 1024K, 3 young (3072K), 3 survivors (3072K)
 Metaspace       used 5048K, committed 5184K, reserved 1056768K
  class space    used 649K, committed 704K, reserved 1048576K
}
Event: 0.968 GC heap before
{Heap before GC invocations=2 (full 0):
 garbage-first heap   total 129024K, used 77950K [0x0000000083800000, 0x0000000100000000)
  region size 1024K, 75 young (76800K), 3 survivors (3072K)
 Metaspace       used 5048K, committed 5184K, reserved 1056768K
  class space    used 649K, committed 704K, reserved 1048576K
}
Event: 0.971 GC heap after
{Heap after GC invocations=3 (full 0):
 garbage-first heap   total 129024K, used 4225K [0x0000000083800000, 0x0000000100000000)
  region size 1024K, 3 young (3072K), 3 survivors (3072K)
 Metaspace       used 5048K, committed 5184K, reserved 1056768K
  class space    used 649K, committed 704K, reserved 1048576K
}
Event: 1.021 GC heap before
{Heap before GC invocations=3 (full 0):
 garbage-first heap   total 129024K, used 77953K [0x0000000083800000, 0x0000000100000000)
  region size 1024K, 75 young (76800K), 3 survivors (3072K)
 Metaspace       used 5051K, committed 5248K, reserved 1056768K
  class space    used 649K, committed 704K, reserved 1048576K
}
Event: 1.024 GC heap after
{Heap after GC invocations=4 (full 0):
 garbage-first heap   total 129024K, used 4225K [0x0000000083800000, 0x0000000100000000)
  region size 1024K, 3 young (3072K), 3 survivors (3072K)
 Metaspace       used 5051K, committed 5248K, reserved 1056768K
  class space    used 649K, committed 704K, reserved 1048576K
}
Event: 1.060 GC heap before
{Heap before GC invocations=4 (full 0):
 garbage-first heap   total 129024K, used 77953K [0x0000000083800000, 0x0000000100000000)
  region size 1024K, 75 young (76800K), 3 survivors (3072K)
 Metaspace       used 5247K, committed 5440K, reserved 1056768K
  class space    used 663K, committed 768K, reserved 1048576K
}
Event: 1.064 GC heap after
{Heap after GC invocations=5 (full 0):
 garbage-first heap   total 129024K, used 4612K [0x0000000083800000, 0x0000000100000000)
  region size 1024K, 3 young (3072K), 3 survivors (3072K)
 Metaspace       used 5247K, committed 5440K, reserved 1056768K
  class space    used 663K, committed 768K, reserved 1048576K
}
Event: 1.141 GC heap before
{Heap before GC invocations=5 (full 0):
 garbage-first heap   total 129024K, used 78340K [0x0000000083800000, 0x0000000100000000)
  region size 1024K, 75 young (76800K), 3 survivors (3072K)
 Metaspace       used 5270K, committed 5440K, reserved 1056768K
  class space    used 663K, committed 768K, reserved 1048576K
}

Deoptimization events (20 events):
Event: 1.071 Thread 0x0000026af5a86d70 Uncommon trap: trap_request=0xffffff45 fr.pc=0x0000026a87b29dc0 relative=0x0000000000000a40
Event: 1.071 Thread 0x0000026af5a86d70 Uncommon trap: reason=unstable_if action=reinterpret pc=0x0000026a87b29dc0 method=geometries.Plane.findGeoIntersectionsHelper(Lprimitives/Ray;D)Ljava/util/List; @ 76 c2
Event: 1.071 Thread 0x0000026af5a86d70 DEOPT PACKING pc=0x0000026a87b29dc0 sp=0x000000d8621fbaf0
Event: 1.071 Thread 0x0000026af5a86d70 DEOPT UNPACKING pc=0x0000026a80055c23 sp=0x000000d8621fbad0 mode 2
Event: 1.072 Thread 0x0000026af5a86d70 Uncommon trap: trap_request=0xffffff45 fr.pc=0x0000026a87b37e6c relative=0x00000000000001cc
Event: 1.072 Thread 0x0000026af5a86d70 Uncommon trap: reason=unstable_if action=reinterpret pc=0x0000026a87b37e6c method=primitives.Color.equals(Ljava/lang/Object;)Z @ 2 c2
Event: 1.072 Thread 0x0000026af5a86d70 DEOPT PACKING pc=0x0000026a87b37e6c sp=0x000000d8621fc150
Event: 1.072 Thread 0x0000026af5a86d70 DEOPT UNPACKING pc=0x0000026a80055c23 sp=0x000000d8621fc028 mode 2
Event: 1.072 Thread 0x0000026af5a86d70 Uncommon trap: trap_request=0xffffff45 fr.pc=0x0000026a87b2cae0 relative=0x0000000000000060
Event: 1.072 Thread 0x0000026af5a86d70 Uncommon trap: reason=unstable_if action=reinterpret pc=0x0000026a87b2cae0 method=primitives.Color.equals(Ljava/lang/Object;)Z @ 2 c2
Event: 1.072 Thread 0x0000026af5a86d70 DEOPT PACKING pc=0x0000026a87b2cae0 sp=0x000000d8621fbf90
Event: 1.072 Thread 0x0000026af5a86d70 DEOPT UNPACKING pc=0x0000026a80055c23 sp=0x000000d8621fbf30 mode 2
Event: 1.114 Thread 0x0000026af5a86d70 Uncommon trap: trap_request=0xffffff45 fr.pc=0x0000026a87b2df2c relative=0x000000000000034c
Event: 1.115 Thread 0x0000026af5a86d70 Uncommon trap: reason=unstable_if action=reinterpret pc=0x0000026a87b2df2c method=primitives.Color.getColor()Ljava/awt/Color; @ 63 c2
Event: 1.115 Thread 0x0000026af5a86d70 DEOPT PACKING pc=0x0000026a87b2df2c sp=0x000000d8621fc380
Event: 1.115 Thread 0x0000026af5a86d70 DEOPT UNPACKING pc=0x0000026a80055c23 sp=0x000000d8621fc298 mode 2
Event: 1.121 Thread 0x0000026af5a86d70 Uncommon trap: trap_request=0xffffff45 fr.pc=0x0000026a87b38c08 relative=0x00000000000001e8
Event: 1.121 Thread 0x0000026af5a86d70 Uncommon trap: reason=unstable_if action=reinterpret pc=0x0000026a87b38c08 method=primitives.Color.getColor()Ljava/awt/Color; @ 63 c2
Event: 1.121 Thread 0x0000026af5a86d70 DEOPT PACKING pc=0x0000026a87b38c08 sp=0x000000d8621fc320
Event: 1.121 Thread 0x0000026af5a86d70 DEOPT UNPACKING pc=0x0000026a80055c23 sp=0x000000d8621fc290 mode 2

Classes unloaded (0 events):
No events

Classes redefined (0 events):
No events

Internal exceptions (20 events):
Event: 0.640 Thread 0x0000026af5a86d70 Exception <a 'java/lang/IncompatibleClassChangeError'{0x000000008ab2afb0}: Found class java.lang.Object, but interface was expected> (0x000000008ab2afb0) 
thrown [t:\workspace\open\src\hotspot\share\interpreter\linkResolver.cpp, line 833]
Event: 0.647 Thread 0x0000026af5a86d70 Exception <a 'java/lang/NoSuchMethodError'{0x000000008ab63528}: 'void java.lang.invoke.DirectMethodHandle$Holder.invokeInterface(java.lang.Object, java.lang.Object, java.lang.Object)'> (0x000000008ab63528) 
thrown [t:\workspace\open\src\hotspot\share\interpreter\linkResolver.cpp, line 766]
Event: 0.648 Thread 0x0000026af5a86d70 Exception <a 'java/lang/IncompatibleClassChangeError'{0x000000008ab66b90}: Found class java.lang.Object, but interface was expected> (0x000000008ab66b90) 
thrown [t:\workspace\open\src\hotspot\share\interpreter\linkResolver.cpp, line 833]
Event: 0.651 Thread 0x0000026af5a86d70 Exception <a 'java/lang/NoSuchMethodError'{0x000000008ab83180}: 'java.lang.Object java.lang.invoke.DirectMethodHandle$Holder.invokeStatic(java.lang.Object, java.lang.Object, int)'> (0x000000008ab83180) 
thrown [t:\workspace\open\src\hotspot\share\interpreter\linkResolver.cpp, line 766]
Event: 0.658 Thread 0x0000026af5a86d70 Exception <a 'java/lang/NoSuchMethodError'{0x000000008abd3d00}: 'void java.lang.invoke.DirectMethodHandle$Holder.invokeSpecial(java.lang.Object, java.lang.Object, java.lang.Object, java.lang.Object, java.lang.Object)'> (0x000000008abd3d00) 
thrown [t:\workspace\open\src\hotspot\share\interpreter\linkResolver.cpp, line 766]
Event: 0.669 Thread 0x0000026af5a86d70 Exception <a 'java/lang/NoSuchMethodError'{0x000000008aa1fa90}: 'void java.lang.invoke.DirectMethodHandle$Holder.invokeInterface(java.lang.Object, java.lang.Object, java.lang.Object, java.lang.Object)'> (0x000000008aa1fa90) 
thrown [t:\workspace\open\src\hotspot\share\interpreter\linkResolver.cpp, line 766]
Event: 0.669 Thread 0x0000026af5a86d70 Exception <a 'java/lang/IncompatibleClassChangeError'{0x000000008aa233b8}: Found class java.lang.Object, but interface was expected> (0x000000008aa233b8) 
thrown [t:\workspace\open\src\hotspot\share\interpreter\linkResolver.cpp, line 833]
Event: 0.672 Thread 0x0000026af5a86d70 Exception <a 'java/lang/NoSuchMethodError'{0x000000008aa38a40}: 'void java.lang.invoke.DirectMethodHandle$Holder.invokeStatic(java.lang.Object, java.lang.Object, java.lang.Object, java.lang.Object)'> (0x000000008aa38a40) 
thrown [t:\workspace\open\src\hotspot\share\interpreter\linkResolver.cpp, line 766]
Event: 0.674 Thread 0x0000026af5a86d70 Exception <a 'java/lang/NoSuchMethodError'{0x000000008aa4f6c0}: 'java.lang.Object java.lang.invoke.DirectMethodHandle$Holder.newInvokeSpecial(java.lang.Object, java.lang.Object, int)'> (0x000000008aa4f6c0) 
thrown [t:\workspace\open\src\hotspot\share\interpreter\linkResolver.cpp, line 766]
Event: 0.691 Thread 0x0000026af5a86d70 Exception <a 'java/lang/NoSuchMethodError'{0x000000008aad6738}: 'java.lang.Object java.lang.invoke.Invokers$Holder.invokeExact_MT(java.lang.Object, java.lang.Object, java.lang.Object, java.lang.Object, java.lang.Object, java.lang.Object)'> (0x000000008aad6738) 
thrown [t:\workspace\open\src\hotspot\share\interpreter\linkResolver.cpp, line 766]
Event: 0.693 Thread 0x0000026af5a86d70 Exception <a 'java/lang/NoSuchMethodError'{0x000000008aae64a8}: 'int java.lang.invoke.DirectMethodHandle$Holder.invokeStatic(java.lang.Object, java.lang.Object, java.lang.Object, java.lang.Object, java.lang.Object)'> (0x000000008aae64a8) 
thrown [t:\workspace\open\src\hotspot\share\interpreter\linkResolver.cpp, line 766]
Event: 0.700 Thread 0x0000026af5a86d70 Exception <a 'java/lang/NoSuchMethodError'{0x000000008a924640}: 'void java.lang.invoke.DirectMethodHandle$Holder.invokeStaticInit(java.lang.Object)'> (0x000000008a924640) 
thrown [t:\workspace\open\src\hotspot\share\interpreter\linkResolver.cpp, line 766]
Event: 0.724 Thread 0x0000026af5a86d70 Exception <a 'java/lang/NoSuchMethodError'{0x000000008a9ff698}: 'int java.lang.invoke.DirectMethodHandle$Holder.invokeStaticInit(java.lang.Object, java.lang.Object)'> (0x000000008a9ff698) 
thrown [t:\workspace\open\src\hotspot\share\interpreter\linkResolver.cpp, line 766]
Event: 0.757 Thread 0x0000026af5a86d70 Exception <a 'java/lang/NoSuchMethodError'{0x000000008a8f76c0}: 'java.lang.Object java.lang.invoke.DirectMethodHandle$Holder.newInvokeSpecial(java.lang.Object, java.lang.Object, java.lang.Object, java.lang.Object, java.lang.Object, java.lang.Object, java.lang.Object)'> (0x000000008a8f76c0) 
thrown [t:\workspace\open\src\hotspot\share\interpreter\linkResolver.cpp, line 766]
Event: 0.757 Thread 0x0000026af5a86d70 Exception <a 'java/lang/NoSuchMethodError'{0x000000008a8fc278}: 'java.lang.Object java.lang.invoke.Invokers$Holder.linkToTargetMethod(java.lang.Object, java.lang.Object, java.lang.Object, java.lang.Object, java.lang.Object, java.lang.Object, java.lang.Object)'> (0x000000008a8fc278) 
thrown [t:\workspace\open\src\hotspot\share\interpreter\linkResolver.cpp, line 766]
Event: 0.758 Thread 0x0000026af5a86d70 Exception <a 'java/lang/NoSuchMethodError'{0x000000008a702d50}: 'java.lang.Object java.lang.invoke.DirectMethodHandle$Holder.invokeInterface(java.lang.Object, java.lang.Object, java.lang.Object, java.lang.Object, java.lang.Object)'> (0x000000008a702d50) 
thrown [t:\workspace\open\src\hotspot\share\interpreter\linkResolver.cpp, line 766]
Event: 0.758 Thread 0x0000026af5a86d70 Exception <a 'java/lang/IncompatibleClassChangeError'{0x000000008a706b48}: Found class java.lang.Object, but interface was expected> (0x000000008a706b48) 
thrown [t:\workspace\open\src\hotspot\share\interpreter\linkResolver.cpp, line 833]
Event: 0.790 Thread 0x0000026af5a86d70 Exception <a 'java/lang/ClassNotFoundException'{0x000000008a7d14b8}: sun/awt/resources/spi/awtProvider> (0x000000008a7d14b8) 
thrown [t:\workspace\open\src\hotspot\share\classfile\systemDictionary.cpp, line 256]
Event: 0.821 Thread 0x0000026af5a86d70 Exception <a 'java/io/FileNotFoundException'{0x000000008a6178b0}> (0x000000008a6178b0) 
thrown [t:\workspace\open\src\hotspot\share\prims\jni.cpp, line 516]
Event: 0.825 Thread 0x0000026af5a86d70 Exception <a 'java/io/FileNotFoundException'{0x000000008a644b50}> (0x000000008a644b50) 
thrown [t:\workspace\open\src\hotspot\share\prims\jni.cpp, line 516]

VM Operations (17 events):
Event: 0.329 Executing VM operation: HandshakeAllThreads
Event: 0.329 Executing VM operation: HandshakeAllThreads done
Event: 0.762 Executing VM operation: HandshakeAllThreads
Event: 0.762 Executing VM operation: HandshakeAllThreads done
Event: 0.781 Executing VM operation: HandshakeAllThreads
Event: 0.781 Executing VM operation: HandshakeAllThreads done
Event: 0.868 Executing VM operation: G1CollectForAllocation
Event: 0.872 Executing VM operation: G1CollectForAllocation done
Event: 0.903 Executing VM operation: G1CollectForAllocation
Event: 0.906 Executing VM operation: G1CollectForAllocation done
Event: 0.968 Executing VM operation: G1CollectForAllocation
Event: 0.971 Executing VM operation: G1CollectForAllocation done
Event: 1.021 Executing VM operation: G1CollectForAllocation
Event: 1.024 Executing VM operation: G1CollectForAllocation done
Event: 1.060 Executing VM operation: G1CollectForAllocation
Event: 1.064 Executing VM operation: G1CollectForAllocation done
Event: 1.141 Executing VM operation: G1CollectForAllocation

Events (20 events):
Event: 1.040 loading class sun/util/cldr/CLDRTimeZoneNameProviderImpl
Event: 1.040 loading class sun/util/locale/provider/TimeZoneNameProviderImpl
Event: 1.040 loading class sun/util/locale/provider/TimeZoneNameProviderImpl done
Event: 1.040 loading class sun/util/cldr/CLDRTimeZoneNameProviderImpl done
Event: 1.043 loading class sun/util/locale/provider/BaseLocaleDataMetaInfo
Event: 1.044 loading class sun/util/locale/provider/BaseLocaleDataMetaInfo done
Event: 1.047 loading class sun/util/resources/cldr/TimeZoneNames
Event: 1.048 loading class sun/util/resources/TimeZoneNamesBundle
Event: 1.048 loading class sun/util/resources/OpenListResourceBundle
Event: 1.048 loading class sun/util/resources/OpenListResourceBundle done
Event: 1.048 loading class sun/util/resources/TimeZoneNamesBundle done
Event: 1.048 loading class sun/util/resources/cldr/TimeZoneNames done
Event: 1.048 loading class sun/util/resources/cldr/TimeZoneNames_en
Event: 1.049 loading class sun/util/resources/cldr/TimeZoneNames_en done
Event: 1.049 loading class sun/util/resources/cldr/TimeZoneNames_en_US
Event: 1.049 loading class sun/util/resources/cldr/TimeZoneNames_en_US done
Event: 1.050 loading class sun/util/resources/TimeZoneNames
Event: 1.051 loading class sun/util/resources/TimeZoneNames done
Event: 1.051 loading class sun/util/resources/TimeZoneNames_en
Event: 1.051 loading class sun/util/resources/TimeZoneNames_en done


Dynamic libraries:
0x00007ff708400000 - 0x00007ff708410000 	C:\Program Files\Java\jdk-17.0.2\bin\java.exe
0x00007ff9cf580000 - 0x00007ff9cf789000 	C:\WINDOWS\SYSTEM32\ntdll.dll
0x00007ff99b360000 - 0x00007ff99b376000 	C:\Program Files\Avast Software\Avast\aswhook.dll
0x00007ff9cdfc0000 - 0x00007ff9ce07d000 	C:\WINDOWS\System32\KERNEL32.DLL
0x00007ff9cce00000 - 0x00007ff9cd179000 	C:\WINDOWS\System32\KERNELBASE.dll
0x00007ff9cd2f0000 - 0x00007ff9cd401000 	C:\WINDOWS\System32\ucrtbase.dll
0x00007ff9c5ad0000 - 0x00007ff9c5aea000 	C:\Program Files\Java\jdk-17.0.2\bin\VCRUNTIME140.dll
0x00007ff9c5a70000 - 0x00007ff9c5a88000 	C:\Program Files\Java\jdk-17.0.2\bin\jli.dll
0x00007ff9ce590000 - 0x00007ff9ce63e000 	C:\WINDOWS\System32\ADVAPI32.dll
0x00007ff9cdf10000 - 0x00007ff9cdfb3000 	C:\WINDOWS\System32\msvcrt.dll
0x00007ff9cd410000 - 0x00007ff9cd4ae000 	C:\WINDOWS\System32\sechost.dll
0x00007ff9cf420000 - 0x00007ff9cf540000 	C:\WINDOWS\System32\RPCRT4.dll
0x00007ff9cd510000 - 0x00007ff9cd6bc000 	C:\WINDOWS\System32\USER32.dll
0x00007ff9ccb00000 - 0x00007ff9ccb26000 	C:\WINDOWS\System32\win32u.dll
0x00007ff9cbcf0000 - 0x00007ff9cbf95000 	C:\WINDOWS\WinSxS\amd64_microsoft.windows.common-controls_6595b64144ccf1df_6.0.22000.120_none_9d947278b86cc467\COMCTL32.dll
0x00007ff9ce840000 - 0x00007ff9ce869000 	C:\WINDOWS\System32\GDI32.dll
0x00007ff9ccce0000 - 0x00007ff9ccdf2000 	C:\WINDOWS\System32\gdi32full.dll
0x00007ff9cca60000 - 0x00007ff9ccafd000 	C:\WINDOWS\System32\msvcp_win.dll
0x00007ff9c2870000 - 0x00007ff9c287a000 	C:\WINDOWS\SYSTEM32\VERSION.dll
0x00007ff9cd890000 - 0x00007ff9cd8c1000 	C:\WINDOWS\System32\IMM32.DLL
0x00007ff9c5bc0000 - 0x00007ff9c5bcc000 	C:\Program Files\Java\jdk-17.0.2\bin\vcruntime140_1.dll
0x00007ff9b2150000 - 0x00007ff9b21dd000 	C:\Program Files\Java\jdk-17.0.2\bin\msvcp140.dll
0x00007ff984b10000 - 0x00007ff9856d1000 	C:\Program Files\Java\jdk-17.0.2\bin\server\jvm.dll
0x00007ff9cdf00000 - 0x00007ff9cdf08000 	C:\WINDOWS\System32\PSAPI.DLL
0x00007ff9b2100000 - 0x00007ff9b2109000 	C:\WINDOWS\SYSTEM32\WSOCK32.dll
0x00007ff9c34f0000 - 0x00007ff9c3523000 	C:\WINDOWS\SYSTEM32\WINMM.dll
0x00007ff9ce870000 - 0x00007ff9ce8df000 	C:\WINDOWS\System32\WS2_32.dll
0x00007ff9cb510000 - 0x00007ff9cb528000 	C:\WINDOWS\SYSTEM32\kernel.appcore.dll
0x00007ff9c5b70000 - 0x00007ff9c5b7a000 	C:\Program Files\Java\jdk-17.0.2\bin\jimage.dll
0x00007ff9cc3b0000 - 0x00007ff9cc5d1000 	C:\WINDOWS\SYSTEM32\DBGHELP.DLL
0x00007ff9cc280000 - 0x00007ff9cc2b1000 	C:\WINDOWS\SYSTEM32\dbgcore.DLL
0x00007ff9ccba0000 - 0x00007ff9ccc1f000 	C:\WINDOWS\System32\bcryptPrimitives.dll
0x00007ff9c4000000 - 0x00007ff9c400e000 	C:\Program Files\Java\jdk-17.0.2\bin\instrument.dll
0x00007ff9ba6f0000 - 0x00007ff9ba715000 	C:\Program Files\Java\jdk-17.0.2\bin\java.dll
0x00007ff9b1c80000 - 0x00007ff9b1d56000 	C:\Program Files\Java\jdk-17.0.2\bin\jsvml.dll
0x00007ff9ce8e0000 - 0x00007ff9cf098000 	C:\WINDOWS\System32\SHELL32.dll
0x00007ff9ca520000 - 0x00007ff9cad88000 	C:\WINDOWS\SYSTEM32\windows.storage.dll
0x00007ff9cf0a0000 - 0x00007ff9cf419000 	C:\WINDOWS\System32\combase.dll
0x00007ff9ca3b0000 - 0x00007ff9ca516000 	C:\WINDOWS\SYSTEM32\wintypes.dll
0x00007ff9cd6c0000 - 0x00007ff9cd7aa000 	C:\WINDOWS\System32\SHCORE.dll
0x00007ff9cdea0000 - 0x00007ff9cdefd000 	C:\WINDOWS\System32\shlwapi.dll
0x00007ff9cc990000 - 0x00007ff9cc9b1000 	C:\WINDOWS\SYSTEM32\profapi.dll
0x00007ff9ba630000 - 0x00007ff9ba648000 	C:\Program Files\Java\jdk-17.0.2\bin\zip.dll
0x00007ff9c3e90000 - 0x00007ff9c3ea9000 	C:\Program Files\Java\jdk-17.0.2\bin\net.dll
0x00007ff9c2520000 - 0x00007ff9c262c000 	C:\WINDOWS\SYSTEM32\WINHTTP.dll
0x00007ff9cb8f0000 - 0x00007ff9cb957000 	C:\WINDOWS\system32\mswsock.dll
0x00007ff9ba6d0000 - 0x00007ff9ba6e6000 	C:\Program Files\Java\jdk-17.0.2\bin\nio.dll
0x00007ff9b7440000 - 0x00007ff9b745a000 	C:\Program Files\JetBrains\IntelliJ IDEA Community Edition 2021.3.2\bin\breakgen64.dll
0x00007ff9a7970000 - 0x00007ff9a7aff000 	C:\Program Files\Java\jdk-17.0.2\bin\awt.dll
0x00007ff9cd7b0000 - 0x00007ff9cd886000 	C:\WINDOWS\System32\OLEAUT32.dll
0x00007ff9c6780000 - 0x00007ff9c6811000 	C:\WINDOWS\SYSTEM32\apphelp.dll

dbghelp: loaded successfully - version: 4.0.5 - missing functions: none
symbol engine: initialized successfully - sym options: 0x614 - pdb path: .;C:\Program Files\Java\jdk-17.0.2\bin;C:\WINDOWS\SYSTEM32;C:\Program Files\Avast Software\Avast;C:\WINDOWS\WinSxS\amd64_microsoft.windows.common-controls_6595b64144ccf1df_6.0.22000.120_none_9d947278b86cc467;C:\Program Files\Java\jdk-17.0.2\bin\server;C:\Program Files\JetBrains\IntelliJ IDEA Community Edition 2021.3.2\bin

VM Arguments:
jvm_args: -ea -Didea.test.cyclic.buffer.size=1048576 -javaagent:C:\Program Files\JetBrains\IntelliJ IDEA Community Edition 2021.3.2\lib\idea_rt.jar=57929:C:\Program Files\JetBrains\IntelliJ IDEA Community Edition 2021.3.2\bin -Dfile.encoding=UTF-8 
java_command: com.intellij.rt.junit.JUnitStarter -ideVersion5 -junit5 renderer.ReflectionRefractionTests,trianglesTransparentSphere
java_class_path (initial): C:\Users\Kaplan\.m2\repository\org\junit\platform\junit-platform-launcher\1.8.2\junit-platform-launcher-1.8.2.jar;C:\Users\Kaplan\.m2\repository\org\junit\platform\junit-platform-engine\1.8.2\junit-platform-engine-1.8.2.jar;C:\Users\Kaplan\.m2\repository\org\opentest4j\opentest4j\1.2.0\opentest4j-1.2.0.jar;C:\Users\Kaplan\.m2\repository\org\junit\platform\junit-platform-commons\1.8.2\junit-platform-commons-1.8.2.jar;C:\Users\Kaplan\.m2\repository\org\apiguardian\apiguardian-api\1.1.2\apiguardian-api-1.1.2.jar;C:\Program Files\JetBrains\IntelliJ IDEA Community Edition 2021.3.2\lib\idea_rt.jar;C:\Program Files\JetBrains\IntelliJ IDEA Community Edition 2021.3.2\plugins\junit\lib\junit5-rt.jar;C:\Program Files\JetBrains\IntelliJ IDEA Community Edition 2021.3.2\plugins\junit\lib\junit-rt.jar;C:\Users\Kaplan\IdeaProjects\ISE5782_9463_4853\out\test\ISE5782_9463_4853;C:\Users\Kaplan\IdeaProjects\ISE5782_9463_4853\out\production\ISE5782_9463_4853;C:\Users\Kaplan\IdeaProjects\ISE5782_9463_4853\lib\junit-jupiter-5.8.2.jar;C:\Users\Kaplan\IdeaProjects\ISE5782_9463_4853\lib\junit-jupiter-api-5.8.2.jar;C:\Users\Kaplan\IdeaProjects\ISE5782_9463_4853\lib\opentest4j-1.2.0.jar;C:\Users\Kaplan\IdeaProjects\ISE5782_9463_4853\lib\junit-platform-commons-1.8.2.jar;C:\Users\Kaplan\IdeaProjects\ISE5782_9463_4853\lib\apiguardian-api-1.1.2.jar;C:\Users\Kaplan\IdeaProjects\ISE5782_9463_4853\lib\junit-jupiter-params-5.8.2.jar;C:\Users\Kaplan\IdeaProjects\ISE5782_9463_4853\lib\junit-jupiter-engine-5.8.2.jar;C:\Users\Kaplan\IdeaProjects\ISE5782_9463_4853\lib\junit-platform-engine-1.8.2.jar
Launcher Type: SUN_STANDARD

[Global flags]
     intx CICompilerCount                          = 4                                         {product} {ergonomic}
     uint ConcGCThreads                            = 2                                         {product} {ergonomic}
     uint G1ConcRefinementThreads                  = 8                                         {product} {ergonomic}
   size_t G1HeapRegionSize                         = 1048576                                   {product} {ergonomic}
    uintx GCDrainStackTargetSize                   = 64                                        {product} {ergonomic}
   size_t InitialHeapSize                          = 132120576                                 {product} {ergonomic}
   size_t MarkStackSize                            = 4194304                                   {product} {ergonomic}
   size_t MaxHeapSize                              = 2088763392                                {product} {ergonomic}
   size_t MaxNewSize                               = 1253048320                                {product} {ergonomic}
   size_t MinHeapDeltaBytes                        = 1048576                                   {product} {ergonomic}
   size_t MinHeapSize                              = 8388608                                   {product} {ergonomic}
    uintx NonNMethodCodeHeapSize                   = 5839372                                {pd product} {ergonomic}
    uintx NonProfiledCodeHeapSize                  = 122909434                              {pd product} {ergonomic}
    uintx ProfiledCodeHeapSize                     = 122909434                              {pd product} {ergonomic}
    uintx ReservedCodeCacheSize                    = 251658240                              {pd product} {ergonomic}
     bool SegmentedCodeCache                       = true                                      {product} {ergonomic}
   size_t SoftMaxHeapSize                          = 2088763392                             {manageable} {ergonomic}
     bool UseCompressedClassPointers               = true                           {product lp64_product} {ergonomic}
     bool UseCompressedOops                        = true                           {product lp64_product} {ergonomic}
     bool UseG1GC                                  = true                                      {product} {ergonomic}
     bool UseLargePagesIndividualAllocation        = false                                  {pd product} {ergonomic}

Logging:
Log output configuration:
 #0: stdout all=warning uptime,level,tags
 #1: stderr all=off uptime,level,tags

Environment Variables:
JAVA_HOME=C:\Program Files\Java\jdk-17.0.2
PATH=C:\Program Files\Java\jdk-17.0.2\bin;C:\WINDOWS\system32;C:\WINDOWS;C:\WINDOWS\System32\Wbem;C:\WINDOWS\System32\WindowsPowerShell\v1.0\;C:\WINDOWS\System32\OpenSSH\;C:\Program Files\dotnet\;C:\Program Files\Git\cmd;C:\Program Files (x86)\dotnet\;C:\Users\Kaplan\AppData\Local\Microsoft\WindowsApps;C:\Users\Kaplan\.dotnet\tools;
USERNAME=Kaplan
OS=Windows_NT
PROCESSOR_IDENTIFIER=Intel64 Family 6 Model 126 Stepping 5, GenuineIntel



---------------  S Y S T E M  ---------------

OS:
 Windows 11 , 64 bit Build 22000 (10.0.22000.708)
OS uptime: 1 days 3:28 hours

CPU: total 8 (initial active 8) (4 cores per cpu, 2 threads per core) family 6 model 126 stepping 5 microcode 0x86, cx8, cmov, fxsr, ht, mmx, 3dnowpref, sse, sse2, sse3, ssse3, sse4.1, sse4.2, popcnt, lzcnt, tsc, tscinvbit, avx, avx2, aes, erms, clmul, bmi1, bmi2, adx, avx512f, avx512dq, avx512cd, avx512bw, avx512vl, sha, fma, vzeroupper, avx512_vpopcntdq, avx512_vpclmulqdq, avx512_vaes, avx512_vnni, clflush, clflushopt, avx512_vbmi2, avx512_vbmi

Memory: 4k page, system-wide physical 7967M (854M free)
TotalPageFile size 10015M (AvailPageFile size 107M)
current process WorkingSet (physical memory assigned to process): 148M, peak: 148M
current process commit charge ("private bytes"): 241M, peak: 347M

vm_info: Java HotSpot(TM) 64-Bit Server VM (17.0.2+8-LTS-86) for windows-amd64 JRE (17.0.2+8-LTS-86), built on Dec  7 2021 21:51:03 by "mach5one" with MS VC++ 16.8 / 16.9 (VS2019)

END.
