#
# There is insufficient memory for the Java Runtime Environment to continue.
# Native memory allocation (malloc) failed to allocate 1048576 bytes for AllocateHeap
# Possible reasons:
#   The system is out of physical RAM or swap space
#   The process is running with CompressedOops enabled, and the Java Heap may be blocking the growth of the native heap
# Possible solutions:
#   Reduce memory load on the system
#   Increase physical memory or swap space
#   Check if swap backing store is full
#   Decrease Java heap size (-Xmx/-Xms)
#   Decrease number of Java threads
#   Decrease Java thread stack sizes (-Xss)
#   Set larger code cache with -XX:ReservedCodeCacheSize=
# This output file may be truncated or incomplete.
#
#  Out of Memory Error (./src/hotspot/share/memory/allocation.cpp:46), pid=13564, tid=13916
#
# JRE version:  (11.0.13+7) (build )
# Java VM: OpenJDK 64-Bit Server VM (11.0.13+7-b1751.25, mixed mode, sharing, tiered, compressed oops, g1 gc, windows-amd64)
# No core dump will be written. Minidumps are not enabled by default on client versions of Windows
#

---------------  S U M M A R Y ------------

Command Line: git4idea.http.GitAskPassApp Username for 'https://github.com': 

Host: Intel(R) Core(TM) i5-1035G1 CPU @ 1.00GHz, 8 cores, 7G,  Windows 11 , 64 bit Build 22000 (10.0.22000.708)
Time: Wed Jun 29 14:54:34 2022 ???. ????? ? ?????? ???? (????) elapsed time: 0.032797 seconds (0d 0h 0m 0s)

---------------  T H R E A D  ---------------

Current thread (0x0000014571065800):  JavaThread "Unknown thread" [_thread_in_vm, id=13916, stack(0x0000000297b00000,0x0000000297c00000)]

Stack: [0x0000000297b00000,0x0000000297c00000]
Native frames: (J=compiled Java code, j=interpreted, Vv=VM code, C=native code)
V  [jvm.dll+0x613daa]
V  [jvm.dll+0x799b30]
V  [jvm.dll+0x79b14d]
V  [jvm.dll+0x79b823]
V  [jvm.dll+0x24c958]
V  [jvm.dll+0xb8984]
V  [jvm.dll+0x2ed717]
V  [jvm.dll+0x2e690a]
V  [jvm.dll+0x776d47]
V  [jvm.dll+0x77853c]
V  [jvm.dll+0x3666c9]
V  [jvm.dll+0x75a9ce]
V  [jvm.dll+0x3d47d3]
V  [jvm.dll+0x3d6d21]
C  [jli.dll+0x536b]
C  [ucrtbase.dll+0x26c0c]
C  [KERNEL32.DLL+0x154e0]
C  [ntdll.dll+0x485b]


---------------  P R O C E S S  ---------------

Threads class SMR info:
_java_thread_list=0x000001456ef44230, length=0, elements={
}

Java Threads: ( => current thread )

Other Threads:
  0x0000014571080800 GCTaskThread "GC Thread#0" [stack: 0x0000000297c00000,0x0000000297d00000] [id=12808]

[error occurred during error reporting (printing all threads), id 0xc0000005, EXCEPTION_ACCESS_VIOLATION (0xc0000005) at pc=0x00007ffc57982a60]

VM state:not at safepoint (not fully initialized)

VM Mutex/Monitor currently owned by a thread:  ([mutex/lock_event])
[0x0000014571060e00] Heap_lock - owner thread: 0x0000014571065800

Heap address: 0x0000000083800000, size: 1992 MB, Compressed Oops mode: Non-zero based: 0x0000000083800000
Narrow klass base: 0x0000000000000000, Narrow klass shift: 0

GC Heap History (0 events):
No events

Deoptimization events (0 events):
No events

Classes redefined (0 events):
No events

Internal exceptions (0 events):
No events

Events (1 events):
Event: 0.019 Loaded shared library C:\Program Files\JetBrains\IntelliJ IDEA Community Edition 2021.3.2\jbr\bin\zip.dll


Dynamic libraries:
0x00007ff7e7ee0000 - 0x00007ff7e7eea000 	C:\Program Files\JetBrains\IntelliJ IDEA Community Edition 2021.3.2\jbr\bin\java.exe
0x00007ffcbf640000 - 0x00007ffcbf849000 	C:\WINDOWS\SYSTEM32\ntdll.dll
0x00007ffc7e620000 - 0x00007ffc7e636000 	C:\Program Files\Avast Software\Avast\aswhook.dll
0x00007ffcbe170000 - 0x00007ffcbe22d000 	C:\WINDOWS\System32\KERNEL32.DLL
0x00007ffcbcc40000 - 0x00007ffcbcfb9000 	C:\WINDOWS\System32\KERNELBASE.dll
0x00007ffcbd060000 - 0x00007ffcbd171000 	C:\WINDOWS\System32\ucrtbase.dll
0x00007ffca2460000 - 0x00007ffca2479000 	C:\Program Files\JetBrains\IntelliJ IDEA Community Edition 2021.3.2\jbr\bin\jli.dll
0x00007ffca0c10000 - 0x00007ffca0c27000 	C:\Program Files\JetBrains\IntelliJ IDEA Community Edition 2021.3.2\jbr\bin\VCRUNTIME140.dll
0x00007ffcbea90000 - 0x00007ffcbec3c000 	C:\WINDOWS\System32\USER32.dll
0x00007ffc99dc0000 - 0x00007ffc9a065000 	C:\WINDOWS\WinSxS\amd64_microsoft.windows.common-controls_6595b64144ccf1df_6.0.22000.120_none_9d947278b86cc467\COMCTL32.dll
0x00007ffcbd180000 - 0x00007ffcbd1a6000 	C:\WINDOWS\System32\win32u.dll
0x00007ffcbf550000 - 0x00007ffcbf5f3000 	C:\WINDOWS\System32\msvcrt.dll
0x00007ffcbe0b0000 - 0x00007ffcbe0d9000 	C:\WINDOWS\System32\GDI32.dll
0x00007ffcbcb20000 - 0x00007ffcbcc32000 	C:\WINDOWS\System32\gdi32full.dll
0x00007ffcbcfc0000 - 0x00007ffcbd05d000 	C:\WINDOWS\System32\msvcp_win.dll
0x00007ffcbf0a0000 - 0x00007ffcbf0d1000 	C:\WINDOWS\System32\IMM32.DLL
0x00007ffc796b0000 - 0x00007ffc7974d000 	C:\Program Files\JetBrains\IntelliJ IDEA Community Edition 2021.3.2\jbr\bin\msvcp140.dll
0x00007ffc57690000 - 0x00007ffc58206000 	C:\Program Files\JetBrains\IntelliJ IDEA Community Edition 2021.3.2\jbr\bin\server\jvm.dll
0x00007ffcbd630000 - 0x00007ffcbd6de000 	C:\WINDOWS\System32\ADVAPI32.dll
0x00007ffcbd7c0000 - 0x00007ffcbd85e000 	C:\WINDOWS\System32\sechost.dll
0x00007ffcbdbe0000 - 0x00007ffcbdd00000 	C:\WINDOWS\System32\RPCRT4.dll
0x00007ffcbe0a0000 - 0x00007ffcbe0a8000 	C:\WINDOWS\System32\PSAPI.DLL
0x00007ffcb37d0000 - 0x00007ffcb3803000 	C:\WINDOWS\SYSTEM32\WINMM.dll
0x00007ffca6e00000 - 0x00007ffca6e09000 	C:\WINDOWS\SYSTEM32\WSOCK32.dll
0x00007ffcb34a0000 - 0x00007ffcb34aa000 	C:\WINDOWS\SYSTEM32\VERSION.dll
0x00007ffcbef00000 - 0x00007ffcbef6f000 	C:\WINDOWS\System32\WS2_32.dll
0x00007ffcbbd10000 - 0x00007ffcbbd28000 	C:\WINDOWS\SYSTEM32\kernel.appcore.dll
0x00007ffcb4e40000 - 0x00007ffcb4e51000 	C:\Program Files\JetBrains\IntelliJ IDEA Community Edition 2021.3.2\jbr\bin\verify.dll
0x00007ffcba810000 - 0x00007ffcbaa31000 	C:\WINDOWS\SYSTEM32\DBGHELP.DLL
0x00007ffca8850000 - 0x00007ffca8881000 	C:\WINDOWS\SYSTEM32\dbgcore.DLL
0x00007ffcbd220000 - 0x00007ffcbd29f000 	C:\WINDOWS\System32\bcryptPrimitives.dll
0x00007ffca63c0000 - 0x00007ffca63e9000 	C:\Program Files\JetBrains\IntelliJ IDEA Community Edition 2021.3.2\jbr\bin\java.dll
0x00007ffcb4e30000 - 0x00007ffcb4e3b000 	C:\Program Files\JetBrains\IntelliJ IDEA Community Edition 2021.3.2\jbr\bin\jimage.dll
0x00007ffca63a0000 - 0x00007ffca63b8000 	C:\Program Files\JetBrains\IntelliJ IDEA Community Edition 2021.3.2\jbr\bin\zip.dll

dbghelp: loaded successfully - version: 4.0.5 - missing functions: none
symbol engine: initialized successfully - sym options: 0x614 - pdb path: .;C:\Program Files\JetBrains\IntelliJ IDEA Community Edition 2021.3.2\jbr\bin;C:\WINDOWS\SYSTEM32;C:\Program Files\Avast Software\Avast;C:\WINDOWS\WinSxS\amd64_microsoft.windows.common-controls_6595b64144ccf1df_6.0.22000.120_none_9d947278b86cc467;C:\Program Files\JetBrains\IntelliJ IDEA Community Edition 2021.3.2\jbr\bin\server

VM Arguments:
java_command: git4idea.http.GitAskPassApp Username for 'https://github.com': 
java_class_path (initial): C:/Program Files/JetBrains/IntelliJ IDEA Community Edition 2021.3.2/plugins/git4idea/lib/git4idea-rt.jar;C:/Program Files/JetBrains/IntelliJ IDEA Community Edition 2021.3.2/lib/3rd-party.jar;C:/Program Files/JetBrains/IntelliJ IDEA Community Edition 2021.3.2/lib/3rd-party-rt.jar
Launcher Type: SUN_STANDARD

[Global flags]
     intx CICompilerCount                          = 4                                         {product} {ergonomic}
     uint ConcGCThreads                            = 2                                         {product} {ergonomic}
     uint G1ConcRefinementThreads                  = 8                                         {product} {ergonomic}
   size_t G1HeapRegionSize                         = 1048576                                   {product} {ergonomic}
    uintx GCDrainStackTargetSize                   = 64                                        {product} {ergonomic}
   size_t InitialHeapSize                          = 132120576                                 {product} {ergonomic}
   size_t MarkStackSize                            = 4194304                                   {product} {ergonomic}
   size_t MaxHeapSize                              = 2088763392                                {product} {ergonomic}
   size_t MinHeapDeltaBytes                        = 1048576                                   {product} {ergonomic}
    uintx NonNMethodCodeHeapSize                   = 5836300                                {pd product} {ergonomic}
    uintx NonProfiledCodeHeapSize                  = 122910970                              {pd product} {ergonomic}
    uintx ProfiledCodeHeapSize                     = 122910970                              {pd product} {ergonomic}
    uintx ReservedCodeCacheSize                    = 251658240                              {pd product} {ergonomic}
     bool SegmentedCodeCache                       = true                                      {product} {ergonomic}
     bool UseCompressedClassPointers               = true                                 {lp64_product} {ergonomic}
     bool UseCompressedOops                        = true                                 {lp64_product} {ergonomic}
     bool UseG1GC                                  = true                                      {product} {ergonomic}
     bool UseLargePagesIndividualAllocation        = false                                  {pd product} {ergonomic}

Logging:
Log output configuration:
 #0: stdout all=warning uptime,level,tags
 #1: stderr all=off uptime,level,tags

Environment Variables:
JAVA_HOME=C:\Program Files\Java\jdk-17.0.2
PATH=C:\Program Files\Git\mingw64\libexec\git-core;C:\Program Files\Git\mingw64\libexec\git-core;C:\Program Files\Git\mingw64\bin;C:\Program Files\Git\usr\bin;C:\Users\Kaplan\bin;C:\Program Files\Java\jdk-17.0.2\bin;C:\WINDOWS\system32;C:\WINDOWS;C:\WINDOWS\System32\Wbem;C:\WINDOWS\System32\WindowsPowerShell\v1.0;C:\WINDOWS\System32\OpenSSH;C:\Program Files\dotnet;C:\Program Files\Git\cmd;C:\Program Files (x86)\dotnet;C:\Users\Kaplan\AppData\Local\Microsoft\WindowsApps;C:\Users\Kaplan\.dotnet\tools
USERNAME=Kaplan
DISPLAY=:0.0
LC_ALL=en_US.UTF-8
OS=Windows_NT
PROCESSOR_IDENTIFIER=Intel64 Family 6 Model 126 Stepping 5, GenuineIntel



---------------  S Y S T E M  ---------------

OS: Windows 11 , 64 bit Build 22000 (10.0.22000.708)
OS uptime: 1 days 16:21 hours

CPU:total 8 (initial active 8) (4 cores per cpu, 2 threads per core) family 6 model 126 stepping 5 microcode 0x86, cmov, cx8, fxsr, mmx, sse, sse2, sse3, ssse3, sse4.1, sse4.2, popcnt, avx, avx2, aes, clmul, erms, 3dnowpref, lzcnt, ht, tsc, tscinvbit, bmi1, bmi2, adx, evex, sha, fma

Memory: 4k page, system-wide physical 7967M (678M free)
TotalPageFile size 10015M (AvailPageFile size 5M)
current process WorkingSet (physical memory assigned to process): 10M, peak: 10M
current process commit charge ("private bytes"): 52M, peak: 52M

vm_info: OpenJDK 64-Bit Server VM (11.0.13+7-b1751.25) for windows-amd64 JRE (11.0.13+7-b1751.25), built on Jan 13 2022 20:47:27 by "" with MS VC++ 14.0 (VS2015)

END.
