#
# There is insufficient memory for the Java Runtime Environment to continue.
# Native memory allocation (mmap) failed to map 112197632 bytes for G1 virtual space
# Possible reasons:
#   The system is out of physical RAM or swap space
#   The process is running with CompressedOops enabled, and the Java Heap may be blocking the growth of the native heap
# Possible solutions:
#   Reduce memory load on the system
#   Increase physical memory or swap space
#   Check if swap backing store is full
#   Decrease Java heap size (-Xmx/-Xms)
#   Decrease number of Java threads
#   Decrease Java thread stack sizes (-Xss)
#   Set larger code cache with -XX:ReservedCodeCacheSize=
#   JVM is running with Unscaled Compressed Oops mode in which the Java heap is
#     placed in the first 4GB address space. The Java Heap base address is the
#     maximum limit for the native heap growth. Please use -XX:HeapBaseMinAddress
#     to set the Java Heap base and to place the Java Heap above 4GB virtual address.
# This output file may be truncated or incomplete.
#
#  Out of Memory Error (os_windows.cpp:3532), pid=10212, tid=184
#
# JRE version: Java(TM) SE Runtime Environment (17.0.2+8) (build 17.0.2+8-LTS-86)
# Java VM: Java HotSpot(TM) 64-Bit Server VM (17.0.2+8-LTS-86, mixed mode, sharing, tiered, compressed oops, compressed class ptrs, g1 gc, windows-amd64)
# No core dump will be written. Minidumps are not enabled by default on client versions of Windows
#

---------------  S U M M A R Y ------------

Command Line: -ea -Didea.test.cyclic.buffer.size=1048576 -javaagent:C:\Program Files\JetBrains\IntelliJ IDEA Community Edition 2021.3.2\lib\idea_rt.jar=54744:C:\Program Files\JetBrains\IntelliJ IDEA Community Edition 2021.3.2\bin -Dfile.encoding=UTF-8 com.intellij.rt.junit.JUnitStarter -ideVersion5 -junit5 renderer.RenderTests,basicRenderMultiColorTest

Host: Intel(R) Core(TM) i5-1035G1 CPU @ 1.00GHz, 8 cores, 7G,  Windows 11 , 64 bit Build 22000 (10.0.22000.613)
Time: Tue May 10 21:45:47 2022  Windows 11 , 64 bit Build 22000 (10.0.22000.613) elapsed time: 0.868105 seconds (0d 0h 0m 0s)

---------------  T H R E A D  ---------------

Current thread (0x0000018d7fccaee0):  VMThread "VM Thread" [stack: 0x0000003c3bb00000,0x0000003c3bc00000] [id=184]

Stack: [0x0000003c3bb00000,0x0000003c3bc00000]
Native frames: (J=compiled Java code, j=interpreted, Vv=VM code, C=native code)
V  [jvm.dll+0x670baa]
V  [jvm.dll+0x7cfcb4]
V  [jvm.dll+0x7d145e]
V  [jvm.dll+0x7d1ac3]
V  [jvm.dll+0x242bc5]
V  [jvm.dll+0x66dac9]
V  [jvm.dll+0x662412]
V  [jvm.dll+0x300c0b]
V  [jvm.dll+0x3081a6]
V  [jvm.dll+0x357d0e]
V  [jvm.dll+0x357f3f]
V  [jvm.dll+0x2d7ec8]
V  [jvm.dll+0x2d6194]
V  [jvm.dll+0x2d579c]
V  [jvm.dll+0x3190eb]
V  [jvm.dll+0x7d5f9b]
V  [jvm.dll+0x7d6cd4]
V  [jvm.dll+0x7d71ec]
V  [jvm.dll+0x7d75c4]
V  [jvm.dll+0x7d7690]
V  [jvm.dll+0x77ff7a]
V  [jvm.dll+0x66fa35]
C  [ucrtbase.dll+0x26c0c]
C  [KERNEL32.DLL+0x154e0]
C  [ntdll.dll+0x485b]

VM_Operation (0x0000003c3b5fbe60): G1CollectForAllocation, mode: safepoint, requested by thread 0x0000018d7c387830


---------------  P R O C E S S  ---------------

Threads class SMR info:
_java_thread_list=0x0000018d1d7be0e0, length=15, elements={
0x0000018d7c387830, 0x0000018d7fcd1890, 0x0000018d7fcd2240, 0x0000018d7fce87b0,
0x0000018d7fceb170, 0x0000018d7fcebb20, 0x0000018d7fced4e0, 0x0000018d7fcee270,
0x0000018d7fcffa70, 0x0000018d7fd0c4a0, 0x0000018d1d07ce70, 0x0000018d1d16f100,
0x0000018d1d1bb780, 0x0000018d1d7bcf50, 0x0000018d1d43ce10
}

Java Threads: ( => current thread )
  0x0000018d7c387830 JavaThread "main" [_thread_blocked, id=17832, stack(0x0000003c3b500000,0x0000003c3b600000)]
  0x0000018d7fcd1890 JavaThread "Reference Handler" daemon [_thread_blocked, id=4628, stack(0x0000003c3bc00000,0x0000003c3bd00000)]
  0x0000018d7fcd2240 JavaThread "Finalizer" daemon [_thread_blocked, id=5172, stack(0x0000003c3bd00000,0x0000003c3be00000)]
  0x0000018d7fce87b0 JavaThread "Signal Dispatcher" daemon [_thread_blocked, id=2524, stack(0x0000003c3be00000,0x0000003c3bf00000)]
  0x0000018d7fceb170 JavaThread "Attach Listener" daemon [_thread_blocked, id=13656, stack(0x0000003c3bf00000,0x0000003c3c000000)]
  0x0000018d7fcebb20 JavaThread "Service Thread" daemon [_thread_blocked, id=15552, stack(0x0000003c3c000000,0x0000003c3c100000)]
  0x0000018d7fced4e0 JavaThread "Monitor Deflation Thread" daemon [_thread_blocked, id=18732, stack(0x0000003c3c100000,0x0000003c3c200000)]
  0x0000018d7fcee270 JavaThread "C2 CompilerThread0" daemon [_thread_blocked, id=9180, stack(0x0000003c3c200000,0x0000003c3c300000)]
  0x0000018d7fcffa70 JavaThread "C1 CompilerThread0" daemon [_thread_blocked, id=4132, stack(0x0000003c3c300000,0x0000003c3c400000)]
  0x0000018d7fd0c4a0 JavaThread "Sweeper thread" daemon [_thread_blocked, id=18904, stack(0x0000003c3c400000,0x0000003c3c500000)]
  0x0000018d1d07ce70 JavaThread "Common-Cleaner" daemon [_thread_blocked, id=15308, stack(0x0000003c3c500000,0x0000003c3c600000)]
  0x0000018d1d16f100 JavaThread "Monitor Ctrl-Break" daemon [_thread_in_native, id=10116, stack(0x0000003c3c600000,0x0000003c3c700000)]
  0x0000018d1d1bb780 JavaThread "Notification Thread" daemon [_thread_blocked, id=7636, stack(0x0000003c3c700000,0x0000003c3c800000)]
  0x0000018d1d7bcf50 JavaThread "C2 CompilerThread1" daemon [_thread_blocked, id=16948, stack(0x0000003c3c900000,0x0000003c3ca00000)]
  0x0000018d1d43ce10 JavaThread "C2 CompilerThread2" daemon [_thread_blocked, id=2684, stack(0x0000003c3ce00000,0x0000003c3cf00000)]

Other Threads:
=>0x0000018d7fccaee0 VMThread "VM Thread" [stack: 0x0000003c3bb00000,0x0000003c3bc00000] [id=184]
  0x0000018d7c3edd40 WatcherThread [stack: 0x0000003c3c800000,0x0000003c3c900000] [id=11816]
  0x0000018d7c3c7e30 GCTaskThread "GC Thread#0" [stack: 0x0000003c3b600000,0x0000003c3b700000] [id=15464]
  0x0000018d1d7d7720 GCTaskThread "GC Thread#1" [stack: 0x0000003c3ca00000,0x0000003c3cb00000] [id=12424]
  0x0000018d1d7d79d0 GCTaskThread "GC Thread#2" [stack: 0x0000003c3cb00000,0x0000003c3cc00000] [id=11000]
  0x0000018d1d7edc90 GCTaskThread "GC Thread#3" [stack: 0x0000003c3cc00000,0x0000003c3cd00000] [id=13884]
  0x0000018d1d7ee350 GCTaskThread "GC Thread#4" [stack: 0x0000003c3cd00000,0x0000003c3ce00000] [id=13548]
  0x0000018d1e21f340 GCTaskThread "GC Thread#5" [stack: 0x0000003c3cf00000,0x0000003c3d000000] [id=11668]
  0x0000018d7c3d8640 ConcurrentGCThread "G1 Main Marker" [stack: 0x0000003c3b700000,0x0000003c3b800000] [id=16264]
  0x0000018d7c3da700 ConcurrentGCThread "G1 Conc#0" [stack: 0x0000003c3b800000,0x0000003c3b900000] [id=15840]
  0x0000018d7fb90090 ConcurrentGCThread "G1 Refine#0" [stack: 0x0000003c3b900000,0x0000003c3ba00000] [id=2760]
  0x0000018d7fb909b0 ConcurrentGCThread "G1 Service" [stack: 0x0000003c3ba00000,0x0000003c3bb00000] [id=16572]

Threads with active compile tasks:
C2 CompilerThread2      887 1155       4       renderer.Camera::castRay (9 bytes)

VM state: at safepoint (normal execution)

VM Mutex/Monitor currently owned by a thread:  ([mutex/lock_event])
[0x0000018d7c383880] Threads_lock - owner thread: 0x0000018d7fccaee0
[0x0000018d7c382f80] Heap_lock - owner thread: 0x0000018d7c387830

Heap address: 0x0000000083800000, size: 1992 MB, Compressed Oops mode: 32-bit

CDS archive(s) mapped at: [0x0000000800000000-0x0000000800bc0000-0x0000000800bc0000), size 12320768, SharedBaseAddress: 0x0000000800000000, ArchiveRelocationMode: 0.
Compressed class space mapped at: 0x0000000800c00000-0x0000000840c00000, reserved size: 1073741824
Narrow klass base: 0x0000000800000000, Narrow klass shift: 0, Narrow klass range: 0x100000000

GC Precious Log:
 CPUs: 8 total, 8 available
 Memory: 7967M
 Large Page Support: Disabled
 NUMA Support: Disabled
 Compressed Oops: Enabled (32-bit)
 Heap Region Size: 1M
 Heap Min Capacity: 8M
 Heap Initial Capacity: 126M
 Heap Max Capacity: 1992M
 Pre-touch: Disabled
 Parallel Workers: 8
 Concurrent Workers: 2
 Concurrent Refinement Workers: 8
 Periodic GC: Disabled

Heap:
 garbage-first heap   total 129024K, used 6144K [0x0000000083800000, 0x0000000100000000)
  region size 1024K, 2 young (2048K), 2 survivors (2048K)
 Metaspace       used 5006K, committed 5120K, reserved 1056768K
  class space    used 646K, committed 704K, reserved 1048576K

Heap Regions: E=young(eden), S=young(survivor), O=old, HS=humongous(starts), HC=humongous(continues), CS=collection set, F=free, OA=open archive, CA=closed archive, TAMS=top-at-mark-start (previous, next)
|   0|0x0000000083800000, 0x0000000083900000, 0x0000000083900000|100%|HS|  |TAMS 0x0000000083800000, 0x0000000083800000| Complete 
|   1|0x0000000083900000, 0x0000000083a00000, 0x0000000083a00000|100%|HC|  |TAMS 0x0000000083900000, 0x0000000083900000| Complete 
|   2|0x0000000083a00000, 0x0000000083b00000, 0x0000000083b00000|100%|HC|  |TAMS 0x0000000083a00000, 0x0000000083a00000| Complete 
|   3|0x0000000083b00000, 0x0000000083c00000, 0x0000000083c00000|100%|HC|  |TAMS 0x0000000083b00000, 0x0000000083b00000| Complete 
|   4|0x0000000083c00000, 0x0000000083c00000, 0x0000000083d00000|  0%| F|  |TAMS 0x0000000083c00000, 0x0000000083c00000| Untracked 
|   5|0x0000000083d00000, 0x0000000083d00000, 0x0000000083e00000|  0%| F|  |TAMS 0x0000000083d00000, 0x0000000083d00000| Untracked 
|   6|0x0000000083e00000, 0x0000000083e00000, 0x0000000083f00000|  0%| F|  |TAMS 0x0000000083e00000, 0x0000000083e00000| Untracked 
|   7|0x0000000083f00000, 0x0000000083f00000, 0x0000000084000000|  0%| F|  |TAMS 0x0000000083f00000, 0x0000000083f00000| Untracked 
|   8|0x0000000084000000, 0x0000000084000000, 0x0000000084100000|  0%| F|  |TAMS 0x0000000084000000, 0x0000000084000000| Untracked 
|   9|0x0000000084100000, 0x0000000084100000, 0x0000000084200000|  0%| F|  |TAMS 0x0000000084100000, 0x0000000084100000| Untracked 
|  10|0x0000000084200000, 0x0000000084200000, 0x0000000084300000|  0%| F|  |TAMS 0x0000000084200000, 0x0000000084200000| Untracked 
|  11|0x0000000084300000, 0x0000000084300000, 0x0000000084400000|  0%| F|  |TAMS 0x0000000084300000, 0x0000000084300000| Untracked 
|  12|0x0000000084400000, 0x0000000084400000, 0x0000000084500000|  0%| F|  |TAMS 0x0000000084400000, 0x0000000084400000| Untracked 
|  13|0x0000000084500000, 0x0000000084500000, 0x0000000084600000|  0%| F|  |TAMS 0x0000000084500000, 0x0000000084500000| Untracked 
|  14|0x0000000084600000, 0x0000000084600000, 0x0000000084700000|  0%| F|  |TAMS 0x0000000084600000, 0x0000000084600000| Untracked 
|  15|0x0000000084700000, 0x0000000084700000, 0x0000000084800000|  0%| F|  |TAMS 0x0000000084700000, 0x0000000084700000| Untracked 
|  16|0x0000000084800000, 0x0000000084800000, 0x0000000084900000|  0%| F|  |TAMS 0x0000000084800000, 0x0000000084800000| Untracked 
|  17|0x0000000084900000, 0x0000000084900000, 0x0000000084a00000|  0%| F|  |TAMS 0x0000000084900000, 0x0000000084900000| Untracked 
|  18|0x0000000084a00000, 0x0000000084a00000, 0x0000000084b00000|  0%| F|  |TAMS 0x0000000084a00000, 0x0000000084a00000| Untracked 
|  19|0x0000000084b00000, 0x0000000084b00000, 0x0000000084c00000|  0%| F|  |TAMS 0x0000000084b00000, 0x0000000084b00000| Untracked 
|  20|0x0000000084c00000, 0x0000000084c00000, 0x0000000084d00000|  0%| F|  |TAMS 0x0000000084c00000, 0x0000000084c00000| Untracked 
|  21|0x0000000084d00000, 0x0000000084d00000, 0x0000000084e00000|  0%| F|  |TAMS 0x0000000084d00000, 0x0000000084d00000| Untracked 
|  22|0x0000000084e00000, 0x0000000084e00000, 0x0000000084f00000|  0%| F|  |TAMS 0x0000000084e00000, 0x0000000084e00000| Untracked 
|  23|0x0000000084f00000, 0x0000000084f00000, 0x0000000085000000|  0%| F|  |TAMS 0x0000000084f00000, 0x0000000084f00000| Untracked 
|  24|0x0000000085000000, 0x0000000085000000, 0x0000000085100000|  0%| F|  |TAMS 0x0000000085000000, 0x0000000085000000| Untracked 
|  25|0x0000000085100000, 0x0000000085100000, 0x0000000085200000|  0%| F|  |TAMS 0x0000000085100000, 0x0000000085100000| Untracked 
|  26|0x0000000085200000, 0x0000000085200000, 0x0000000085300000|  0%| F|  |TAMS 0x0000000085200000, 0x0000000085200000| Untracked 
|  27|0x0000000085300000, 0x0000000085300000, 0x0000000085400000|  0%| F|  |TAMS 0x0000000085300000, 0x0000000085300000| Untracked 
|  28|0x0000000085400000, 0x0000000085400000, 0x0000000085500000|  0%| F|  |TAMS 0x0000000085400000, 0x0000000085400000| Untracked 
|  29|0x0000000085500000, 0x0000000085500000, 0x0000000085600000|  0%| F|  |TAMS 0x0000000085500000, 0x0000000085500000| Untracked 
|  30|0x0000000085600000, 0x0000000085600000, 0x0000000085700000|  0%| F|  |TAMS 0x0000000085600000, 0x0000000085600000| Untracked 
|  31|0x0000000085700000, 0x0000000085700000, 0x0000000085800000|  0%| F|  |TAMS 0x0000000085700000, 0x0000000085700000| Untracked 
|  32|0x0000000085800000, 0x0000000085800000, 0x0000000085900000|  0%| F|  |TAMS 0x0000000085800000, 0x0000000085800000| Untracked 
|  33|0x0000000085900000, 0x0000000085900000, 0x0000000085a00000|  0%| F|  |TAMS 0x0000000085900000, 0x0000000085900000| Untracked 
|  34|0x0000000085a00000, 0x0000000085a00000, 0x0000000085b00000|  0%| F|  |TAMS 0x0000000085a00000, 0x0000000085a00000| Untracked 
|  35|0x0000000085b00000, 0x0000000085b00000, 0x0000000085c00000|  0%| F|  |TAMS 0x0000000085b00000, 0x0000000085b00000| Untracked 
|  36|0x0000000085c00000, 0x0000000085c00000, 0x0000000085d00000|  0%| F|  |TAMS 0x0000000085c00000, 0x0000000085c00000| Untracked 
|  37|0x0000000085d00000, 0x0000000085d00000, 0x0000000085e00000|  0%| F|  |TAMS 0x0000000085d00000, 0x0000000085d00000| Untracked 
|  38|0x0000000085e00000, 0x0000000085e00000, 0x0000000085f00000|  0%| F|  |TAMS 0x0000000085e00000, 0x0000000085e00000| Untracked 
|  39|0x0000000085f00000, 0x0000000085f00000, 0x0000000086000000|  0%| F|  |TAMS 0x0000000085f00000, 0x0000000085f00000| Untracked 
|  40|0x0000000086000000, 0x0000000086000000, 0x0000000086100000|  0%| F|  |TAMS 0x0000000086000000, 0x0000000086000000| Untracked 
|  41|0x0000000086100000, 0x0000000086100000, 0x0000000086200000|  0%| F|  |TAMS 0x0000000086100000, 0x0000000086100000| Untracked 
|  42|0x0000000086200000, 0x0000000086200000, 0x0000000086300000|  0%| F|  |TAMS 0x0000000086200000, 0x0000000086200000| Untracked 
|  43|0x0000000086300000, 0x0000000086300000, 0x0000000086400000|  0%| F|  |TAMS 0x0000000086300000, 0x0000000086300000| Untracked 
|  44|0x0000000086400000, 0x0000000086400000, 0x0000000086500000|  0%| F|  |TAMS 0x0000000086400000, 0x0000000086400000| Untracked 
|  45|0x0000000086500000, 0x0000000086500000, 0x0000000086600000|  0%| F|  |TAMS 0x0000000086500000, 0x0000000086500000| Untracked 
|  46|0x0000000086600000, 0x0000000086600000, 0x0000000086700000|  0%| F|  |TAMS 0x0000000086600000, 0x0000000086600000| Untracked 
|  47|0x0000000086700000, 0x0000000086700000, 0x0000000086800000|  0%| F|  |TAMS 0x0000000086700000, 0x0000000086700000| Untracked 
|  48|0x0000000086800000, 0x0000000086800000, 0x0000000086900000|  0%| F|  |TAMS 0x0000000086800000, 0x0000000086800000| Untracked 
|  49|0x0000000086900000, 0x0000000086900000, 0x0000000086a00000|  0%| F|  |TAMS 0x0000000086900000, 0x0000000086900000| Untracked 
|  50|0x0000000086a00000, 0x0000000086a00000, 0x0000000086b00000|  0%| F|  |TAMS 0x0000000086a00000, 0x0000000086a00000| Untracked 
|  51|0x0000000086b00000, 0x0000000086b00000, 0x0000000086c00000|  0%| F|  |TAMS 0x0000000086b00000, 0x0000000086b00000| Untracked 
|  52|0x0000000086c00000, 0x0000000086d00000, 0x0000000086d00000|100%| S|CS|TAMS 0x0000000086c00000, 0x0000000086c00000| Complete 
|  53|0x0000000086d00000, 0x0000000086e00000, 0x0000000086e00000|100%| S|CS|TAMS 0x0000000086d00000, 0x0000000086d00000| Complete 
|  54|0x0000000086e00000, 0x0000000086e00000, 0x0000000086f00000|  0%| F|  |TAMS 0x0000000086e00000, 0x0000000086e00000| Untracked 
|  55|0x0000000086f00000, 0x0000000086f00000, 0x0000000087000000|  0%| F|  |TAMS 0x0000000086f00000, 0x0000000086f00000| Untracked 
|  56|0x0000000087000000, 0x0000000087000000, 0x0000000087100000|  0%| F|  |TAMS 0x0000000087000000, 0x0000000087000000| Untracked 
|  57|0x0000000087100000, 0x0000000087100000, 0x0000000087200000|  0%| F|  |TAMS 0x0000000087100000, 0x0000000087100000| Untracked 
|  58|0x0000000087200000, 0x0000000087200000, 0x0000000087300000|  0%| F|  |TAMS 0x0000000087200000, 0x0000000087200000| Untracked 
|  59|0x0000000087300000, 0x0000000087300000, 0x0000000087400000|  0%| F|  |TAMS 0x0000000087300000, 0x0000000087300000| Untracked 
|  60|0x0000000087400000, 0x0000000087400000, 0x0000000087500000|  0%| F|  |TAMS 0x0000000087400000, 0x0000000087400000| Untracked 
|  61|0x0000000087500000, 0x0000000087500000, 0x0000000087600000|  0%| F|  |TAMS 0x0000000087500000, 0x0000000087500000| Untracked 
|  62|0x0000000087600000, 0x0000000087600000, 0x0000000087700000|  0%| F|  |TAMS 0x0000000087600000, 0x0000000087600000| Untracked 
|  63|0x0000000087700000, 0x0000000087700000, 0x0000000087800000|  0%| F|  |TAMS 0x0000000087700000, 0x0000000087700000| Untracked 
|  64|0x0000000087800000, 0x0000000087800000, 0x0000000087900000|  0%| F|  |TAMS 0x0000000087800000, 0x0000000087800000| Untracked 
|  65|0x0000000087900000, 0x0000000087900000, 0x0000000087a00000|  0%| F|  |TAMS 0x0000000087900000, 0x0000000087900000| Untracked 
|  66|0x0000000087a00000, 0x0000000087a00000, 0x0000000087b00000|  0%| F|  |TAMS 0x0000000087a00000, 0x0000000087a00000| Untracked 
|  67|0x0000000087b00000, 0x0000000087b00000, 0x0000000087c00000|  0%| F|  |TAMS 0x0000000087b00000, 0x0000000087b00000| Untracked 
|  68|0x0000000087c00000, 0x0000000087c00000, 0x0000000087d00000|  0%| F|  |TAMS 0x0000000087c00000, 0x0000000087c00000| Untracked 
|  69|0x0000000087d00000, 0x0000000087d00000, 0x0000000087e00000|  0%| F|  |TAMS 0x0000000087d00000, 0x0000000087d00000| Untracked 
|  70|0x0000000087e00000, 0x0000000087e00000, 0x0000000087f00000|  0%| F|  |TAMS 0x0000000087e00000, 0x0000000087e00000| Untracked 
|  71|0x0000000087f00000, 0x0000000087f00000, 0x0000000088000000|  0%| F|  |TAMS 0x0000000087f00000, 0x0000000087f00000| Untracked 
|  72|0x0000000088000000, 0x0000000088000000, 0x0000000088100000|  0%| F|  |TAMS 0x0000000088000000, 0x0000000088000000| Untracked 
|  73|0x0000000088100000, 0x0000000088100000, 0x0000000088200000|  0%| F|  |TAMS 0x0000000088100000, 0x0000000088100000| Untracked 
|  74|0x0000000088200000, 0x0000000088200000, 0x0000000088300000|  0%| F|  |TAMS 0x0000000088200000, 0x0000000088200000| Untracked 
|  75|0x0000000088300000, 0x0000000088300000, 0x0000000088400000|  0%| F|  |TAMS 0x0000000088300000, 0x0000000088300000| Untracked 
|  76|0x0000000088400000, 0x0000000088400000, 0x0000000088500000|  0%| F|  |TAMS 0x0000000088400000, 0x0000000088400000| Untracked 
|  77|0x0000000088500000, 0x0000000088500000, 0x0000000088600000|  0%| F|  |TAMS 0x0000000088500000, 0x0000000088500000| Untracked 
|  78|0x0000000088600000, 0x0000000088600000, 0x0000000088700000|  0%| F|  |TAMS 0x0000000088600000, 0x0000000088600000| Untracked 
|  79|0x0000000088700000, 0x0000000088700000, 0x0000000088800000|  0%| F|  |TAMS 0x0000000088700000, 0x0000000088700000| Untracked 
|  80|0x0000000088800000, 0x0000000088800000, 0x0000000088900000|  0%| F|  |TAMS 0x0000000088800000, 0x0000000088800000| Untracked 
|  81|0x0000000088900000, 0x0000000088900000, 0x0000000088a00000|  0%| F|  |TAMS 0x0000000088900000, 0x0000000088900000| Untracked 
|  82|0x0000000088a00000, 0x0000000088a00000, 0x0000000088b00000|  0%| F|  |TAMS 0x0000000088a00000, 0x0000000088a00000| Untracked 
|  83|0x0000000088b00000, 0x0000000088b00000, 0x0000000088c00000|  0%| F|  |TAMS 0x0000000088b00000, 0x0000000088b00000| Untracked 
|  84|0x0000000088c00000, 0x0000000088c00000, 0x0000000088d00000|  0%| F|  |TAMS 0x0000000088c00000, 0x0000000088c00000| Untracked 
|  85|0x0000000088d00000, 0x0000000088d00000, 0x0000000088e00000|  0%| F|  |TAMS 0x0000000088d00000, 0x0000000088d00000| Untracked 
|  86|0x0000000088e00000, 0x0000000088e00000, 0x0000000088f00000|  0%| F|  |TAMS 0x0000000088e00000, 0x0000000088e00000| Untracked 
|  87|0x0000000088f00000, 0x0000000088f00000, 0x0000000089000000|  0%| F|  |TAMS 0x0000000088f00000, 0x0000000088f00000| Untracked 
|  88|0x0000000089000000, 0x0000000089000000, 0x0000000089100000|  0%| F|  |TAMS 0x0000000089000000, 0x0000000089000000| Untracked 
|  89|0x0000000089100000, 0x0000000089100000, 0x0000000089200000|  0%| F|  |TAMS 0x0000000089100000, 0x0000000089100000| Untracked 
|  90|0x0000000089200000, 0x0000000089200000, 0x0000000089300000|  0%| F|  |TAMS 0x0000000089200000, 0x0000000089200000| Untracked 
|  91|0x0000000089300000, 0x0000000089300000, 0x0000000089400000|  0%| F|  |TAMS 0x0000000089300000, 0x0000000089300000| Untracked 
|  92|0x0000000089400000, 0x0000000089400000, 0x0000000089500000|  0%| F|  |TAMS 0x0000000089400000, 0x0000000089400000| Untracked 
|  93|0x0000000089500000, 0x0000000089500000, 0x0000000089600000|  0%| F|  |TAMS 0x0000000089500000, 0x0000000089500000| Untracked 
|  94|0x0000000089600000, 0x0000000089600000, 0x0000000089700000|  0%| F|  |TAMS 0x0000000089600000, 0x0000000089600000| Untracked 
|  95|0x0000000089700000, 0x0000000089700000, 0x0000000089800000|  0%| F|  |TAMS 0x0000000089700000, 0x0000000089700000| Untracked 
|  96|0x0000000089800000, 0x0000000089800000, 0x0000000089900000|  0%| F|  |TAMS 0x0000000089800000, 0x0000000089800000| Untracked 
|  97|0x0000000089900000, 0x0000000089900000, 0x0000000089a00000|  0%| F|  |TAMS 0x0000000089900000, 0x0000000089900000| Untracked 
|  98|0x0000000089a00000, 0x0000000089a00000, 0x0000000089b00000|  0%| F|  |TAMS 0x0000000089a00000, 0x0000000089a00000| Untracked 
|  99|0x0000000089b00000, 0x0000000089b00000, 0x0000000089c00000|  0%| F|  |TAMS 0x0000000089b00000, 0x0000000089b00000| Untracked 
| 100|0x0000000089c00000, 0x0000000089c00000, 0x0000000089d00000|  0%| F|  |TAMS 0x0000000089c00000, 0x0000000089c00000| Untracked 
| 101|0x0000000089d00000, 0x0000000089d00000, 0x0000000089e00000|  0%| F|  |TAMS 0x0000000089d00000, 0x0000000089d00000| Untracked 
| 102|0x0000000089e00000, 0x0000000089e00000, 0x0000000089f00000|  0%| F|  |TAMS 0x0000000089e00000, 0x0000000089e00000| Untracked 
| 103|0x0000000089f00000, 0x0000000089f00000, 0x000000008a000000|  0%| F|  |TAMS 0x0000000089f00000, 0x0000000089f00000| Untracked 
| 104|0x000000008a000000, 0x000000008a000000, 0x000000008a100000|  0%| F|  |TAMS 0x000000008a000000, 0x000000008a000000| Untracked 
| 105|0x000000008a100000, 0x000000008a100000, 0x000000008a200000|  0%| F|  |TAMS 0x000000008a100000, 0x000000008a100000| Untracked 
| 106|0x000000008a200000, 0x000000008a200000, 0x000000008a300000|  0%| F|  |TAMS 0x000000008a200000, 0x000000008a200000| Untracked 
| 107|0x000000008a300000, 0x000000008a300000, 0x000000008a400000|  0%| F|  |TAMS 0x000000008a300000, 0x000000008a300000| Untracked 
| 108|0x000000008a400000, 0x000000008a400000, 0x000000008a500000|  0%| F|  |TAMS 0x000000008a400000, 0x000000008a400000| Untracked 
| 109|0x000000008a500000, 0x000000008a500000, 0x000000008a600000|  0%| F|  |TAMS 0x000000008a500000, 0x000000008a500000| Untracked 
| 110|0x000000008a600000, 0x000000008a600000, 0x000000008a700000|  0%| F|  |TAMS 0x000000008a600000, 0x000000008a600000| Untracked 
| 111|0x000000008a700000, 0x000000008a700000, 0x000000008a800000|  0%| F|  |TAMS 0x000000008a700000, 0x000000008a700000| Untracked 
| 112|0x000000008a800000, 0x000000008a800000, 0x000000008a900000|  0%| F|  |TAMS 0x000000008a800000, 0x000000008a800000| Untracked 
| 113|0x000000008a900000, 0x000000008a900000, 0x000000008aa00000|  0%| F|  |TAMS 0x000000008a900000, 0x000000008a900000| Untracked 
| 114|0x000000008aa00000, 0x000000008aa00000, 0x000000008ab00000|  0%| F|  |TAMS 0x000000008aa00000, 0x000000008aa00000| Untracked 
| 115|0x000000008ab00000, 0x000000008ab00000, 0x000000008ac00000|  0%| F|  |TAMS 0x000000008ab00000, 0x000000008ab00000| Untracked 
| 116|0x000000008ac00000, 0x000000008ac00000, 0x000000008ad00000|  0%| F|  |TAMS 0x000000008ac00000, 0x000000008ac00000| Untracked 
| 117|0x000000008ad00000, 0x000000008ad00000, 0x000000008ae00000|  0%| F|  |TAMS 0x000000008ad00000, 0x000000008ad00000| Untracked 
| 118|0x000000008ae00000, 0x000000008ae00000, 0x000000008af00000|  0%| F|  |TAMS 0x000000008ae00000, 0x000000008ae00000| Untracked 
| 119|0x000000008af00000, 0x000000008af00000, 0x000000008b000000|  0%| F|  |TAMS 0x000000008af00000, 0x000000008af00000| Untracked 
| 120|0x000000008b000000, 0x000000008b000000, 0x000000008b100000|  0%| F|  |TAMS 0x000000008b000000, 0x000000008b000000| Untracked 
| 121|0x000000008b100000, 0x000000008b100000, 0x000000008b200000|  0%| F|  |TAMS 0x000000008b100000, 0x000000008b100000| Untracked 
| 122|0x000000008b200000, 0x000000008b200000, 0x000000008b300000|  0%| F|  |TAMS 0x000000008b200000, 0x000000008b200000| Untracked 
| 123|0x000000008b300000, 0x000000008b300000, 0x000000008b400000|  0%| F|  |TAMS 0x000000008b300000, 0x000000008b300000| Untracked 
| 124|0x000000008b400000, 0x000000008b400000, 0x000000008b500000|  0%| F|  |TAMS 0x000000008b400000, 0x000000008b400000| Untracked 
| 125|0x000000008b500000, 0x000000008b500000, 0x000000008b600000|  0%| F|  |TAMS 0x000000008b500000, 0x000000008b500000| Untracked 

Card table byte_map: [0x0000018d7ea90000,0x0000018d7ee80000] _byte_map_base: 0x0000018d7e674000

Marking Bits (Prev, Next): (CMBitMap*) 0x0000018d7c3c8340, (CMBitMap*) 0x0000018d7c3c8380
 Prev Bits: [0x0000018d16780000, 0x0000018d186a0000)
 Next Bits: [0x0000018d186a0000, 0x0000018d1a5c0000)

Polling page: 0x0000018d7dc10000

Metaspace:

Usage:
  Non-class:      4.26 MB used.
      Class:    646.40 KB used.
       Both:      4.89 MB used.

Virtual space:
  Non-class space:        8.00 MB reserved,       4.31 MB ( 54%) committed,  1 nodes.
      Class space:        1.00 GB reserved,     704.00 KB ( <1%) committed,  1 nodes.
             Both:        1.01 GB reserved,       5.00 MB ( <1%) committed. 

Chunk freelists:
   Non-Class:  2.19 MB
       Class:  3.32 MB
        Both:  5.51 MB

MaxMetaspaceSize: unlimited
CompressedClassSpaceSize: 1.00 GB
Initial GC threshold: 21.00 MB
Current GC threshold: 21.00 MB
CDS: on
MetaspaceReclaimPolicy: balanced
 - commit_granule_bytes: 65536.
 - commit_granule_words: 8192.
 - virtual_space_node_default_size: 1048576.
 - enlarge_chunks_in_place: 1.
 - new_chunks_are_fully_committed: 0.
 - uncommit_free_chunks: 1.
 - use_allocation_guard: 0.
 - handle_deallocations: 1.


Internal statistics:

num_allocs_failed_limit: 0.
num_arena_births: 126.
num_arena_deaths: 0.
num_vsnodes_births: 2.
num_vsnodes_deaths: 0.
num_space_committed: 80.
num_space_uncommitted: 0.
num_chunks_returned_to_freelist: 0.
num_chunks_taken_from_freelist: 299.
num_chunk_merges: 0.
num_chunk_splits: 151.
num_chunks_enlarged: 87.
num_purges: 0.
num_inconsistent_stats: 0.

CodeHeap 'non-profiled nmethods': size=120000Kb used=433Kb max_used=433Kb free=119566Kb
 bounds [0x0000018d0f250000, 0x0000018d0f4c0000, 0x0000018d16780000]
CodeHeap 'profiled nmethods': size=120000Kb used=1984Kb max_used=1984Kb free=118015Kb
 bounds [0x0000018d07d20000, 0x0000018d07f90000, 0x0000018d0f250000]
CodeHeap 'non-nmethods': size=5760Kb used=1164Kb max_used=1193Kb free=4595Kb
 bounds [0x0000018d07780000, 0x0000018d079f0000, 0x0000018d07d20000]
 total_blobs=1612 nmethods=1169 adapters=356
 compilation: enabled
              stopped_count=0, restarted_count=0
 full_count=0

Compilation events (20 events):
Event: 0.796 Thread 0x0000018d1d7bcf50 nmethod 1161 0x0000018d0f2b5a90 code [0x0000018d0f2b5c60, 0x0000018d0f2b6108]
Event: 0.796 Thread 0x0000018d1d7bcf50 1162       4       primitives.Color::getColor (77 bytes)
Event: 0.799 Thread 0x0000018d1d7bcf50 nmethod 1162 0x0000018d0f2b6790 code [0x0000018d0f2b6920, 0x0000018d0f2b6b98]
Event: 0.799 Thread 0x0000018d1d7bcf50 1164       4       java.awt.image.DirectColorModel::getDataElements (928 bytes)
Event: 0.801 Thread 0x0000018d7fcee270 nmethod 1156 0x0000018d0f2b6e10 code [0x0000018d0f2b7020, 0x0000018d0f2b7848]
Event: 0.801 Thread 0x0000018d7fcee270 1166       4       java.awt.image.ColorModel::getRGBdefault (31 bytes)
Event: 0.802 Thread 0x0000018d7fcee270 nmethod 1166 0x0000018d0f2b8510 code [0x0000018d0f2b8680, 0x0000018d0f2b86f8]
Event: 0.802 Thread 0x0000018d7fcee270 1167       4       java.awt.image.PackedColorModel::equals (152 bytes)
Event: 0.803 Thread 0x0000018d7fcee270 nmethod 1167 0x0000018d0f2b8810 code [0x0000018d0f2b89a0, 0x0000018d0f2b8a78]
Event: 0.803 Thread 0x0000018d7fcee270 1160       4       geometries.Sphere::findGeoIntersectionsHelper (193 bytes)
Event: 0.803 Thread 0x0000018d1d7bcf50 nmethod 1164 0x0000018d0f2b8b90 code [0x0000018d0f2b8d40, 0x0000018d0f2b9198]
Event: 0.803 Thread 0x0000018d1d7bcf50 1165       4       sun.awt.image.IntegerInterleavedRaster::setDataElements (91 bytes)
Event: 0.806 Thread 0x0000018d1d7bcf50 nmethod 1165 0x0000018d0f2b9610 code [0x0000018d0f2b97a0, 0x0000018d0f2b9a18]
Event: 0.806 Thread 0x0000018d1d7bcf50 1151       4       java.awt.Color::<init> (72 bytes)
Event: 0.808 Thread 0x0000018d1d7bcf50 nmethod 1151 0x0000018d0f2b9c90 code [0x0000018d0f2b9e00, 0x0000018d0f2ba038]
Event: 0.808 Thread 0x0000018d1d7bcf50 1152       4       java.awt.Color::testColorValueRange (121 bytes)
Event: 0.808 Thread 0x0000018d1d7bcf50 nmethod 1152 0x0000018d0f2ba190 code [0x0000018d0f2ba300, 0x0000018d0f2ba3d8]
Event: 0.809 Thread 0x0000018d1d7bcf50 1170 %     4       renderer.Camera::renderImage @ 109 (155 bytes)
Event: 0.811 Thread 0x0000018d7fcee270 nmethod 1160 0x0000018d0f2ba510 code [0x0000018d0f2ba6e0, 0x0000018d0f2bab78]
Event: 0.824 Thread 0x0000018d1d7bcf50 nmethod 1170% 0x0000018d0f2bb090 code [0x0000018d0f2bb280, 0x0000018d0f2bbb28]

GC Heap History (11 events):
Event: 0.636 GC heap before
{Heap before GC invocations=0 (full 0):
 garbage-first heap   total 129024K, used 27648K [0x0000000083800000, 0x0000000100000000)
  region size 1024K, 23 young (23552K), 0 survivors (0K)
 Metaspace       used 5002K, committed 5120K, reserved 1056768K
  class space    used 646K, committed 704K, reserved 1048576K
}
Event: 0.641 GC heap after
{Heap after GC invocations=1 (full 0):
 garbage-first heap   total 129024K, used 6143K [0x0000000083800000, 0x0000000100000000)
  region size 1024K, 2 young (2048K), 2 survivors (2048K)
 Metaspace       used 5002K, committed 5120K, reserved 1056768K
  class space    used 646K, committed 704K, reserved 1048576K
}
Event: 0.667 GC heap before
{Heap before GC invocations=1 (full 0):
 garbage-first heap   total 129024K, used 39935K [0x0000000083800000, 0x0000000100000000)
  region size 1024K, 35 young (35840K), 2 survivors (2048K)
 Metaspace       used 5005K, committed 5120K, reserved 1056768K
  class space    used 646K, committed 704K, reserved 1048576K
}
Event: 0.670 GC heap after
{Heap after GC invocations=2 (full 0):
 garbage-first heap   total 129024K, used 6275K [0x0000000083800000, 0x0000000100000000)
  region size 1024K, 3 young (3072K), 3 survivors (3072K)
 Metaspace       used 5005K, committed 5120K, reserved 1056768K
  class space    used 646K, committed 704K, reserved 1048576K
}
Event: 0.732 GC heap before
{Heap before GC invocations=2 (full 0):
 garbage-first heap   total 129024K, used 80003K [0x0000000083800000, 0x0000000100000000)
  region size 1024K, 75 young (76800K), 3 survivors (3072K)
 Metaspace       used 5005K, committed 5120K, reserved 1056768K
  class space    used 646K, committed 704K, reserved 1048576K
}
Event: 0.735 GC heap after
{Heap after GC invocations=3 (full 0):
 garbage-first heap   total 129024K, used 6274K [0x0000000083800000, 0x0000000100000000)
  region size 1024K, 3 young (3072K), 3 survivors (3072K)
 Metaspace       used 5005K, committed 5120K, reserved 1056768K
  class space    used 646K, committed 704K, reserved 1048576K
}
Event: 0.782 GC heap before
{Heap before GC invocations=3 (full 0):
 garbage-first heap   total 129024K, used 80002K [0x0000000083800000, 0x0000000100000000)
  region size 1024K, 75 young (76800K), 3 survivors (3072K)
 Metaspace       used 5006K, committed 5120K, reserved 1056768K
  class space    used 646K, committed 704K, reserved 1048576K
}
Event: 0.785 GC heap after
{Heap after GC invocations=4 (full 0):
 garbage-first heap   total 129024K, used 6274K [0x0000000083800000, 0x0000000100000000)
  region size 1024K, 3 young (3072K), 3 survivors (3072K)
 Metaspace       used 5006K, committed 5120K, reserved 1056768K
  class space    used 646K, committed 704K, reserved 1048576K
}
Event: 0.812 GC heap before
{Heap before GC invocations=4 (full 0):
 garbage-first heap   total 129024K, used 80002K [0x0000000083800000, 0x0000000100000000)
  region size 1024K, 75 young (76800K), 3 survivors (3072K)
 Metaspace       used 5006K, committed 5120K, reserved 1056768K
  class space    used 646K, committed 704K, reserved 1048576K
}
Event: 0.814 GC heap after
{Heap after GC invocations=5 (full 0):
 garbage-first heap   total 129024K, used 6274K [0x0000000083800000, 0x0000000100000000)
  region size 1024K, 3 young (3072K), 3 survivors (3072K)
 Metaspace       used 5006K, committed 5120K, reserved 1056768K
  class space    used 646K, committed 704K, reserved 1048576K
}
Event: 0.837 GC heap before
{Heap before GC invocations=5 (full 0):
 garbage-first heap   total 129024K, used 80002K [0x0000000083800000, 0x0000000100000000)
  region size 1024K, 75 young (76800K), 3 survivors (3072K)
 Metaspace       used 5006K, committed 5120K, reserved 1056768K
  class space    used 646K, committed 704K, reserved 1048576K
}

Deoptimization events (20 events):
Event: 0.545 Thread 0x0000018d7c387830 Uncommon trap: trap_request=0xffffffde fr.pc=0x0000018d0f299534 relative=0x0000000000000114
Event: 0.545 Thread 0x0000018d7c387830 Uncommon trap: reason=class_check action=maybe_recompile pc=0x0000018d0f299534 method=jdk.internal.misc.Unsafe.allocateUninitializedArray(Ljava/lang/Class;I)Ljava/lang/Object; @ 51 c2
Event: 0.545 Thread 0x0000018d7c387830 DEOPT PACKING pc=0x0000018d0f299534 sp=0x0000003c3b5fbe50
Event: 0.545 Thread 0x0000018d7c387830 DEOPT UNPACKING pc=0x0000018d077d5c23 sp=0x0000003c3b5fbdd8 mode 2
Event: 0.545 Thread 0x0000018d7c387830 Uncommon trap: trap_request=0xffffffde fr.pc=0x0000018d0f299534 relative=0x0000000000000114
Event: 0.545 Thread 0x0000018d7c387830 Uncommon trap: reason=class_check action=maybe_recompile pc=0x0000018d0f299534 method=jdk.internal.misc.Unsafe.allocateUninitializedArray(Ljava/lang/Class;I)Ljava/lang/Object; @ 51 c2
Event: 0.545 Thread 0x0000018d7c387830 DEOPT PACKING pc=0x0000018d0f299534 sp=0x0000003c3b5fbe50
Event: 0.545 Thread 0x0000018d7c387830 DEOPT UNPACKING pc=0x0000018d077d5c23 sp=0x0000003c3b5fbdd8 mode 2
Event: 0.561 Thread 0x0000018d7c387830 DEOPT PACKING pc=0x0000018d07d9c93e sp=0x0000003c3b5fb730
Event: 0.561 Thread 0x0000018d7c387830 DEOPT UNPACKING pc=0x0000018d077d6763 sp=0x0000003c3b5faba8 mode 0
Event: 0.563 Thread 0x0000018d7c387830 Uncommon trap: trap_request=0xffffff45 fr.pc=0x0000018d0f27a748 relative=0x0000000000000048
Event: 0.563 Thread 0x0000018d7c387830 Uncommon trap: reason=unstable_if action=reinterpret pc=0x0000018d0f27a748 method=java.lang.CharacterData.of(I)Ljava/lang/CharacterData; @ 4 c2
Event: 0.563 Thread 0x0000018d7c387830 DEOPT PACKING pc=0x0000018d0f27a748 sp=0x0000003c3b5fb710
Event: 0.563 Thread 0x0000018d7c387830 DEOPT UNPACKING pc=0x0000018d077d5c23 sp=0x0000003c3b5fb6b0 mode 2
Event: 0.565 Thread 0x0000018d7c387830 Uncommon trap: trap_request=0xffffff45 fr.pc=0x0000018d0f25992c relative=0x00000000000001ac
Event: 0.565 Thread 0x0000018d7c387830 Uncommon trap: reason=unstable_if action=reinterpret pc=0x0000018d0f25992c method=java.lang.String.isLatin1()Z @ 10 c2
Event: 0.565 Thread 0x0000018d7c387830 DEOPT PACKING pc=0x0000018d0f25992c sp=0x0000003c3b5fbf80
Event: 0.565 Thread 0x0000018d7c387830 DEOPT UNPACKING pc=0x0000018d077d5c23 sp=0x0000003c3b5fbeb0 mode 2
Event: 0.824 Thread 0x0000018d7c387830 DEOPT PACKING pc=0x0000018d07f0eec5 sp=0x0000003c3b5fc1a0
Event: 0.824 Thread 0x0000018d7c387830 DEOPT UNPACKING pc=0x0000018d077d6763 sp=0x0000003c3b5fb6b0 mode 0

Classes unloaded (0 events):
No events

Classes redefined (0 events):
No events

Internal exceptions (20 events):
Event: 0.396 Thread 0x0000018d7c387830 Exception <a 'java/lang/IncompatibleClassChangeError'{0x000000008ab275b0}: Found class java.lang.Object, but interface was expected> (0x000000008ab275b0) 
thrown [t:\workspace\open\src\hotspot\share\interpreter\linkResolver.cpp, line 833]
Event: 0.403 Thread 0x0000018d7c387830 Exception <a 'java/lang/NoSuchMethodError'{0x000000008ab5fbf8}: 'void java.lang.invoke.DirectMethodHandle$Holder.invokeInterface(java.lang.Object, java.lang.Object, java.lang.Object)'> (0x000000008ab5fbf8) 
thrown [t:\workspace\open\src\hotspot\share\interpreter\linkResolver.cpp, line 766]
Event: 0.403 Thread 0x0000018d7c387830 Exception <a 'java/lang/IncompatibleClassChangeError'{0x000000008ab63260}: Found class java.lang.Object, but interface was expected> (0x000000008ab63260) 
thrown [t:\workspace\open\src\hotspot\share\interpreter\linkResolver.cpp, line 833]
Event: 0.406 Thread 0x0000018d7c387830 Exception <a 'java/lang/NoSuchMethodError'{0x000000008ab7f5e0}: 'java.lang.Object java.lang.invoke.DirectMethodHandle$Holder.invokeStatic(java.lang.Object, java.lang.Object, int)'> (0x000000008ab7f5e0) 
thrown [t:\workspace\open\src\hotspot\share\interpreter\linkResolver.cpp, line 766]
Event: 0.414 Thread 0x0000018d7c387830 Exception <a 'java/lang/NoSuchMethodError'{0x000000008abd03b8}: 'void java.lang.invoke.DirectMethodHandle$Holder.invokeSpecial(java.lang.Object, java.lang.Object, java.lang.Object, java.lang.Object, java.lang.Object)'> (0x000000008abd03b8) 
thrown [t:\workspace\open\src\hotspot\share\interpreter\linkResolver.cpp, line 766]
Event: 0.427 Thread 0x0000018d7c387830 Exception <a 'java/lang/NoSuchMethodError'{0x000000008aa1c240}: 'void java.lang.invoke.DirectMethodHandle$Holder.invokeInterface(java.lang.Object, java.lang.Object, java.lang.Object, java.lang.Object)'> (0x000000008aa1c240) 
thrown [t:\workspace\open\src\hotspot\share\interpreter\linkResolver.cpp, line 766]
Event: 0.428 Thread 0x0000018d7c387830 Exception <a 'java/lang/IncompatibleClassChangeError'{0x000000008aa1fb68}: Found class java.lang.Object, but interface was expected> (0x000000008aa1fb68) 
thrown [t:\workspace\open\src\hotspot\share\interpreter\linkResolver.cpp, line 833]
Event: 0.432 Thread 0x0000018d7c387830 Exception <a 'java/lang/NoSuchMethodError'{0x000000008aa351f0}: 'void java.lang.invoke.DirectMethodHandle$Holder.invokeStatic(java.lang.Object, java.lang.Object, java.lang.Object, java.lang.Object)'> (0x000000008aa351f0) 
thrown [t:\workspace\open\src\hotspot\share\interpreter\linkResolver.cpp, line 766]
Event: 0.436 Thread 0x0000018d7c387830 Exception <a 'java/lang/NoSuchMethodError'{0x000000008aa4be70}: 'java.lang.Object java.lang.invoke.DirectMethodHandle$Holder.newInvokeSpecial(java.lang.Object, java.lang.Object, int)'> (0x000000008aa4be70) 
thrown [t:\workspace\open\src\hotspot\share\interpreter\linkResolver.cpp, line 766]
Event: 0.467 Thread 0x0000018d7c387830 Exception <a 'java/lang/NoSuchMethodError'{0x000000008aad2778}: 'java.lang.Object java.lang.invoke.Invokers$Holder.invokeExact_MT(java.lang.Object, java.lang.Object, java.lang.Object, java.lang.Object, java.lang.Object, java.lang.Object)'> (0x000000008aad2778) 
thrown [t:\workspace\open\src\hotspot\share\interpreter\linkResolver.cpp, line 766]
Event: 0.470 Thread 0x0000018d7c387830 Exception <a 'java/lang/NoSuchMethodError'{0x000000008aae24e8}: 'int java.lang.invoke.DirectMethodHandle$Holder.invokeStatic(java.lang.Object, java.lang.Object, java.lang.Object, java.lang.Object, java.lang.Object)'> (0x000000008aae24e8) 
thrown [t:\workspace\open\src\hotspot\share\interpreter\linkResolver.cpp, line 766]
Event: 0.483 Thread 0x0000018d7c387830 Exception <a 'java/lang/NoSuchMethodError'{0x000000008a920368}: 'void java.lang.invoke.DirectMethodHandle$Holder.invokeStaticInit(java.lang.Object)'> (0x000000008a920368) 
thrown [t:\workspace\open\src\hotspot\share\interpreter\linkResolver.cpp, line 766]
Event: 0.510 Thread 0x0000018d7c387830 Exception <a 'java/lang/NoSuchMethodError'{0x000000008a9fb748}: 'int java.lang.invoke.DirectMethodHandle$Holder.invokeStaticInit(java.lang.Object, java.lang.Object)'> (0x000000008a9fb748) 
thrown [t:\workspace\open\src\hotspot\share\interpreter\linkResolver.cpp, line 766]
Event: 0.542 Thread 0x0000018d7c387830 Exception <a 'java/lang/NoSuchMethodError'{0x000000008a8eaff0}: 'java.lang.Object java.lang.invoke.DirectMethodHandle$Holder.newInvokeSpecial(java.lang.Object, java.lang.Object, java.lang.Object, java.lang.Object, java.lang.Object, java.lang.Object, java.lang.Object)'> (0x000000008a8eaff0) 
thrown [t:\workspace\open\src\hotspot\share\interpreter\linkResolver.cpp, line 766]
Event: 0.543 Thread 0x0000018d7c387830 Exception <a 'java/lang/NoSuchMethodError'{0x000000008a8f01b8}: 'java.lang.Object java.lang.invoke.Invokers$Holder.linkToTargetMethod(java.lang.Object, java.lang.Object, java.lang.Object, java.lang.Object, java.lang.Object, java.lang.Object, java.lang.Object)'> (0x000000008a8f01b8) 
thrown [t:\workspace\open\src\hotspot\share\interpreter\linkResolver.cpp, line 766]
Event: 0.543 Thread 0x0000018d7c387830 Exception <a 'java/lang/NoSuchMethodError'{0x000000008a8f6680}: 'java.lang.Object java.lang.invoke.DirectMethodHandle$Holder.invokeInterface(java.lang.Object, java.lang.Object, java.lang.Object, java.lang.Object, java.lang.Object)'> (0x000000008a8f6680) 
thrown [t:\workspace\open\src\hotspot\share\interpreter\linkResolver.cpp, line 766]
Event: 0.543 Thread 0x0000018d7c387830 Exception <a 'java/lang/IncompatibleClassChangeError'{0x000000008a8fa478}: Found class java.lang.Object, but interface was expected> (0x000000008a8fa478) 
thrown [t:\workspace\open\src\hotspot\share\interpreter\linkResolver.cpp, line 833]
Event: 0.573 Thread 0x0000018d7c387830 Exception <a 'java/lang/ClassNotFoundException'{0x000000008a7b4110}: sun/awt/resources/spi/awtProvider> (0x000000008a7b4110) 
thrown [t:\workspace\open\src\hotspot\share\classfile\systemDictionary.cpp, line 256]
Event: 0.591 Thread 0x0000018d7c387830 Exception <a 'java/io/FileNotFoundException'{0x000000008a7f9ef0}> (0x000000008a7f9ef0) 
thrown [t:\workspace\open\src\hotspot\share\prims\jni.cpp, line 516]
Event: 0.596 Thread 0x0000018d7c387830 Exception <a 'java/io/FileNotFoundException'{0x000000008a6277e8}> (0x000000008a6277e8) 
thrown [t:\workspace\open\src\hotspot\share\prims\jni.cpp, line 516]

VM Operations (19 events):
Event: 0.078 Executing VM operation: HandshakeAllThreads
Event: 0.078 Executing VM operation: HandshakeAllThreads done
Event: 0.121 Executing VM operation: HandshakeAllThreads
Event: 0.121 Executing VM operation: HandshakeAllThreads done
Event: 0.546 Executing VM operation: HandshakeAllThreads
Event: 0.546 Executing VM operation: HandshakeAllThreads done
Event: 0.563 Executing VM operation: HandshakeAllThreads
Event: 0.563 Executing VM operation: HandshakeAllThreads done
Event: 0.636 Executing VM operation: G1CollectForAllocation
Event: 0.641 Executing VM operation: G1CollectForAllocation done
Event: 0.667 Executing VM operation: G1CollectForAllocation
Event: 0.670 Executing VM operation: G1CollectForAllocation done
Event: 0.732 Executing VM operation: G1CollectForAllocation
Event: 0.735 Executing VM operation: G1CollectForAllocation done
Event: 0.782 Executing VM operation: G1CollectForAllocation
Event: 0.785 Executing VM operation: G1CollectForAllocation done
Event: 0.812 Executing VM operation: G1CollectForAllocation
Event: 0.814 Executing VM operation: G1CollectForAllocation done
Event: 0.837 Executing VM operation: G1CollectForAllocation

Events (20 events):
Event: 0.611 loading class sun/awt/image/IntegerInterleavedRaster
Event: 0.611 loading class sun/awt/image/IntegerComponentRaster
Event: 0.611 loading class sun/awt/image/IntegerComponentRaster done
Event: 0.611 loading class sun/awt/image/IntegerInterleavedRaster done
Event: 0.612 loading class sun/awt/image/NativeLibLoader
Event: 0.612 loading class sun/awt/image/NativeLibLoader done
Event: 0.612 loading class sun/awt/image/NativeLibLoader$1
Event: 0.612 loading class sun/awt/image/NativeLibLoader$1 done
Event: 0.613 loading class java/awt/Rectangle
Event: 0.613 loading class java/awt/Shape
Event: 0.613 loading class java/awt/Shape done
Event: 0.613 loading class java/awt/geom/Rectangle2D
Event: 0.613 loading class java/awt/geom/RectangularShape
Event: 0.613 loading class java/awt/geom/RectangularShape done
Event: 0.613 loading class java/awt/geom/Rectangle2D done
Event: 0.613 loading class java/awt/Rectangle done
Event: 0.615 loading class java/util/LinkedList$ListItr
Event: 0.615 loading class java/util/LinkedList$ListItr done
Event: 0.624 Thread 0x0000018d1d7bcf50 Thread added: 0x0000018d1d7bcf50
Event: 0.674 Thread 0x0000018d1d43ce10 Thread added: 0x0000018d1d43ce10


Dynamic libraries:
0x00007ff7aa4b0000 - 0x00007ff7aa4c0000 	C:\Program Files\Java\jdk-17.0.2\bin\java.exe
0x00007fff89000000 - 0x00007fff89209000 	C:\WINDOWS\SYSTEM32\ntdll.dll
0x00007fff5bd70000 - 0x00007fff5bd86000 	C:\Program Files\Avast Software\Avast\aswhook.dll
0x00007fff87ed0000 - 0x00007fff87f8d000 	C:\WINDOWS\System32\KERNEL32.DLL
0x00007fff86680000 - 0x00007fff869f4000 	C:\WINDOWS\System32\KERNELBASE.dll
0x00007fff86a00000 - 0x00007fff86b11000 	C:\WINDOWS\System32\ucrtbase.dll
0x00007fff7d760000 - 0x00007fff7d778000 	C:\Program Files\Java\jdk-17.0.2\bin\jli.dll
0x00007fff7d740000 - 0x00007fff7d75a000 	C:\Program Files\Java\jdk-17.0.2\bin\VCRUNTIME140.dll
0x00007fff87d70000 - 0x00007fff87e1e000 	C:\WINDOWS\System32\ADVAPI32.dll
0x00007fff86ea0000 - 0x00007fff86f43000 	C:\WINDOWS\System32\msvcrt.dll
0x00007fff87780000 - 0x00007fff8781e000 	C:\WINDOWS\System32\sechost.dll
0x00007fff88ea0000 - 0x00007fff88fc0000 	C:\WINDOWS\System32\RPCRT4.dll
0x00007fff87a60000 - 0x00007fff87c0c000 	C:\WINDOWS\System32\USER32.dll
0x00007fff70aa0000 - 0x00007fff70d45000 	C:\WINDOWS\WinSxS\amd64_microsoft.windows.common-controls_6595b64144ccf1df_6.0.22000.120_none_9d947278b86cc467\COMCTL32.dll
0x00007fff86590000 - 0x00007fff865b6000 	C:\WINDOWS\System32\win32u.dll
0x00007fff872e0000 - 0x00007fff87309000 	C:\WINDOWS\System32\GDI32.dll
0x00007fff86d80000 - 0x00007fff86e92000 	C:\WINDOWS\System32\gdi32full.dll
0x00007fff864f0000 - 0x00007fff8658d000 	C:\WINDOWS\System32\msvcp_win.dll
0x00007fff7cff0000 - 0x00007fff7cffa000 	C:\WINDOWS\SYSTEM32\VERSION.dll
0x00007fff87d10000 - 0x00007fff87d41000 	C:\WINDOWS\System32\IMM32.DLL
0x00007fff7eb20000 - 0x00007fff7eb2c000 	C:\Program Files\Java\jdk-17.0.2\bin\vcruntime140_1.dll
0x00007fff6b470000 - 0x00007fff6b4fd000 	C:\Program Files\Java\jdk-17.0.2\bin\msvcp140.dll
0x00007fff0d750000 - 0x00007fff0e311000 	C:\Program Files\Java\jdk-17.0.2\bin\server\jvm.dll
0x00007fff87c20000 - 0x00007fff87c28000 	C:\WINDOWS\System32\PSAPI.DLL
0x00007fff6d980000 - 0x00007fff6d989000 	C:\WINDOWS\SYSTEM32\WSOCK32.dll
0x00007fff7d660000 - 0x00007fff7d693000 	C:\WINDOWS\SYSTEM32\WINMM.dll
0x00007fff88620000 - 0x00007fff8868f000 	C:\WINDOWS\System32\WS2_32.dll
0x00007fff856e0000 - 0x00007fff856f8000 	C:\WINDOWS\SYSTEM32\kernel.appcore.dll
0x00007fff7d730000 - 0x00007fff7d73a000 	C:\Program Files\Java\jdk-17.0.2\bin\jimage.dll
0x00007fff841e0000 - 0x00007fff84401000 	C:\WINDOWS\SYSTEM32\DBGHELP.DLL
0x00007fff74bf0000 - 0x00007fff74c21000 	C:\WINDOWS\SYSTEM32\dbgcore.DLL
0x00007fff86d00000 - 0x00007fff86d7f000 	C:\WINDOWS\System32\bcryptPrimitives.dll
0x00007fff73ab0000 - 0x00007fff73abe000 	C:\Program Files\Java\jdk-17.0.2\bin\instrument.dll
0x00007fff6d340000 - 0x00007fff6d365000 	C:\Program Files\Java\jdk-17.0.2\bin\java.dll
0x00007fff65b30000 - 0x00007fff65c06000 	C:\Program Files\Java\jdk-17.0.2\bin\jsvml.dll
0x00007fff88690000 - 0x00007fff88e3f000 	C:\WINDOWS\System32\SHELL32.dll
0x00007fff84670000 - 0x00007fff84ed8000 	C:\WINDOWS\SYSTEM32\windows.storage.dll
0x00007fff88280000 - 0x00007fff885f8000 	C:\WINDOWS\System32\combase.dll
0x00007fff84500000 - 0x00007fff84666000 	C:\WINDOWS\SYSTEM32\wintypes.dll
0x00007fff87150000 - 0x00007fff8723a000 	C:\WINDOWS\System32\SHCORE.dll
0x00007fff870f0000 - 0x00007fff8714d000 	C:\WINDOWS\System32\shlwapi.dll
0x00007fff86420000 - 0x00007fff86441000 	C:\WINDOWS\SYSTEM32\profapi.dll
0x00007fff6d300000 - 0x00007fff6d318000 	C:\Program Files\Java\jdk-17.0.2\bin\zip.dll
0x00007fff6f970000 - 0x00007fff6f989000 	C:\Program Files\Java\jdk-17.0.2\bin\net.dll
0x00007fff7c600000 - 0x00007fff7c70c000 	C:\WINDOWS\SYSTEM32\WINHTTP.dll
0x00007fff85b10000 - 0x00007fff85b77000 	C:\WINDOWS\system32\mswsock.dll
0x00007fff6d320000 - 0x00007fff6d336000 	C:\Program Files\Java\jdk-17.0.2\bin\nio.dll
0x00007fff6d160000 - 0x00007fff6d17a000 	C:\Program Files\JetBrains\IntelliJ IDEA Community Edition 2021.3.2\bin\breakgen64.dll
0x00007fff5b0d0000 - 0x00007fff5b25f000 	C:\Program Files\Java\jdk-17.0.2\bin\awt.dll
0x00007fff87c30000 - 0x00007fff87d06000 	C:\WINDOWS\System32\OLEAUT32.dll
0x00007fff7feb0000 - 0x00007fff7ff41000 	C:\WINDOWS\SYSTEM32\apphelp.dll

dbghelp: loaded successfully - version: 4.0.5 - missing functions: none
symbol engine: initialized successfully - sym options: 0x614 - pdb path: .;C:\Program Files\Java\jdk-17.0.2\bin;C:\WINDOWS\SYSTEM32;C:\Program Files\Avast Software\Avast;C:\WINDOWS\WinSxS\amd64_microsoft.windows.common-controls_6595b64144ccf1df_6.0.22000.120_none_9d947278b86cc467;C:\Program Files\Java\jdk-17.0.2\bin\server;C:\Program Files\JetBrains\IntelliJ IDEA Community Edition 2021.3.2\bin

VM Arguments:
jvm_args: -ea -Didea.test.cyclic.buffer.size=1048576 -javaagent:C:\Program Files\JetBrains\IntelliJ IDEA Community Edition 2021.3.2\lib\idea_rt.jar=54744:C:\Program Files\JetBrains\IntelliJ IDEA Community Edition 2021.3.2\bin -Dfile.encoding=UTF-8 
java_command: com.intellij.rt.junit.JUnitStarter -ideVersion5 -junit5 renderer.RenderTests,basicRenderMultiColorTest
java_class_path (initial): C:\Users\Kaplan\.m2\repository\org\junit\platform\junit-platform-launcher\1.8.2\junit-platform-launcher-1.8.2.jar;C:\Users\Kaplan\.m2\repository\org\junit\platform\junit-platform-engine\1.8.2\junit-platform-engine-1.8.2.jar;C:\Users\Kaplan\.m2\repository\org\opentest4j\opentest4j\1.2.0\opentest4j-1.2.0.jar;C:\Users\Kaplan\.m2\repository\org\junit\platform\junit-platform-commons\1.8.2\junit-platform-commons-1.8.2.jar;C:\Users\Kaplan\.m2\repository\org\apiguardian\apiguardian-api\1.1.2\apiguardian-api-1.1.2.jar;C:\Program Files\JetBrains\IntelliJ IDEA Community Edition 2021.3.2\lib\idea_rt.jar;C:\Program Files\JetBrains\IntelliJ IDEA Community Edition 2021.3.2\plugins\junit\lib\junit5-rt.jar;C:\Program Files\JetBrains\IntelliJ IDEA Community Edition 2021.3.2\plugins\junit\lib\junit-rt.jar;C:\Users\Kaplan\IdeaProjects\ISE5782_9463_4853\out\test\ISE5782_9463_4853;C:\Users\Kaplan\IdeaProjects\ISE5782_9463_4853\out\production\ISE5782_9463_4853;C:\Users\Kaplan\IdeaProjects\ISE5782_9463_4853\lib\junit-jupiter-5.8.2.jar;C:\Users\Kaplan\IdeaProjects\ISE5782_9463_4853\lib\junit-jupiter-api-5.8.2.jar;C:\Users\Kaplan\IdeaProjects\ISE5782_9463_4853\lib\opentest4j-1.2.0.jar;C:\Users\Kaplan\IdeaProjects\ISE5782_9463_4853\lib\junit-platform-commons-1.8.2.jar;C:\Users\Kaplan\IdeaProjects\ISE5782_9463_4853\lib\apiguardian-api-1.1.2.jar;C:\Users\Kaplan\IdeaProjects\ISE5782_9463_4853\lib\junit-jupiter-params-5.8.2.jar;C:\Users\Kaplan\IdeaProjects\ISE5782_9463_4853\lib\junit-jupiter-engine-5.8.2.jar;C:\Users\Kaplan\IdeaProjects\ISE5782_9463_4853\lib\junit-platform-engine-1.8.2.jar
Launcher Type: SUN_STANDARD

[Global flags]
     intx CICompilerCount                          = 4                                         {product} {ergonomic}
     uint ConcGCThreads                            = 2                                         {product} {ergonomic}
     uint G1ConcRefinementThreads                  = 8                                         {product} {ergonomic}
   size_t G1HeapRegionSize                         = 1048576                                   {product} {ergonomic}
    uintx GCDrainStackTargetSize                   = 64                                        {product} {ergonomic}
   size_t InitialHeapSize                          = 132120576                                 {product} {ergonomic}
   size_t MarkStackSize                            = 4194304                                   {product} {ergonomic}
   size_t MaxHeapSize                              = 2088763392                                {product} {ergonomic}
   size_t MaxNewSize                               = 1253048320                                {product} {ergonomic}
   size_t MinHeapDeltaBytes                        = 1048576                                   {product} {ergonomic}
   size_t MinHeapSize                              = 8388608                                   {product} {ergonomic}
    uintx NonNMethodCodeHeapSize                   = 5839372                                {pd product} {ergonomic}
    uintx NonProfiledCodeHeapSize                  = 122909434                              {pd product} {ergonomic}
    uintx ProfiledCodeHeapSize                     = 122909434                              {pd product} {ergonomic}
    uintx ReservedCodeCacheSize                    = 251658240                              {pd product} {ergonomic}
     bool SegmentedCodeCache                       = true                                      {product} {ergonomic}
   size_t SoftMaxHeapSize                          = 2088763392                             {manageable} {ergonomic}
     bool UseCompressedClassPointers               = true                           {product lp64_product} {ergonomic}
     bool UseCompressedOops                        = true                           {product lp64_product} {ergonomic}
     bool UseG1GC                                  = true                                      {product} {ergonomic}
     bool UseLargePagesIndividualAllocation        = false                                  {pd product} {ergonomic}

Logging:
Log output configuration:
 #0: stdout all=warning uptime,level,tags
 #1: stderr all=off uptime,level,tags

Environment Variables:
JAVA_HOME=C:\Program Files\Java\jdk-17.0.2
PATH=C:\Program Files\Java\jdk-17.0.2\bin;C:\WINDOWS\system32;C:\WINDOWS;C:\WINDOWS\System32\Wbem;C:\WINDOWS\System32\WindowsPowerShell\v1.0\;C:\WINDOWS\System32\OpenSSH\;C:\Program Files\dotnet\;C:\Program Files\Git\cmd;C:\Program Files (x86)\dotnet\;C:\Users\Kaplan\AppData\Local\Microsoft\WindowsApps;C:\Users\Kaplan\.dotnet\tools;
USERNAME=Kaplan
OS=Windows_NT
PROCESSOR_IDENTIFIER=Intel64 Family 6 Model 126 Stepping 5, GenuineIntel



---------------  S Y S T E M  ---------------

OS:
 Windows 11 , 64 bit Build 22000 (10.0.22000.613)
OS uptime: 0 days 19:08 hours

CPU: total 8 (initial active 8) (4 cores per cpu, 2 threads per core) family 6 model 126 stepping 5 microcode 0x86, cx8, cmov, fxsr, ht, mmx, 3dnowpref, sse, sse2, sse3, ssse3, sse4.1, sse4.2, popcnt, lzcnt, tsc, tscinvbit, avx, avx2, aes, erms, clmul, bmi1, bmi2, adx, avx512f, avx512dq, avx512cd, avx512bw, avx512vl, sha, fma, vzeroupper, avx512_vpopcntdq, avx512_vpclmulqdq, avx512_vaes, avx512_vnni, clflush, clflushopt, avx512_vbmi2, avx512_vbmi

Memory: 4k page, system-wide physical 7967M (820M free)
TotalPageFile size 10015M (AvailPageFile size 60M)
current process WorkingSet (physical memory assigned to process): 138M, peak: 139M
current process commit charge ("private bytes"): 229M, peak: 336M

vm_info: Java HotSpot(TM) 64-Bit Server VM (17.0.2+8-LTS-86) for windows-amd64 JRE (17.0.2+8-LTS-86), built on Dec  7 2021 21:51:03 by "mach5one" with MS VC++ 16.8 / 16.9 (VS2019)

END.
