#
# There is insufficient memory for the Java Runtime Environment to continue.
# Native memory allocation (mmap) failed to map 132120576 bytes for Failed to commit area from 0x0000000083800000 to 0x000000008b600000 of length 132120576.
# Possible reasons:
#   The system is out of physical RAM or swap space
#   The process is running with CompressedOops enabled, and the Java Heap may be blocking the growth of the native heap
# Possible solutions:
#   Reduce memory load on the system
#   Increase physical memory or swap space
#   Check if swap backing store is full
#   Decrease Java heap size (-Xmx/-Xms)
#   Decrease number of Java threads
#   Decrease Java thread stack sizes (-Xss)
#   Set larger code cache with -XX:ReservedCodeCacheSize=
# This output file may be truncated or incomplete.
#
#  Out of Memory Error (./src/hotspot/os/windows/os_windows.cpp:3619), pid=10360, tid=17636
#
# JRE version:  (11.0.13+7) (build )
# Java VM: OpenJDK 64-Bit Server VM (11.0.13+7-b1751.25, mixed mode, sharing, tiered, compressed oops, g1 gc, windows-amd64)
# No core dump will be written. Minidumps are not enabled by default on client versions of Windows
#

---------------  S U M M A R Y ------------

Command Line: git4idea.http.GitAskPassApp Username for 'https://github.com': 

Host: Intel(R) Core(TM) i5-1035G1 CPU @ 1.00GHz, 8 cores, 7G,  Windows 11 , 64 bit Build 22000 (10.0.22000.613)
Time: Sun Apr 17 15:19:02 2022 ???. ????? ? ?????? ???? (????) elapsed time: 0.015850 seconds (0d 0h 0m 0s)

---------------  T H R E A D  ---------------

Current thread (0x0000024e922a5000):  JavaThread "Unknown thread" [_thread_in_vm, id=17636, stack(0x000000d766900000,0x000000d766a00000)]

Stack: [0x000000d766900000,0x000000d766a00000]
Native frames: (J=compiled Java code, j=interpreted, Vv=VM code, C=native code)
V  [jvm.dll+0x613daa]
V  [jvm.dll+0x799b30]
V  [jvm.dll+0x79b14d]
V  [jvm.dll+0x79b823]
V  [jvm.dll+0x24c958]
V  [jvm.dll+0x610e24]
V  [jvm.dll+0x605b25]
V  [jvm.dll+0x30aaab]
V  [jvm.dll+0x30aa1a]
V  [jvm.dll+0x30a8f2]
V  [jvm.dll+0x30f856]
V  [jvm.dll+0x359143]
V  [jvm.dll+0x359846]
V  [jvm.dll+0x359243]
V  [jvm.dll+0x2e57a8]
V  [jvm.dll+0x2e6947]
V  [jvm.dll+0x776d47]
V  [jvm.dll+0x77853c]
V  [jvm.dll+0x3666c9]
V  [jvm.dll+0x75a9ce]
V  [jvm.dll+0x3d47d3]
V  [jvm.dll+0x3d6d21]
C  [jli.dll+0x536b]
C  [ucrtbase.dll+0x26c0c]
C  [KERNEL32.DLL+0x154e0]
C  [ntdll.dll+0x485b]


---------------  P R O C E S S  ---------------

Threads class SMR info:
_java_thread_list=0x0000024e92084890, length=0, elements={
}

Java Threads: ( => current thread )

Other Threads:
  0x0000024e922be000 GCTaskThread "GC Thread#0" [stack: 0x000000d766a00000,0x000000d766b00000] [id=18804]
  0x0000024e922f0000 ConcurrentGCThread "G1 Main Marker" [stack: 0x000000d766b00000,0x000000d766c00000] [id=11640]
  0x0000024e922f2000 ConcurrentGCThread "G1 Conc#0" [stack: 0x000000d766c00000,0x000000d766d00000] [id=1856]

[error occurred during error reporting (printing all threads), id 0xc0000005, EXCEPTION_ACCESS_VIOLATION (0xc0000005) at pc=0x00007ffac95d5c97]

VM state:not at safepoint (not fully initialized)

VM Mutex/Monitor currently owned by a thread:  ([mutex/lock_event])
[0x0000024e922a03c0] Heap_lock - owner thread: 0x0000024e922a5000

Heap address: 0x0000000083800000, size: 1992 MB, Compressed Oops mode: Non-zero based: 0x0000000083800000
Narrow klass base: 0x0000000000000000, Narrow klass shift: 0

GC Heap History (0 events):
No events

Deoptimization events (0 events):
No events

Classes redefined (0 events):
No events

Internal exceptions (0 events):
No events

Events (1 events):
Event: 0.010 Loaded shared library C:\Program Files\JetBrains\IntelliJ IDEA Community Edition 2021.3.2\jbr\bin\zip.dll


Dynamic libraries:
0x00007ff6f1390000 - 0x00007ff6f139a000 	C:\Program Files\JetBrains\IntelliJ IDEA Community Edition 2021.3.2\jbr\bin\java.exe
0x00007ffb57c20000 - 0x00007ffb57e29000 	C:\WINDOWS\SYSTEM32\ntdll.dll
0x00007ffb40100000 - 0x00007ffb40116000 	C:\Program Files\Avast Software\Avast\aswhook.dll
0x00007ffb56cf0000 - 0x00007ffb56dad000 	C:\WINDOWS\System32\KERNEL32.DLL
0x00007ffb55380000 - 0x00007ffb556f4000 	C:\WINDOWS\System32\KERNELBASE.dll
0x00007ffb55110000 - 0x00007ffb55221000 	C:\WINDOWS\System32\ucrtbase.dll
0x00007ffb36960000 - 0x00007ffb36977000 	C:\Program Files\JetBrains\IntelliJ IDEA Community Edition 2021.3.2\jbr\bin\VCRUNTIME140.dll
0x00007ffb3bea0000 - 0x00007ffb3beb9000 	C:\Program Files\JetBrains\IntelliJ IDEA Community Edition 2021.3.2\jbr\bin\jli.dll
0x00007ffb56b40000 - 0x00007ffb56cec000 	C:\WINDOWS\System32\USER32.dll
0x00007ffb55350000 - 0x00007ffb55376000 	C:\WINDOWS\System32\win32u.dll
0x00007ffb57930000 - 0x00007ffb57959000 	C:\WINDOWS\System32\GDI32.dll
0x00007ffb55230000 - 0x00007ffb55342000 	C:\WINDOWS\System32\gdi32full.dll
0x00007ffb30e70000 - 0x00007ffb31115000 	C:\WINDOWS\WinSxS\amd64_microsoft.windows.common-controls_6595b64144ccf1df_6.0.22000.120_none_9d947278b86cc467\COMCTL32.dll
0x00007ffb55780000 - 0x00007ffb5581d000 	C:\WINDOWS\System32\msvcp_win.dll
0x00007ffb56180000 - 0x00007ffb56223000 	C:\WINDOWS\System32\msvcrt.dll
0x00007ffb56f80000 - 0x00007ffb56fb1000 	C:\WINDOWS\System32\IMM32.DLL
0x00007ffb1bc00000 - 0x00007ffb1bc9d000 	C:\Program Files\JetBrains\IntelliJ IDEA Community Edition 2021.3.2\jbr\bin\msvcp140.dll
0x00007ffac92e0000 - 0x00007ffac9e56000 	C:\Program Files\JetBrains\IntelliJ IDEA Community Edition 2021.3.2\jbr\bin\server\jvm.dll
0x00007ffb55ad0000 - 0x00007ffb55b7e000 	C:\WINDOWS\System32\ADVAPI32.dll
0x00007ffb57960000 - 0x00007ffb579fe000 	C:\WINDOWS\System32\sechost.dll
0x00007ffb56a20000 - 0x00007ffb56b40000 	C:\WINDOWS\System32\RPCRT4.dll
0x00007ffb57bb0000 - 0x00007ffb57bb8000 	C:\WINDOWS\System32\PSAPI.DLL
0x00007ffb4e020000 - 0x00007ffb4e053000 	C:\WINDOWS\SYSTEM32\WINMM.dll
0x00007ffb3e190000 - 0x00007ffb3e199000 	C:\WINDOWS\SYSTEM32\WSOCK32.dll
0x00007ffb4bba0000 - 0x00007ffb4bbaa000 	C:\WINDOWS\SYSTEM32\VERSION.dll
0x00007ffb578c0000 - 0x00007ffb5792f000 	C:\WINDOWS\System32\WS2_32.dll
0x00007ffb54210000 - 0x00007ffb54228000 	C:\WINDOWS\SYSTEM32\kernel.appcore.dll
0x00007ffb3e140000 - 0x00007ffb3e151000 	C:\Program Files\JetBrains\IntelliJ IDEA Community Edition 2021.3.2\jbr\bin\verify.dll
0x00007ffb52df0000 - 0x00007ffb53011000 	C:\WINDOWS\SYSTEM32\DBGHELP.DLL
0x00007ffb40440000 - 0x00007ffb40471000 	C:\WINDOWS\SYSTEM32\dbgcore.DLL
0x00007ffb55700000 - 0x00007ffb5577f000 	C:\WINDOWS\System32\bcryptPrimitives.dll
0x00007ffb3e030000 - 0x00007ffb3e059000 	C:\Program Files\JetBrains\IntelliJ IDEA Community Edition 2021.3.2\jbr\bin\java.dll
0x00007ffb4e5d0000 - 0x00007ffb4e5db000 	C:\Program Files\JetBrains\IntelliJ IDEA Community Edition 2021.3.2\jbr\bin\jimage.dll
0x00007ffb3e120000 - 0x00007ffb3e138000 	C:\Program Files\JetBrains\IntelliJ IDEA Community Edition 2021.3.2\jbr\bin\zip.dll

dbghelp: loaded successfully - version: 4.0.5 - missing functions: none
symbol engine: initialized successfully - sym options: 0x614 - pdb path: .;C:\Program Files\JetBrains\IntelliJ IDEA Community Edition 2021.3.2\jbr\bin;C:\WINDOWS\SYSTEM32;C:\Program Files\Avast Software\Avast;C:\WINDOWS\WinSxS\amd64_microsoft.windows.common-controls_6595b64144ccf1df_6.0.22000.120_none_9d947278b86cc467;C:\Program Files\JetBrains\IntelliJ IDEA Community Edition 2021.3.2\jbr\bin\server

VM Arguments:
java_command: git4idea.http.GitAskPassApp Username for 'https://github.com': 
java_class_path (initial): C:/Program Files/JetBrains/IntelliJ IDEA Community Edition 2021.3.2/plugins/git4idea/lib/git4idea-rt.jar;C:/Program Files/JetBrains/IntelliJ IDEA Community Edition 2021.3.2/lib/3rd-party.jar;C:/Program Files/JetBrains/IntelliJ IDEA Community Edition 2021.3.2/lib/3rd-party-rt.jar
Launcher Type: SUN_STANDARD

[Global flags]
     intx CICompilerCount                          = 4                                         {product} {ergonomic}
     uint ConcGCThreads                            = 2                                         {product} {ergonomic}
     uint G1ConcRefinementThreads                  = 8                                         {product} {ergonomic}
   size_t G1HeapRegionSize                         = 1048576                                   {product} {ergonomic}
    uintx GCDrainStackTargetSize                   = 64                                        {product} {ergonomic}
   size_t InitialHeapSize                          = 132120576                                 {product} {ergonomic}
   size_t MarkStackSize                            = 4194304                                   {product} {ergonomic}
   size_t MaxHeapSize                              = 2088763392                                {product} {ergonomic}
   size_t MinHeapDeltaBytes                        = 1048576                                   {product} {ergonomic}
    uintx NonNMethodCodeHeapSize                   = 5836300                                {pd product} {ergonomic}
    uintx NonProfiledCodeHeapSize                  = 122910970                              {pd product} {ergonomic}
    uintx ProfiledCodeHeapSize                     = 122910970                              {pd product} {ergonomic}
    uintx ReservedCodeCacheSize                    = 251658240                              {pd product} {ergonomic}
     bool SegmentedCodeCache                       = true                                      {product} {ergonomic}
     bool UseCompressedClassPointers               = true                                 {lp64_product} {ergonomic}
     bool UseCompressedOops                        = true                                 {lp64_product} {ergonomic}
     bool UseG1GC                                  = true                                      {product} {ergonomic}
     bool UseLargePagesIndividualAllocation        = false                                  {pd product} {ergonomic}

Logging:
Log output configuration:
 #0: stdout all=warning uptime,level,tags
 #1: stderr all=off uptime,level,tags

Environment Variables:
JAVA_HOME=C:\Program Files\Java\jdk-17.0.2
PATH=C:\Program Files\Git\mingw64\libexec\git-core;C:\Program Files\Git\mingw64\libexec\git-core;C:\Program Files\Git\mingw64\bin;C:\Program Files\Git\usr\bin;C:\Users\Kaplan\bin;C:\Program Files\Java\jdk-17.0.2\bin;C:\WINDOWS\system32;C:\WINDOWS;C:\WINDOWS\System32\Wbem;C:\WINDOWS\System32\WindowsPowerShell\v1.0;C:\WINDOWS\System32\OpenSSH;C:\Program Files\dotnet;C:\Program Files\Git\cmd;C:\Program Files (x86)\dotnet;C:\Users\Kaplan\AppData\Local\Microsoft\WindowsApps;C:\Users\Kaplan\.dotnet\tools
USERNAME=Kaplan
DISPLAY=:0.0
LC_ALL=en_US.UTF-8
OS=Windows_NT
PROCESSOR_IDENTIFIER=Intel64 Family 6 Model 126 Stepping 5, GenuineIntel



---------------  S Y S T E M  ---------------

OS: Windows 11 , 64 bit Build 22000 (10.0.22000.613)
OS uptime: 3 days 21:38 hours

CPU:total 8 (initial active 8) (4 cores per cpu, 2 threads per core) family 6 model 126 stepping 5 microcode 0x86, cmov, cx8, fxsr, mmx, sse, sse2, sse3, ssse3, sse4.1, sse4.2, popcnt, avx, avx2, aes, clmul, erms, 3dnowpref, lzcnt, ht, tsc, tscinvbit, bmi1, bmi2, adx, evex, sha, fma

Memory: 4k page, system-wide physical 7967M (1497M free)
TotalPageFile size 10015M (AvailPageFile size 81M)
current process WorkingSet (physical memory assigned to process): 10M, peak: 10M
current process commit charge ("private bytes"): 60M, peak: 186M

vm_info: OpenJDK 64-Bit Server VM (11.0.13+7-b1751.25) for windows-amd64 JRE (11.0.13+7-b1751.25), built on Jan 13 2022 20:47:27 by "" with MS VC++ 14.0 (VS2015)

END.
