#
# There is insufficient memory for the Java Runtime Environment to continue.
# Native memory allocation (mmap) failed to map 132120576 bytes for Failed to commit area from 0x0000000083800000 to 0x000000008b600000 of length 132120576.
# Possible reasons:
#   The system is out of physical RAM or swap space
#   The process is running with CompressedOops enabled, and the Java Heap may be blocking the growth of the native heap
# Possible solutions:
#   Reduce memory load on the system
#   Increase physical memory or swap space
#   Check if swap backing store is full
#   Decrease Java heap size (-Xmx/-Xms)
#   Decrease number of Java threads
#   Decrease Java thread stack sizes (-Xss)
#   Set larger code cache with -XX:ReservedCodeCacheSize=
# This output file may be truncated or incomplete.
#
#  Out of Memory Error (./src/hotspot/os/windows/os_windows.cpp:3619), pid=14032, tid=17620
#
# JRE version:  (11.0.13+7) (build )
# Java VM: OpenJDK 64-Bit Server VM (11.0.13+7-b1751.25, mixed mode, sharing, tiered, compressed oops, g1 gc, windows-amd64)
# No core dump will be written. Minidumps are not enabled by default on client versions of Windows
#

---------------  S U M M A R Y ------------

Command Line: git4idea.http.GitAskPassApp Username for 'https://github.com': 

Host: Intel(R) Core(TM) i5-1035G1 CPU @ 1.00GHz, 8 cores, 7G,  Windows 11 , 64 bit Build 22000 (10.0.22000.613)
Time: Mon May  9 13:48:57 2022 ????????????? ????? (????) elapsed time: 0.008958 seconds (0d 0h 0m 0s)

---------------  T H R E A D  ---------------

Current thread (0x0000020e12dd1800):  JavaThread "Unknown thread" [_thread_in_vm, id=17620, stack(0x0000007dc0a00000,0x0000007dc0b00000)]

Stack: [0x0000007dc0a00000,0x0000007dc0b00000]
Native frames: (J=compiled Java code, j=interpreted, Vv=VM code, C=native code)
V  [jvm.dll+0x613daa]
V  [jvm.dll+0x799b30]
V  [jvm.dll+0x79b14d]
V  [jvm.dll+0x79b823]
V  [jvm.dll+0x24c958]
V  [jvm.dll+0x610e24]
V  [jvm.dll+0x605b25]
V  [jvm.dll+0x30aaab]
V  [jvm.dll+0x30aa1a]
V  [jvm.dll+0x30a8f2]
V  [jvm.dll+0x30f856]
V  [jvm.dll+0x359143]
V  [jvm.dll+0x359846]
V  [jvm.dll+0x359243]
V  [jvm.dll+0x2e57a8]
V  [jvm.dll+0x2e6947]
V  [jvm.dll+0x776d47]
V  [jvm.dll+0x77853c]
V  [jvm.dll+0x3666c9]
V  [jvm.dll+0x75a9ce]
V  [jvm.dll+0x3d47d3]
V  [jvm.dll+0x3d6d21]
C  [jli.dll+0x536b]
C  [ucrtbase.dll+0x26c0c]
C  [KERNEL32.DLL+0x154e0]
C  [ntdll.dll+0x485b]


---------------  P R O C E S S  ---------------

Threads class SMR info:
_java_thread_list=0x0000020e10d0fda0, length=0, elements={
}

Java Threads: ( => current thread )

Other Threads:
  0x0000020e12ded800 GCTaskThread "GC Thread#0" [stack: 0x0000007dc0b00000,0x0000007dc0c00000] [id=1960]
  0x0000020e12e1d000 ConcurrentGCThread "G1 Main Marker" [stack: 0x0000007dc0c00000,0x0000007dc0d00000] [id=4528]
  0x0000020e12e20000 ConcurrentGCThread "G1 Conc#0" [stack: 0x0000007dc0d00000,0x0000007dc0e00000] [id=20296]

[error occurred during error reporting (printing all threads), id 0xc0000005, EXCEPTION_ACCESS_VIOLATION (0xc0000005) at pc=0x00007ffb10385c97]

VM state:not at safepoint (not fully initialized)

VM Mutex/Monitor currently owned by a thread:  ([mutex/lock_event])
[0x0000020e12dcd170] Heap_lock - owner thread: 0x0000020e12dd1800

Heap address: 0x0000000083800000, size: 1992 MB, Compressed Oops mode: Non-zero based: 0x0000000083800000
Narrow klass base: 0x0000000000000000, Narrow klass shift: 0

GC Heap History (0 events):
No events

Deoptimization events (0 events):
No events

Classes redefined (0 events):
No events

Internal exceptions (0 events):
No events

Events (1 events):
Event: 0.005 Loaded shared library C:\Program Files\JetBrains\IntelliJ IDEA Community Edition 2021.3.2\jbr\bin\zip.dll


Dynamic libraries:
0x00007ff6f7080000 - 0x00007ff6f708a000 	C:\Program Files\JetBrains\IntelliJ IDEA Community Edition 2021.3.2\jbr\bin\java.exe
0x00007ffb67f40000 - 0x00007ffb68149000 	C:\WINDOWS\SYSTEM32\ntdll.dll
0x00007ffb47a50000 - 0x00007ffb47a66000 	C:\Program Files\Avast Software\Avast\aswhook.dll
0x00007ffb67320000 - 0x00007ffb673dd000 	C:\WINDOWS\System32\KERNEL32.DLL
0x00007ffb65970000 - 0x00007ffb65ce4000 	C:\WINDOWS\System32\KERNELBASE.dll
0x00007ffb655f0000 - 0x00007ffb65701000 	C:\WINDOWS\System32\ucrtbase.dll
0x00007ffb3a2f0000 - 0x00007ffb3a309000 	C:\Program Files\JetBrains\IntelliJ IDEA Community Edition 2021.3.2\jbr\bin\jli.dll
0x00007ffb3a1e0000 - 0x00007ffb3a1f7000 	C:\Program Files\JetBrains\IntelliJ IDEA Community Edition 2021.3.2\jbr\bin\VCRUNTIME140.dll
0x00007ffb67090000 - 0x00007ffb6723c000 	C:\WINDOWS\System32\USER32.dll
0x00007ffb65940000 - 0x00007ffb65966000 	C:\WINDOWS\System32\win32u.dll
0x00007ffb4fc60000 - 0x00007ffb4ff05000 	C:\WINDOWS\WinSxS\amd64_microsoft.windows.common-controls_6595b64144ccf1df_6.0.22000.120_none_9d947278b86cc467\COMCTL32.dll
0x00007ffb66100000 - 0x00007ffb66129000 	C:\WINDOWS\System32\GDI32.dll
0x00007ffb674b0000 - 0x00007ffb67553000 	C:\WINDOWS\System32\msvcrt.dll
0x00007ffb654d0000 - 0x00007ffb655e2000 	C:\WINDOWS\System32\gdi32full.dll
0x00007ffb65430000 - 0x00007ffb654cd000 	C:\WINDOWS\System32\msvcp_win.dll
0x00007ffb673e0000 - 0x00007ffb67411000 	C:\WINDOWS\System32\IMM32.DLL
0x00007ffb1fb10000 - 0x00007ffb1fbad000 	C:\Program Files\JetBrains\IntelliJ IDEA Community Edition 2021.3.2\jbr\bin\msvcp140.dll
0x00007ffb10090000 - 0x00007ffb10c06000 	C:\Program Files\JetBrains\IntelliJ IDEA Community Edition 2021.3.2\jbr\bin\server\jvm.dll
0x00007ffb67560000 - 0x00007ffb6760e000 	C:\WINDOWS\System32\ADVAPI32.dll
0x00007ffb65df0000 - 0x00007ffb65e8e000 	C:\WINDOWS\System32\sechost.dll
0x00007ffb67a60000 - 0x00007ffb67b80000 	C:\WINDOWS\System32\RPCRT4.dll
0x00007ffb679c0000 - 0x00007ffb679c8000 	C:\WINDOWS\System32\PSAPI.DLL
0x00007ffb5c3e0000 - 0x00007ffb5c413000 	C:\WINDOWS\SYSTEM32\WINMM.dll
0x00007ffb4cb60000 - 0x00007ffb4cb69000 	C:\WINDOWS\SYSTEM32\WSOCK32.dll
0x00007ffb5bf40000 - 0x00007ffb5bf4a000 	C:\WINDOWS\SYSTEM32\VERSION.dll
0x00007ffb672a0000 - 0x00007ffb6730f000 	C:\WINDOWS\System32\WS2_32.dll
0x00007ffb64620000 - 0x00007ffb64638000 	C:\WINDOWS\SYSTEM32\kernel.appcore.dll
0x00007ffb5e220000 - 0x00007ffb5e231000 	C:\Program Files\JetBrains\IntelliJ IDEA Community Edition 2021.3.2\jbr\bin\verify.dll
0x00007ffb62fc0000 - 0x00007ffb631e1000 	C:\WINDOWS\SYSTEM32\DBGHELP.DLL
0x00007ffb4dc00000 - 0x00007ffb4dc31000 	C:\WINDOWS\SYSTEM32\dbgcore.DLL
0x00007ffb65d60000 - 0x00007ffb65ddf000 	C:\WINDOWS\System32\bcryptPrimitives.dll
0x00007ffb5dbe0000 - 0x00007ffb5dc09000 	C:\Program Files\JetBrains\IntelliJ IDEA Community Edition 2021.3.2\jbr\bin\java.dll
0x00007ffb5dbd0000 - 0x00007ffb5dbdb000 	C:\Program Files\JetBrains\IntelliJ IDEA Community Edition 2021.3.2\jbr\bin\jimage.dll
0x00007ffb5dad0000 - 0x00007ffb5dae8000 	C:\Program Files\JetBrains\IntelliJ IDEA Community Edition 2021.3.2\jbr\bin\zip.dll

dbghelp: loaded successfully - version: 4.0.5 - missing functions: none
symbol engine: initialized successfully - sym options: 0x614 - pdb path: .;C:\Program Files\JetBrains\IntelliJ IDEA Community Edition 2021.3.2\jbr\bin;C:\WINDOWS\SYSTEM32;C:\Program Files\Avast Software\Avast;C:\WINDOWS\WinSxS\amd64_microsoft.windows.common-controls_6595b64144ccf1df_6.0.22000.120_none_9d947278b86cc467;C:\Program Files\JetBrains\IntelliJ IDEA Community Edition 2021.3.2\jbr\bin\server

VM Arguments:
java_command: git4idea.http.GitAskPassApp Username for 'https://github.com': 
java_class_path (initial): C:/Program Files/JetBrains/IntelliJ IDEA Community Edition 2021.3.2/plugins/git4idea/lib/git4idea-rt.jar;C:/Program Files/JetBrains/IntelliJ IDEA Community Edition 2021.3.2/lib/3rd-party.jar;C:/Program Files/JetBrains/IntelliJ IDEA Community Edition 2021.3.2/lib/3rd-party-rt.jar
Launcher Type: SUN_STANDARD

[Global flags]
     intx CICompilerCount                          = 4                                         {product} {ergonomic}
     uint ConcGCThreads                            = 2                                         {product} {ergonomic}
     uint G1ConcRefinementThreads                  = 8                                         {product} {ergonomic}
   size_t G1HeapRegionSize                         = 1048576                                   {product} {ergonomic}
    uintx GCDrainStackTargetSize                   = 64                                        {product} {ergonomic}
   size_t InitialHeapSize                          = 132120576                                 {product} {ergonomic}
   size_t MarkStackSize                            = 4194304                                   {product} {ergonomic}
   size_t MaxHeapSize                              = 2088763392                                {product} {ergonomic}
   size_t MinHeapDeltaBytes                        = 1048576                                   {product} {ergonomic}
    uintx NonNMethodCodeHeapSize                   = 5836300                                {pd product} {ergonomic}
    uintx NonProfiledCodeHeapSize                  = 122910970                              {pd product} {ergonomic}
    uintx ProfiledCodeHeapSize                     = 122910970                              {pd product} {ergonomic}
    uintx ReservedCodeCacheSize                    = 251658240                              {pd product} {ergonomic}
     bool SegmentedCodeCache                       = true                                      {product} {ergonomic}
     bool UseCompressedClassPointers               = true                                 {lp64_product} {ergonomic}
     bool UseCompressedOops                        = true                                 {lp64_product} {ergonomic}
     bool UseG1GC                                  = true                                      {product} {ergonomic}
     bool UseLargePagesIndividualAllocation        = false                                  {pd product} {ergonomic}

Logging:
Log output configuration:
 #0: stdout all=warning uptime,level,tags
 #1: stderr all=off uptime,level,tags

Environment Variables:
JAVA_HOME=C:\Program Files\Java\jdk-17.0.2
PATH=C:\Program Files\Git\mingw64\libexec\git-core;C:\Program Files\Git\mingw64\libexec\git-core;C:\Program Files\Git\mingw64\bin;C:\Program Files\Git\usr\bin;C:\Users\Kaplan\bin;C:\Program Files\Java\jdk-17.0.2\bin;C:\WINDOWS\system32;C:\WINDOWS;C:\WINDOWS\System32\Wbem;C:\WINDOWS\System32\WindowsPowerShell\v1.0;C:\WINDOWS\System32\OpenSSH;C:\Program Files\dotnet;C:\Program Files\Git\cmd;C:\Program Files (x86)\dotnet;C:\Users\Kaplan\AppData\Local\Microsoft\WindowsApps;C:\Users\Kaplan\.dotnet\tools
USERNAME=Kaplan
DISPLAY=:0.0
LC_ALL=en_US.UTF-8
OS=Windows_NT
PROCESSOR_IDENTIFIER=Intel64 Family 6 Model 126 Stepping 5, GenuineIntel



---------------  S Y S T E M  ---------------

OS: Windows 11 , 64 bit Build 22000 (10.0.22000.613)
OS uptime: 4 days 0:35 hours

CPU:total 8 (initial active 8) (4 cores per cpu, 2 threads per core) family 6 model 126 stepping 5 microcode 0x86, cmov, cx8, fxsr, mmx, sse, sse2, sse3, ssse3, sse4.1, sse4.2, popcnt, avx, avx2, aes, clmul, erms, 3dnowpref, lzcnt, ht, tsc, tscinvbit, bmi1, bmi2, adx, evex, sha, fma

Memory: 4k page, system-wide physical 7967M (695M free)
TotalPageFile size 10015M (AvailPageFile size 37M)
current process WorkingSet (physical memory assigned to process): 10M, peak: 10M
current process commit charge ("private bytes"): 60M, peak: 186M

vm_info: OpenJDK 64-Bit Server VM (11.0.13+7-b1751.25) for windows-amd64 JRE (11.0.13+7-b1751.25), built on Jan 13 2022 20:47:27 by "" with MS VC++ 14.0 (VS2015)

END.
