#
# There is insufficient memory for the Java Runtime Environment to continue.
# Native memory allocation (mmap) failed to map 202375168 bytes for G1 virtual space
# Possible reasons:
#   The system is out of physical RAM or swap space
#   The process is running with CompressedOops enabled, and the Java Heap may be blocking the growth of the native heap
# Possible solutions:
#   Reduce memory load on the system
#   Increase physical memory or swap space
#   Check if swap backing store is full
#   Decrease Java heap size (-Xmx/-Xms)
#   Decrease number of Java threads
#   Decrease Java thread stack sizes (-Xss)
#   Set larger code cache with -XX:ReservedCodeCacheSize=
#   JVM is running with Unscaled Compressed Oops mode in which the Java heap is
#     placed in the first 4GB address space. The Java Heap base address is the
#     maximum limit for the native heap growth. Please use -XX:HeapBaseMinAddress
#     to set the Java Heap base and to place the Java Heap above 4GB virtual address.
# This output file may be truncated or incomplete.
#
#  Out of Memory Error (os_windows.cpp:3532), pid=7504, tid=20236
#
# JRE version: Java(TM) SE Runtime Environment (17.0.2+8) (build 17.0.2+8-LTS-86)
# Java VM: Java HotSpot(TM) 64-Bit Server VM (17.0.2+8-LTS-86, mixed mode, sharing, tiered, compressed oops, compressed class ptrs, g1 gc, windows-amd64)
# No core dump will be written. Minidumps are not enabled by default on client versions of Windows
#

---------------  S U M M A R Y ------------

Command Line: -ea -Didea.test.cyclic.buffer.size=1048576 -javaagent:C:\Program Files\JetBrains\IntelliJ IDEA Community Edition 2021.3.2\lib\idea_rt.jar=65230:C:\Program Files\JetBrains\IntelliJ IDEA Community Edition 2021.3.2\bin -Dfile.encoding=UTF-8 com.intellij.rt.junit.JUnitStarter -ideVersion5 -junit5 renderer.ShadowTests

Host: Intel(R) Core(TM) i5-1035G1 CPU @ 1.00GHz, 8 cores, 7G,  Windows 11 , 64 bit Build 22000 (10.0.22000.675)
Time: Thu May 19 21:24:14 2022  Windows 11 , 64 bit Build 22000 (10.0.22000.675) elapsed time: 1.360159 seconds (0d 0h 0m 1s)

---------------  T H R E A D  ---------------

Current thread (0x000002013e74af50):  VMThread "VM Thread" [stack: 0x000000d105c00000,0x000000d105d00000] [id=20236]

Stack: [0x000000d105c00000,0x000000d105d00000]
Native frames: (J=compiled Java code, j=interpreted, Vv=VM code, C=native code)
V  [jvm.dll+0x670baa]
V  [jvm.dll+0x7cfcb4]
V  [jvm.dll+0x7d145e]
V  [jvm.dll+0x7d1ac3]
V  [jvm.dll+0x242bc5]
V  [jvm.dll+0x66dac9]
V  [jvm.dll+0x662412]
V  [jvm.dll+0x300c0b]
V  [jvm.dll+0x3081a6]
V  [jvm.dll+0x357d0e]
V  [jvm.dll+0x357f3f]
V  [jvm.dll+0x2d7ec8]
V  [jvm.dll+0x2d6194]
V  [jvm.dll+0x2d579c]
V  [jvm.dll+0x3190eb]
V  [jvm.dll+0x7d5f9b]
V  [jvm.dll+0x7d6cd4]
V  [jvm.dll+0x7d71ec]
V  [jvm.dll+0x7d75c4]
V  [jvm.dll+0x7d7690]
V  [jvm.dll+0x77ff7a]
V  [jvm.dll+0x66fa35]
C  [ucrtbase.dll+0x26c0c]
C  [KERNEL32.DLL+0x154e0]
C  [ntdll.dll+0x485b]

VM_Operation (0x000000d1056fbc70): G1CollectForAllocation, mode: safepoint, requested by thread 0x00000201207d6310


---------------  P R O C E S S  ---------------

Threads class SMR info:
_java_thread_list=0x0000020140eeec00, length=16, elements={
0x00000201207d6310, 0x000002013e74e9e0, 0x000002013e74f590, 0x000002013e768f20,
0x000002013e76b8e0, 0x000002013e76c290, 0x000002013e76d450, 0x000002013e7761f0,
0x000002013e77f9e0, 0x000002013e792ef0, 0x000002013e7fe730, 0x000002013f198180,
0x000002013f262870, 0x000002013f2b6290, 0x000002013f89ee00, 0x0000020140ebb2e0
}

Java Threads: ( => current thread )
  0x00000201207d6310 JavaThread "main" [_thread_blocked, id=17736, stack(0x000000d105600000,0x000000d105700000)]
  0x000002013e74e9e0 JavaThread "Reference Handler" daemon [_thread_blocked, id=18648, stack(0x000000d105d00000,0x000000d105e00000)]
  0x000002013e74f590 JavaThread "Finalizer" daemon [_thread_blocked, id=18108, stack(0x000000d105e00000,0x000000d105f00000)]
  0x000002013e768f20 JavaThread "Signal Dispatcher" daemon [_thread_blocked, id=6220, stack(0x000000d105f00000,0x000000d106000000)]
  0x000002013e76b8e0 JavaThread "Attach Listener" daemon [_thread_blocked, id=19004, stack(0x000000d106000000,0x000000d106100000)]
  0x000002013e76c290 JavaThread "Service Thread" daemon [_thread_blocked, id=9304, stack(0x000000d106100000,0x000000d106200000)]
  0x000002013e76d450 JavaThread "Monitor Deflation Thread" daemon [_thread_blocked, id=19348, stack(0x000000d106200000,0x000000d106300000)]
  0x000002013e7761f0 JavaThread "C2 CompilerThread0" daemon [_thread_blocked, id=13676, stack(0x000000d106300000,0x000000d106400000)]
  0x000002013e77f9e0 JavaThread "C1 CompilerThread0" daemon [_thread_blocked, id=17672, stack(0x000000d106400000,0x000000d106500000)]
  0x000002013e792ef0 JavaThread "Sweeper thread" daemon [_thread_blocked, id=4948, stack(0x000000d106500000,0x000000d106600000)]
  0x000002013e7fe730 JavaThread "Common-Cleaner" daemon [_thread_blocked, id=11684, stack(0x000000d106600000,0x000000d106700000)]
  0x000002013f198180 JavaThread "C2 CompilerThread1" daemon [_thread_blocked, id=19856, stack(0x000000d106700000,0x000000d106800000)]
  0x000002013f262870 JavaThread "Monitor Ctrl-Break" daemon [_thread_in_native, id=17356, stack(0x000000d106800000,0x000000d106900000)]
  0x000002013f2b6290 JavaThread "Notification Thread" daemon [_thread_blocked, id=6936, stack(0x000000d106900000,0x000000d106a00000)]
  0x000002013f89ee00 JavaThread "C2 CompilerThread2" daemon [_thread_blocked, id=16424, stack(0x000000d106f00000,0x000000d107000000)]
  0x0000020140ebb2e0 JavaThread "Java2D Disposer" daemon [_thread_blocked, id=10420, stack(0x000000d107100000,0x000000d107200000)]

Other Threads:
=>0x000002013e74af50 VMThread "VM Thread" [stack: 0x000000d105c00000,0x000000d105d00000] [id=20236]
  0x000002012082cdb0 WatcherThread [stack: 0x000000d106a00000,0x000000d106b00000] [id=8056]
  0x0000020120815c00 GCTaskThread "GC Thread#0" [stack: 0x000000d105700000,0x000000d105800000] [id=13496]
  0x000002013f899070 GCTaskThread "GC Thread#1" [stack: 0x000000d106b00000,0x000000d106c00000] [id=16584]
  0x000002013f899320 GCTaskThread "GC Thread#2" [stack: 0x000000d106c00000,0x000000d106d00000] [id=16876]
  0x000002013f8b0290 GCTaskThread "GC Thread#3" [stack: 0x000000d106d00000,0x000000d106e00000] [id=18592]
  0x000002013f8b0540 GCTaskThread "GC Thread#4" [stack: 0x000000d106e00000,0x000000d106f00000] [id=18764]
  0x000002013f87c730 GCTaskThread "GC Thread#5" [stack: 0x000000d107000000,0x000000d107100000] [id=12596]
  0x0000020140664f90 GCTaskThread "GC Thread#6" [stack: 0x000000d107200000,0x000000d107300000] [id=19948]
  0x0000020140e90fd0 GCTaskThread "GC Thread#7" [stack: 0x000000d107300000,0x000000d107400000] [id=5920]
  0x0000020120826440 ConcurrentGCThread "G1 Main Marker" [stack: 0x000000d105800000,0x000000d105900000] [id=3700]
  0x0000020120826f20 ConcurrentGCThread "G1 Conc#0" [stack: 0x000000d105900000,0x000000d105a00000] [id=20148]
  0x000002013e610090 ConcurrentGCThread "G1 Refine#0" [stack: 0x000000d105a00000,0x000000d105b00000] [id=10720]
  0x000002013e610ab0 ConcurrentGCThread "G1 Service" [stack: 0x000000d105b00000,0x000000d105c00000] [id=13964]

Threads with active compile tasks:
C2 CompilerThread0     1392 1271       4       renderer.RayTracerBasic::calcGlobalEffects (212 bytes)
C2 CompilerThread1     1392 1269       4       renderer.RayTracerBasic::calcLocalEffects (209 bytes)
C2 CompilerThread2     1392 1270       4       renderer.RayTracerBasic::calcColor (40 bytes)

VM state: at safepoint (normal execution)

VM Mutex/Monitor currently owned by a thread:  ([mutex/lock_event])
[0x00000201207d20b0] Threads_lock - owner thread: 0x000002013e74af50
[0x00000201207d1f90] Heap_lock - owner thread: 0x00000201207d6310

Heap address: 0x0000000083800000, size: 1992 MB, Compressed Oops mode: 32-bit

CDS archive(s) mapped at: [0x0000000800000000-0x0000000800bc0000-0x0000000800bc0000), size 12320768, SharedBaseAddress: 0x0000000800000000, ArchiveRelocationMode: 0.
Compressed class space mapped at: 0x0000000800c00000-0x0000000840c00000, reserved size: 1073741824
Narrow klass base: 0x0000000800000000, Narrow klass shift: 0, Narrow klass range: 0x100000000

GC Precious Log:
 CPUs: 8 total, 8 available
 Memory: 7967M
 Large Page Support: Disabled
 NUMA Support: Disabled
 Compressed Oops: Enabled (32-bit)
 Heap Region Size: 1M
 Heap Min Capacity: 8M
 Heap Initial Capacity: 126M
 Heap Max Capacity: 1992M
 Pre-touch: Disabled
 Parallel Workers: 8
 Concurrent Workers: 2
 Concurrent Refinement Workers: 8
 Periodic GC: Disabled

Heap:
 garbage-first heap   total 197632K, used 3687K [0x0000000083800000, 0x0000000100000000)
  region size 1024K, 3 young (3072K), 3 survivors (3072K)
 Metaspace       used 6174K, committed 6464K, reserved 1056768K
  class space    used 758K, committed 896K, reserved 1048576K

Heap Regions: E=young(eden), S=young(survivor), O=old, HS=humongous(starts), HC=humongous(continues), CS=collection set, F=free, OA=open archive, CA=closed archive, TAMS=top-at-mark-start (previous, next)
|   0|0x0000000083800000, 0x0000000083900000, 0x0000000083900000|100%|HS|  |TAMS 0x0000000083800000, 0x0000000083800000| Complete 
|   1|0x0000000083900000, 0x0000000083900000, 0x0000000083a00000|  0%| F|  |TAMS 0x0000000083900000, 0x0000000083900000| Untracked 
|   2|0x0000000083a00000, 0x0000000083a00000, 0x0000000083b00000|  0%| F|  |TAMS 0x0000000083a00000, 0x0000000083a00000| Untracked 
|   3|0x0000000083b00000, 0x0000000083b00000, 0x0000000083c00000|  0%| F|  |TAMS 0x0000000083b00000, 0x0000000083b00000| Untracked 
|   4|0x0000000083c00000, 0x0000000083c00000, 0x0000000083d00000|  0%| F|  |TAMS 0x0000000083c00000, 0x0000000083c00000| Untracked 
|   5|0x0000000083d00000, 0x0000000083d00000, 0x0000000083e00000|  0%| F|  |TAMS 0x0000000083d00000, 0x0000000083d00000| Untracked 
|   6|0x0000000083e00000, 0x0000000083e00000, 0x0000000083f00000|  0%| F|  |TAMS 0x0000000083e00000, 0x0000000083e00000| Untracked 
|   7|0x0000000083f00000, 0x0000000083f00000, 0x0000000084000000|  0%| F|  |TAMS 0x0000000083f00000, 0x0000000083f00000| Untracked 
|   8|0x0000000084000000, 0x0000000084000000, 0x0000000084100000|  0%| F|  |TAMS 0x0000000084000000, 0x0000000084000000| Untracked 
|   9|0x0000000084100000, 0x0000000084100000, 0x0000000084200000|  0%| F|  |TAMS 0x0000000084100000, 0x0000000084100000| Untracked 
|  10|0x0000000084200000, 0x0000000084200000, 0x0000000084300000|  0%| F|  |TAMS 0x0000000084200000, 0x0000000084200000| Untracked 
|  11|0x0000000084300000, 0x0000000084300000, 0x0000000084400000|  0%| F|  |TAMS 0x0000000084300000, 0x0000000084300000| Untracked 
|  12|0x0000000084400000, 0x0000000084400000, 0x0000000084500000|  0%| F|  |TAMS 0x0000000084400000, 0x0000000084400000| Untracked 
|  13|0x0000000084500000, 0x0000000084500000, 0x0000000084600000|  0%| F|  |TAMS 0x0000000084500000, 0x0000000084500000| Untracked 
|  14|0x0000000084600000, 0x0000000084600000, 0x0000000084700000|  0%| F|  |TAMS 0x0000000084600000, 0x0000000084600000| Untracked 
|  15|0x0000000084700000, 0x0000000084700000, 0x0000000084800000|  0%| F|  |TAMS 0x0000000084700000, 0x0000000084700000| Untracked 
|  16|0x0000000084800000, 0x0000000084800000, 0x0000000084900000|  0%| F|  |TAMS 0x0000000084800000, 0x0000000084800000| Untracked 
|  17|0x0000000084900000, 0x0000000084900000, 0x0000000084a00000|  0%| F|  |TAMS 0x0000000084900000, 0x0000000084900000| Untracked 
|  18|0x0000000084a00000, 0x0000000084a00000, 0x0000000084b00000|  0%| F|  |TAMS 0x0000000084a00000, 0x0000000084a00000| Untracked 
|  19|0x0000000084b00000, 0x0000000084b00000, 0x0000000084c00000|  0%| F|  |TAMS 0x0000000084b00000, 0x0000000084b00000| Untracked 
|  20|0x0000000084c00000, 0x0000000084c00000, 0x0000000084d00000|  0%| F|  |TAMS 0x0000000084c00000, 0x0000000084c00000| Untracked 
|  21|0x0000000084d00000, 0x0000000084d00000, 0x0000000084e00000|  0%| F|  |TAMS 0x0000000084d00000, 0x0000000084d00000| Untracked 
|  22|0x0000000084e00000, 0x0000000084e00000, 0x0000000084f00000|  0%| F|  |TAMS 0x0000000084e00000, 0x0000000084e00000| Untracked 
|  23|0x0000000084f00000, 0x0000000084f00000, 0x0000000085000000|  0%| F|  |TAMS 0x0000000084f00000, 0x0000000084f00000| Untracked 
|  24|0x0000000085000000, 0x0000000085000000, 0x0000000085100000|  0%| F|  |TAMS 0x0000000085000000, 0x0000000085000000| Untracked 
|  25|0x0000000085100000, 0x0000000085100000, 0x0000000085200000|  0%| F|  |TAMS 0x0000000085100000, 0x0000000085100000| Untracked 
|  26|0x0000000085200000, 0x0000000085200000, 0x0000000085300000|  0%| F|  |TAMS 0x0000000085200000, 0x0000000085200000| Untracked 
|  27|0x0000000085300000, 0x0000000085300000, 0x0000000085400000|  0%| F|  |TAMS 0x0000000085300000, 0x0000000085300000| Untracked 
|  28|0x0000000085400000, 0x0000000085400000, 0x0000000085500000|  0%| F|  |TAMS 0x0000000085400000, 0x0000000085400000| Untracked 
|  29|0x0000000085500000, 0x0000000085500000, 0x0000000085600000|  0%| F|  |TAMS 0x0000000085500000, 0x0000000085500000| Untracked 
|  30|0x0000000085600000, 0x0000000085600000, 0x0000000085700000|  0%| F|  |TAMS 0x0000000085600000, 0x0000000085600000| Untracked 
|  31|0x0000000085700000, 0x0000000085700000, 0x0000000085800000|  0%| F|  |TAMS 0x0000000085700000, 0x0000000085700000| Untracked 
|  32|0x0000000085800000, 0x0000000085800000, 0x0000000085900000|  0%| F|  |TAMS 0x0000000085800000, 0x0000000085800000| Untracked 
|  33|0x0000000085900000, 0x0000000085900000, 0x0000000085a00000|  0%| F|  |TAMS 0x0000000085900000, 0x0000000085900000| Untracked 
|  34|0x0000000085a00000, 0x0000000085a00000, 0x0000000085b00000|  0%| F|  |TAMS 0x0000000085a00000, 0x0000000085a00000| Untracked 
|  35|0x0000000085b00000, 0x0000000085b00000, 0x0000000085c00000|  0%| F|  |TAMS 0x0000000085b00000, 0x0000000085b00000| Untracked 
|  36|0x0000000085c00000, 0x0000000085c00000, 0x0000000085d00000|  0%| F|  |TAMS 0x0000000085c00000, 0x0000000085c00000| Untracked 
|  37|0x0000000085d00000, 0x0000000085d00000, 0x0000000085e00000|  0%| F|  |TAMS 0x0000000085d00000, 0x0000000085d00000| Untracked 
|  38|0x0000000085e00000, 0x0000000085e00000, 0x0000000085f00000|  0%| F|  |TAMS 0x0000000085e00000, 0x0000000085e00000| Untracked 
|  39|0x0000000085f00000, 0x0000000085f00000, 0x0000000086000000|  0%| F|  |TAMS 0x0000000085f00000, 0x0000000085f00000| Untracked 
|  40|0x0000000086000000, 0x0000000086000000, 0x0000000086100000|  0%| F|  |TAMS 0x0000000086000000, 0x0000000086000000| Untracked 
|  41|0x0000000086100000, 0x0000000086100000, 0x0000000086200000|  0%| F|  |TAMS 0x0000000086100000, 0x0000000086100000| Untracked 
|  42|0x0000000086200000, 0x0000000086200000, 0x0000000086300000|  0%| F|  |TAMS 0x0000000086200000, 0x0000000086200000| Untracked 
|  43|0x0000000086300000, 0x0000000086300000, 0x0000000086400000|  0%| F|  |TAMS 0x0000000086300000, 0x0000000086300000| Untracked 
|  44|0x0000000086400000, 0x0000000086400000, 0x0000000086500000|  0%| F|  |TAMS 0x0000000086400000, 0x0000000086400000| Untracked 
|  45|0x0000000086500000, 0x0000000086500000, 0x0000000086600000|  0%| F|  |TAMS 0x0000000086500000, 0x0000000086500000| Untracked 
|  46|0x0000000086600000, 0x0000000086600000, 0x0000000086700000|  0%| F|  |TAMS 0x0000000086600000, 0x0000000086600000| Untracked 
|  47|0x0000000086700000, 0x0000000086700000, 0x0000000086800000|  0%| F|  |TAMS 0x0000000086700000, 0x0000000086700000| Untracked 
|  48|0x0000000086800000, 0x0000000086800000, 0x0000000086900000|  0%| F|  |TAMS 0x0000000086800000, 0x0000000086800000| Untracked 
|  49|0x0000000086900000, 0x0000000086900000, 0x0000000086a00000|  0%| F|  |TAMS 0x0000000086900000, 0x0000000086900000| Untracked 
|  50|0x0000000086a00000, 0x0000000086a00000, 0x0000000086b00000|  0%| F|  |TAMS 0x0000000086a00000, 0x0000000086a00000| Untracked 
|  51|0x0000000086b00000, 0x0000000086b00000, 0x0000000086c00000|  0%| F|  |TAMS 0x0000000086b00000, 0x0000000086b00000| Untracked 
|  52|0x0000000086c00000, 0x0000000086c00000, 0x0000000086d00000|  0%| F|  |TAMS 0x0000000086c00000, 0x0000000086c00000| Untracked 
|  53|0x0000000086d00000, 0x0000000086d00000, 0x0000000086e00000|  0%| F|  |TAMS 0x0000000086d00000, 0x0000000086d00000| Untracked 
|  54|0x0000000086e00000, 0x0000000086e00000, 0x0000000086f00000|  0%| F|  |TAMS 0x0000000086e00000, 0x0000000086e00000| Untracked 
|  55|0x0000000086f00000, 0x0000000086f00000, 0x0000000087000000|  0%| F|  |TAMS 0x0000000086f00000, 0x0000000086f00000| Untracked 
|  56|0x0000000087000000, 0x0000000087000000, 0x0000000087100000|  0%| F|  |TAMS 0x0000000087000000, 0x0000000087000000| Untracked 
|  57|0x0000000087100000, 0x0000000087100000, 0x0000000087200000|  0%| F|  |TAMS 0x0000000087100000, 0x0000000087100000| Untracked 
|  58|0x0000000087200000, 0x0000000087200000, 0x0000000087300000|  0%| F|  |TAMS 0x0000000087200000, 0x0000000087200000| Untracked 
|  59|0x0000000087300000, 0x0000000087300000, 0x0000000087400000|  0%| F|  |TAMS 0x0000000087300000, 0x0000000087300000| Untracked 
|  60|0x0000000087400000, 0x0000000087400000, 0x0000000087500000|  0%| F|  |TAMS 0x0000000087400000, 0x0000000087400000| Untracked 
|  61|0x0000000087500000, 0x0000000087500000, 0x0000000087600000|  0%| F|  |TAMS 0x0000000087500000, 0x0000000087500000| Untracked 
|  62|0x0000000087600000, 0x0000000087600000, 0x0000000087700000|  0%| F|  |TAMS 0x0000000087600000, 0x0000000087600000| Untracked 
|  63|0x0000000087700000, 0x0000000087700000, 0x0000000087800000|  0%| F|  |TAMS 0x0000000087700000, 0x0000000087700000| Untracked 
|  64|0x0000000087800000, 0x0000000087800000, 0x0000000087900000|  0%| F|  |TAMS 0x0000000087800000, 0x0000000087800000| Untracked 
|  65|0x0000000087900000, 0x0000000087900000, 0x0000000087a00000|  0%| F|  |TAMS 0x0000000087900000, 0x0000000087900000| Untracked 
|  66|0x0000000087a00000, 0x0000000087a00000, 0x0000000087b00000|  0%| F|  |TAMS 0x0000000087a00000, 0x0000000087a00000| Untracked 
|  67|0x0000000087b00000, 0x0000000087b00000, 0x0000000087c00000|  0%| F|  |TAMS 0x0000000087b00000, 0x0000000087b00000| Untracked 
|  68|0x0000000087c00000, 0x0000000087c00000, 0x0000000087d00000|  0%| F|  |TAMS 0x0000000087c00000, 0x0000000087c00000| Untracked 
|  69|0x0000000087d00000, 0x0000000087d00000, 0x0000000087e00000|  0%| F|  |TAMS 0x0000000087d00000, 0x0000000087d00000| Untracked 
|  70|0x0000000087e00000, 0x0000000087e00000, 0x0000000087f00000|  0%| F|  |TAMS 0x0000000087e00000, 0x0000000087e00000| Untracked 
|  71|0x0000000087f00000, 0x0000000087f00000, 0x0000000088000000|  0%| F|  |TAMS 0x0000000087f00000, 0x0000000087f00000| Untracked 
|  72|0x0000000088000000, 0x0000000088000000, 0x0000000088100000|  0%| F|  |TAMS 0x0000000088000000, 0x0000000088000000| Untracked 
|  73|0x0000000088100000, 0x0000000088100000, 0x0000000088200000|  0%| F|  |TAMS 0x0000000088100000, 0x0000000088100000| Untracked 
|  74|0x0000000088200000, 0x0000000088200000, 0x0000000088300000|  0%| F|  |TAMS 0x0000000088200000, 0x0000000088200000| Untracked 
|  75|0x0000000088300000, 0x0000000088399c50, 0x0000000088400000| 60%| S|CS|TAMS 0x0000000088300000, 0x0000000088300000| Complete 
|  76|0x0000000088400000, 0x0000000088500000, 0x0000000088500000|100%| S|CS|TAMS 0x0000000088400000, 0x0000000088400000| Complete 
|  77|0x0000000088500000, 0x0000000088500000, 0x0000000088600000|  0%| F|  |TAMS 0x0000000088500000, 0x0000000088500000| Untracked 
|  78|0x0000000088600000, 0x0000000088600000, 0x0000000088700000|  0%| F|  |TAMS 0x0000000088600000, 0x0000000088600000| Untracked 
|  79|0x0000000088700000, 0x0000000088700000, 0x0000000088800000|  0%| F|  |TAMS 0x0000000088700000, 0x0000000088700000| Untracked 
|  80|0x0000000088800000, 0x0000000088900000, 0x0000000088900000|100%| S|CS|TAMS 0x0000000088800000, 0x0000000088800000| Complete 
|  81|0x0000000088900000, 0x0000000088900000, 0x0000000088a00000|  0%| F|  |TAMS 0x0000000088900000, 0x0000000088900000| Untracked 
|  82|0x0000000088a00000, 0x0000000088a00000, 0x0000000088b00000|  0%| F|  |TAMS 0x0000000088a00000, 0x0000000088a00000| Untracked 
|  83|0x0000000088b00000, 0x0000000088b00000, 0x0000000088c00000|  0%| F|  |TAMS 0x0000000088b00000, 0x0000000088b00000| Untracked 
|  84|0x0000000088c00000, 0x0000000088c00000, 0x0000000088d00000|  0%| F|  |TAMS 0x0000000088c00000, 0x0000000088c00000| Untracked 
|  85|0x0000000088d00000, 0x0000000088d00000, 0x0000000088e00000|  0%| F|  |TAMS 0x0000000088d00000, 0x0000000088d00000| Untracked 
|  86|0x0000000088e00000, 0x0000000088e00000, 0x0000000088f00000|  0%| F|  |TAMS 0x0000000088e00000, 0x0000000088e00000| Untracked 
|  87|0x0000000088f00000, 0x0000000088f00000, 0x0000000089000000|  0%| F|  |TAMS 0x0000000088f00000, 0x0000000088f00000| Untracked 
|  88|0x0000000089000000, 0x0000000089000000, 0x0000000089100000|  0%| F|  |TAMS 0x0000000089000000, 0x0000000089000000| Untracked 
|  89|0x0000000089100000, 0x0000000089100000, 0x0000000089200000|  0%| F|  |TAMS 0x0000000089100000, 0x0000000089100000| Untracked 
|  90|0x0000000089200000, 0x0000000089200000, 0x0000000089300000|  0%| F|  |TAMS 0x0000000089200000, 0x0000000089200000| Untracked 
|  91|0x0000000089300000, 0x0000000089300000, 0x0000000089400000|  0%| F|  |TAMS 0x0000000089300000, 0x0000000089300000| Untracked 
|  92|0x0000000089400000, 0x0000000089400000, 0x0000000089500000|  0%| F|  |TAMS 0x0000000089400000, 0x0000000089400000| Untracked 
|  93|0x0000000089500000, 0x0000000089500000, 0x0000000089600000|  0%| F|  |TAMS 0x0000000089500000, 0x0000000089500000| Untracked 
|  94|0x0000000089600000, 0x0000000089600000, 0x0000000089700000|  0%| F|  |TAMS 0x0000000089600000, 0x0000000089600000| Untracked 
|  95|0x0000000089700000, 0x0000000089700000, 0x0000000089800000|  0%| F|  |TAMS 0x0000000089700000, 0x0000000089700000| Untracked 
|  96|0x0000000089800000, 0x0000000089800000, 0x0000000089900000|  0%| F|  |TAMS 0x0000000089800000, 0x0000000089800000| Untracked 
|  97|0x0000000089900000, 0x0000000089900000, 0x0000000089a00000|  0%| F|  |TAMS 0x0000000089900000, 0x0000000089900000| Untracked 
|  98|0x0000000089a00000, 0x0000000089a00000, 0x0000000089b00000|  0%| F|  |TAMS 0x0000000089a00000, 0x0000000089a00000| Untracked 
|  99|0x0000000089b00000, 0x0000000089b00000, 0x0000000089c00000|  0%| F|  |TAMS 0x0000000089b00000, 0x0000000089b00000| Untracked 
| 100|0x0000000089c00000, 0x0000000089c00000, 0x0000000089d00000|  0%| F|  |TAMS 0x0000000089c00000, 0x0000000089c00000| Untracked 
| 101|0x0000000089d00000, 0x0000000089d00000, 0x0000000089e00000|  0%| F|  |TAMS 0x0000000089d00000, 0x0000000089d00000| Untracked 
| 102|0x0000000089e00000, 0x0000000089e00000, 0x0000000089f00000|  0%| F|  |TAMS 0x0000000089e00000, 0x0000000089e00000| Untracked 
| 103|0x0000000089f00000, 0x0000000089f00000, 0x000000008a000000|  0%| F|  |TAMS 0x0000000089f00000, 0x0000000089f00000| Untracked 
| 104|0x000000008a000000, 0x000000008a000000, 0x000000008a100000|  0%| F|  |TAMS 0x000000008a000000, 0x000000008a000000| Untracked 
| 105|0x000000008a100000, 0x000000008a100000, 0x000000008a200000|  0%| F|  |TAMS 0x000000008a100000, 0x000000008a100000| Untracked 
| 106|0x000000008a200000, 0x000000008a200000, 0x000000008a300000|  0%| F|  |TAMS 0x000000008a200000, 0x000000008a200000| Untracked 
| 107|0x000000008a300000, 0x000000008a300000, 0x000000008a400000|  0%| F|  |TAMS 0x000000008a300000, 0x000000008a300000| Untracked 
| 108|0x000000008a400000, 0x000000008a400000, 0x000000008a500000|  0%| F|  |TAMS 0x000000008a400000, 0x000000008a400000| Untracked 
| 109|0x000000008a500000, 0x000000008a500000, 0x000000008a600000|  0%| F|  |TAMS 0x000000008a500000, 0x000000008a500000| Untracked 
| 110|0x000000008a600000, 0x000000008a600000, 0x000000008a700000|  0%| F|  |TAMS 0x000000008a600000, 0x000000008a600000| Untracked 
| 111|0x000000008a700000, 0x000000008a700000, 0x000000008a800000|  0%| F|  |TAMS 0x000000008a700000, 0x000000008a700000| Untracked 
| 112|0x000000008a800000, 0x000000008a800000, 0x000000008a900000|  0%| F|  |TAMS 0x000000008a800000, 0x000000008a800000| Untracked 
| 113|0x000000008a900000, 0x000000008a900000, 0x000000008aa00000|  0%| F|  |TAMS 0x000000008a900000, 0x000000008a900000| Untracked 
| 114|0x000000008aa00000, 0x000000008aa00000, 0x000000008ab00000|  0%| F|  |TAMS 0x000000008aa00000, 0x000000008aa00000| Untracked 
| 115|0x000000008ab00000, 0x000000008ab00000, 0x000000008ac00000|  0%| F|  |TAMS 0x000000008ab00000, 0x000000008ab00000| Untracked 
| 116|0x000000008ac00000, 0x000000008ac00000, 0x000000008ad00000|  0%| F|  |TAMS 0x000000008ac00000, 0x000000008ac00000| Untracked 
| 117|0x000000008ad00000, 0x000000008ad00000, 0x000000008ae00000|  0%| F|  |TAMS 0x000000008ad00000, 0x000000008ad00000| Untracked 
| 118|0x000000008ae00000, 0x000000008ae00000, 0x000000008af00000|  0%| F|  |TAMS 0x000000008ae00000, 0x000000008ae00000| Untracked 
| 119|0x000000008af00000, 0x000000008af00000, 0x000000008b000000|  0%| F|  |TAMS 0x000000008af00000, 0x000000008af00000| Untracked 
| 120|0x000000008b000000, 0x000000008b000000, 0x000000008b100000|  0%| F|  |TAMS 0x000000008b000000, 0x000000008b000000| Untracked 
| 121|0x000000008b100000, 0x000000008b100000, 0x000000008b200000|  0%| F|  |TAMS 0x000000008b100000, 0x000000008b100000| Untracked 
| 122|0x000000008b200000, 0x000000008b200000, 0x000000008b300000|  0%| F|  |TAMS 0x000000008b200000, 0x000000008b200000| Untracked 
| 123|0x000000008b300000, 0x000000008b300000, 0x000000008b400000|  0%| F|  |TAMS 0x000000008b300000, 0x000000008b300000| Untracked 
| 124|0x000000008b400000, 0x000000008b400000, 0x000000008b500000|  0%| F|  |TAMS 0x000000008b400000, 0x000000008b400000| Untracked 
| 125|0x000000008b500000, 0x000000008b500000, 0x000000008b600000|  0%| F|  |TAMS 0x000000008b500000, 0x000000008b500000| Untracked 
| 126|0x000000008b600000, 0x000000008b600000, 0x000000008b700000|  0%| F|  |TAMS 0x000000008b600000, 0x000000008b600000| Untracked 
| 127|0x000000008b700000, 0x000000008b700000, 0x000000008b800000|  0%| F|  |TAMS 0x000000008b700000, 0x000000008b700000| Untracked 
| 128|0x000000008b800000, 0x000000008b800000, 0x000000008b900000|  0%| F|  |TAMS 0x000000008b800000, 0x000000008b800000| Untracked 
| 129|0x000000008b900000, 0x000000008b900000, 0x000000008ba00000|  0%| F|  |TAMS 0x000000008b900000, 0x000000008b900000| Untracked 
| 130|0x000000008ba00000, 0x000000008ba00000, 0x000000008bb00000|  0%| F|  |TAMS 0x000000008ba00000, 0x000000008ba00000| Untracked 
| 131|0x000000008bb00000, 0x000000008bb00000, 0x000000008bc00000|  0%| F|  |TAMS 0x000000008bb00000, 0x000000008bb00000| Untracked 
| 132|0x000000008bc00000, 0x000000008bc00000, 0x000000008bd00000|  0%| F|  |TAMS 0x000000008bc00000, 0x000000008bc00000| Untracked 
| 133|0x000000008bd00000, 0x000000008bd00000, 0x000000008be00000|  0%| F|  |TAMS 0x000000008bd00000, 0x000000008bd00000| Untracked 
| 134|0x000000008be00000, 0x000000008be00000, 0x000000008bf00000|  0%| F|  |TAMS 0x000000008be00000, 0x000000008be00000| Untracked 
| 135|0x000000008bf00000, 0x000000008bf00000, 0x000000008c000000|  0%| F|  |TAMS 0x000000008bf00000, 0x000000008bf00000| Untracked 
| 136|0x000000008c000000, 0x000000008c000000, 0x000000008c100000|  0%| F|  |TAMS 0x000000008c000000, 0x000000008c000000| Untracked 
| 137|0x000000008c100000, 0x000000008c100000, 0x000000008c200000|  0%| F|  |TAMS 0x000000008c100000, 0x000000008c100000| Untracked 
| 138|0x000000008c200000, 0x000000008c200000, 0x000000008c300000|  0%| F|  |TAMS 0x000000008c200000, 0x000000008c200000| Untracked 
| 139|0x000000008c300000, 0x000000008c300000, 0x000000008c400000|  0%| F|  |TAMS 0x000000008c300000, 0x000000008c300000| Untracked 
| 140|0x000000008c400000, 0x000000008c400000, 0x000000008c500000|  0%| F|  |TAMS 0x000000008c400000, 0x000000008c400000| Untracked 
| 141|0x000000008c500000, 0x000000008c500000, 0x000000008c600000|  0%| F|  |TAMS 0x000000008c500000, 0x000000008c500000| Untracked 
| 142|0x000000008c600000, 0x000000008c600000, 0x000000008c700000|  0%| F|  |TAMS 0x000000008c600000, 0x000000008c600000| Untracked 
| 143|0x000000008c700000, 0x000000008c700000, 0x000000008c800000|  0%| F|  |TAMS 0x000000008c700000, 0x000000008c700000| Untracked 
| 144|0x000000008c800000, 0x000000008c800000, 0x000000008c900000|  0%| F|  |TAMS 0x000000008c800000, 0x000000008c800000| Untracked 
| 145|0x000000008c900000, 0x000000008c900000, 0x000000008ca00000|  0%| F|  |TAMS 0x000000008c900000, 0x000000008c900000| Untracked 
| 146|0x000000008ca00000, 0x000000008ca00000, 0x000000008cb00000|  0%| F|  |TAMS 0x000000008ca00000, 0x000000008ca00000| Untracked 
| 147|0x000000008cb00000, 0x000000008cb00000, 0x000000008cc00000|  0%| F|  |TAMS 0x000000008cb00000, 0x000000008cb00000| Untracked 
| 148|0x000000008cc00000, 0x000000008cc00000, 0x000000008cd00000|  0%| F|  |TAMS 0x000000008cc00000, 0x000000008cc00000| Untracked 
| 149|0x000000008cd00000, 0x000000008cd00000, 0x000000008ce00000|  0%| F|  |TAMS 0x000000008cd00000, 0x000000008cd00000| Untracked 
| 150|0x000000008ce00000, 0x000000008ce00000, 0x000000008cf00000|  0%| F|  |TAMS 0x000000008ce00000, 0x000000008ce00000| Untracked 
| 151|0x000000008cf00000, 0x000000008cf00000, 0x000000008d000000|  0%| F|  |TAMS 0x000000008cf00000, 0x000000008cf00000| Untracked 
| 152|0x000000008d000000, 0x000000008d000000, 0x000000008d100000|  0%| F|  |TAMS 0x000000008d000000, 0x000000008d000000| Untracked 
| 153|0x000000008d100000, 0x000000008d100000, 0x000000008d200000|  0%| F|  |TAMS 0x000000008d100000, 0x000000008d100000| Untracked 
| 154|0x000000008d200000, 0x000000008d200000, 0x000000008d300000|  0%| F|  |TAMS 0x000000008d200000, 0x000000008d200000| Untracked 
| 155|0x000000008d300000, 0x000000008d300000, 0x000000008d400000|  0%| F|  |TAMS 0x000000008d300000, 0x000000008d300000| Untracked 
| 156|0x000000008d400000, 0x000000008d400000, 0x000000008d500000|  0%| F|  |TAMS 0x000000008d400000, 0x000000008d400000| Untracked 
| 157|0x000000008d500000, 0x000000008d500000, 0x000000008d600000|  0%| F|  |TAMS 0x000000008d500000, 0x000000008d500000| Untracked 
| 158|0x000000008d600000, 0x000000008d600000, 0x000000008d700000|  0%| F|  |TAMS 0x000000008d600000, 0x000000008d600000| Untracked 
| 159|0x000000008d700000, 0x000000008d700000, 0x000000008d800000|  0%| F|  |TAMS 0x000000008d700000, 0x000000008d700000| Untracked 
| 160|0x000000008d800000, 0x000000008d800000, 0x000000008d900000|  0%| F|  |TAMS 0x000000008d800000, 0x000000008d800000| Untracked 
| 161|0x000000008d900000, 0x000000008d900000, 0x000000008da00000|  0%| F|  |TAMS 0x000000008d900000, 0x000000008d900000| Untracked 
| 162|0x000000008da00000, 0x000000008da00000, 0x000000008db00000|  0%| F|  |TAMS 0x000000008da00000, 0x000000008da00000| Untracked 
| 163|0x000000008db00000, 0x000000008db00000, 0x000000008dc00000|  0%| F|  |TAMS 0x000000008db00000, 0x000000008db00000| Untracked 
| 164|0x000000008dc00000, 0x000000008dc00000, 0x000000008dd00000|  0%| F|  |TAMS 0x000000008dc00000, 0x000000008dc00000| Untracked 
| 165|0x000000008dd00000, 0x000000008dd00000, 0x000000008de00000|  0%| F|  |TAMS 0x000000008dd00000, 0x000000008dd00000| Untracked 
| 166|0x000000008de00000, 0x000000008de00000, 0x000000008df00000|  0%| F|  |TAMS 0x000000008de00000, 0x000000008de00000| Untracked 
| 167|0x000000008df00000, 0x000000008df00000, 0x000000008e000000|  0%| F|  |TAMS 0x000000008df00000, 0x000000008df00000| Untracked 
| 168|0x000000008e000000, 0x000000008e000000, 0x000000008e100000|  0%| F|  |TAMS 0x000000008e000000, 0x000000008e000000| Untracked 
| 169|0x000000008e100000, 0x000000008e100000, 0x000000008e200000|  0%| F|  |TAMS 0x000000008e100000, 0x000000008e100000| Untracked 
| 170|0x000000008e200000, 0x000000008e200000, 0x000000008e300000|  0%| F|  |TAMS 0x000000008e200000, 0x000000008e200000| Untracked 
| 171|0x000000008e300000, 0x000000008e300000, 0x000000008e400000|  0%| F|  |TAMS 0x000000008e300000, 0x000000008e300000| Untracked 
| 172|0x000000008e400000, 0x000000008e400000, 0x000000008e500000|  0%| F|  |TAMS 0x000000008e400000, 0x000000008e400000| Untracked 
| 173|0x000000008e500000, 0x000000008e500000, 0x000000008e600000|  0%| F|  |TAMS 0x000000008e500000, 0x000000008e500000| Untracked 
| 174|0x000000008e600000, 0x000000008e600000, 0x000000008e700000|  0%| F|  |TAMS 0x000000008e600000, 0x000000008e600000| Untracked 
| 175|0x000000008e700000, 0x000000008e700000, 0x000000008e800000|  0%| F|  |TAMS 0x000000008e700000, 0x000000008e700000| Untracked 
| 176|0x000000008e800000, 0x000000008e800000, 0x000000008e900000|  0%| F|  |TAMS 0x000000008e800000, 0x000000008e800000| Untracked 
| 177|0x000000008e900000, 0x000000008e900000, 0x000000008ea00000|  0%| F|  |TAMS 0x000000008e900000, 0x000000008e900000| Untracked 
| 178|0x000000008ea00000, 0x000000008ea00000, 0x000000008eb00000|  0%| F|  |TAMS 0x000000008ea00000, 0x000000008ea00000| Untracked 
| 179|0x000000008eb00000, 0x000000008eb00000, 0x000000008ec00000|  0%| F|  |TAMS 0x000000008eb00000, 0x000000008eb00000| Untracked 
| 180|0x000000008ec00000, 0x000000008ec00000, 0x000000008ed00000|  0%| F|  |TAMS 0x000000008ec00000, 0x000000008ec00000| Untracked 
| 181|0x000000008ed00000, 0x000000008ed00000, 0x000000008ee00000|  0%| F|  |TAMS 0x000000008ed00000, 0x000000008ed00000| Untracked 
| 182|0x000000008ee00000, 0x000000008ee00000, 0x000000008ef00000|  0%| F|  |TAMS 0x000000008ee00000, 0x000000008ee00000| Untracked 
| 183|0x000000008ef00000, 0x000000008ef00000, 0x000000008f000000|  0%| F|  |TAMS 0x000000008ef00000, 0x000000008ef00000| Untracked 
| 184|0x000000008f000000, 0x000000008f000000, 0x000000008f100000|  0%| F|  |TAMS 0x000000008f000000, 0x000000008f000000| Untracked 
| 185|0x000000008f100000, 0x000000008f100000, 0x000000008f200000|  0%| F|  |TAMS 0x000000008f100000, 0x000000008f100000| Untracked 
| 186|0x000000008f200000, 0x000000008f200000, 0x000000008f300000|  0%| F|  |TAMS 0x000000008f200000, 0x000000008f200000| Untracked 
| 187|0x000000008f300000, 0x000000008f300000, 0x000000008f400000|  0%| F|  |TAMS 0x000000008f300000, 0x000000008f300000| Untracked 
| 188|0x000000008f400000, 0x000000008f400000, 0x000000008f500000|  0%| F|  |TAMS 0x000000008f400000, 0x000000008f400000| Untracked 
| 189|0x000000008f500000, 0x000000008f500000, 0x000000008f600000|  0%| F|  |TAMS 0x000000008f500000, 0x000000008f500000| Untracked 
| 190|0x000000008f600000, 0x000000008f600000, 0x000000008f700000|  0%| F|  |TAMS 0x000000008f600000, 0x000000008f600000| Untracked 
| 191|0x000000008f700000, 0x000000008f700000, 0x000000008f800000|  0%| F|  |TAMS 0x000000008f700000, 0x000000008f700000| Untracked 
| 192|0x000000008f800000, 0x000000008f800000, 0x000000008f900000|  0%| F|  |TAMS 0x000000008f800000, 0x000000008f800000| Untracked 

Card table byte_map: [0x0000020137750000,0x0000020137b40000] _byte_map_base: 0x0000020137334000

Marking Bits (Prev, Next): (CMBitMap*) 0x0000020120816210, (CMBitMap*) 0x0000020120816250
 Prev Bits: [0x0000020137f30000, 0x0000020139e50000)
 Next Bits: [0x0000020139e50000, 0x000002013bd70000)

Polling page: 0x000002011e740000

Metaspace:

Usage:
  Non-class:      5.29 MB used.
      Class:    758.83 KB used.
       Both:      6.03 MB used.

Virtual space:
  Non-class space:        8.00 MB reserved,       5.44 MB ( 68%) committed,  1 nodes.
      Class space:        1.00 GB reserved,     896.00 KB ( <1%) committed,  1 nodes.
             Both:        1.01 GB reserved,       6.31 MB ( <1%) committed. 

Chunk freelists:
   Non-Class:  2.10 MB
       Class:  3.04 MB
        Both:  5.14 MB

MaxMetaspaceSize: unlimited
CompressedClassSpaceSize: 1.00 GB
Initial GC threshold: 21.00 MB
Current GC threshold: 21.00 MB
CDS: on
MetaspaceReclaimPolicy: balanced
 - commit_granule_bytes: 65536.
 - commit_granule_words: 8192.
 - virtual_space_node_default_size: 1048576.
 - enlarge_chunks_in_place: 1.
 - new_chunks_are_fully_committed: 0.
 - uncommit_free_chunks: 1.
 - use_allocation_guard: 0.
 - handle_deallocations: 1.


Internal statistics:

num_allocs_failed_limit: 0.
num_arena_births: 142.
num_arena_deaths: 0.
num_vsnodes_births: 2.
num_vsnodes_deaths: 0.
num_space_committed: 101.
num_space_uncommitted: 0.
num_chunks_returned_to_freelist: 0.
num_chunks_taken_from_freelist: 316.
num_chunk_merges: 0.
num_chunk_splits: 168.
num_chunks_enlarged: 98.
num_purges: 0.
num_inconsistent_stats: 0.

CodeHeap 'non-profiled nmethods': size=120000Kb used=481Kb max_used=481Kb free=119518Kb
 bounds [0x000002012fb00000, 0x000002012fd70000, 0x0000020137030000]
CodeHeap 'profiled nmethods': size=120000Kb used=2456Kb max_used=2456Kb free=117543Kb
 bounds [0x00000201285d0000, 0x0000020128840000, 0x000002012fb00000]
CodeHeap 'non-nmethods': size=5760Kb used=1185Kb max_used=1194Kb free=4574Kb
 bounds [0x0000020128030000, 0x00000201282a0000, 0x00000201285d0000]
 total_blobs=1870 nmethods=1406 adapters=376
 compilation: enabled
              stopped_count=0, restarted_count=0
 full_count=0

Compilation events (20 events):
Event: 1.298 Thread 0x000002013e77f9e0 1430       2       java.util.stream.ReferencePipeline$2::opWrapSink (10 bytes)
Event: 1.298 Thread 0x000002013e77f9e0 nmethod 1430 0x0000020128833390 code [0x0000020128833540, 0x0000020128833888]
Event: 1.298 Thread 0x000002013e77f9e0 1429       2       java.util.stream.ReferencePipeline$2::<init> (20 bytes)
Event: 1.298 Thread 0x000002013e77f9e0 nmethod 1429 0x0000020128833a10 code [0x0000020128833bc0, 0x0000020128833da8]
Event: 1.298 Thread 0x000002013e77f9e0 1434   !   2       jdk.proxy2.$Proxy5::annotationType (29 bytes)
Event: 1.298 Thread 0x000002013e77f9e0 nmethod 1434 0x0000020128833e90 code [0x0000020128834040, 0x00000201288342f8]
Event: 1.298 Thread 0x000002013e77f9e0 1436       2       java.lang.String::trim (35 bytes)
Event: 1.299 Thread 0x000002013e77f9e0 nmethod 1436 0x0000020128834510 code [0x00000201288346c0, 0x0000020128834838]
Event: 1.299 Thread 0x000002013e77f9e0 1437       2       org.junit.platform.commons.util.Preconditions::notBlank (10 bytes)
Event: 1.299 Thread 0x000002013e77f9e0 nmethod 1437 0x0000020128834910 code [0x0000020128834ac0, 0x0000020128834d18]
Event: 1.299 Thread 0x000002013e77f9e0 1435       1       java.nio.charset.Charset::name (5 bytes)
Event: 1.299 Thread 0x000002013e77f9e0 nmethod 1435 0x000002012fb78310 code [0x000002012fb784a0, 0x000002012fb78578]
Event: 1.299 Thread 0x000002013e77f9e0 1438       2       java.util.HashMap::afterNodeAccess (1 bytes)
Event: 1.299 Thread 0x000002013e77f9e0 nmethod 1438 0x0000020128834f10 code [0x00000201288350a0, 0x0000020128835198]
Event: 1.299 Thread 0x000002013e77f9e0 1439       2       java.util.stream.ReferencePipeline::map (26 bytes)
Event: 1.300 Thread 0x000002013e77f9e0 nmethod 1439 0x0000020128835210 code [0x00000201288353c0, 0x00000201288356f8]
Event: 1.300 Thread 0x000002013e77f9e0 1440       2       java.util.stream.ReferencePipeline$3::<init> (20 bytes)
Event: 1.300 Thread 0x000002013e77f9e0 nmethod 1440 0x0000020128835890 code [0x0000020128835a40, 0x0000020128835c28]
Event: 1.300 Thread 0x000002013e77f9e0 1441       2       java.util.stream.ReferencePipeline$3::opWrapSink (10 bytes)
Event: 1.300 Thread 0x000002013e77f9e0 nmethod 1441 0x0000020128835d10 code [0x0000020128835ec0, 0x0000020128836208]

GC Heap History (19 events):
Event: 0.602 GC heap before
{Heap before GC invocations=0 (full 0):
 garbage-first heap   total 129024K, used 24576K [0x0000000083800000, 0x0000000100000000)
  region size 1024K, 23 young (23552K), 0 survivors (0K)
 Metaspace       used 5053K, committed 5248K, reserved 1056768K
  class space    used 645K, committed 704K, reserved 1048576K
}
Event: 0.605 GC heap after
{Heap after GC invocations=1 (full 0):
 garbage-first heap   total 129024K, used 3242K [0x0000000083800000, 0x0000000100000000)
  region size 1024K, 3 young (3072K), 3 survivors (3072K)
 Metaspace       used 5053K, committed 5248K, reserved 1056768K
  class space    used 645K, committed 704K, reserved 1048576K
}
Event: 0.636 GC heap before
{Heap before GC invocations=1 (full 0):
 garbage-first heap   total 129024K, used 38058K [0x0000000083800000, 0x0000000100000000)
  region size 1024K, 37 young (37888K), 3 survivors (3072K)
 Metaspace       used 5055K, committed 5248K, reserved 1056768K
  class space    used 645K, committed 704K, reserved 1048576K
}
Event: 0.638 GC heap after
{Heap after GC invocations=2 (full 0):
 garbage-first heap   total 129024K, used 3200K [0x0000000083800000, 0x0000000100000000)
  region size 1024K, 3 young (3072K), 3 survivors (3072K)
 Metaspace       used 5055K, committed 5248K, reserved 1056768K
  class space    used 645K, committed 704K, reserved 1048576K
}
Event: 0.717 GC heap before
{Heap before GC invocations=2 (full 0):
 garbage-first heap   total 129024K, used 76928K [0x0000000083800000, 0x0000000100000000)
  region size 1024K, 75 young (76800K), 3 survivors (3072K)
 Metaspace       used 5077K, committed 5248K, reserved 1056768K
  class space    used 646K, committed 704K, reserved 1048576K
}
Event: 0.720 GC heap after
{Heap after GC invocations=3 (full 0):
 garbage-first heap   total 129024K, used 3333K [0x0000000083800000, 0x0000000100000000)
  region size 1024K, 3 young (3072K), 3 survivors (3072K)
 Metaspace       used 5077K, committed 5248K, reserved 1056768K
  class space    used 646K, committed 704K, reserved 1048576K
}
Event: 0.793 GC heap before
{Heap before GC invocations=3 (full 0):
 garbage-first heap   total 129024K, used 77061K [0x0000000083800000, 0x0000000100000000)
  region size 1024K, 75 young (76800K), 3 survivors (3072K)
 Metaspace       used 5077K, committed 5248K, reserved 1056768K
  class space    used 646K, committed 704K, reserved 1048576K
}
Event: 0.796 GC heap after
{Heap after GC invocations=4 (full 0):
 garbage-first heap   total 129024K, used 3201K [0x0000000083800000, 0x0000000100000000)
  region size 1024K, 3 young (3072K), 3 survivors (3072K)
 Metaspace       used 5077K, committed 5248K, reserved 1056768K
  class space    used 646K, committed 704K, reserved 1048576K
}
Event: 0.850 GC heap before
{Heap before GC invocations=4 (full 0):
 garbage-first heap   total 129024K, used 76929K [0x0000000083800000, 0x0000000100000000)
  region size 1024K, 75 young (76800K), 3 survivors (3072K)
 Metaspace       used 5077K, committed 5248K, reserved 1056768K
  class space    used 646K, committed 704K, reserved 1048576K
}
Event: 0.853 GC heap after
{Heap after GC invocations=5 (full 0):
 garbage-first heap   total 129024K, used 3330K [0x0000000083800000, 0x0000000100000000)
  region size 1024K, 3 young (3072K), 3 survivors (3072K)
 Metaspace       used 5077K, committed 5248K, reserved 1056768K
  class space    used 646K, committed 704K, reserved 1048576K
}
Event: 0.893 GC heap before
{Heap before GC invocations=5 (full 0):
 garbage-first heap   total 129024K, used 77058K [0x0000000083800000, 0x0000000100000000)
  region size 1024K, 75 young (76800K), 3 survivors (3072K)
 Metaspace       used 5078K, committed 5248K, reserved 1056768K
  class space    used 646K, committed 704K, reserved 1048576K
}
Event: 0.924 GC heap after
{Heap after GC invocations=6 (full 0):
 garbage-first heap   total 197632K, used 3072K [0x0000000083800000, 0x0000000100000000)
  region size 1024K, 2 young (2048K), 2 survivors (2048K)
 Metaspace       used 5078K, committed 5248K, reserved 1056768K
  class space    used 646K, committed 704K, reserved 1048576K
}
Event: 1.103 GC heap before
{Heap before GC invocations=6 (full 0):
 garbage-first heap   total 197632K, used 119808K [0x0000000083800000, 0x0000000100000000)
  region size 1024K, 115 young (117760K), 2 survivors (2048K)
 Metaspace       used 5960K, committed 6208K, reserved 1056768K
  class space    used 744K, committed 832K, reserved 1048576K
}
Event: 1.106 GC heap after
{Heap after GC invocations=7 (full 0):
 garbage-first heap   total 197632K, used 3366K [0x0000000083800000, 0x0000000100000000)
  region size 1024K, 3 young (3072K), 3 survivors (3072K)
 Metaspace       used 5960K, committed 6208K, reserved 1056768K
  class space    used 744K, committed 832K, reserved 1048576K
}
Event: 1.177 GC heap before
{Heap before GC invocations=7 (full 0):
 garbage-first heap   total 197632K, used 118054K [0x0000000083800000, 0x0000000100000000)
  region size 1024K, 115 young (117760K), 3 survivors (3072K)
 Metaspace       used 6160K, committed 6400K, reserved 1056768K
  class space    used 758K, committed 896K, reserved 1048576K
}
Event: 1.180 GC heap after
{Heap after GC invocations=8 (full 0):
 garbage-first heap   total 197632K, used 3771K [0x0000000083800000, 0x0000000100000000)
  region size 1024K, 3 young (3072K), 3 survivors (3072K)
 Metaspace       used 6160K, committed 6400K, reserved 1056768K
  class space    used 758K, committed 896K, reserved 1048576K
}
Event: 1.304 GC heap before
{Heap before GC invocations=8 (full 0):
 garbage-first heap   total 197632K, used 119483K [0x0000000083800000, 0x0000000100000000)
  region size 1024K, 115 young (117760K), 3 survivors (3072K)
 Metaspace       used 6174K, committed 6464K, reserved 1056768K
  class space    used 758K, committed 896K, reserved 1048576K
}
Event: 1.308 GC heap after
{Heap after GC invocations=9 (full 0):
 garbage-first heap   total 197632K, used 3904K [0x0000000083800000, 0x0000000100000000)
  region size 1024K, 3 young (3072K), 3 survivors (3072K)
 Metaspace       used 6174K, committed 6464K, reserved 1056768K
  class space    used 758K, committed 896K, reserved 1048576K
}
Event: 1.352 GC heap before
{Heap before GC invocations=9 (full 0):
 garbage-first heap   total 197632K, used 118592K [0x0000000083800000, 0x0000000100000000)
  region size 1024K, 115 young (117760K), 3 survivors (3072K)
 Metaspace       used 6174K, committed 6464K, reserved 1056768K
  class space    used 758K, committed 896K, reserved 1048576K
}

Deoptimization events (20 events):
Event: 0.788 Thread 0x00000201207d6310 DEOPT PACKING pc=0x000002012fb5b450 sp=0x000000d1056fc2e0
Event: 0.788 Thread 0x00000201207d6310 DEOPT UNPACKING pc=0x0000020128085c23 sp=0x000000d1056fc258 mode 2
Event: 0.928 Thread 0x00000201207d6310 Uncommon trap: trap_request=0xffffff45 fr.pc=0x000002012fb70578 relative=0x0000000000002478
Event: 0.928 Thread 0x00000201207d6310 Uncommon trap: reason=unstable_if action=reinterpret pc=0x000002012fb70578 method=geometries.Triangle.findGeoIntersectionsHelper(Lprimitives/Ray;D)Ljava/util/List; @ 169 c2
Event: 0.928 Thread 0x00000201207d6310 DEOPT PACKING pc=0x000002012fb70578 sp=0x000000d1056fc220
Event: 0.928 Thread 0x00000201207d6310 DEOPT UNPACKING pc=0x0000020128085c23 sp=0x000000d1056fc178 mode 2
Event: 0.954 Thread 0x00000201207d6310 Uncommon trap: trap_request=0xffffff45 fr.pc=0x000002012fb6bd70 relative=0x0000000000000070
Event: 0.954 Thread 0x00000201207d6310 Uncommon trap: reason=unstable_if action=reinterpret pc=0x000002012fb6bd70 method=java.util.AbstractCollection.isEmpty()Z @ 4 c2
Event: 0.954 Thread 0x00000201207d6310 DEOPT PACKING pc=0x000002012fb6bd70 sp=0x000000d1056fc080
Event: 0.954 Thread 0x00000201207d6310 DEOPT UNPACKING pc=0x0000020128085c23 sp=0x000000d1056fc010 mode 2
Event: 1.128 Thread 0x000002013e76b8e0 Uncommon trap: trap_request=0xffffff45 fr.pc=0x000002012fb46464 relative=0x00000000000001c4
Event: 1.128 Thread 0x000002013e76b8e0 Uncommon trap: reason=unstable_if action=reinterpret pc=0x000002012fb46464 method=java.lang.String.startsWith(Ljava/lang/String;I)Z @ 14 c2
Event: 1.128 Thread 0x000002013e76b8e0 DEOPT PACKING pc=0x000002012fb46464 sp=0x000000d1060fe740
Event: 1.128 Thread 0x000002013e76b8e0 DEOPT UNPACKING pc=0x0000020128085c23 sp=0x000000d1060fe648 mode 2
Event: 1.129 Thread 0x000002013e76b8e0 Uncommon trap: trap_request=0xffffff45 fr.pc=0x000002012fb2bd50 relative=0x0000000000000230
Event: 1.129 Thread 0x000002013e76b8e0 Uncommon trap: reason=unstable_if action=reinterpret pc=0x000002012fb2bd50 method=java.lang.String.startsWith(Ljava/lang/String;I)Z @ 14 c2
Event: 1.129 Thread 0x000002013e76b8e0 DEOPT PACKING pc=0x000002012fb2bd50 sp=0x000000d1060fe630
Event: 1.129 Thread 0x000002013e76b8e0 DEOPT UNPACKING pc=0x0000020128085c23 sp=0x000000d1060fe5a8 mode 2
Event: 1.260 Thread 0x00000201207d6310 DEOPT PACKING pc=0x0000020128808525 sp=0x000000d1056fbd20
Event: 1.260 Thread 0x00000201207d6310 DEOPT UNPACKING pc=0x0000020128086763 sp=0x000000d1056fb1d0 mode 0

Classes unloaded (0 events):
No events

Classes redefined (0 events):
No events

Internal exceptions (20 events):
Event: 0.405 Thread 0x00000201207d6310 Exception <a 'java/lang/IncompatibleClassChangeError'{0x000000008ab1d988}: Found class java.lang.Object, but interface was expected> (0x000000008ab1d988) 
thrown [t:\workspace\open\src\hotspot\share\interpreter\linkResolver.cpp, line 833]
Event: 0.409 Thread 0x00000201207d6310 Exception <a 'java/lang/NoSuchMethodError'{0x000000008ab39630}: 'java.lang.Object java.lang.invoke.DirectMethodHandle$Holder.invokeStatic(java.lang.Object, java.lang.Object, int)'> (0x000000008ab39630) 
thrown [t:\workspace\open\src\hotspot\share\interpreter\linkResolver.cpp, line 766]
Event: 0.418 Thread 0x00000201207d6310 Exception <a 'java/lang/NoSuchMethodError'{0x000000008ab8a710}: 'void java.lang.invoke.DirectMethodHandle$Holder.invokeSpecial(java.lang.Object, java.lang.Object, java.lang.Object, java.lang.Object, java.lang.Object)'> (0x000000008ab8a710) 
thrown [t:\workspace\open\src\hotspot\share\interpreter\linkResolver.cpp, line 766]
Event: 0.429 Thread 0x00000201207d6310 Exception <a 'java/lang/NoSuchMethodError'{0x000000008abd8bd0}: 'void java.lang.invoke.DirectMethodHandle$Holder.invokeInterface(java.lang.Object, java.lang.Object, java.lang.Object, java.lang.Object)'> (0x000000008abd8bd0) 
thrown [t:\workspace\open\src\hotspot\share\interpreter\linkResolver.cpp, line 766]
Event: 0.429 Thread 0x00000201207d6310 Exception <a 'java/lang/IncompatibleClassChangeError'{0x000000008abdc4f8}: Found class java.lang.Object, but interface was expected> (0x000000008abdc4f8) 
thrown [t:\workspace\open\src\hotspot\share\interpreter\linkResolver.cpp, line 833]
Event: 0.433 Thread 0x00000201207d6310 Exception <a 'java/lang/NoSuchMethodError'{0x000000008abf1e00}: 'void java.lang.invoke.DirectMethodHandle$Holder.invokeStatic(java.lang.Object, java.lang.Object, java.lang.Object, java.lang.Object)'> (0x000000008abf1e00) 
thrown [t:\workspace\open\src\hotspot\share\interpreter\linkResolver.cpp, line 766]
Event: 0.436 Thread 0x00000201207d6310 Exception <a 'java/lang/NoSuchMethodError'{0x000000008aa08f18}: 'java.lang.Object java.lang.invoke.DirectMethodHandle$Holder.newInvokeSpecial(java.lang.Object, java.lang.Object, int)'> (0x000000008aa08f18) 
thrown [t:\workspace\open\src\hotspot\share\interpreter\linkResolver.cpp, line 766]
Event: 0.458 Thread 0x00000201207d6310 Exception <a 'java/lang/NoSuchMethodError'{0x000000008aa9e828}: 'int java.lang.invoke.DirectMethodHandle$Holder.invokeStatic(java.lang.Object, java.lang.Object, java.lang.Object, java.lang.Object)'> (0x000000008aa9e828) 
thrown [t:\workspace\open\src\hotspot\share\interpreter\linkResolver.cpp, line 766]
Event: 0.458 Thread 0x00000201207d6310 Exception <a 'java/lang/NoSuchMethodError'{0x000000008aaa21a8}: 'java.lang.Object java.lang.invoke.Invokers$Holder.invokeExact_MT(java.lang.Object, java.lang.Object, java.lang.Object, java.lang.Object, java.lang.Object, java.lang.Object)'> (0x000000008aaa21a8) 
thrown [t:\workspace\open\src\hotspot\share\interpreter\linkResolver.cpp, line 766]
Event: 0.460 Thread 0x00000201207d6310 Exception <a 'java/lang/NoSuchMethodError'{0x000000008aab1f18}: 'int java.lang.invoke.DirectMethodHandle$Holder.invokeStatic(java.lang.Object, java.lang.Object, java.lang.Object, java.lang.Object, java.lang.Object)'> (0x000000008aab1f18) 
thrown [t:\workspace\open\src\hotspot\share\interpreter\linkResolver.cpp, line 766]
Event: 0.466 Thread 0x00000201207d6310 Exception <a 'java/lang/NoSuchMethodError'{0x000000008aaf2fc0}: 'void java.lang.invoke.DirectMethodHandle$Holder.invokeStaticInit(java.lang.Object)'> (0x000000008aaf2fc0) 
thrown [t:\workspace\open\src\hotspot\share\interpreter\linkResolver.cpp, line 766]
Event: 0.485 Thread 0x00000201207d6310 Exception <a 'java/lang/NoSuchMethodError'{0x000000008a9cd8f8}: 'int java.lang.invoke.DirectMethodHandle$Holder.invokeStaticInit(java.lang.Object, java.lang.Object)'> (0x000000008a9cd8f8) 
thrown [t:\workspace\open\src\hotspot\share\interpreter\linkResolver.cpp, line 766]
Event: 0.512 Thread 0x00000201207d6310 Exception <a 'java/lang/NoSuchMethodError'{0x000000008a8ba7a8}: 'java.lang.Object java.lang.invoke.DirectMethodHandle$Holder.newInvokeSpecial(java.lang.Object, java.lang.Object, java.lang.Object, java.lang.Object, java.lang.Object, java.lang.Object, java.lang.Object)'> (0x000000008a8ba7a8) 
thrown [t:\workspace\open\src\hotspot\share\interpreter\linkResolver.cpp, line 766]
Event: 0.512 Thread 0x00000201207d6310 Exception <a 'java/lang/NoSuchMethodError'{0x000000008a8bf360}: 'java.lang.Object java.lang.invoke.Invokers$Holder.linkToTargetMethod(java.lang.Object, java.lang.Object, java.lang.Object, java.lang.Object, java.lang.Object, java.lang.Object, java.lang.Object)'> (0x000000008a8bf360) 
thrown [t:\workspace\open\src\hotspot\share\interpreter\linkResolver.cpp, line 766]
Event: 0.512 Thread 0x00000201207d6310 Exception <a 'java/lang/NoSuchMethodError'{0x000000008a8c5828}: 'java.lang.Object java.lang.invoke.DirectMethodHandle$Holder.invokeInterface(java.lang.Object, java.lang.Object, java.lang.Object, java.lang.Object, java.lang.Object)'> (0x000000008a8c5828) 
thrown [t:\workspace\open\src\hotspot\share\interpreter\linkResolver.cpp, line 766]
Event: 0.513 Thread 0x00000201207d6310 Exception <a 'java/lang/IncompatibleClassChangeError'{0x000000008a8c9620}: Found class java.lang.Object, but interface was expected> (0x000000008a8c9620) 
thrown [t:\workspace\open\src\hotspot\share\interpreter\linkResolver.cpp, line 833]
Event: 0.520 Thread 0x00000201207d6310 Exception <a 'java/lang/ClassNotFoundException'{0x000000008a8f1fd8}: sun/awt/resources/spi/awtProvider> (0x000000008a8f1fd8) 
thrown [t:\workspace\open\src\hotspot\share\classfile\systemDictionary.cpp, line 256]
Event: 0.535 Thread 0x00000201207d6310 Exception <a 'java/io/FileNotFoundException'{0x000000008a738270}> (0x000000008a738270) 
thrown [t:\workspace\open\src\hotspot\share\prims\jni.cpp, line 516]
Event: 0.539 Thread 0x00000201207d6310 Exception <a 'java/io/FileNotFoundException'{0x000000008a765510}> (0x000000008a765510) 
thrown [t:\workspace\open\src\hotspot\share\prims\jni.cpp, line 516]
Event: 0.547 Thread 0x00000201207d6310 Exception <a 'java/lang/NoSuchMethodError'{0x000000008a78f1a8}: 'int java.lang.invoke.DirectMethodHandle$Holder.invokeInterface(java.lang.Object, java.lang.Object)'> (0x000000008a78f1a8) 
thrown [t:\workspace\open\src\hotspot\share\interpreter\linkResolver.cpp, line 766]

VM Operations (20 events):
Event: 0.605 Executing VM operation: G1CollectForAllocation done
Event: 0.636 Executing VM operation: G1CollectForAllocation
Event: 0.638 Executing VM operation: G1CollectForAllocation done
Event: 0.717 Executing VM operation: G1CollectForAllocation
Event: 0.720 Executing VM operation: G1CollectForAllocation done
Event: 0.793 Executing VM operation: G1CollectForAllocation
Event: 0.796 Executing VM operation: G1CollectForAllocation done
Event: 0.850 Executing VM operation: G1CollectForAllocation
Event: 0.853 Executing VM operation: G1CollectForAllocation done
Event: 0.893 Executing VM operation: G1CollectForAllocation
Event: 0.924 Executing VM operation: G1CollectForAllocation done
Event: 0.934 Executing VM operation: HandshakeAllThreads
Event: 0.934 Executing VM operation: HandshakeAllThreads done
Event: 1.103 Executing VM operation: G1CollectForAllocation
Event: 1.106 Executing VM operation: G1CollectForAllocation done
Event: 1.177 Executing VM operation: G1CollectForAllocation
Event: 1.180 Executing VM operation: G1CollectForAllocation done
Event: 1.304 Executing VM operation: G1CollectForAllocation
Event: 1.308 Executing VM operation: G1CollectForAllocation done
Event: 1.352 Executing VM operation: G1CollectForAllocation

Events (20 events):
Event: 1.121 loading class sun/util/cldr/CLDRTimeZoneNameProviderImpl
Event: 1.121 loading class sun/util/locale/provider/TimeZoneNameProviderImpl
Event: 1.121 loading class sun/util/locale/provider/TimeZoneNameProviderImpl done
Event: 1.121 loading class sun/util/cldr/CLDRTimeZoneNameProviderImpl done
Event: 1.125 loading class sun/util/locale/provider/BaseLocaleDataMetaInfo
Event: 1.125 loading class sun/util/locale/provider/BaseLocaleDataMetaInfo done
Event: 1.126 loading class sun/util/resources/cldr/TimeZoneNames
Event: 1.127 loading class sun/util/resources/TimeZoneNamesBundle
Event: 1.127 loading class sun/util/resources/OpenListResourceBundle
Event: 1.127 loading class sun/util/resources/OpenListResourceBundle done
Event: 1.127 loading class sun/util/resources/TimeZoneNamesBundle done
Event: 1.127 loading class sun/util/resources/cldr/TimeZoneNames done
Event: 1.127 loading class sun/util/resources/cldr/TimeZoneNames_en
Event: 1.128 loading class sun/util/resources/cldr/TimeZoneNames_en done
Event: 1.128 loading class sun/util/resources/cldr/TimeZoneNames_en_US
Event: 1.128 loading class sun/util/resources/cldr/TimeZoneNames_en_US done
Event: 1.130 loading class sun/util/resources/TimeZoneNames
Event: 1.130 loading class sun/util/resources/TimeZoneNames done
Event: 1.131 loading class sun/util/resources/TimeZoneNames_en
Event: 1.131 loading class sun/util/resources/TimeZoneNames_en done


Dynamic libraries:
0x00007ff710440000 - 0x00007ff710450000 	C:\Program Files\Java\jdk-17.0.2\bin\java.exe
0x00007ffd70500000 - 0x00007ffd70709000 	C:\WINDOWS\SYSTEM32\ntdll.dll
0x00007ffd3e900000 - 0x00007ffd3e916000 	C:\Program Files\Avast Software\Avast\aswhook.dll
0x00007ffd6edb0000 - 0x00007ffd6ee6d000 	C:\WINDOWS\System32\KERNEL32.DLL
0x00007ffd6de50000 - 0x00007ffd6e1c9000 	C:\WINDOWS\System32\KERNELBASE.dll
0x00007ffd6e1d0000 - 0x00007ffd6e2e1000 	C:\WINDOWS\System32\ucrtbase.dll
0x00007ffd65e20000 - 0x00007ffd65e3a000 	C:\Program Files\Java\jdk-17.0.2\bin\VCRUNTIME140.dll
0x00007ffd677e0000 - 0x00007ffd677f8000 	C:\Program Files\Java\jdk-17.0.2\bin\jli.dll
0x00007ffd6f110000 - 0x00007ffd6f1be000 	C:\WINDOWS\System32\ADVAPI32.dll
0x00007ffd6e480000 - 0x00007ffd6e523000 	C:\WINDOWS\System32\msvcrt.dll
0x00007ffd6f070000 - 0x00007ffd6f10e000 	C:\WINDOWS\System32\sechost.dll
0x00007ffd6eba0000 - 0x00007ffd6ecc0000 	C:\WINDOWS\System32\RPCRT4.dll
0x00007ffd6f770000 - 0x00007ffd6f91c000 	C:\WINDOWS\System32\USER32.dll
0x00007ffd582b0000 - 0x00007ffd58555000 	C:\WINDOWS\WinSxS\amd64_microsoft.windows.common-controls_6595b64144ccf1df_6.0.22000.120_none_9d947278b86cc467\COMCTL32.dll
0x00007ffd6e2f0000 - 0x00007ffd6e316000 	C:\WINDOWS\System32\win32u.dll
0x00007ffd6fca0000 - 0x00007ffd6fcc9000 	C:\WINDOWS\System32\GDI32.dll
0x00007ffd6dc20000 - 0x00007ffd6dd32000 	C:\WINDOWS\System32\gdi32full.dll
0x00007ffd6dd40000 - 0x00007ffd6dddd000 	C:\WINDOWS\System32\msvcp_win.dll
0x00007ffd63e30000 - 0x00007ffd63e3a000 	C:\WINDOWS\SYSTEM32\VERSION.dll
0x00007ffd70480000 - 0x00007ffd704b1000 	C:\WINDOWS\System32\IMM32.DLL
0x00007ffd67a10000 - 0x00007ffd67a1c000 	C:\Program Files\Java\jdk-17.0.2\bin\vcruntime140_1.dll
0x00007ffd53110000 - 0x00007ffd5319d000 	C:\Program Files\Java\jdk-17.0.2\bin\msvcp140.dll
0x00007ffd1fd90000 - 0x00007ffd20951000 	C:\Program Files\Java\jdk-17.0.2\bin\server\jvm.dll
0x00007ffd6f760000 - 0x00007ffd6f768000 	C:\WINDOWS\System32\PSAPI.DLL
0x00007ffd643f0000 - 0x00007ffd64423000 	C:\WINDOWS\SYSTEM32\WINMM.dll
0x00007ffd55790000 - 0x00007ffd55799000 	C:\WINDOWS\SYSTEM32\WSOCK32.dll
0x00007ffd6ecc0000 - 0x00007ffd6ed2f000 	C:\WINDOWS\System32\WS2_32.dll
0x00007ffd6cbe0000 - 0x00007ffd6cbf8000 	C:\WINDOWS\SYSTEM32\kernel.appcore.dll
0x00007ffd65340000 - 0x00007ffd6534a000 	C:\Program Files\Java\jdk-17.0.2\bin\jimage.dll
0x00007ffd6b680000 - 0x00007ffd6b8a1000 	C:\WINDOWS\SYSTEM32\DBGHELP.DLL
0x00007ffd5c4d0000 - 0x00007ffd5c501000 	C:\WINDOWS\SYSTEM32\dbgcore.DLL
0x00007ffd6e320000 - 0x00007ffd6e39f000 	C:\WINDOWS\System32\bcryptPrimitives.dll
0x00007ffd65140000 - 0x00007ffd6514e000 	C:\Program Files\Java\jdk-17.0.2\bin\instrument.dll
0x00007ffd648a0000 - 0x00007ffd648c5000 	C:\Program Files\Java\jdk-17.0.2\bin\java.dll
0x00007ffd53030000 - 0x00007ffd53106000 	C:\Program Files\Java\jdk-17.0.2\bin\jsvml.dll
0x00007ffd6fcd0000 - 0x00007ffd7047f000 	C:\WINDOWS\System32\SHELL32.dll
0x00007ffd6ba20000 - 0x00007ffd6c288000 	C:\WINDOWS\SYSTEM32\windows.storage.dll
0x00007ffd6f920000 - 0x00007ffd6fc98000 	C:\WINDOWS\System32\combase.dll
0x00007ffd6b8b0000 - 0x00007ffd6ba16000 	C:\WINDOWS\SYSTEM32\wintypes.dll
0x00007ffd6f670000 - 0x00007ffd6f75a000 	C:\WINDOWS\System32\SHCORE.dll
0x00007ffd6f490000 - 0x00007ffd6f4ed000 	C:\WINDOWS\System32\shlwapi.dll
0x00007ffd6d920000 - 0x00007ffd6d941000 	C:\WINDOWS\SYSTEM32\profapi.dll
0x00007ffd63e40000 - 0x00007ffd63e58000 	C:\Program Files\Java\jdk-17.0.2\bin\zip.dll
0x00007ffd64880000 - 0x00007ffd64899000 	C:\Program Files\Java\jdk-17.0.2\bin\net.dll
0x00007ffd63a50000 - 0x00007ffd63b5c000 	C:\WINDOWS\SYSTEM32\WINHTTP.dll
0x00007ffd6d010000 - 0x00007ffd6d077000 	C:\WINDOWS\system32\mswsock.dll
0x00007ffd64860000 - 0x00007ffd64876000 	C:\Program Files\Java\jdk-17.0.2\bin\nio.dll
0x00007ffd5b3b0000 - 0x00007ffd5b3ca000 	C:\Program Files\JetBrains\IntelliJ IDEA Community Edition 2021.3.2\bin\breakgen64.dll
0x00007ffd3cc00000 - 0x00007ffd3cd8f000 	C:\Program Files\Java\jdk-17.0.2\bin\awt.dll
0x00007ffd6e3a0000 - 0x00007ffd6e476000 	C:\WINDOWS\System32\OLEAUT32.dll
0x00007ffd67a80000 - 0x00007ffd67b11000 	C:\WINDOWS\SYSTEM32\apphelp.dll

dbghelp: loaded successfully - version: 4.0.5 - missing functions: none
symbol engine: initialized successfully - sym options: 0x614 - pdb path: .;C:\Program Files\Java\jdk-17.0.2\bin;C:\WINDOWS\SYSTEM32;C:\Program Files\Avast Software\Avast;C:\WINDOWS\WinSxS\amd64_microsoft.windows.common-controls_6595b64144ccf1df_6.0.22000.120_none_9d947278b86cc467;C:\Program Files\Java\jdk-17.0.2\bin\server;C:\Program Files\JetBrains\IntelliJ IDEA Community Edition 2021.3.2\bin

VM Arguments:
jvm_args: -ea -Didea.test.cyclic.buffer.size=1048576 -javaagent:C:\Program Files\JetBrains\IntelliJ IDEA Community Edition 2021.3.2\lib\idea_rt.jar=65230:C:\Program Files\JetBrains\IntelliJ IDEA Community Edition 2021.3.2\bin -Dfile.encoding=UTF-8 
java_command: com.intellij.rt.junit.JUnitStarter -ideVersion5 -junit5 renderer.ShadowTests
java_class_path (initial): C:\Users\Kaplan\.m2\repository\org\junit\platform\junit-platform-launcher\1.8.2\junit-platform-launcher-1.8.2.jar;C:\Users\Kaplan\.m2\repository\org\junit\platform\junit-platform-engine\1.8.2\junit-platform-engine-1.8.2.jar;C:\Users\Kaplan\.m2\repository\org\opentest4j\opentest4j\1.2.0\opentest4j-1.2.0.jar;C:\Users\Kaplan\.m2\repository\org\junit\platform\junit-platform-commons\1.8.2\junit-platform-commons-1.8.2.jar;C:\Users\Kaplan\.m2\repository\org\apiguardian\apiguardian-api\1.1.2\apiguardian-api-1.1.2.jar;C:\Program Files\JetBrains\IntelliJ IDEA Community Edition 2021.3.2\lib\idea_rt.jar;C:\Program Files\JetBrains\IntelliJ IDEA Community Edition 2021.3.2\plugins\junit\lib\junit5-rt.jar;C:\Program Files\JetBrains\IntelliJ IDEA Community Edition 2021.3.2\plugins\junit\lib\junit-rt.jar;C:\Users\Kaplan\IdeaProjects\ISE5782_9463_4853\out\test\ISE5782_9463_4853;C:\Users\Kaplan\IdeaProjects\ISE5782_9463_4853\out\production\ISE5782_9463_4853;C:\Users\Kaplan\IdeaProjects\ISE5782_9463_4853\lib\junit-jupiter-5.8.2.jar;C:\Users\Kaplan\IdeaProjects\ISE5782_9463_4853\lib\junit-jupiter-api-5.8.2.jar;C:\Users\Kaplan\IdeaProjects\ISE5782_9463_4853\lib\opentest4j-1.2.0.jar;C:\Users\Kaplan\IdeaProjects\ISE5782_9463_4853\lib\junit-platform-commons-1.8.2.jar;C:\Users\Kaplan\IdeaProjects\ISE5782_9463_4853\lib\apiguardian-api-1.1.2.jar;C:\Users\Kaplan\IdeaProjects\ISE5782_9463_4853\lib\junit-jupiter-params-5.8.2.jar;C:\Users\Kaplan\IdeaProjects\ISE5782_9463_4853\lib\junit-jupiter-engine-5.8.2.jar;C:\Users\Kaplan\IdeaProjects\ISE5782_9463_4853\lib\junit-platform-engine-1.8.2.jar
Launcher Type: SUN_STANDARD

[Global flags]
     intx CICompilerCount                          = 4                                         {product} {ergonomic}
     uint ConcGCThreads                            = 2                                         {product} {ergonomic}
     uint G1ConcRefinementThreads                  = 8                                         {product} {ergonomic}
   size_t G1HeapRegionSize                         = 1048576                                   {product} {ergonomic}
    uintx GCDrainStackTargetSize                   = 64                                        {product} {ergonomic}
   size_t InitialHeapSize                          = 132120576                                 {product} {ergonomic}
   size_t MarkStackSize                            = 4194304                                   {product} {ergonomic}
   size_t MaxHeapSize                              = 2088763392                                {product} {ergonomic}
   size_t MaxNewSize                               = 1253048320                                {product} {ergonomic}
   size_t MinHeapDeltaBytes                        = 1048576                                   {product} {ergonomic}
   size_t MinHeapSize                              = 8388608                                   {product} {ergonomic}
    uintx NonNMethodCodeHeapSize                   = 5839372                                {pd product} {ergonomic}
    uintx NonProfiledCodeHeapSize                  = 122909434                              {pd product} {ergonomic}
    uintx ProfiledCodeHeapSize                     = 122909434                              {pd product} {ergonomic}
    uintx ReservedCodeCacheSize                    = 251658240                              {pd product} {ergonomic}
     bool SegmentedCodeCache                       = true                                      {product} {ergonomic}
   size_t SoftMaxHeapSize                          = 2088763392                             {manageable} {ergonomic}
     bool UseCompressedClassPointers               = true                           {product lp64_product} {ergonomic}
     bool UseCompressedOops                        = true                           {product lp64_product} {ergonomic}
     bool UseG1GC                                  = true                                      {product} {ergonomic}
     bool UseLargePagesIndividualAllocation        = false                                  {pd product} {ergonomic}

Logging:
Log output configuration:
 #0: stdout all=warning uptime,level,tags
 #1: stderr all=off uptime,level,tags

Environment Variables:
JAVA_HOME=C:\Program Files\Java\jdk-17.0.2
PATH=C:\Program Files\Java\jdk-17.0.2\bin;C:\WINDOWS\system32;C:\WINDOWS;C:\WINDOWS\System32\Wbem;C:\WINDOWS\System32\WindowsPowerShell\v1.0\;C:\WINDOWS\System32\OpenSSH\;C:\Program Files\dotnet\;C:\Program Files\Git\cmd;C:\Program Files (x86)\dotnet\;C:\Users\Kaplan\AppData\Local\Microsoft\WindowsApps;C:\Users\Kaplan\.dotnet\tools;
USERNAME=Kaplan
OS=Windows_NT
PROCESSOR_IDENTIFIER=Intel64 Family 6 Model 126 Stepping 5, GenuineIntel



---------------  S Y S T E M  ---------------

OS:
 Windows 11 , 64 bit Build 22000 (10.0.22000.675)
OS uptime: 1 days 6:14 hours

CPU: total 8 (initial active 8) (4 cores per cpu, 2 threads per core) family 6 model 126 stepping 5 microcode 0x86, cx8, cmov, fxsr, ht, mmx, 3dnowpref, sse, sse2, sse3, ssse3, sse4.1, sse4.2, popcnt, lzcnt, tsc, tscinvbit, avx, avx2, aes, erms, clmul, bmi1, bmi2, adx, avx512f, avx512dq, avx512cd, avx512bw, avx512vl, sha, fma, vzeroupper, avx512_vpopcntdq, avx512_vpclmulqdq, avx512_vaes, avx512_vnni, clflush, clflushopt, avx512_vbmi2, avx512_vbmi

Memory: 4k page, system-wide physical 7967M (832M free)
TotalPageFile size 10015M (AvailPageFile size 60M)
current process WorkingSet (physical memory assigned to process): 233M, peak: 233M
current process commit charge ("private bytes"): 328M, peak: 521M

vm_info: Java HotSpot(TM) 64-Bit Server VM (17.0.2+8-LTS-86) for windows-amd64 JRE (17.0.2+8-LTS-86), built on Dec  7 2021 21:51:03 by "mach5one" with MS VC++ 16.8 / 16.9 (VS2019)

END.
